# JRE version: OpenJDK Runtime Environment (8.0_162-b12) (build 1.8.0_162-8u162-b12-0ubuntu0.16.04.2-b12)
# Java VM: OpenJDK Server VM (25.162-b12 mixed mode linux-x86 )
Heap:
 PSYoungGen      total 113152K, used 7409K [0x918c0000, 0x98f00000, 0xa6e00000)
  eden space 105728K, 0% used [0x918c0000,0x918c0000,0x98000000)
  from space 7424K, 99% used [0x98000000,0x9873c518,0x98740000)
  to   space 6912K, 0% used [0x98740000,0x98740000,0x98e00000)
 ParOldGen       total 43776K, used 18495K [0x66e00000, 0x698c0000, 0x918c0000)
  object space 43776K, 42% used [0x66e00000,0x6800ff70,0x698c0000)
 Metaspace       used 16090K, capacity 16356K, committed 16384K, reserved 16688K
GC Heap History (10 events):
Event: 5.170 GC heap after
Heap after GC invocations=6 (full 0):
 PSYoungGen      total 38144K, used 3657K [0x918c0000, 0x942c0000, 0xa6e00000)
  eden space 33280K, 0% used [0x918c0000,0x918c0000,0x93940000)
  from space 4864K, 75% used [0x93e00000,0x94192510,0x942c0000)
  to   space 4864K, 0% used [0x93940000,0x93940000,0x93e00000)
 ParOldGen       total 43776K, used 5423K [0x66e00000, 0x698c0000, 0x918c0000)
  object space 43776K, 12% used [0x66e00000,0x6734bc00,0x698c0000)
 Metaspace       used 10000K, capacity 10075K, committed 10136K, reserved 10544K
}
Event: 7.629 GC heap before
{Heap before GC invocations=7 (full 0):
 PSYoungGen      total 38144K, used 36937K [0x918c0000, 0x942c0000, 0xa6e00000)
  eden space 33280K, 100% used [0x918c0000,0x93940000,0x93940000)
  from space 4864K, 75% used [0x93e00000,0x94192510,0x942c0000)
  to   space 4864K, 0% used [0x93940000,0x93940000,0x93e00000)
 ParOldGen       total 43776K, used 5423K [0x66e00000, 0x698c0000, 0x918c0000)
  object space 43776K, 12% used [0x66e00000,0x6734bc00,0x698c0000)
 Metaspace       used 10830K, capacity 10924K, committed 11032K, reserved 11568K
Event: 7.681 GC heap after
Heap after GC invocations=7 (full 0):
 PSYoungGen      total 38144K, used 4831K [0x918c0000, 0x963c0000, 0xa6e00000)
  eden space 33280K, 0% used [0x918c0000,0x918c0000,0x93940000)
  from space 4864K, 99% used [0x93940000,0x93df7cc0,0x93e00000)
  to   space 5120K, 0% used [0x95ec0000,0x95ec0000,0x963c0000)
 ParOldGen       total 43776K, used 6234K [0x66e00000, 0x698c0000, 0x918c0000)
  object space 43776K, 14% used [0x66e00000,0x674169a8,0x698c0000)
 Metaspace       used 10830K, capacity 10924K, committed 11032K, reserved 11568K
}
Event: 9.399 GC heap before
{Heap before GC invocations=8 (full 0):
 PSYoungGen      total 38144K, used 38111K [0x918c0000, 0x963c0000, 0xa6e00000)
  eden space 33280K, 100% used [0x918c0000,0x93940000,0x93940000)
  from space 4864K, 99% used [0x93940000,0x93df7cc0,0x93e00000)
  to   space 5120K, 0% used [0x95ec0000,0x95ec0000,0x963c0000)
 ParOldGen       total 43776K, used 6234K [0x66e00000, 0x698c0000, 0x918c0000)
  object space 43776K, 14% used [0x66e00000,0x674169a8,0x698c0000)
 Metaspace       used 11013K, capacity 11121K, committed 11288K, reserved 11568K
Event: 9.442 GC heap after
Heap after GC invocations=8 (full 0):
 PSYoungGen      total 71424K, used 4400K [0x918c0000, 0x96440000, 0xa6e00000)
  eden space 66304K, 0% used [0x918c0000,0x918c0000,0x95980000)
  from space 5120K, 85% used [0x95ec0000,0x9630c000,0x963c0000)
  to   space 5376K, 0% used [0x95980000,0x95980000,0x95ec0000)
 ParOldGen       total 43776K, used 7368K [0x66e00000, 0x698c0000, 0x918c0000)
  object space 43776K, 16% used [0x66e00000,0x675321e8,0x698c0000)
 Metaspace       used 11013K, capacity 11121K, committed 11288K, reserved 11568K
}
Event: 10.728 GC heap before
{Heap before GC invocations=9 (full 0):
 PSYoungGen      total 71424K, used 70704K [0x918c0000, 0x96440000, 0xa6e00000)
  eden space 66304K, 100% used [0x918c0000,0x95980000,0x95980000)
  from space 5120K, 85% used [0x95ec0000,0x9630c000,0x963c0000)
  to   space 5376K, 0% used [0x95980000,0x95980000,0x95ec0000)
 ParOldGen       total 43776K, used 7368K [0x66e00000, 0x698c0000, 0x918c0000)
  object space 43776K, 16% used [0x66e00000,0x675321e8,0x698c0000)
 Metaspace       used 11191K, capacity 11330K, committed 11416K, reserved 11568K
Event: 10.750 GC heap after
Heap after GC invocations=9 (full 0):
 PSYoungGen      total 71680K, used 5376K [0x918c0000, 0x98e00000, 0xa6e00000)
  eden space 66304K, 0% used [0x918c0000,0x918c0000,0x95980000)
  from space 5376K, 100% used [0x95980000,0x95ec0000,0x95ec0000)
  to   space 6912K, 0% used [0x98740000,0x98740000,0x98e00000)
 ParOldGen       total 43776K, used 9826K [0x66e00000, 0x698c0000, 0x918c0000)
  object space 43776K, 22% used [0x66e00000,0x67798b40,0x698c0000)
 Metaspace       used 11191K, capacity 11330K, committed 11416K, reserved 11568K
}
Event: 12.194 GC heap before
{Heap before GC invocations=10 (full 0):
 PSYoungGen      total 71680K, used 71680K [0x918c0000, 0x98e00000, 0xa6e00000)
  eden space 66304K, 100% used [0x918c0000,0x95980000,0x95980000)
  from space 5376K, 100% used [0x95980000,0x95ec0000,0x95ec0000)
  to   space 6912K, 0% used [0x98740000,0x98740000,0x98e00000)
 ParOldGen       total 43776K, used 9826K [0x66e00000, 0x698c0000, 0x918c0000)
  object space 43776K, 22% used [0x66e00000,0x67798b40,0x698c0000)
 Metaspace       used 12323K, capacity 12493K, committed 12568K, reserved 12592K
Event: 12.210 GC heap after
Heap after GC invocations=10 (full 0):
 PSYoungGen      total 112640K, used 6607K [0x918c0000, 0x98f00000, 0xa6e00000)
  eden space 105728K, 0% used [0x918c0000,0x918c0000,0x98000000)
  from space 6912K, 95% used [0x98740000,0x98db3de8,0x98e00000)
  to   space 7424K, 0% used [0x98000000,0x98000000,0x98740000)
 ParOldGen       total 43776K, used 12429K [0x66e00000, 0x698c0000, 0x918c0000)
  object space 43776K, 28% used [0x66e00000,0x67a234a0,0x698c0000)
 Metaspace       used 12323K, capacity 12493K, committed 12568K, reserved 12592K
}
Event: 14.890 GC heap before
{Heap before GC invocations=11 (full 0):
 PSYoungGen      total 112640K, used 105995K [0x918c0000, 0x98f00000, 0xa6e00000)
  eden space 105728K, 94% used [0x918c0000,0x979cf128,0x98000000)
  from space 6912K, 95% used [0x98740000,0x98db3de8,0x98e00000)
  to   space 7424K, 0% used [0x98000000,0x98000000,0x98740000)
 ParOldGen       total 43776K, used 12429K [0x66e00000, 0x698c0000, 0x918c0000)
  object space 43776K, 28% used [0x66e00000,0x67a234a0,0x698c0000)
 Metaspace       used 16090K, capacity 16356K, committed 16384K, reserved 16688K

