# JRE version: OpenJDK Runtime Environment (8.0_151-b12) (build 1.8.0_151-8u151-b12-0ubuntu0.16.04.2-b12)
# Java VM: OpenJDK Server VM (25.151-b12 mixed mode linux-x86 )
Heap:
 PSYoungGen      total 113152K, used 7154K [0x918c0000, 0x98ec0000, 0xa6e00000)
  eden space 105984K, 0% used [0x918c0000,0x918c0000,0x98040000)
  from space 7168K, 99% used [0x98040000,0x9873cba0,0x98740000)
  to   space 6656K, 0% used [0x98740000,0x98740000,0x98dc0000)
 ParOldGen       total 43776K, used 17318K [0x66e00000, 0x698c0000, 0x918c0000)
  object space 43776K, 39% used [0x66e00000,0x67ee9b58,0x698c0000)
 Metaspace       used 15945K, capacity 16342K, committed 16384K, reserved 16688K
GC Heap History (10 events):
Event: 5.948 GC heap after
Heap after GC invocations=6 (full 0):
 PSYoungGen      total 38144K, used 3645K [0x918c0000, 0x942c0000, 0xa6e00000)
  eden space 33280K, 0% used [0x918c0000,0x918c0000,0x93940000)
  from space 4864K, 74% used [0x93e00000,0x9418f430,0x942c0000)
  to   space 4864K, 0% used [0x93940000,0x93940000,0x93e00000)
 ParOldGen       total 43776K, used 5451K [0x66e00000, 0x698c0000, 0x918c0000)
  object space 43776K, 12% used [0x66e00000,0x67352e30,0x698c0000)
 Metaspace       used 9982K, capacity 10075K, committed 10136K, reserved 10544K
}
Event: 7.861 GC heap before
{Heap before GC invocations=7 (full 0):
 PSYoungGen      total 38144K, used 36925K [0x918c0000, 0x942c0000, 0xa6e00000)
  eden space 33280K, 100% used [0x918c0000,0x93940000,0x93940000)
  from space 4864K, 74% used [0x93e00000,0x9418f430,0x942c0000)
  to   space 4864K, 0% used [0x93940000,0x93940000,0x93e00000)
 ParOldGen       total 43776K, used 5451K [0x66e00000, 0x698c0000, 0x918c0000)
  object space 43776K, 12% used [0x66e00000,0x67352e30,0x698c0000)
 Metaspace       used 10766K, capacity 10860K, committed 11032K, reserved 11568K
Event: 7.944 GC heap after
Heap after GC invocations=7 (full 0):
 PSYoungGen      total 38144K, used 4709K [0x918c0000, 0x963c0000, 0xa6e00000)
  eden space 33280K, 0% used [0x918c0000,0x918c0000,0x93940000)
  from space 4864K, 96% used [0x93940000,0x93dd9490,0x93e00000)
  to   space 5120K, 0% used [0x95ec0000,0x95ec0000,0x963c0000)
 ParOldGen       total 43776K, used 6274K [0x66e00000, 0x698c0000, 0x918c0000)
  object space 43776K, 14% used [0x66e00000,0x67420a98,0x698c0000)
 Metaspace       used 10766K, capacity 10860K, committed 11032K, reserved 11568K
}
Event: 9.896 GC heap before
{Heap before GC invocations=8 (full 0):
 PSYoungGen      total 38144K, used 37989K [0x918c0000, 0x963c0000, 0xa6e00000)
  eden space 33280K, 100% used [0x918c0000,0x93940000,0x93940000)
  from space 4864K, 96% used [0x93940000,0x93dd9490,0x93e00000)
  to   space 5120K, 0% used [0x95ec0000,0x95ec0000,0x963c0000)
 ParOldGen       total 43776K, used 6274K [0x66e00000, 0x698c0000, 0x918c0000)
  object space 43776K, 14% used [0x66e00000,0x67420a98,0x698c0000)
 Metaspace       used 10945K, capacity 11057K, committed 11160K, reserved 11568K
Event: 10.003 GC heap after
Heap after GC invocations=8 (full 0):
 PSYoungGen      total 71680K, used 4304K [0x918c0000, 0x963c0000, 0xa6e00000)
  eden space 66560K, 0% used [0x918c0000,0x918c0000,0x959c0000)
  from space 5120K, 84% used [0x95ec0000,0x962f4000,0x963c0000)
  to   space 5120K, 0% used [0x959c0000,0x959c0000,0x95ec0000)
 ParOldGen       total 43776K, used 7398K [0x66e00000, 0x698c0000, 0x918c0000)
  object space 43776K, 16% used [0x66e00000,0x67539988,0x698c0000)
 Metaspace       used 10945K, capacity 11057K, committed 11160K, reserved 11568K
}
Event: 12.176 GC heap before
{Heap before GC invocations=9 (full 0):
 PSYoungGen      total 71680K, used 70864K [0x918c0000, 0x963c0000, 0xa6e00000)
  eden space 66560K, 100% used [0x918c0000,0x959c0000,0x959c0000)
  from space 5120K, 84% used [0x95ec0000,0x962f4000,0x963c0000)
  to   space 5120K, 0% used [0x959c0000,0x959c0000,0x95ec0000)
 ParOldGen       total 43776K, used 7398K [0x66e00000, 0x698c0000, 0x918c0000)
  object space 43776K, 16% used [0x66e00000,0x67539988,0x698c0000)
 Metaspace       used 11124K, capacity 11234K, committed 11288K, reserved 11568K
Event: 12.197 GC heap after
Heap after GC invocations=9 (full 0):
 PSYoungGen      total 71680K, used 5120K [0x918c0000, 0x98dc0000, 0xa6e00000)
  eden space 66560K, 0% used [0x918c0000,0x918c0000,0x959c0000)
  from space 5120K, 100% used [0x959c0000,0x95ec0000,0x95ec0000)
  to   space 6656K, 0% used [0x98740000,0x98740000,0x98dc0000)
 ParOldGen       total 43776K, used 10072K [0x66e00000, 0x698c0000, 0x918c0000)
  object space 43776K, 23% used [0x66e00000,0x677d63e8,0x698c0000)
 Metaspace       used 11124K, capacity 11234K, committed 11288K, reserved 11568K
}
Event: 13.870 GC heap before
{Heap before GC invocations=10 (full 0):
 PSYoungGen      total 71680K, used 71680K [0x918c0000, 0x98dc0000, 0xa6e00000)
  eden space 66560K, 100% used [0x918c0000,0x959c0000,0x959c0000)
  from space 5120K, 100% used [0x959c0000,0x95ec0000,0x95ec0000)
  to   space 6656K, 0% used [0x98740000,0x98740000,0x98dc0000)
 ParOldGen       total 43776K, used 10072K [0x66e00000, 0x698c0000, 0x918c0000)
  object space 43776K, 23% used [0x66e00000,0x677d63e8,0x698c0000)
 Metaspace       used 12266K, capacity 12429K, committed 12440K, reserved 12592K
Event: 13.911 GC heap after
Heap after GC invocations=10 (full 0):
 PSYoungGen      total 112640K, used 6085K [0x918c0000, 0x98ec0000, 0xa6e00000)
  eden space 105984K, 0% used [0x918c0000,0x918c0000,0x98040000)
  from space 6656K, 91% used [0x98740000,0x98d31470,0x98dc0000)
  to   space 7168K, 0% used [0x98040000,0x98040000,0x98740000)
 ParOldGen       total 43776K, used 12615K [0x66e00000, 0x698c0000, 0x918c0000)
  object space 43776K, 28% used [0x66e00000,0x67a51d48,0x698c0000)
 Metaspace       used 12266K, capacity 12429K, committed 12440K, reserved 12592K
}
Event: 17.525 GC heap before
{Heap before GC invocations=11 (full 0):
 PSYoungGen      total 112640K, used 107883K [0x918c0000, 0x98ec0000, 0xa6e00000)
  eden space 105984K, 96% used [0x918c0000,0x97c29930,0x98040000)
  from space 6656K, 91% used [0x98740000,0x98d31470,0x98dc0000)
  to   space 7168K, 0% used [0x98040000,0x98040000,0x98740000)
 ParOldGen       total 43776K, used 12615K [0x66e00000, 0x698c0000, 0x918c0000)
  object space 43776K, 28% used [0x66e00000,0x67a51d48,0x698c0000)
 Metaspace       used 15945K, capacity 16342K, committed 16384K, reserved 16688K

