# JRE version: OpenJDK Runtime Environment (8.0_162-b12) (build 1.8.0_162-8u162-b12-0ubuntu0.16.04.2-b12)
# Java VM: OpenJDK Server VM (25.162-b12 mixed mode linux-x86 )
Heap:
 PSYoungGen      total 113408K, used 7415K [0x916c0000, 0x98d40000, 0xa6c00000)
  eden space 105984K, 0% used [0x916c0000,0x916c0000,0x97e40000)
  from space 7424K, 99% used [0x97e40000,0x9857dd30,0x98580000)
  to   space 6912K, 0% used [0x98580000,0x98580000,0x98c40000)
 ParOldGen       total 43776K, used 18661K [0x66c00000, 0x696c0000, 0x916c0000)
  object space 43776K, 42% used [0x66c00000,0x67e397b8,0x696c0000)
 Metaspace       used 16109K, capacity 16361K, committed 16384K, reserved 16688K
GC Heap History (10 events):
Event: 6.194 GC heap after
Heap after GC invocations=6 (full 0):
 PSYoungGen      total 38144K, used 3860K [0x916c0000, 0x940c0000, 0xa6c00000)
  eden space 33280K, 0% used [0x916c0000,0x916c0000,0x93740000)
  from space 4864K, 79% used [0x93c00000,0x93fc5038,0x940c0000)
  to   space 4864K, 0% used [0x93740000,0x93740000,0x93c00000)
 ParOldGen       total 43776K, used 5427K [0x66c00000, 0x696c0000, 0x916c0000)
  object space 43776K, 12% used [0x66c00000,0x6714cf58,0x696c0000)
 Metaspace       used 9991K, capacity 10075K, committed 10136K, reserved 10544K
}
Event: 9.015 GC heap before
{Heap before GC invocations=7 (full 0):
 PSYoungGen      total 38144K, used 37140K [0x916c0000, 0x940c0000, 0xa6c00000)
  eden space 33280K, 100% used [0x916c0000,0x93740000,0x93740000)
  from space 4864K, 79% used [0x93c00000,0x93fc5038,0x940c0000)
  to   space 4864K, 0% used [0x93740000,0x93740000,0x93c00000)
 ParOldGen       total 43776K, used 5427K [0x66c00000, 0x696c0000, 0x916c0000)
  object space 43776K, 12% used [0x66c00000,0x6714cf58,0x696c0000)
 Metaspace       used 10840K, capacity 10956K, committed 11032K, reserved 11568K
Event: 9.108 GC heap after
Heap after GC invocations=7 (full 0):
 PSYoungGen      total 38144K, used 4830K [0x916c0000, 0x96240000, 0xa6c00000)
  eden space 33280K, 0% used [0x916c0000,0x916c0000,0x93740000)
  from space 4864K, 99% used [0x93740000,0x93bf7a48,0x93c00000)
  to   space 5376K, 0% used [0x95d00000,0x95d00000,0x96240000)
 ParOldGen       total 43776K, used 6370K [0x66c00000, 0x696c0000, 0x916c0000)
  object space 43776K, 14% used [0x66c00000,0x67238940,0x696c0000)
 Metaspace       used 10840K, capacity 10956K, committed 11032K, reserved 11568K
}
Event: 11.375 GC heap before
{Heap before GC invocations=8 (full 0):
 PSYoungGen      total 38144K, used 38110K [0x916c0000, 0x96240000, 0xa6c00000)
  eden space 33280K, 100% used [0x916c0000,0x93740000,0x93740000)
  from space 4864K, 99% used [0x93740000,0x93bf7a48,0x93c00000)
  to   space 5376K, 0% used [0x95d00000,0x95d00000,0x96240000)
 ParOldGen       total 43776K, used 6370K [0x66c00000, 0x696c0000, 0x916c0000)
  object space 43776K, 14% used [0x66c00000,0x67238940,0x696c0000)
 Metaspace       used 11019K, capacity 11121K, committed 11288K, reserved 11568K
Event: 11.400 GC heap after
Heap after GC invocations=8 (full 0):
 PSYoungGen      total 71936K, used 4448K [0x916c0000, 0x96240000, 0xa6c00000)
  eden space 66560K, 0% used [0x916c0000,0x916c0000,0x957c0000)
  from space 5376K, 82% used [0x95d00000,0x96158010,0x96240000)
  to   space 5376K, 0% used [0x957c0000,0x957c0000,0x95d00000)
 ParOldGen       total 43776K, used 7544K [0x66c00000, 0x696c0000, 0x916c0000)
  object space 43776K, 17% used [0x66c00000,0x6735e040,0x696c0000)
 Metaspace       used 11019K, capacity 11121K, committed 11288K, reserved 11568K
}
Event: 12.597 GC heap before
{Heap before GC invocations=9 (full 0):
 PSYoungGen      total 71936K, used 71008K [0x916c0000, 0x96240000, 0xa6c00000)
  eden space 66560K, 100% used [0x916c0000,0x957c0000,0x957c0000)
  from space 5376K, 82% used [0x95d00000,0x96158010,0x96240000)
  to   space 5376K, 0% used [0x957c0000,0x957c0000,0x95d00000)
 ParOldGen       total 43776K, used 7544K [0x66c00000, 0x696c0000, 0x916c0000)
  object space 43776K, 17% used [0x66c00000,0x6735e040,0x696c0000)
 Metaspace       used 11209K, capacity 11330K, committed 11416K, reserved 11568K
Event: 12.625 GC heap after
Heap after GC invocations=9 (full 0):
 PSYoungGen      total 71936K, used 5376K [0x916c0000, 0x98c40000, 0xa6c00000)
  eden space 66560K, 0% used [0x916c0000,0x916c0000,0x957c0000)
  from space 5376K, 100% used [0x957c0000,0x95d00000,0x95d00000)
  to   space 6912K, 0% used [0x98580000,0x98580000,0x98c40000)
 ParOldGen       total 43776K, used 10067K [0x66c00000, 0x696c0000, 0x916c0000)
  object space 43776K, 22% used [0x66c00000,0x675d4e28,0x696c0000)
 Metaspace       used 11209K, capacity 11330K, committed 11416K, reserved 11568K
}
Event: 13.986 GC heap before
{Heap before GC invocations=10 (full 0):
 PSYoungGen      total 71936K, used 71936K [0x916c0000, 0x98c40000, 0xa6c00000)
  eden space 66560K, 100% used [0x916c0000,0x957c0000,0x957c0000)
  from space 5376K, 100% used [0x957c0000,0x95d00000,0x95d00000)
  to   space 6912K, 0% used [0x98580000,0x98580000,0x98c40000)
 ParOldGen       total 43776K, used 10067K [0x66c00000, 0x696c0000, 0x916c0000)
  object space 43776K, 22% used [0x66c00000,0x675d4e28,0x696c0000)
 Metaspace       used 12326K, capacity 12525K, committed 12568K, reserved 12592K
Event: 14.007 GC heap after
Heap after GC invocations=10 (full 0):
 PSYoungGen      total 112896K, used 6189K [0x916c0000, 0x98d40000, 0xa6c00000)
  eden space 105984K, 0% used [0x916c0000,0x916c0000,0x97e40000)
  from space 6912K, 89% used [0x98580000,0x98b8b4e8,0x98c40000)
  to   space 7424K, 0% used [0x97e40000,0x97e40000,0x98580000)
 ParOldGen       total 43776K, used 12741K [0x66c00000, 0x696c0000, 0x916c0000)
  object space 43776K, 29% used [0x66c00000,0x67871768,0x696c0000)
 Metaspace       used 12326K, capacity 12525K, committed 12568K, reserved 12592K
}
Event: 16.946 GC heap before
{Heap before GC invocations=11 (full 0):
 PSYoungGen      total 112896K, used 109025K [0x916c0000, 0x98d40000, 0xa6c00000)
  eden space 105984K, 97% used [0x916c0000,0x97b2cf40,0x97e40000)
  from space 6912K, 89% used [0x98580000,0x98b8b4e8,0x98c40000)
  to   space 7424K, 0% used [0x97e40000,0x97e40000,0x98580000)
 ParOldGen       total 43776K, used 12741K [0x66c00000, 0x696c0000, 0x916c0000)
  object space 43776K, 29% used [0x66c00000,0x67871768,0x696c0000)
 Metaspace       used 16109K, capacity 16361K, committed 16384K, reserved 16688K

