# JRE version: OpenJDK Runtime Environment (8.0_151-b12) (build 1.8.0_151-8u151-b12-0ubuntu0.16.04.2-b12)
# Java VM: OpenJDK Server VM (25.151-b12 mixed mode linux-x86 )
Heap:
 PSYoungGen      total 112384K, used 80616K [0x918c0000, 0x98f40000, 0xa6e00000)
  eden space 105728K, 69% used [0x918c0000,0x960fb200,0x98000000)
  from space 6656K, 99% used [0x98740000,0x98dbf120,0x98dc0000)
  to   space 7424K, 0% used [0x98000000,0x98000000,0x98740000)
 ParOldGen       total 43776K, used 12140K [0x66e00000, 0x698c0000, 0x918c0000)
  object space 43776K, 27% used [0x66e00000,0x679db1f0,0x698c0000)
 Metaspace       used 14934K, capacity 15189K, committed 15256K, reserved 15664K
GC Heap History (10 events):
Event: 5.894 GC heap before
{Heap before GC invocations=6 (full 0):
 PSYoungGen      total 19200K, used 19192K [0x918c0000, 0x94340000, 0xa6e00000)
  eden space 16640K, 100% used [0x918c0000,0x92900000,0x92900000)
  from space 2560K, 99% used [0x92900000,0x92b7e050,0x92b80000)
  to   space 5120K, 0% used [0x93e40000,0x93e40000,0x94340000)
 ParOldGen       total 43776K, used 5182K [0x66e00000, 0x698c0000, 0x918c0000)
  object space 43776K, 11% used [0x66e00000,0x6730fb00,0x698c0000)
 Metaspace       used 10030K, capacity 10107K, committed 10264K, reserved 10544K
Event: 5.908 GC heap after
Heap after GC invocations=6 (full 0):
 PSYoungGen      total 38400K, used 3877K [0x918c0000, 0x94340000, 0xa6e00000)
  eden space 33280K, 0% used [0x918c0000,0x918c0000,0x93940000)
  from space 5120K, 75% used [0x93e40000,0x942097a0,0x94340000)
  to   space 5120K, 0% used [0x93940000,0x93940000,0x93e40000)
 ParOldGen       total 43776K, used 5186K [0x66e00000, 0x698c0000, 0x918c0000)
  object space 43776K, 11% used [0x66e00000,0x67310b00,0x698c0000)
 Metaspace       used 10030K, capacity 10107K, committed 10264K, reserved 10544K
}
Event: 7.948 GC heap before
{Heap before GC invocations=7 (full 0):
 PSYoungGen      total 38400K, used 37157K [0x918c0000, 0x94340000, 0xa6e00000)
  eden space 33280K, 100% used [0x918c0000,0x93940000,0x93940000)
  from space 5120K, 75% used [0x93e40000,0x942097a0,0x94340000)
  to   space 5120K, 0% used [0x93940000,0x93940000,0x93e40000)
 ParOldGen       total 43776K, used 5186K [0x66e00000, 0x698c0000, 0x918c0000)
  object space 43776K, 11% used [0x66e00000,0x67310b00,0x698c0000)
 Metaspace       used 10776K, capacity 10892K, committed 11032K, reserved 11568K
Event: 8.008 GC heap after
Heap after GC invocations=7 (full 0):
 PSYoungGen      total 38400K, used 4622K [0x918c0000, 0x96440000, 0xa6e00000)
  eden space 33280K, 0% used [0x918c0000,0x918c0000,0x93940000)
  from space 5120K, 90% used [0x93940000,0x93dc3a28,0x93e40000)
  to   space 5376K, 0% used [0x95f00000,0x95f00000,0x96440000)
 ParOldGen       total 43776K, used 6247K [0x66e00000, 0x698c0000, 0x918c0000)
  object space 43776K, 14% used [0x66e00000,0x67419f70,0x698c0000)
 Metaspace       used 10776K, capacity 10892K, committed 11032K, reserved 11568K
}
Event: 9.770 GC heap before
{Heap before GC invocations=8 (full 0):
 PSYoungGen      total 38400K, used 37902K [0x918c0000, 0x96440000, 0xa6e00000)
  eden space 33280K, 100% used [0x918c0000,0x93940000,0x93940000)
  from space 5120K, 90% used [0x93940000,0x93dc3a28,0x93e40000)
  to   space 5376K, 0% used [0x95f00000,0x95f00000,0x96440000)
 ParOldGen       total 43776K, used 6247K [0x66e00000, 0x698c0000, 0x918c0000)
  object space 43776K, 14% used [0x66e00000,0x67419f70,0x698c0000)
 Metaspace       used 10946K, capacity 11057K, committed 11160K, reserved 11568K
Event: 9.806 GC heap after
Heap after GC invocations=8 (full 0):
 PSYoungGen      total 71936K, used 4208K [0x918c0000, 0x96440000, 0xa6e00000)
  eden space 66560K, 0% used [0x918c0000,0x918c0000,0x959c0000)
  from space 5376K, 78% used [0x95f00000,0x9631c010,0x96440000)
  to   space 5376K, 0% used [0x959c0000,0x959c0000,0x95f00000)
 ParOldGen       total 43776K, used 7407K [0x66e00000, 0x698c0000, 0x918c0000)
  object space 43776K, 16% used [0x66e00000,0x6753be60,0x698c0000)
 Metaspace       used 10946K, capacity 11057K, committed 11160K, reserved 11568K
}
Event: 11.581 GC heap before
{Heap before GC invocations=9 (full 0):
 PSYoungGen      total 71936K, used 70768K [0x918c0000, 0x96440000, 0xa6e00000)
  eden space 66560K, 100% used [0x918c0000,0x959c0000,0x959c0000)
  from space 5376K, 78% used [0x95f00000,0x9631c010,0x96440000)
  to   space 5376K, 0% used [0x959c0000,0x959c0000,0x95f00000)
 ParOldGen       total 43776K, used 7407K [0x66e00000, 0x698c0000, 0x918c0000)
  object space 43776K, 16% used [0x66e00000,0x6753be60,0x698c0000)
 Metaspace       used 11144K, capacity 11266K, committed 11416K, reserved 11568K
Event: 11.606 GC heap after
Heap after GC invocations=9 (full 0):
 PSYoungGen      total 71936K, used 5376K [0x918c0000, 0x98dc0000, 0xa6e00000)
  eden space 66560K, 0% used [0x918c0000,0x918c0000,0x959c0000)
  from space 5376K, 100% used [0x959c0000,0x95f00000,0x95f00000)
  to   space 6656K, 0% used [0x98740000,0x98740000,0x98dc0000)
 ParOldGen       total 43776K, used 9750K [0x66e00000, 0x698c0000, 0x918c0000)
  object space 43776K, 22% used [0x66e00000,0x677858b0,0x698c0000)
 Metaspace       used 11144K, capacity 11266K, committed 11416K, reserved 11568K
}
Event: 13.600 GC heap before
{Heap before GC invocations=10 (full 0):
 PSYoungGen      total 71936K, used 71936K [0x918c0000, 0x98dc0000, 0xa6e00000)
  eden space 66560K, 100% used [0x918c0000,0x959c0000,0x959c0000)
  from space 5376K, 100% used [0x959c0000,0x95f00000,0x95f00000)
  to   space 6656K, 0% used [0x98740000,0x98740000,0x98dc0000)
 ParOldGen       total 43776K, used 9750K [0x66e00000, 0x698c0000, 0x918c0000)
  object space 43776K, 22% used [0x66e00000,0x677858b0,0x698c0000)
 Metaspace       used 12316K, capacity 12525K, committed 12568K, reserved 12592K
Event: 13.656 GC heap after
Heap after GC invocations=10 (full 0):
 PSYoungGen      total 112384K, used 6652K [0x918c0000, 0x98f40000, 0xa6e00000)
  eden space 105728K, 0% used [0x918c0000,0x918c0000,0x98000000)
  from space 6656K, 99% used [0x98740000,0x98dbf120,0x98dc0000)
  to   space 7424K, 0% used [0x98000000,0x98000000,0x98740000)
 ParOldGen       total 43776K, used 12140K [0x66e00000, 0x698c0000, 0x918c0000)
  object space 43776K, 27% used [0x66e00000,0x679db1f0,0x698c0000)
 Metaspace       used 12316K, capacity 12525K, committed 12568K, reserved 12592K
}

