# JRE version: OpenJDK Runtime Environment (8.0_151-b12) (build 1.8.0_151-8u151-b12-0ubuntu0.16.04.2-b12)
# Java VM: OpenJDK Server VM (25.151-b12 mixed mode linux-x86 )
Heap:
 PSYoungGen      total 137472K, used 104977K [0x918c0000, 0x9ac40000, 0xa6e00000)
  eden space 130048K, 75% used [0x918c0000,0x978046c0,0x997c0000)
  from space 7424K, 100% used [0x9a100000,0x9a840000,0x9a840000)
  to   space 9472K, 0% used [0x997c0000,0x997c0000,0x9a100000)
 ParOldGen       total 43776K, used 10065K [0x66e00000, 0x698c0000, 0x918c0000)
  object space 43776K, 22% used [0x66e00000,0x677d4598,0x698c0000)
 Metaspace       used 14595K, capacity 14869K, committed 14872K, reserved 15664K
GC Heap History (10 events):
Event: 4.157 GC heap before
{Heap before GC invocations=4 (full 0):
 PSYoungGen      total 19200K, used 19189K [0x918c0000, 0x93e40000, 0xa6e00000)
  eden space 16640K, 100% used [0x918c0000,0x92900000,0x92900000)
  from space 2560K, 99% used [0x92900000,0x92b7d7e0,0x92b80000)
  to   space 2560K, 0% used [0x93bc0000,0x93bc0000,0x93e40000)
 ParOldGen       total 43776K, used 2361K [0x66e00000, 0x698c0000, 0x918c0000)
  object space 43776K, 5% used [0x66e00000,0x6704e5e0,0x698c0000)
 Metaspace       used 8130K, capacity 8190K, committed 8344K, reserved 8496K
Event: 4.195 GC heap after
Heap after GC invocations=4 (full 0):
 PSYoungGen      total 35840K, used 2546K [0x918c0000, 0x93e40000, 0xa6e00000)
  eden space 33280K, 0% used [0x918c0000,0x918c0000,0x93940000)
  from space 2560K, 99% used [0x93bc0000,0x93e3c880,0x93e40000)
  to   space 2560K, 0% used [0x93940000,0x93940000,0x93bc0000)
 ParOldGen       total 43776K, used 4537K [0x66e00000, 0x698c0000, 0x918c0000)
  object space 43776K, 10% used [0x66e00000,0x6726e5f8,0x698c0000)
 Metaspace       used 8130K, capacity 8190K, committed 8344K, reserved 8496K
}
Event: 6.586 GC heap before
{Heap before GC invocations=5 (full 0):
 PSYoungGen      total 35840K, used 35826K [0x918c0000, 0x93e40000, 0xa6e00000)
  eden space 33280K, 100% used [0x918c0000,0x93940000,0x93940000)
  from space 2560K, 99% used [0x93bc0000,0x93e3c880,0x93e40000)
  to   space 2560K, 0% used [0x93940000,0x93940000,0x93bc0000)
 ParOldGen       total 43776K, used 4537K [0x66e00000, 0x698c0000, 0x918c0000)
  object space 43776K, 10% used [0x66e00000,0x6726e5f8,0x698c0000)
 Metaspace       used 10037K, capacity 10107K, committed 10264K, reserved 10544K
Event: 6.603 GC heap after
Heap after GC invocations=5 (full 0):
 PSYoungGen      total 35840K, used 2544K [0x918c0000, 0x964c0000, 0xa6e00000)
  eden space 33280K, 0% used [0x918c0000,0x918c0000,0x93940000)
  from space 2560K, 99% used [0x93940000,0x93bbc060,0x93bc0000)
  to   space 5632K, 0% used [0x95f40000,0x95f40000,0x964c0000)
 ParOldGen       total 43776K, used 6626K [0x66e00000, 0x698c0000, 0x918c0000)
  object space 43776K, 15% used [0x66e00000,0x674789d0,0x698c0000)
 Metaspace       used 10037K, capacity 10107K, committed 10264K, reserved 10544K
}
Event: 8.062 GC heap before
{Heap before GC invocations=6 (full 0):
 PSYoungGen      total 35840K, used 35824K [0x918c0000, 0x964c0000, 0xa6e00000)
  eden space 33280K, 100% used [0x918c0000,0x93940000,0x93940000)
  from space 2560K, 99% used [0x93940000,0x93bbc060,0x93bc0000)
  to   space 5632K, 0% used [0x95f40000,0x95f40000,0x964c0000)
 ParOldGen       total 43776K, used 6626K [0x66e00000, 0x698c0000, 0x918c0000)
  object space 43776K, 15% used [0x66e00000,0x674789d0,0x698c0000)
 Metaspace       used 10771K, capacity 10892K, committed 11032K, reserved 11568K
Event: 8.096 GC heap after
Heap after GC invocations=6 (full 0):
 PSYoungGen      total 71680K, used 5079K [0x918c0000, 0x965c0000, 0xa6e00000)
  eden space 66048K, 0% used [0x918c0000,0x918c0000,0x95940000)
  from space 5632K, 90% used [0x95f40000,0x96435ce0,0x964c0000)
  to   space 6144K, 0% used [0x95940000,0x95940000,0x95f40000)
 ParOldGen       total 43776K, used 6626K [0x66e00000, 0x698c0000, 0x918c0000)
  object space 43776K, 15% used [0x66e00000,0x674789d0,0x698c0000)
 Metaspace       used 10771K, capacity 10892K, committed 11032K, reserved 11568K
}
Event: 9.602 GC heap before
{Heap before GC invocations=7 (full 0):
 PSYoungGen      total 71680K, used 71127K [0x918c0000, 0x965c0000, 0xa6e00000)
  eden space 66048K, 100% used [0x918c0000,0x95940000,0x95940000)
  from space 5632K, 90% used [0x95f40000,0x96435ce0,0x964c0000)
  to   space 6144K, 0% used [0x95940000,0x95940000,0x95f40000)
 ParOldGen       total 43776K, used 6626K [0x66e00000, 0x698c0000, 0x918c0000)
  object space 43776K, 15% used [0x66e00000,0x674789d0,0x698c0000)
 Metaspace       used 11063K, capacity 11197K, committed 11288K, reserved 11568K
Event: 9.641 GC heap after
Heap after GC invocations=7 (full 0):
 PSYoungGen      total 72192K, used 6138K [0x918c0000, 0x9a840000, 0xa6e00000)
  eden space 66048K, 0% used [0x918c0000,0x918c0000,0x95940000)
  from space 6144K, 99% used [0x95940000,0x95f3e830,0x95f40000)
  to   space 7424K, 0% used [0x9a100000,0x9a100000,0x9a840000)
 ParOldGen       total 43776K, used 8027K [0x66e00000, 0x698c0000, 0x918c0000)
  object space 43776K, 18% used [0x66e00000,0x675d6c50,0x698c0000)
 Metaspace       used 11063K, capacity 11197K, committed 11288K, reserved 11568K
}
Event: 12.774 GC heap before
{Heap before GC invocations=8 (full 0):
 PSYoungGen      total 72192K, used 72186K [0x918c0000, 0x9a840000, 0xa6e00000)
  eden space 66048K, 100% used [0x918c0000,0x95940000,0x95940000)
  from space 6144K, 99% used [0x95940000,0x95f3e830,0x95f40000)
  to   space 7424K, 0% used [0x9a100000,0x9a100000,0x9a840000)
 ParOldGen       total 43776K, used 8027K [0x66e00000, 0x698c0000, 0x918c0000)
  object space 43776K, 18% used [0x66e00000,0x675d6c50,0x698c0000)
 Metaspace       used 11502K, capacity 11658K, committed 11800K, reserved 12592K
Event: 12.850 GC heap after
Heap after GC invocations=8 (full 0):
 PSYoungGen      total 137472K, used 7424K [0x918c0000, 0x9ac40000, 0xa6e00000)
  eden space 130048K, 0% used [0x918c0000,0x918c0000,0x997c0000)
  from space 7424K, 100% used [0x9a100000,0x9a840000,0x9a840000)
  to   space 9472K, 0% used [0x997c0000,0x997c0000,0x9a100000)
 ParOldGen       total 43776K, used 10065K [0x66e00000, 0x698c0000, 0x918c0000)
  object space 43776K, 22% used [0x66e00000,0x677d4598,0x698c0000)
 Metaspace       used 11502K, capacity 11658K, committed 11800K, reserved 12592K
}

