# JRE version: OpenJDK Runtime Environment (8.0_151-b12) (build 1.8.0_151-8u151-b12-0ubuntu0.16.04.2-b12)
# Java VM: OpenJDK Server VM (25.151-b12 mixed mode linux-x86 )
Heap:
 PSYoungGen      total 112640K, used 53971K [0x918c0000, 0x98ec0000, 0xa6e00000)
  eden space 105984K, 44% used [0x918c0000,0x94723d78,0x98040000)
  from space 6656K, 97% used [0x98740000,0x98d91160,0x98dc0000)
  to   space 7168K, 0% used [0x98040000,0x98040000,0x98740000)
 ParOldGen       total 43776K, used 12296K [0x66e00000, 0x698c0000, 0x918c0000)
  object space 43776K, 28% used [0x66e00000,0x67a021d0,0x698c0000)
 Metaspace       used 13822K, capacity 14096K, committed 14104K, reserved 14640K
GC Heap History (10 events):
Event: 5.933 GC heap before
{Heap before GC invocations=6 (full 0):
 PSYoungGen      total 19200K, used 19184K [0x918c0000, 0x942c0000, 0xa6e00000)
  eden space 16640K, 100% used [0x918c0000,0x92900000,0x92900000)
  from space 2560K, 99% used [0x92900000,0x92b7c060,0x92b80000)
  to   space 4864K, 0% used [0x93e00000,0x93e00000,0x942c0000)
 ParOldGen       total 43776K, used 5430K [0x66e00000, 0x698c0000, 0x918c0000)
  object space 43776K, 12% used [0x66e00000,0x6734da20,0x698c0000)
 Metaspace       used 9992K, capacity 10075K, committed 10136K, reserved 10544K
Event: 5.953 GC heap after
Heap after GC invocations=6 (full 0):
 PSYoungGen      total 38144K, used 3658K [0x918c0000, 0x942c0000, 0xa6e00000)
  eden space 33280K, 0% used [0x918c0000,0x918c0000,0x93940000)
  from space 4864K, 75% used [0x93e00000,0x94192bb8,0x942c0000)
  to   space 4864K, 0% used [0x93940000,0x93940000,0x93e00000)
 ParOldGen       total 43776K, used 5434K [0x66e00000, 0x698c0000, 0x918c0000)
  object space 43776K, 12% used [0x66e00000,0x6734ea20,0x698c0000)
 Metaspace       used 9992K, capacity 10075K, committed 10136K, reserved 10544K
}
Event: 8.195 GC heap before
{Heap before GC invocations=7 (full 0):
 PSYoungGen      total 38144K, used 36938K [0x918c0000, 0x942c0000, 0xa6e00000)
  eden space 33280K, 100% used [0x918c0000,0x93940000,0x93940000)
  from space 4864K, 75% used [0x93e00000,0x94192bb8,0x942c0000)
  to   space 4864K, 0% used [0x93940000,0x93940000,0x93e00000)
 ParOldGen       total 43776K, used 5434K [0x66e00000, 0x698c0000, 0x918c0000)
  object space 43776K, 12% used [0x66e00000,0x6734ea20,0x698c0000)
 Metaspace       used 10788K, capacity 10892K, committed 11032K, reserved 11568K
Event: 8.272 GC heap after
Heap after GC invocations=7 (full 0):
 PSYoungGen      total 38144K, used 4436K [0x918c0000, 0x963c0000, 0xa6e00000)
  eden space 33280K, 0% used [0x918c0000,0x918c0000,0x93940000)
  from space 4864K, 91% used [0x93940000,0x93d95218,0x93e00000)
  to   space 5120K, 0% used [0x95ec0000,0x95ec0000,0x963c0000)
 ParOldGen       total 43776K, used 6575K [0x66e00000, 0x698c0000, 0x918c0000)
  object space 43776K, 15% used [0x66e00000,0x6746bfe8,0x698c0000)
 Metaspace       used 10788K, capacity 10892K, committed 11032K, reserved 11568K
}
Event: 10.035 GC heap before
{Heap before GC invocations=8 (full 0):
 PSYoungGen      total 38144K, used 37716K [0x918c0000, 0x963c0000, 0xa6e00000)
  eden space 33280K, 100% used [0x918c0000,0x93940000,0x93940000)
  from space 4864K, 91% used [0x93940000,0x93d95218,0x93e00000)
  to   space 5120K, 0% used [0x95ec0000,0x95ec0000,0x963c0000)
 ParOldGen       total 43776K, used 6575K [0x66e00000, 0x698c0000, 0x918c0000)
  object space 43776K, 15% used [0x66e00000,0x6746bfe8,0x698c0000)
 Metaspace       used 10969K, capacity 11057K, committed 11160K, reserved 11568K
Event: 10.067 GC heap after
Heap after GC invocations=8 (full 0):
 PSYoungGen      total 71680K, used 4368K [0x918c0000, 0x963c0000, 0xa6e00000)
  eden space 66560K, 0% used [0x918c0000,0x918c0000,0x959c0000)
  from space 5120K, 85% used [0x95ec0000,0x96304000,0x963c0000)
  to   space 5120K, 0% used [0x959c0000,0x959c0000,0x95ec0000)
 ParOldGen       total 43776K, used 7394K [0x66e00000, 0x698c0000, 0x918c0000)
  object space 43776K, 16% used [0x66e00000,0x67538818,0x698c0000)
 Metaspace       used 10969K, capacity 11057K, committed 11160K, reserved 11568K
}
Event: 11.641 GC heap before
{Heap before GC invocations=9 (full 0):
 PSYoungGen      total 71680K, used 70928K [0x918c0000, 0x963c0000, 0xa6e00000)
  eden space 66560K, 100% used [0x918c0000,0x959c0000,0x959c0000)
  from space 5120K, 85% used [0x95ec0000,0x96304000,0x963c0000)
  to   space 5120K, 0% used [0x959c0000,0x959c0000,0x95ec0000)
 ParOldGen       total 43776K, used 7394K [0x66e00000, 0x698c0000, 0x918c0000)
  object space 43776K, 16% used [0x66e00000,0x67538818,0x698c0000)
 Metaspace       used 11155K, capacity 11266K, committed 11416K, reserved 11568K
Event: 11.706 GC heap after
Heap after GC invocations=9 (full 0):
 PSYoungGen      total 71680K, used 5120K [0x918c0000, 0x98dc0000, 0xa6e00000)
  eden space 66560K, 0% used [0x918c0000,0x918c0000,0x959c0000)
  from space 5120K, 100% used [0x959c0000,0x95ec0000,0x95ec0000)
  to   space 6656K, 0% used [0x98740000,0x98740000,0x98dc0000)
 ParOldGen       total 43776K, used 10086K [0x66e00000, 0x698c0000, 0x918c0000)
  object space 43776K, 23% used [0x66e00000,0x677d9890,0x698c0000)
 Metaspace       used 11155K, capacity 11266K, committed 11416K, reserved 11568K
}
Event: 13.600 GC heap before
{Heap before GC invocations=10 (full 0):
 PSYoungGen      total 71680K, used 71680K [0x918c0000, 0x98dc0000, 0xa6e00000)
  eden space 66560K, 100% used [0x918c0000,0x959c0000,0x959c0000)
  from space 5120K, 100% used [0x959c0000,0x95ec0000,0x95ec0000)
  to   space 6656K, 0% used [0x98740000,0x98740000,0x98dc0000)
 ParOldGen       total 43776K, used 10086K [0x66e00000, 0x698c0000, 0x918c0000)
  object space 43776K, 23% used [0x66e00000,0x677d9890,0x698c0000)
 Metaspace       used 12253K, capacity 12425K, committed 12440K, reserved 12592K
Event: 13.686 GC heap after
Heap after GC invocations=10 (full 0):
 PSYoungGen      total 112640K, used 6468K [0x918c0000, 0x98ec0000, 0xa6e00000)
  eden space 105984K, 0% used [0x918c0000,0x918c0000,0x98040000)
  from space 6656K, 97% used [0x98740000,0x98d91160,0x98dc0000)
  to   space 7168K, 0% used [0x98040000,0x98040000,0x98740000)
 ParOldGen       total 43776K, used 12296K [0x66e00000, 0x698c0000, 0x918c0000)
  object space 43776K, 28% used [0x66e00000,0x67a021d0,0x698c0000)
 Metaspace       used 12253K, capacity 12425K, committed 12440K, reserved 12592K
}

