# JRE version: OpenJDK Runtime Environment (8.0_162-b12) (build 1.8.0_162-8u162-b12-0ubuntu0.16.04.2-b12)
# Java VM: OpenJDK Server VM (25.162-b12 mixed mode linux-x86 )
Heap:
 PSYoungGen      total 139776K, used 9215K [0x916c0000, 0x9a9c0000, 0xa6c00000)
  eden space 130560K, 0% used [0x916c0000,0x916c0000,0x99640000)
  from space 9216K, 99% used [0x99640000,0x99f3fc90,0x99f40000)
  to   space 7680K, 0% used [0x99f40000,0x99f40000,0x9a6c0000)
 ParOldGen       total 43776K, used 16649K [0x66c00000, 0x696c0000, 0x916c0000)
  object space 43776K, 38% used [0x66c00000,0x67c42578,0x696c0000)
 Metaspace       used 15793K, capacity 16217K, committed 16280K, reserved 16688K
GC Heap History (10 events):
Event: 3.372 GC heap after
Heap after GC invocations=4 (full 0):
 PSYoungGen      total 35840K, used 2546K [0x916c0000, 0x93c40000, 0xa6c00000)
  eden space 33280K, 0% used [0x916c0000,0x916c0000,0x93740000)
  from space 2560K, 99% used [0x939c0000,0x93c3c890,0x93c40000)
  to   space 2560K, 0% used [0x93740000,0x93740000,0x939c0000)
 ParOldGen       total 43776K, used 4395K [0x66c00000, 0x696c0000, 0x916c0000)
  object space 43776K, 10% used [0x66c00000,0x6704aeb8,0x696c0000)
 Metaspace       used 8094K, capacity 8156K, committed 8216K, reserved 8496K
}
Event: 6.834 GC heap before
{Heap before GC invocations=5 (full 0):
 PSYoungGen      total 35840K, used 35826K [0x916c0000, 0x93c40000, 0xa6c00000)
  eden space 33280K, 100% used [0x916c0000,0x93740000,0x93740000)
  from space 2560K, 99% used [0x939c0000,0x93c3c890,0x93c40000)
  to   space 2560K, 0% used [0x93740000,0x93740000,0x939c0000)
 ParOldGen       total 43776K, used 4395K [0x66c00000, 0x696c0000, 0x916c0000)
  object space 43776K, 10% used [0x66c00000,0x6704aeb8,0x696c0000)
 Metaspace       used 9990K, capacity 10075K, committed 10136K, reserved 10544K
Event: 6.855 GC heap after
Heap after GC invocations=5 (full 0):
 PSYoungGen      total 35840K, used 2544K [0x916c0000, 0x962c0000, 0xa6c00000)
  eden space 33280K, 0% used [0x916c0000,0x916c0000,0x93740000)
  from space 2560K, 99% used [0x93740000,0x939bc070,0x939c0000)
  to   space 5632K, 0% used [0x95d40000,0x95d40000,0x962c0000)
 ParOldGen       total 43776K, used 6498K [0x66c00000, 0x696c0000, 0x916c0000)
  object space 43776K, 14% used [0x66c00000,0x672589e8,0x696c0000)
 Metaspace       used 9990K, capacity 10075K, committed 10136K, reserved 10544K
}
Event: 8.622 GC heap before
{Heap before GC invocations=6 (full 0):
 PSYoungGen      total 35840K, used 35824K [0x916c0000, 0x962c0000, 0xa6c00000)
  eden space 33280K, 100% used [0x916c0000,0x93740000,0x93740000)
  from space 2560K, 99% used [0x93740000,0x939bc070,0x939c0000)
  to   space 5632K, 0% used [0x95d40000,0x95d40000,0x962c0000)
 ParOldGen       total 43776K, used 6498K [0x66c00000, 0x696c0000, 0x916c0000)
  object space 43776K, 14% used [0x66c00000,0x672589e8,0x696c0000)
 Metaspace       used 10838K, capacity 10956K, committed 11032K, reserved 11568K
Event: 8.655 GC heap after
Heap after GC invocations=6 (full 0):
 PSYoungGen      total 71680K, used 5210K [0x916c0000, 0x963c0000, 0xa6c00000)
  eden space 66048K, 0% used [0x916c0000,0x916c0000,0x95740000)
  from space 5632K, 92% used [0x95d40000,0x962569e0,0x962c0000)
  to   space 6144K, 0% used [0x95740000,0x95740000,0x95d40000)
 ParOldGen       total 43776K, used 6502K [0x66c00000, 0x696c0000, 0x916c0000)
  object space 43776K, 14% used [0x66c00000,0x672599e8,0x696c0000)
 Metaspace       used 10838K, capacity 10956K, committed 11032K, reserved 11568K
}
Event: 10.249 GC heap before
{Heap before GC invocations=7 (full 0):
 PSYoungGen      total 71680K, used 71258K [0x916c0000, 0x963c0000, 0xa6c00000)
  eden space 66048K, 100% used [0x916c0000,0x95740000,0x95740000)
  from space 5632K, 92% used [0x95d40000,0x962569e0,0x962c0000)
  to   space 6144K, 0% used [0x95740000,0x95740000,0x95d40000)
 ParOldGen       total 43776K, used 6502K [0x66c00000, 0x696c0000, 0x916c0000)
  object space 43776K, 14% used [0x66c00000,0x672599e8,0x696c0000)
 Metaspace       used 11138K, capacity 11229K, committed 11288K, reserved 11568K
Event: 10.267 GC heap after
Heap after GC invocations=7 (full 0):
 PSYoungGen      total 72192K, used 6138K [0x916c0000, 0x9a6c0000, 0xa6c00000)
  eden space 66048K, 0% used [0x916c0000,0x916c0000,0x95740000)
  from space 6144K, 99% used [0x95740000,0x95d3e840,0x95d40000)
  to   space 7680K, 0% used [0x99f40000,0x99f40000,0x9a6c0000)
 ParOldGen       total 43776K, used 7868K [0x66c00000, 0x696c0000, 0x916c0000)
  object space 43776K, 17% used [0x66c00000,0x673af220,0x696c0000)
 Metaspace       used 11138K, capacity 11229K, committed 11288K, reserved 11568K
}
Event: 12.468 GC heap before
{Heap before GC invocations=8 (full 0):
 PSYoungGen      total 72192K, used 72186K [0x916c0000, 0x9a6c0000, 0xa6c00000)
  eden space 66048K, 100% used [0x916c0000,0x95740000,0x95740000)
  from space 6144K, 99% used [0x95740000,0x95d3e840,0x95d40000)
  to   space 7680K, 0% used [0x99f40000,0x99f40000,0x9a6c0000)
 ParOldGen       total 43776K, used 7868K [0x66c00000, 0x696c0000, 0x916c0000)
  object space 43776K, 17% used [0x66c00000,0x673af220,0x696c0000)
 Metaspace       used 11425K, capacity 11562K, committed 11672K, reserved 12592K
Event: 12.511 GC heap after
Heap after GC invocations=8 (full 0):
 PSYoungGen      total 138240K, used 7672K [0x916c0000, 0x9a9c0000, 0xa6c00000)
  eden space 130560K, 0% used [0x916c0000,0x916c0000,0x99640000)
  from space 7680K, 99% used [0x99f40000,0x9a6be030,0x9a6c0000)
  to   space 9216K, 0% used [0x99640000,0x99640000,0x99f40000)
 ParOldGen       total 43776K, used 9473K [0x66c00000, 0x696c0000, 0x916c0000)
  object space 43776K, 21% used [0x66c00000,0x67540448,0x696c0000)
 Metaspace       used 11425K, capacity 11562K, committed 11672K, reserved 12592K
}
Event: 16.461 GC heap before
{Heap before GC invocations=9 (full 0):
 PSYoungGen      total 138240K, used 138232K [0x916c0000, 0x9a9c0000, 0xa6c00000)
  eden space 130560K, 100% used [0x916c0000,0x99640000,0x99640000)
  from space 7680K, 99% used [0x99f40000,0x9a6be030,0x9a6c0000)
  to   space 9216K, 0% used [0x99640000,0x99640000,0x99f40000)
 ParOldGen       total 43776K, used 9473K [0x66c00000, 0x696c0000, 0x916c0000)
  object space 43776K, 21% used [0x66c00000,0x67540448,0x696c0000)
 Metaspace       used 15793K, capacity 16217K, committed 16280K, reserved 16688K

