# JRE version: OpenJDK Runtime Environment (8.0_162-b12) (build 1.8.0_162-8u162-b12-0ubuntu0.16.04.2-b12)
# Java VM: OpenJDK Server VM (25.162-b12 mixed mode linux-x86 )
Heap:
 PSYoungGen      total 112896K, used 7033K [0x916c0000, 0x98c80000, 0xa6c00000)
  eden space 105728K, 0% used [0x916c0000,0x916c0000,0x97e00000)
  from space 7168K, 98% used [0x97e00000,0x984de588,0x98500000)
  to   space 6656K, 0% used [0x98500000,0x98500000,0x98b80000)
 ParOldGen       total 43776K, used 17541K [0x66c00000, 0x696c0000, 0x916c0000)
  object space 43776K, 40% used [0x66c00000,0x67d21548,0x696c0000)
 Metaspace       used 15956K, capacity 16345K, committed 16384K, reserved 16688K
GC Heap History (10 events):
Event: 6.781 GC heap after
Heap after GC invocations=6 (full 0):
 PSYoungGen      total 37888K, used 3876K [0x916c0000, 0x940c0000, 0xa6c00000)
  eden space 33280K, 0% used [0x916c0000,0x916c0000,0x93740000)
  from space 4608K, 84% used [0x93c40000,0x940093e8,0x940c0000)
  to   space 4864K, 0% used [0x93740000,0x93740000,0x93c00000)
 ParOldGen       total 43776K, used 5431K [0x66c00000, 0x696c0000, 0x916c0000)
  object space 43776K, 12% used [0x66c00000,0x6714de58,0x696c0000)
 Metaspace       used 9984K, capacity 10075K, committed 10136K, reserved 10544K
}
Event: 8.265 GC heap before
{Heap before GC invocations=7 (full 0):
 PSYoungGen      total 37888K, used 37156K [0x916c0000, 0x940c0000, 0xa6c00000)
  eden space 33280K, 100% used [0x916c0000,0x93740000,0x93740000)
  from space 4608K, 84% used [0x93c40000,0x940093e8,0x940c0000)
  to   space 4864K, 0% used [0x93740000,0x93740000,0x93c00000)
 ParOldGen       total 43776K, used 5431K [0x66c00000, 0x696c0000, 0x916c0000)
  object space 43776K, 12% used [0x66c00000,0x6714de58,0x696c0000)
 Metaspace       used 10830K, capacity 10924K, committed 11032K, reserved 11568K
Event: 8.326 GC heap after
Heap after GC invocations=7 (full 0):
 PSYoungGen      total 38144K, used 4589K [0x916c0000, 0x961c0000, 0xa6c00000)
  eden space 33280K, 0% used [0x916c0000,0x916c0000,0x93740000)
  from space 4864K, 94% used [0x93740000,0x93bbb678,0x93c00000)
  to   space 5120K, 0% used [0x95cc0000,0x95cc0000,0x961c0000)
 ParOldGen       total 43776K, used 6674K [0x66c00000, 0x696c0000, 0x916c0000)
  object space 43776K, 15% used [0x66c00000,0x67284a00,0x696c0000)
 Metaspace       used 10830K, capacity 10924K, committed 11032K, reserved 11568K
}
Event: 9.381 GC heap before
{Heap before GC invocations=8 (full 0):
 PSYoungGen      total 38144K, used 37869K [0x916c0000, 0x961c0000, 0xa6c00000)
  eden space 33280K, 100% used [0x916c0000,0x93740000,0x93740000)
  from space 4864K, 94% used [0x93740000,0x93bbb678,0x93c00000)
  to   space 5120K, 0% used [0x95cc0000,0x95cc0000,0x961c0000)
 ParOldGen       total 43776K, used 6674K [0x66c00000, 0x696c0000, 0x916c0000)
  object space 43776K, 15% used [0x66c00000,0x67284a00,0x696c0000)
 Metaspace       used 11009K, capacity 11121K, committed 11288K, reserved 11568K
Event: 9.406 GC heap after
Heap after GC invocations=8 (full 0):
 PSYoungGen      total 71424K, used 4288K [0x916c0000, 0x96240000, 0xa6c00000)
  eden space 66304K, 0% used [0x916c0000,0x916c0000,0x95780000)
  from space 5120K, 83% used [0x95cc0000,0x960f0010,0x961c0000)
  to   space 5376K, 0% used [0x95780000,0x95780000,0x95cc0000)
 ParOldGen       total 43776K, used 7752K [0x66c00000, 0x696c0000, 0x916c0000)
  object space 43776K, 17% used [0x66c00000,0x673920e0,0x696c0000)
 Metaspace       used 11009K, capacity 11121K, committed 11288K, reserved 11568K
}
Event: 10.854 GC heap before
{Heap before GC invocations=9 (full 0):
 PSYoungGen      total 71424K, used 70592K [0x916c0000, 0x96240000, 0xa6c00000)
  eden space 66304K, 100% used [0x916c0000,0x95780000,0x95780000)
  from space 5120K, 83% used [0x95cc0000,0x960f0010,0x961c0000)
  to   space 5376K, 0% used [0x95780000,0x95780000,0x95cc0000)
 ParOldGen       total 43776K, used 7752K [0x66c00000, 0x696c0000, 0x916c0000)
  object space 43776K, 17% used [0x66c00000,0x673920e0,0x696c0000)
 Metaspace       used 11189K, capacity 11330K, committed 11416K, reserved 11568K
Event: 10.892 GC heap after
Heap after GC invocations=9 (full 0):
 PSYoungGen      total 71680K, used 5376K [0x916c0000, 0x98b80000, 0xa6c00000)
  eden space 66304K, 0% used [0x916c0000,0x916c0000,0x95780000)
  from space 5376K, 100% used [0x95780000,0x95cc0000,0x95cc0000)
  to   space 6656K, 0% used [0x98500000,0x98500000,0x98b80000)
 ParOldGen       total 43776K, used 10034K [0x66c00000, 0x696c0000, 0x916c0000)
  object space 43776K, 22% used [0x66c00000,0x675cca48,0x696c0000)
 Metaspace       used 11189K, capacity 11330K, committed 11416K, reserved 11568K
}
Event: 13.865 GC heap before
{Heap before GC invocations=10 (full 0):
 PSYoungGen      total 71680K, used 71680K [0x916c0000, 0x98b80000, 0xa6c00000)
  eden space 66304K, 100% used [0x916c0000,0x95780000,0x95780000)
  from space 5376K, 100% used [0x95780000,0x95cc0000,0x95cc0000)
  to   space 6656K, 0% used [0x98500000,0x98500000,0x98b80000)
 ParOldGen       total 43776K, used 10034K [0x66c00000, 0x696c0000, 0x916c0000)
  object space 43776K, 22% used [0x66c00000,0x675cca48,0x696c0000)
 Metaspace       used 12320K, capacity 12525K, committed 12568K, reserved 12592K
Event: 13.927 GC heap after
Heap after GC invocations=10 (full 0):
 PSYoungGen      total 112384K, used 6505K [0x916c0000, 0x98c80000, 0xa6c00000)
  eden space 105728K, 0% used [0x916c0000,0x916c0000,0x97e00000)
  from space 6656K, 97% used [0x98500000,0x98b5a528,0x98b80000)
  to   space 7168K, 0% used [0x97e00000,0x97e00000,0x98500000)
 ParOldGen       total 43776K, used 12602K [0x66c00000, 0x696c0000, 0x916c0000)
  object space 43776K, 28% used [0x66c00000,0x6784eb98,0x696c0000)
 Metaspace       used 12320K, capacity 12525K, committed 12568K, reserved 12592K
}
Event: 16.694 GC heap before
{Heap before GC invocations=11 (full 0):
 PSYoungGen      total 112384K, used 105935K [0x916c0000, 0x98c80000, 0xa6c00000)
  eden space 105728K, 94% used [0x916c0000,0x977d9710,0x97e00000)
  from space 6656K, 97% used [0x98500000,0x98b5a528,0x98b80000)
  to   space 7168K, 0% used [0x97e00000,0x97e00000,0x98500000)
 ParOldGen       total 43776K, used 12602K [0x66c00000, 0x696c0000, 0x916c0000)
  object space 43776K, 28% used [0x66c00000,0x6784eb98,0x696c0000)
 Metaspace       used 15956K, capacity 16345K, committed 16384K, reserved 16688K

