# JRE version: OpenJDK Runtime Environment (8.0_151-b12) (build 1.8.0_151-8u151-b12-0ubuntu0.16.04.2-b12)
# Java VM: OpenJDK Server VM (25.151-b12 mixed mode linux-x86 )
Heap:
 PSYoungGen      total 20480K, used 2488K [0x918c0000, 0x93180000, 0xa6e00000)
  eden space 15616K, 0% used [0x918c0000,0x918c0000,0x92800000)
  from space 4864K, 51% used [0x92800000,0x92a6e030,0x92cc0000)
  to   space 4608K, 0% used [0x92d00000,0x92d00000,0x93180000)
 ParOldGen       total 43776K, used 8314K [0x66e00000, 0x698c0000, 0x918c0000)
  object space 43776K, 18% used [0x66e00000,0x6761e9e0,0x698c0000)
 Metaspace       used 10862K, capacity 10988K, committed 11160K, reserved 11568K
GC Heap History (10 events):
Event: 7.791 GC heap after
Heap after GC invocations=4 (full 0):
 PSYoungGen      total 19200K, used 2546K [0x918c0000, 0x92e00000, 0xa6e00000)
  eden space 16640K, 0% used [0x918c0000,0x918c0000,0x92900000)
  from space 2560K, 99% used [0x92b80000,0x92dfc890,0x92e00000)
  to   space 2560K, 0% used [0x92900000,0x92900000,0x92b80000)
 ParOldGen       total 43776K, used 4476K [0x66e00000, 0x698c0000, 0x918c0000)
  object space 43776K, 10% used [0x66e00000,0x6725f378,0x698c0000)
 Metaspace       used 8109K, capacity 8190K, committed 8344K, reserved 8496K
}
Event: 9.416 GC heap before
{Heap before GC invocations=5 (full 0):
 PSYoungGen      total 19200K, used 19186K [0x918c0000, 0x92e00000, 0xa6e00000)
  eden space 16640K, 100% used [0x918c0000,0x92900000,0x92900000)
  from space 2560K, 99% used [0x92b80000,0x92dfc890,0x92e00000)
  to   space 2560K, 0% used [0x92900000,0x92900000,0x92b80000)
 ParOldGen       total 43776K, used 4476K [0x66e00000, 0x698c0000, 0x918c0000)
  object space 43776K, 10% used [0x66e00000,0x6725f378,0x698c0000)
 Metaspace       used 8846K, capacity 8931K, committed 8984K, reserved 9520K
Event: 9.426 GC heap after
Heap after GC invocations=5 (full 0):
 PSYoungGen      total 18944K, used 2544K [0x918c0000, 0x932c0000, 0xa6e00000)
  eden space 16384K, 0% used [0x918c0000,0x918c0000,0x928c0000)
  from space 2560K, 99% used [0x92900000,0x92b7c070,0x92b80000)
  to   space 5120K, 0% used [0x92dc0000,0x92dc0000,0x932c0000)
 ParOldGen       total 43776K, used 5284K [0x66e00000, 0x698c0000, 0x918c0000)
  object space 43776K, 12% used [0x66e00000,0x67329178,0x698c0000)
 Metaspace       used 8846K, capacity 8931K, committed 8984K, reserved 9520K
}
Event: 10.650 GC heap before
{Heap before GC invocations=6 (full 0):
 PSYoungGen      total 18944K, used 18928K [0x918c0000, 0x932c0000, 0xa6e00000)
  eden space 16384K, 100% used [0x918c0000,0x928c0000,0x928c0000)
  from space 2560K, 99% used [0x92900000,0x92b7c070,0x92b80000)
  to   space 5120K, 0% used [0x92dc0000,0x92dc0000,0x932c0000)
 ParOldGen       total 43776K, used 5284K [0x66e00000, 0x698c0000, 0x918c0000)
  object space 43776K, 12% used [0x66e00000,0x67329178,0x698c0000)
 Metaspace       used 9999K, capacity 10075K, committed 10136K, reserved 10544K
Event: 10.662 GC heap after
Heap after GC invocations=6 (full 0):
 PSYoungGen      total 20480K, used 3806K [0x918c0000, 0x93200000, 0xa6e00000)
  eden space 16128K, 0% used [0x918c0000,0x918c0000,0x92880000)
  from space 4352K, 87% used [0x92dc0000,0x93177838,0x93200000)
  to   space 4864K, 0% used [0x92880000,0x92880000,0x92d40000)
 ParOldGen       total 43776K, used 5288K [0x66e00000, 0x698c0000, 0x918c0000)
  object space 43776K, 12% used [0x66e00000,0x6732a178,0x698c0000)
 Metaspace       used 9999K, capacity 10075K, committed 10136K, reserved 10544K
}
Event: 11.848 GC heap before
{Heap before GC invocations=7 (full 0):
 PSYoungGen      total 20480K, used 19934K [0x918c0000, 0x93200000, 0xa6e00000)
  eden space 16128K, 100% used [0x918c0000,0x92880000,0x92880000)
  from space 4352K, 87% used [0x92dc0000,0x93177838,0x93200000)
  to   space 4864K, 0% used [0x92880000,0x92880000,0x92d40000)
 ParOldGen       total 43776K, used 5288K [0x66e00000, 0x698c0000, 0x918c0000)
  object space 43776K, 12% used [0x66e00000,0x6732a178,0x698c0000)
 Metaspace       used 10653K, capacity 10756K, committed 10904K, reserved 11568K
Event: 11.862 GC heap after
Heap after GC invocations=7 (full 0):
 PSYoungGen      total 19968K, used 3852K [0x918c0000, 0x931c0000, 0xa6e00000)
  eden space 15872K, 0% used [0x918c0000,0x918c0000,0x92840000)
  from space 4096K, 94% used [0x92880000,0x92c43218,0x92c80000)
  to   space 4864K, 0% used [0x92d00000,0x92d00000,0x931c0000)
 ParOldGen       total 43776K, used 6411K [0x66e00000, 0x698c0000, 0x918c0000)
  object space 43776K, 14% used [0x66e00000,0x67442f30,0x698c0000)
 Metaspace       used 10653K, capacity 10756K, committed 10904K, reserved 11568K
}
Event: 12.470 GC heap before
{Heap before GC invocations=8 (full 0):
 PSYoungGen      total 19968K, used 19724K [0x918c0000, 0x931c0000, 0xa6e00000)
  eden space 15872K, 100% used [0x918c0000,0x92840000,0x92840000)
  from space 4096K, 94% used [0x92880000,0x92c43218,0x92c80000)
  to   space 4864K, 0% used [0x92d00000,0x92d00000,0x931c0000)
 ParOldGen       total 43776K, used 6411K [0x66e00000, 0x698c0000, 0x918c0000)
  object space 43776K, 14% used [0x66e00000,0x67442f30,0x698c0000)
 Metaspace       used 10764K, capacity 10860K, committed 11032K, reserved 11568K
Event: 12.478 GC heap after
Heap after GC invocations=8 (full 0):
 PSYoungGen      total 20224K, used 2864K [0x918c0000, 0x93180000, 0xa6e00000)
  eden space 15616K, 0% used [0x918c0000,0x918c0000,0x92800000)
  from space 4608K, 62% used [0x92d00000,0x92fcc000,0x93180000)
  to   space 4864K, 0% used [0x92800000,0x92800000,0x92cc0000)
 ParOldGen       total 43776K, used 7459K [0x66e00000, 0x698c0000, 0x918c0000)
  object space 43776K, 17% used [0x66e00000,0x67548f90,0x698c0000)
 Metaspace       used 10764K, capacity 10860K, committed 11032K, reserved 11568K
}
Event: 12.931 GC heap before
{Heap before GC invocations=9 (full 0):
 PSYoungGen      total 20224K, used 18480K [0x918c0000, 0x93180000, 0xa6e00000)
  eden space 15616K, 100% used [0x918c0000,0x92800000,0x92800000)
  from space 4608K, 62% used [0x92d00000,0x92fcc000,0x93180000)
  to   space 4864K, 0% used [0x92800000,0x92800000,0x92cc0000)
 ParOldGen       total 43776K, used 7459K [0x66e00000, 0x698c0000, 0x918c0000)
  object space 43776K, 17% used [0x66e00000,0x67548f90,0x698c0000)
 Metaspace       used 10862K, capacity 10988K, committed 11160K, reserved 11568K

