# JRE version: OpenJDK Runtime Environment (8.0_162-b12) (build 1.8.0_162-8u162-b12-0ubuntu0.16.04.2-b12)
# Java VM: OpenJDK Server VM (25.162-b12 mixed mode linux-x86 )
Heap:
 PSYoungGen      total 139776K, used 9470K [0x918c0000, 0x9ac40000, 0xa6e00000)
  eden space 130304K, 0% used [0x918c0000,0x918c0000,0x99800000)
  from space 9472K, 99% used [0x99800000,0x9a13fa58,0x9a140000)
  to   space 7680K, 0% used [0x9a140000,0x9a140000,0x9a8c0000)
 ParOldGen       total 43776K, used 16433K [0x66e00000, 0x698c0000, 0x918c0000)
  object space 43776K, 37% used [0x66e00000,0x67e0c5b8,0x698c0000)
 Metaspace       used 15840K, capacity 16249K, committed 16280K, reserved 16688K
GC Heap History (10 events):
Event: 1.840 GC heap after
Heap after GC invocations=4 (full 0):
 PSYoungGen      total 35840K, used 2552K [0x918c0000, 0x93e40000, 0xa6e00000)
  eden space 33280K, 0% used [0x918c0000,0x918c0000,0x93940000)
  from space 2560K, 99% used [0x93bc0000,0x93e3e080,0x93e40000)
  to   space 2560K, 0% used [0x93940000,0x93940000,0x93bc0000)
 ParOldGen       total 43776K, used 4325K [0x66e00000, 0x698c0000, 0x918c0000)
  object space 43776K, 9% used [0x66e00000,0x67239560,0x698c0000)
 Metaspace       used 8095K, capacity 8190K, committed 8344K, reserved 8496K
}
Event: 3.054 GC heap before
{Heap before GC invocations=5 (full 0):
 PSYoungGen      total 35840K, used 35832K [0x918c0000, 0x93e40000, 0xa6e00000)
  eden space 33280K, 100% used [0x918c0000,0x93940000,0x93940000)
  from space 2560K, 99% used [0x93bc0000,0x93e3e080,0x93e40000)
  to   space 2560K, 0% used [0x93940000,0x93940000,0x93bc0000)
 ParOldGen       total 43776K, used 4325K [0x66e00000, 0x698c0000, 0x918c0000)
  object space 43776K, 9% used [0x66e00000,0x67239560,0x698c0000)
 Metaspace       used 9987K, capacity 10075K, committed 10136K, reserved 10544K
Event: 3.069 GC heap after
Heap after GC invocations=5 (full 0):
 PSYoungGen      total 35840K, used 2552K [0x918c0000, 0x964c0000, 0xa6e00000)
  eden space 33280K, 0% used [0x918c0000,0x918c0000,0x93940000)
  from space 2560K, 99% used [0x93940000,0x93bbe080,0x93bc0000)
  to   space 5632K, 0% used [0x95f40000,0x95f40000,0x964c0000)
 ParOldGen       total 43776K, used 6431K [0x66e00000, 0x698c0000, 0x918c0000)
  object space 43776K, 14% used [0x66e00000,0x67447e08,0x698c0000)
 Metaspace       used 9987K, capacity 10075K, committed 10136K, reserved 10544K
}
Event: 4.328 GC heap before
{Heap before GC invocations=6 (full 0):
 PSYoungGen      total 35840K, used 35832K [0x918c0000, 0x964c0000, 0xa6e00000)
  eden space 33280K, 100% used [0x918c0000,0x93940000,0x93940000)
  from space 2560K, 99% used [0x93940000,0x93bbe080,0x93bc0000)
  to   space 5632K, 0% used [0x95f40000,0x95f40000,0x964c0000)
 ParOldGen       total 43776K, used 6431K [0x66e00000, 0x698c0000, 0x918c0000)
  object space 43776K, 14% used [0x66e00000,0x67447e08,0x698c0000)
 Metaspace       used 10811K, capacity 10892K, committed 11032K, reserved 11568K
Event: 4.348 GC heap after
Heap after GC invocations=6 (full 0):
 PSYoungGen      total 71680K, used 5111K [0x918c0000, 0x965c0000, 0xa6e00000)
  eden space 66048K, 0% used [0x918c0000,0x918c0000,0x95940000)
  from space 5632K, 90% used [0x95f40000,0x9643dcf0,0x964c0000)
  to   space 6144K, 0% used [0x95940000,0x95940000,0x95f40000)
 ParOldGen       total 43776K, used 6435K [0x66e00000, 0x698c0000, 0x918c0000)
  object space 43776K, 14% used [0x66e00000,0x67448e08,0x698c0000)
 Metaspace       used 10811K, capacity 10892K, committed 11032K, reserved 11568K
}
Event: 5.672 GC heap before
{Heap before GC invocations=7 (full 0):
 PSYoungGen      total 71680K, used 71159K [0x918c0000, 0x965c0000, 0xa6e00000)
  eden space 66048K, 100% used [0x918c0000,0x95940000,0x95940000)
  from space 5632K, 90% used [0x95f40000,0x9643dcf0,0x964c0000)
  to   space 6144K, 0% used [0x95940000,0x95940000,0x95f40000)
 ParOldGen       total 43776K, used 6435K [0x66e00000, 0x698c0000, 0x918c0000)
  object space 43776K, 14% used [0x66e00000,0x67448e08,0x698c0000)
 Metaspace       used 11133K, capacity 11229K, committed 11288K, reserved 11568K
Event: 5.711 GC heap after
Heap after GC invocations=7 (full 0):
 PSYoungGen      total 72192K, used 6130K [0x918c0000, 0x9a8c0000, 0xa6e00000)
  eden space 66048K, 0% used [0x918c0000,0x918c0000,0x95940000)
  from space 6144K, 99% used [0x95940000,0x95f3c850,0x95f40000)
  to   space 7680K, 0% used [0x9a140000,0x9a140000,0x9a8c0000)
 ParOldGen       total 43776K, used 7772K [0x66e00000, 0x698c0000, 0x918c0000)
  object space 43776K, 17% used [0x66e00000,0x67597138,0x698c0000)
 Metaspace       used 11133K, capacity 11229K, committed 11288K, reserved 11568K
}
Event: 6.743 GC heap before
{Heap before GC invocations=8 (full 0):
 PSYoungGen      total 72192K, used 72178K [0x918c0000, 0x9a8c0000, 0xa6e00000)
  eden space 66048K, 100% used [0x918c0000,0x95940000,0x95940000)
  from space 6144K, 99% used [0x95940000,0x95f3c850,0x95f40000)
  to   space 7680K, 0% used [0x9a140000,0x9a140000,0x9a8c0000)
 ParOldGen       total 43776K, used 7772K [0x66e00000, 0x698c0000, 0x918c0000)
  object space 43776K, 17% used [0x66e00000,0x67597138,0x698c0000)
 Metaspace       used 11543K, capacity 11690K, committed 11800K, reserved 12592K
Event: 6.772 GC heap after
Heap after GC invocations=8 (full 0):
 PSYoungGen      total 137984K, used 7672K [0x918c0000, 0x9ac40000, 0xa6e00000)
  eden space 130304K, 0% used [0x918c0000,0x918c0000,0x99800000)
  from space 7680K, 99% used [0x9a140000,0x9a8be010,0x9a8c0000)
  to   space 9472K, 0% used [0x99800000,0x99800000,0x9a140000)
 ParOldGen       total 43776K, used 9537K [0x66e00000, 0x698c0000, 0x918c0000)
  object space 43776K, 21% used [0x66e00000,0x67750470,0x698c0000)
 Metaspace       used 11543K, capacity 11690K, committed 11800K, reserved 12592K
}
Event: 9.286 GC heap before
{Heap before GC invocations=9 (full 0):
 PSYoungGen      total 137984K, used 137976K [0x918c0000, 0x9ac40000, 0xa6e00000)
  eden space 130304K, 100% used [0x918c0000,0x99800000,0x99800000)
  from space 7680K, 99% used [0x9a140000,0x9a8be010,0x9a8c0000)
  to   space 9472K, 0% used [0x99800000,0x99800000,0x9a140000)
 ParOldGen       total 43776K, used 9537K [0x66e00000, 0x698c0000, 0x918c0000)
  object space 43776K, 21% used [0x66e00000,0x67750470,0x698c0000)
 Metaspace       used 15840K, capacity 16249K, committed 16280K, reserved 16688K

