# JRE version: OpenJDK Runtime Environment (8.0_162-b12) (build 1.8.0_162-8u162-b12-0ubuntu0.16.04.2-b12)
# Java VM: OpenJDK Server VM (25.162-b12 mixed mode linux-x86 )
Heap:
 PSYoungGen      total 71936K, used 5376K [0x918c0000, 0x96440000, 0xa6e00000)
  eden space 66560K, 0% used [0x918c0000,0x918c0000,0x959c0000)
  from space 5376K, 100% used [0x959c0000,0x95f00000,0x95f00000)
  to   space 5376K, 0% used [0x95f00000,0x95f00000,0x96440000)
 ParOldGen       total 43776K, used 9828K [0x66e00000, 0x698c0000, 0x918c0000)
  object space 43776K, 22% used [0x66e00000,0x67799300,0x698c0000)
 Metaspace       used 11192K, capacity 11298K, committed 11416K, reserved 11568K
GC Heap History (10 events):
Event: 2.593 GC heap after
Heap after GC invocations=4 (full 0):
 PSYoungGen      total 19200K, used 2554K [0x918c0000, 0x93e40000, 0xa6e00000)
  eden space 16640K, 0% used [0x918c0000,0x918c0000,0x92900000)
  from space 2560K, 99% used [0x92b80000,0x92dfe880,0x92e00000)
  to   space 2560K, 0% used [0x92900000,0x92900000,0x92b80000)
 ParOldGen       total 43776K, used 4412K [0x66e00000, 0x698c0000, 0x918c0000)
  object space 43776K, 10% used [0x66e00000,0x6724f0b8,0x698c0000)
 Metaspace       used 8127K, capacity 8190K, committed 8344K, reserved 8496K
}
Event: 3.419 GC heap before
{Heap before GC invocations=5 (full 0):
 PSYoungGen      total 19200K, used 19194K [0x918c0000, 0x93e40000, 0xa6e00000)
  eden space 16640K, 100% used [0x918c0000,0x92900000,0x92900000)
  from space 2560K, 99% used [0x92b80000,0x92dfe880,0x92e00000)
  to   space 2560K, 0% used [0x92900000,0x92900000,0x92b80000)
 ParOldGen       total 43776K, used 4412K [0x66e00000, 0x698c0000, 0x918c0000)
  object space 43776K, 10% used [0x66e00000,0x6724f0b8,0x698c0000)
 Metaspace       used 8870K, capacity 8931K, committed 8984K, reserved 9520K
Event: 3.451 GC heap after
Heap after GC invocations=5 (full 0):
 PSYoungGen      total 19200K, used 2554K [0x918c0000, 0x94340000, 0xa6e00000)
  eden space 16640K, 0% used [0x918c0000,0x918c0000,0x92900000)
  from space 2560K, 99% used [0x92900000,0x92b7e870,0x92b80000)
  to   space 5120K, 0% used [0x93e40000,0x93e40000,0x94340000)
 ParOldGen       total 43776K, used 5244K [0x66e00000, 0x698c0000, 0x918c0000)
  object space 43776K, 11% used [0x66e00000,0x6731f1e0,0x698c0000)
 Metaspace       used 8870K, capacity 8931K, committed 8984K, reserved 9520K
}
Event: 4.305 GC heap before
{Heap before GC invocations=6 (full 0):
 PSYoungGen      total 19200K, used 19194K [0x918c0000, 0x94340000, 0xa6e00000)
  eden space 16640K, 100% used [0x918c0000,0x92900000,0x92900000)
  from space 2560K, 99% used [0x92900000,0x92b7e870,0x92b80000)
  to   space 5120K, 0% used [0x93e40000,0x93e40000,0x94340000)
 ParOldGen       total 43776K, used 5244K [0x66e00000, 0x698c0000, 0x918c0000)
  object space 43776K, 11% used [0x66e00000,0x6731f1e0,0x698c0000)
 Metaspace       used 10026K, capacity 10107K, committed 10264K, reserved 10544K
Event: 4.325 GC heap after
Heap after GC invocations=6 (full 0):
 PSYoungGen      total 37888K, used 3850K [0x918c0000, 0x942c0000, 0xa6e00000)
  eden space 33280K, 0% used [0x918c0000,0x918c0000,0x93940000)
  from space 4608K, 83% used [0x93e40000,0x942029c0,0x942c0000)
  to   space 4864K, 0% used [0x93940000,0x93940000,0x93e00000)
 ParOldGen       total 43776K, used 5248K [0x66e00000, 0x698c0000, 0x918c0000)
  object space 43776K, 11% used [0x66e00000,0x673201e0,0x698c0000)
 Metaspace       used 10026K, capacity 10107K, committed 10264K, reserved 10544K
}
Event: 6.052 GC heap before
{Heap before GC invocations=7 (full 0):
 PSYoungGen      total 37888K, used 37130K [0x918c0000, 0x942c0000, 0xa6e00000)
  eden space 33280K, 100% used [0x918c0000,0x93940000,0x93940000)
  from space 4608K, 83% used [0x93e40000,0x942029c0,0x942c0000)
  to   space 4864K, 0% used [0x93940000,0x93940000,0x93e00000)
 ParOldGen       total 43776K, used 5248K [0x66e00000, 0x698c0000, 0x918c0000)
  object space 43776K, 11% used [0x66e00000,0x673201e0,0x698c0000)
 Metaspace       used 10825K, capacity 10924K, committed 11032K, reserved 11568K
Event: 6.128 GC heap after
Heap after GC invocations=7 (full 0):
 PSYoungGen      total 38144K, used 4687K [0x918c0000, 0x96440000, 0xa6e00000)
  eden space 33280K, 0% used [0x918c0000,0x918c0000,0x93940000)
  from space 4864K, 96% used [0x93940000,0x93dd3cb0,0x93e00000)
  to   space 5376K, 0% used [0x95f00000,0x95f00000,0x96440000)
 ParOldGen       total 43776K, used 6276K [0x66e00000, 0x698c0000, 0x918c0000)
  object space 43776K, 14% used [0x66e00000,0x674211b0,0x698c0000)
 Metaspace       used 10825K, capacity 10924K, committed 11032K, reserved 11568K
}
Event: 7.627 GC heap before
{Heap before GC invocations=8 (full 0):
 PSYoungGen      total 38144K, used 37967K [0x918c0000, 0x96440000, 0xa6e00000)
  eden space 33280K, 100% used [0x918c0000,0x93940000,0x93940000)
  from space 4864K, 96% used [0x93940000,0x93dd3cb0,0x93e00000)
  to   space 5376K, 0% used [0x95f00000,0x95f00000,0x96440000)
 ParOldGen       total 43776K, used 6276K [0x66e00000, 0x698c0000, 0x918c0000)
  object space 43776K, 14% used [0x66e00000,0x674211b0,0x698c0000)
 Metaspace       used 10990K, capacity 11121K, committed 11288K, reserved 11568K
Event: 7.679 GC heap after
Heap after GC invocations=8 (full 0):
 PSYoungGen      total 71936K, used 4152K [0x918c0000, 0x96440000, 0xa6e00000)
  eden space 66560K, 0% used [0x918c0000,0x918c0000,0x959c0000)
  from space 5376K, 77% used [0x95f00000,0x9630e010,0x96440000)
  to   space 5376K, 0% used [0x959c0000,0x959c0000,0x95f00000)
 ParOldGen       total 43776K, used 7480K [0x66e00000, 0x698c0000, 0x918c0000)
  object space 43776K, 17% used [0x66e00000,0x6754e0a0,0x698c0000)
 Metaspace       used 10990K, capacity 11121K, committed 11288K, reserved 11568K
}
Event: 9.754 GC heap before
{Heap before GC invocations=9 (full 0):
 PSYoungGen      total 71936K, used 70712K [0x918c0000, 0x96440000, 0xa6e00000)
  eden space 66560K, 100% used [0x918c0000,0x959c0000,0x959c0000)
  from space 5376K, 77% used [0x95f00000,0x9630e010,0x96440000)
  to   space 5376K, 0% used [0x959c0000,0x959c0000,0x95f00000)
 ParOldGen       total 43776K, used 7480K [0x66e00000, 0x698c0000, 0x918c0000)
  object space 43776K, 17% used [0x66e00000,0x6754e0a0,0x698c0000)
 Metaspace       used 11192K, capacity 11298K, committed 11416K, reserved 11568K

