# JRE version: OpenJDK Runtime Environment (8.0_151-b12) (build 1.8.0_151-8u151-b12-0ubuntu0.16.04.2-b12)
# Java VM: OpenJDK Server VM (25.151-b12 mixed mode linux-x86 )
Heap:
 PSYoungGen      total 70400K, used 5105K [0x918c0000, 0x96280000, 0xa6e00000)
  eden space 65280K, 0% used [0x918c0000,0x918c0000,0x95880000)
  from space 5120K, 99% used [0x95880000,0x95d7c528,0x95d80000)
  to   space 4864K, 0% used [0x95dc0000,0x95dc0000,0x96280000)
 ParOldGen       total 43776K, used 26995K [0x66e00000, 0x698c0000, 0x918c0000)
  object space 43776K, 61% used [0x66e00000,0x6885ce28,0x698c0000)
 Metaspace       used 13395K, capacity 13678K, committed 13720K, reserved 14640K
GC Heap History (10 events):
Event: 18.557 GC heap after
Heap after GC invocations=10 (full 0):
 PSYoungGen      total 30208K, used 1352K [0x918c0000, 0x93bc0000, 0xa6e00000)
  eden space 25344K, 0% used [0x918c0000,0x918c0000,0x93180000)
  from space 4864K, 27% used [0x93680000,0x937d2030,0x93b40000)
  to   space 5120K, 0% used [0x93180000,0x93180000,0x93680000)
 ParOldGen       total 43776K, used 10359K [0x66e00000, 0x698c0000, 0x918c0000)
  object space 43776K, 23% used [0x66e00000,0x6781dc60,0x698c0000)
 Metaspace       used 10831K, capacity 10929K, committed 11032K, reserved 11568K
}
Event: 19.337 GC heap before
{Heap before GC invocations=11 (full 0):
 PSYoungGen      total 30208K, used 26696K [0x918c0000, 0x93bc0000, 0xa6e00000)
  eden space 25344K, 100% used [0x918c0000,0x93180000,0x93180000)
  from space 4864K, 27% used [0x93680000,0x937d2030,0x93b40000)
  to   space 5120K, 0% used [0x93180000,0x93180000,0x93680000)
 ParOldGen       total 43776K, used 10359K [0x66e00000, 0x698c0000, 0x918c0000)
  object space 43776K, 23% used [0x66e00000,0x6781dc60,0x698c0000)
 Metaspace       used 10952K, capacity 11069K, committed 11160K, reserved 11568K
Event: 19.357 GC heap after
Heap after GC invocations=11 (full 0):
 PSYoungGen      total 30464K, used 1264K [0x918c0000, 0x94b00000, 0xa6e00000)
  eden space 25344K, 0% used [0x918c0000,0x918c0000,0x93180000)
  from space 5120K, 24% used [0x93180000,0x932bc020,0x93680000)
  to   space 5376K, 0% used [0x945c0000,0x945c0000,0x94b00000)
 ParOldGen       total 43776K, used 11567K [0x66e00000, 0x698c0000, 0x918c0000)
  object space 43776K, 26% used [0x66e00000,0x6794bc60,0x698c0000)
 Metaspace       used 10952K, capacity 11069K, committed 11160K, reserved 11568K
}
Event: 19.937 GC heap before
{Heap before GC invocations=12 (full 0):
 PSYoungGen      total 30464K, used 26608K [0x918c0000, 0x94b00000, 0xa6e00000)
  eden space 25344K, 100% used [0x918c0000,0x93180000,0x93180000)
  from space 5120K, 24% used [0x93180000,0x932bc020,0x93680000)
  to   space 5376K, 0% used [0x945c0000,0x945c0000,0x94b00000)
 ParOldGen       total 43776K, used 11567K [0x66e00000, 0x698c0000, 0x918c0000)
  object space 43776K, 26% used [0x66e00000,0x6794bc60,0x698c0000)
 Metaspace       used 11027K, capacity 11133K, committed 11288K, reserved 11568K
Event: 19.961 GC heap after
Heap after GC invocations=12 (full 0):
 PSYoungGen      total 46080K, used 1416K [0x918c0000, 0x94b00000, 0xa6e00000)
  eden space 40704K, 0% used [0x918c0000,0x918c0000,0x94080000)
  from space 5376K, 26% used [0x945c0000,0x94722010,0x94b00000)
  to   space 5376K, 0% used [0x94080000,0x94080000,0x945c0000)
 ParOldGen       total 43776K, used 12718K [0x66e00000, 0x698c0000, 0x918c0000)
  object space 43776K, 29% used [0x66e00000,0x67a6b870,0x698c0000)
 Metaspace       used 11027K, capacity 11133K, committed 11288K, reserved 11568K
}
Event: 21.163 GC heap before
{Heap before GC invocations=13 (full 0):
 PSYoungGen      total 46080K, used 42120K [0x918c0000, 0x94b00000, 0xa6e00000)
  eden space 40704K, 100% used [0x918c0000,0x94080000,0x94080000)
  from space 5376K, 26% used [0x945c0000,0x94722010,0x94b00000)
  to   space 5376K, 0% used [0x94080000,0x94080000,0x945c0000)
 ParOldGen       total 43776K, used 12718K [0x66e00000, 0x698c0000, 0x918c0000)
  object space 43776K, 29% used [0x66e00000,0x67a6b870,0x698c0000)
 Metaspace       used 11210K, capacity 11298K, committed 11416K, reserved 11568K
Event: 21.245 GC heap after
Heap after GC invocations=13 (full 0):
 PSYoungGen      total 46080K, used 2356K [0x918c0000, 0x96300000, 0xa6e00000)
  eden space 40704K, 0% used [0x918c0000,0x918c0000,0x94080000)
  from space 5376K, 43% used [0x94080000,0x942cd218,0x945c0000)
  to   space 5376K, 0% used [0x95dc0000,0x95dc0000,0x96300000)
 ParOldGen       total 43776K, used 14042K [0x66e00000, 0x698c0000, 0x918c0000)
  object space 43776K, 32% used [0x66e00000,0x67bb6890,0x698c0000)
 Metaspace       used 11210K, capacity 11298K, committed 11416K, reserved 11568K
}
Event: 22.872 GC heap before
{Heap before GC invocations=14 (full 0):
 PSYoungGen      total 46080K, used 43060K [0x918c0000, 0x96300000, 0xa6e00000)
  eden space 40704K, 100% used [0x918c0000,0x94080000,0x94080000)
  from space 5376K, 43% used [0x94080000,0x942cd218,0x945c0000)
  to   space 5376K, 0% used [0x95dc0000,0x95dc0000,0x96300000)
 ParOldGen       total 43776K, used 14042K [0x66e00000, 0x698c0000, 0x918c0000)
  object space 43776K, 32% used [0x66e00000,0x67bb6890,0x698c0000)
 Metaspace       used 12139K, capacity 12297K, committed 12312K, reserved 12592K
Event: 22.910 GC heap after
Heap after GC invocations=14 (full 0):
 PSYoungGen      total 70144K, used 2658K [0x918c0000, 0x96280000, 0xa6e00000)
  eden space 65280K, 0% used [0x918c0000,0x918c0000,0x95880000)
  from space 4864K, 54% used [0x95dc0000,0x96058948,0x96280000)
  to   space 5120K, 0% used [0x95880000,0x95880000,0x95d80000)
 ParOldGen       total 43776K, used 16136K [0x66e00000, 0x698c0000, 0x918c0000)
  object space 43776K, 36% used [0x66e00000,0x67dc20a0,0x698c0000)
 Metaspace       used 12139K, capacity 12297K, committed 12312K, reserved 12592K
}
Event: 26.489 GC heap before
{Heap before GC invocations=15 (full 0):
 PSYoungGen      total 70144K, used 67938K [0x918c0000, 0x96280000, 0xa6e00000)
  eden space 65280K, 100% used [0x918c0000,0x95880000,0x95880000)
  from space 4864K, 54% used [0x95dc0000,0x96058948,0x96280000)
  to   space 5120K, 0% used [0x95880000,0x95880000,0x95d80000)
 ParOldGen       total 43776K, used 16136K [0x66e00000, 0x698c0000, 0x918c0000)
  object space 43776K, 36% used [0x66e00000,0x67dc20a0,0x698c0000)
 Metaspace       used 13395K, capacity 13678K, committed 13720K, reserved 14640K

