# JRE version: OpenJDK Runtime Environment (8.0_151-b12) (build 1.8.0_151-8u151-b12-0ubuntu0.16.04.2-b12)
# Java VM: OpenJDK Server VM (25.151-b12 mixed mode linux-x86 )
Heap:
 PSYoungGen      total 112896K, used 7332K [0x916c0000, 0x98e80000, 0xa6c00000)
  eden space 104704K, 0% used [0x916c0000,0x916c0000,0x97d00000)
  from space 8192K, 89% used [0x97d00000,0x984293f8,0x98500000)
  to   space 6656K, 0% used [0x98500000,0x98500000,0x98b80000)
 ParOldGen       total 43776K, used 17606K [0x66c00000, 0x696c0000, 0x916c0000)
  object space 43776K, 40% used [0x66c00000,0x67d31a08,0x696c0000)
 Metaspace       used 15963K, capacity 16342K, committed 16384K, reserved 16688K
GC Heap History (10 events):
Event: 5.991 GC heap after
Heap after GC invocations=6 (full 0):
 PSYoungGen      total 38144K, used 3825K [0x916c0000, 0x940c0000, 0xa6c00000)
  eden space 33280K, 0% used [0x916c0000,0x916c0000,0x93740000)
  from space 4864K, 78% used [0x93c00000,0x93fbc500,0x940c0000)
  to   space 4864K, 0% used [0x93740000,0x93740000,0x93c00000)
 ParOldGen       total 43776K, used 5448K [0x66c00000, 0x696c0000, 0x916c0000)
  object space 43776K, 12% used [0x66c00000,0x671522b8,0x696c0000)
 Metaspace       used 9990K, capacity 10075K, committed 10136K, reserved 10544K
}
Event: 8.396 GC heap before
{Heap before GC invocations=7 (full 0):
 PSYoungGen      total 38144K, used 37105K [0x916c0000, 0x940c0000, 0xa6c00000)
  eden space 33280K, 100% used [0x916c0000,0x93740000,0x93740000)
  from space 4864K, 78% used [0x93c00000,0x93fbc500,0x940c0000)
  to   space 4864K, 0% used [0x93740000,0x93740000,0x93c00000)
 ParOldGen       total 43776K, used 5448K [0x66c00000, 0x696c0000, 0x916c0000)
  object space 43776K, 12% used [0x66c00000,0x671522b8,0x696c0000)
 Metaspace       used 10774K, capacity 10892K, committed 11032K, reserved 11568K
Event: 8.475 GC heap after
Heap after GC invocations=7 (full 0):
 PSYoungGen      total 38144K, used 4675K [0x916c0000, 0x961c0000, 0xa6c00000)
  eden space 33280K, 0% used [0x916c0000,0x916c0000,0x93740000)
  from space 4864K, 96% used [0x93740000,0x93bd0e48,0x93c00000)
  to   space 5120K, 0% used [0x95cc0000,0x95cc0000,0x961c0000)
 ParOldGen       total 43776K, used 6531K [0x66c00000, 0x696c0000, 0x916c0000)
  object space 43776K, 14% used [0x66c00000,0x67260f40,0x696c0000)
 Metaspace       used 10774K, capacity 10892K, committed 11032K, reserved 11568K
}
Event: 9.787 GC heap before
{Heap before GC invocations=8 (full 0):
 PSYoungGen      total 38144K, used 37955K [0x916c0000, 0x961c0000, 0xa6c00000)
  eden space 33280K, 100% used [0x916c0000,0x93740000,0x93740000)
  from space 4864K, 96% used [0x93740000,0x93bd0e48,0x93c00000)
  to   space 5120K, 0% used [0x95cc0000,0x95cc0000,0x961c0000)
 ParOldGen       total 43776K, used 6531K [0x66c00000, 0x696c0000, 0x916c0000)
  object space 43776K, 14% used [0x66c00000,0x67260f40,0x696c0000)
 Metaspace       used 10958K, capacity 11057K, committed 11160K, reserved 11568K
Event: 9.843 GC heap after
Heap after GC invocations=8 (full 0):
 PSYoungGen      total 71424K, used 4320K [0x916c0000, 0x96240000, 0xa6c00000)
  eden space 66304K, 0% used [0x916c0000,0x916c0000,0x95780000)
  from space 5120K, 84% used [0x95cc0000,0x960f8010,0x961c0000)
  to   space 5376K, 0% used [0x95780000,0x95780000,0x95cc0000)
 ParOldGen       total 43776K, used 7621K [0x66c00000, 0x696c0000, 0x916c0000)
  object space 43776K, 17% used [0x66c00000,0x67371610,0x696c0000)
 Metaspace       used 10958K, capacity 11057K, committed 11160K, reserved 11568K
}
Event: 11.537 GC heap before
{Heap before GC invocations=9 (full 0):
 PSYoungGen      total 71424K, used 70624K [0x916c0000, 0x96240000, 0xa6c00000)
  eden space 66304K, 100% used [0x916c0000,0x95780000,0x95780000)
  from space 5120K, 84% used [0x95cc0000,0x960f8010,0x961c0000)
  to   space 5376K, 0% used [0x95780000,0x95780000,0x95cc0000)
 ParOldGen       total 43776K, used 7621K [0x66c00000, 0x696c0000, 0x916c0000)
  object space 43776K, 17% used [0x66c00000,0x67371610,0x696c0000)
 Metaspace       used 11149K, capacity 11266K, committed 11416K, reserved 11568K
Event: 11.573 GC heap after
Heap after GC invocations=9 (full 0):
 PSYoungGen      total 71680K, used 5376K [0x916c0000, 0x98b80000, 0xa6c00000)
  eden space 66304K, 0% used [0x916c0000,0x916c0000,0x95780000)
  from space 5376K, 100% used [0x95780000,0x95cc0000,0x95cc0000)
  to   space 6656K, 0% used [0x98500000,0x98500000,0x98b80000)
 ParOldGen       total 43776K, used 9938K [0x66c00000, 0x696c0000, 0x916c0000)
  object space 43776K, 22% used [0x66c00000,0x675b48b0,0x696c0000)
 Metaspace       used 11149K, capacity 11266K, committed 11416K, reserved 11568K
}
Event: 14.676 GC heap before
{Heap before GC invocations=10 (full 0):
 PSYoungGen      total 71680K, used 71680K [0x916c0000, 0x98b80000, 0xa6c00000)
  eden space 66304K, 100% used [0x916c0000,0x95780000,0x95780000)
  from space 5376K, 100% used [0x95780000,0x95cc0000,0x95cc0000)
  to   space 6656K, 0% used [0x98500000,0x98500000,0x98b80000)
 ParOldGen       total 43776K, used 9938K [0x66c00000, 0x696c0000, 0x916c0000)
  object space 43776K, 22% used [0x66c00000,0x675b48b0,0x696c0000)
 Metaspace       used 12236K, capacity 12393K, committed 12440K, reserved 12592K
Event: 14.726 GC heap after
Heap after GC invocations=10 (full 0):
 PSYoungGen      total 111360K, used 6640K [0x916c0000, 0x98e80000, 0xa6c00000)
  eden space 104704K, 0% used [0x916c0000,0x916c0000,0x97d00000)
  from space 6656K, 99% used [0x98500000,0x98b7c0e0,0x98b80000)
  to   space 8192K, 0% used [0x97d00000,0x97d00000,0x98500000)
 ParOldGen       total 43776K, used 12317K [0x66c00000, 0x696c0000, 0x916c0000)
  object space 43776K, 28% used [0x66c00000,0x678075c8,0x696c0000)
 Metaspace       used 12236K, capacity 12393K, committed 12440K, reserved 12592K
}
Event: 17.701 GC heap before
{Heap before GC invocations=11 (full 0):
 PSYoungGen      total 111360K, used 108256K [0x916c0000, 0x98e80000, 0xa6c00000)
  eden space 104704K, 97% used [0x916c0000,0x979fbff0,0x97d00000)
  from space 6656K, 99% used [0x98500000,0x98b7c0e0,0x98b80000)
  to   space 8192K, 0% used [0x97d00000,0x97d00000,0x98500000)
 ParOldGen       total 43776K, used 12317K [0x66c00000, 0x696c0000, 0x916c0000)
  object space 43776K, 28% used [0x66c00000,0x678075c8,0x696c0000)
 Metaspace       used 15963K, capacity 16342K, committed 16384K, reserved 16688K

