# JRE version: OpenJDK Runtime Environment (8.0_151-b12) (build 1.8.0_151-8u151-b12-0ubuntu0.16.04.2-b12)
# Java VM: OpenJDK Server VM (25.151-b12 mixed mode linux-x86 )
Heap:
 PSYoungGen      total 139776K, used 9211K [0x918c0000, 0x9abc0000, 0xa6e00000)
  eden space 130560K, 0% used [0x918c0000,0x918c0000,0x99840000)
  from space 9216K, 99% used [0x99840000,0x9a13ecd8,0x9a140000)
  to   space 7680K, 0% used [0x9a140000,0x9a140000,0x9a8c0000)
 ParOldGen       total 43776K, used 17895K [0x66e00000, 0x698c0000, 0x918c0000)
  object space 43776K, 40% used [0x66e00000,0x67f79cf0,0x698c0000)
 Metaspace       used 15785K, capacity 16095K, committed 16152K, reserved 16688K
GC Heap History (10 events):
Event: 1.633 GC heap after
Heap after GC invocations=4 (full 0):
 PSYoungGen      total 35840K, used 2544K [0x918c0000, 0x93e40000, 0xa6e00000)
  eden space 33280K, 0% used [0x918c0000,0x918c0000,0x93940000)
  from space 2560K, 99% used [0x93bc0000,0x93e3c070,0x93e40000)
  to   space 2560K, 0% used [0x93940000,0x93940000,0x93bc0000)
 ParOldGen       total 43776K, used 4369K [0x66e00000, 0x698c0000, 0x918c0000)
  object space 43776K, 9% used [0x66e00000,0x672444d0,0x698c0000)
 Metaspace       used 8068K, capacity 8156K, committed 8216K, reserved 8496K
}
Event: 2.921 GC heap before
{Heap before GC invocations=5 (full 0):
 PSYoungGen      total 35840K, used 35824K [0x918c0000, 0x93e40000, 0xa6e00000)
  eden space 33280K, 100% used [0x918c0000,0x93940000,0x93940000)
  from space 2560K, 99% used [0x93bc0000,0x93e3c070,0x93e40000)
  to   space 2560K, 0% used [0x93940000,0x93940000,0x93bc0000)
 ParOldGen       total 43776K, used 4369K [0x66e00000, 0x698c0000, 0x918c0000)
  object space 43776K, 9% used [0x66e00000,0x672444d0,0x698c0000)
 Metaspace       used 9959K, capacity 10043K, committed 10136K, reserved 10544K
Event: 2.944 GC heap after
Heap after GC invocations=5 (full 0):
 PSYoungGen      total 35840K, used 2552K [0x918c0000, 0x964c0000, 0xa6e00000)
  eden space 33280K, 0% used [0x918c0000,0x918c0000,0x93940000)
  from space 2560K, 99% used [0x93940000,0x93bbe050,0x93bc0000)
  to   space 5632K, 0% used [0x95f40000,0x95f40000,0x964c0000)
 ParOldGen       total 43776K, used 6489K [0x66e00000, 0x698c0000, 0x918c0000)
  object space 43776K, 14% used [0x66e00000,0x674564d0,0x698c0000)
 Metaspace       used 9959K, capacity 10043K, committed 10136K, reserved 10544K
}
Event: 4.070 GC heap before
{Heap before GC invocations=6 (full 0):
 PSYoungGen      total 35840K, used 35832K [0x918c0000, 0x964c0000, 0xa6e00000)
  eden space 33280K, 100% used [0x918c0000,0x93940000,0x93940000)
  from space 2560K, 99% used [0x93940000,0x93bbe050,0x93bc0000)
  to   space 5632K, 0% used [0x95f40000,0x95f40000,0x964c0000)
 ParOldGen       total 43776K, used 6489K [0x66e00000, 0x698c0000, 0x918c0000)
  object space 43776K, 14% used [0x66e00000,0x674564d0,0x698c0000)
 Metaspace       used 10764K, capacity 10860K, committed 11032K, reserved 11568K
Event: 4.087 GC heap after
Heap after GC invocations=6 (full 0):
 PSYoungGen      total 71680K, used 5236K [0x918c0000, 0x965c0000, 0xa6e00000)
  eden space 66048K, 0% used [0x918c0000,0x918c0000,0x95940000)
  from space 5632K, 92% used [0x95f40000,0x9645d0e0,0x964c0000)
  to   space 6144K, 0% used [0x95940000,0x95940000,0x95f40000)
 ParOldGen       total 43776K, used 6489K [0x66e00000, 0x698c0000, 0x918c0000)
  object space 43776K, 14% used [0x66e00000,0x674564d0,0x698c0000)
 Metaspace       used 10764K, capacity 10860K, committed 11032K, reserved 11568K
}
Event: 5.650 GC heap before
{Heap before GC invocations=7 (full 0):
 PSYoungGen      total 71680K, used 71284K [0x918c0000, 0x965c0000, 0xa6e00000)
  eden space 66048K, 100% used [0x918c0000,0x95940000,0x95940000)
  from space 5632K, 92% used [0x95f40000,0x9645d0e0,0x964c0000)
  to   space 6144K, 0% used [0x95940000,0x95940000,0x95f40000)
 ParOldGen       total 43776K, used 6489K [0x66e00000, 0x698c0000, 0x918c0000)
  object space 43776K, 14% used [0x66e00000,0x674564d0,0x698c0000)
 Metaspace       used 11007K, capacity 11101K, committed 11160K, reserved 11568K
Event: 5.695 GC heap after
Heap after GC invocations=7 (full 0):
 PSYoungGen      total 72192K, used 6128K [0x918c0000, 0x9a8c0000, 0xa6e00000)
  eden space 66048K, 0% used [0x918c0000,0x918c0000,0x95940000)
  from space 6144K, 99% used [0x95940000,0x95f3c020,0x95f40000)
  to   space 7680K, 0% used [0x9a140000,0x9a140000,0x9a8c0000)
 ParOldGen       total 43776K, used 7989K [0x66e00000, 0x698c0000, 0x918c0000)
  object space 43776K, 18% used [0x66e00000,0x675cd4f8,0x698c0000)
 Metaspace       used 11007K, capacity 11101K, committed 11160K, reserved 11568K
}
Event: 6.824 GC heap before
{Heap before GC invocations=8 (full 0):
 PSYoungGen      total 72192K, used 72176K [0x918c0000, 0x9a8c0000, 0xa6e00000)
  eden space 66048K, 100% used [0x918c0000,0x95940000,0x95940000)
  from space 6144K, 99% used [0x95940000,0x95f3c020,0x95f40000)
  to   space 7680K, 0% used [0x9a140000,0x9a140000,0x9a8c0000)
 ParOldGen       total 43776K, used 7989K [0x66e00000, 0x698c0000, 0x918c0000)
  object space 43776K, 18% used [0x66e00000,0x675cd4f8,0x698c0000)
 Metaspace       used 11321K, capacity 11466K, committed 11544K, reserved 11568K
Event: 6.917 GC heap after
Heap after GC invocations=8 (full 0):
 PSYoungGen      total 138240K, used 7664K [0x918c0000, 0x9abc0000, 0xa6e00000)
  eden space 130560K, 0% used [0x918c0000,0x918c0000,0x99840000)
  from space 7680K, 99% used [0x9a140000,0x9a8bc020,0x9a8c0000)
  to   space 9216K, 0% used [0x99840000,0x99840000,0x9a140000)
 ParOldGen       total 43776K, used 9484K [0x66e00000, 0x698c0000, 0x918c0000)
  object space 43776K, 21% used [0x66e00000,0x67743300,0x698c0000)
 Metaspace       used 11321K, capacity 11466K, committed 11544K, reserved 11568K
}
Event: 10.082 GC heap before
{Heap before GC invocations=9 (full 0):
 PSYoungGen      total 138240K, used 138224K [0x918c0000, 0x9abc0000, 0xa6e00000)
  eden space 130560K, 100% used [0x918c0000,0x99840000,0x99840000)
  from space 7680K, 99% used [0x9a140000,0x9a8bc020,0x9a8c0000)
  to   space 9216K, 0% used [0x99840000,0x99840000,0x9a140000)
 ParOldGen       total 43776K, used 9484K [0x66e00000, 0x698c0000, 0x918c0000)
  object space 43776K, 21% used [0x66e00000,0x67743300,0x698c0000)
 Metaspace       used 15785K, capacity 16095K, committed 16152K, reserved 16688K

