# JRE version: OpenJDK Runtime Environment (8.0_162-b12) (build 1.8.0_162-8u162-b12-0ubuntu0.16.04.2-b12)
# Java VM: OpenJDK Server VM (25.162-b12 mixed mode linux-x86 )
Heap:
 PSYoungGen      total 69120K, used 2544K [0x916c0000, 0x95cc0000, 0xa6c00000)
  eden space 66560K, 0% used [0x916c0000,0x916c0000,0x957c0000)
  from space 2560K, 99% used [0x957c0000,0x95a3c050,0x95a40000)
  to   space 2560K, 0% used [0x95a40000,0x95a40000,0x95cc0000)
 ParOldGen       total 43776K, used 10979K [0x66c00000, 0x696c0000, 0x916c0000)
  object space 43776K, 25% used [0x66c00000,0x676b8d78,0x696c0000)
 Metaspace       used 11002K, capacity 11121K, committed 11288K, reserved 11568K
GC Heap History (9 events):
Event: 0.996 GC heap before
{Heap before GC invocations=1 (full 0):
 PSYoungGen      total 19200K, used 16640K [0x916c0000, 0x92c00000, 0xa6c00000)
  eden space 16640K, 100% used [0x916c0000,0x92700000,0x92700000)
  from space 2560K, 0% used [0x92980000,0x92980000,0x92c00000)
  to   space 2560K, 0% used [0x92700000,0x92700000,0x92980000)
 ParOldGen       total 43776K, used 0K [0x66c00000, 0x696c0000, 0x916c0000)
  object space 43776K, 0% used [0x66c00000,0x66c00000,0x696c0000)
 Metaspace       used 4684K, capacity 4746K, committed 4760K, reserved 5424K
Event: 1.007 GC heap after
Heap after GC invocations=1 (full 0):
 PSYoungGen      total 19200K, used 2555K [0x916c0000, 0x93c40000, 0xa6c00000)
  eden space 16640K, 0% used [0x916c0000,0x916c0000,0x92700000)
  from space 2560K, 99% used [0x92700000,0x9297eca0,0x92980000)
  to   space 2560K, 0% used [0x939c0000,0x939c0000,0x93c40000)
 ParOldGen       total 43776K, used 796K [0x66c00000, 0x696c0000, 0x916c0000)
  object space 43776K, 1% used [0x66c00000,0x66cc7380,0x696c0000)
 Metaspace       used 4684K, capacity 4746K, committed 4760K, reserved 5424K
}
Event: 1.666 GC heap before
{Heap before GC invocations=2 (full 0):
 PSYoungGen      total 19200K, used 19195K [0x916c0000, 0x93c40000, 0xa6c00000)
  eden space 16640K, 100% used [0x916c0000,0x92700000,0x92700000)
  from space 2560K, 99% used [0x92700000,0x9297eca0,0x92980000)
  to   space 2560K, 0% used [0x939c0000,0x939c0000,0x93c40000)
 ParOldGen       total 43776K, used 796K [0x66c00000, 0x696c0000, 0x916c0000)
  object space 43776K, 1% used [0x66c00000,0x66cc7380,0x696c0000)
 Metaspace       used 5388K, capacity 5420K, committed 5528K, reserved 6448K
Event: 1.678 GC heap after
Heap after GC invocations=2 (full 0):
 PSYoungGen      total 35840K, used 2558K [0x916c0000, 0x93c40000, 0xa6c00000)
  eden space 33280K, 0% used [0x916c0000,0x916c0000,0x93740000)
  from space 2560K, 99% used [0x939c0000,0x93c3f858,0x93c40000)
  to   space 2560K, 0% used [0x93740000,0x93740000,0x939c0000)
 ParOldGen       total 43776K, used 879K [0x66c00000, 0x696c0000, 0x916c0000)
  object space 43776K, 2% used [0x66c00000,0x66cdbe08,0x696c0000)
 Metaspace       used 5388K, capacity 5420K, committed 5528K, reserved 6448K
}
Event: 2.937 GC heap before
{Heap before GC invocations=3 (full 0):
 PSYoungGen      total 35840K, used 35838K [0x916c0000, 0x93c40000, 0xa6c00000)
  eden space 33280K, 100% used [0x916c0000,0x93740000,0x93740000)
  from space 2560K, 99% used [0x939c0000,0x93c3f858,0x93c40000)
  to   space 2560K, 0% used [0x93740000,0x93740000,0x939c0000)
 ParOldGen       total 43776K, used 879K [0x66c00000, 0x696c0000, 0x916c0000)
  object space 43776K, 2% used [0x66c00000,0x66cdbe08,0x696c0000)
 Metaspace       used 8125K, capacity 8190K, committed 8344K, reserved 8496K
Event: 2.956 GC heap after
Heap after GC invocations=3 (full 0):
 PSYoungGen      total 35840K, used 2554K [0x916c0000, 0x95cc0000, 0xa6c00000)
  eden space 33280K, 0% used [0x916c0000,0x916c0000,0x93740000)
  from space 2560K, 99% used [0x93740000,0x939be880,0x939c0000)
  to   space 2560K, 0% used [0x95a40000,0x95a40000,0x95cc0000)
 ParOldGen       total 43776K, used 4967K [0x66c00000, 0x696c0000, 0x916c0000)
  object space 43776K, 11% used [0x66c00000,0x670d9c48,0x696c0000)
 Metaspace       used 8125K, capacity 8190K, committed 8344K, reserved 8496K
}
Event: 4.587 GC heap before
{Heap before GC invocations=4 (full 0):
 PSYoungGen      total 35840K, used 35834K [0x916c0000, 0x95cc0000, 0xa6c00000)
  eden space 33280K, 100% used [0x916c0000,0x93740000,0x93740000)
  from space 2560K, 99% used [0x93740000,0x939be880,0x939c0000)
  to   space 2560K, 0% used [0x95a40000,0x95a40000,0x95cc0000)
 ParOldGen       total 43776K, used 4967K [0x66c00000, 0x696c0000, 0x916c0000)
  object space 43776K, 11% used [0x66c00000,0x670d9c48,0x696c0000)
 Metaspace       used 10019K, capacity 10107K, committed 10264K, reserved 10544K
Event: 4.620 GC heap after
Heap after GC invocations=4 (full 0):
 PSYoungGen      total 69120K, used 2546K [0x916c0000, 0x95cc0000, 0xa6c00000)
  eden space 66560K, 0% used [0x916c0000,0x916c0000,0x957c0000)
  from space 2560K, 99% used [0x95a40000,0x95cbc880,0x95cc0000)
  to   space 2560K, 0% used [0x957c0000,0x957c0000,0x95a40000)
 ParOldGen       total 43776K, used 7024K [0x66c00000, 0x696c0000, 0x916c0000)
  object space 43776K, 16% used [0x66c00000,0x672dc2a0,0x696c0000)
 Metaspace       used 10019K, capacity 10107K, committed 10264K, reserved 10544K
}
Event: 11.168 GC heap before
{Heap before GC invocations=5 (full 0):
 PSYoungGen      total 69120K, used 69106K [0x916c0000, 0x95cc0000, 0xa6c00000)
  eden space 66560K, 100% used [0x916c0000,0x957c0000,0x957c0000)
  from space 2560K, 99% used [0x95a40000,0x95cbc880,0x95cc0000)
  to   space 2560K, 0% used [0x957c0000,0x957c0000,0x95a40000)
 ParOldGen       total 43776K, used 7024K [0x66c00000, 0x696c0000, 0x916c0000)
  object space 43776K, 16% used [0x66c00000,0x672dc2a0,0x696c0000)
 Metaspace       used 11002K, capacity 11121K, committed 11288K, reserved 11568K

