# JRE version: OpenJDK Runtime Environment (8.0_162-b12) (build 1.8.0_162-8u162-b12-0ubuntu0.16.04.2-b12)
# Java VM: OpenJDK Server VM (25.162-b12 mixed mode linux-x86 )
Heap:
 PSYoungGen      total 112384K, used 28764K [0x918c0000, 0x98f40000, 0xa6e00000)
  eden space 105728K, 20% used [0x918c0000,0x92e5f628,0x98000000)
  from space 6656K, 99% used [0x98740000,0x98db7d20,0x98dc0000)
  to   space 7424K, 0% used [0x98000000,0x98000000,0x98740000)
 ParOldGen       total 43776K, used 12258K [0x66e00000, 0x698c0000, 0x918c0000)
  object space 43776K, 28% used [0x66e00000,0x679f8948,0x698c0000)
 Metaspace       used 13062K, capacity 13300K, committed 13336K, reserved 13616K
GC Heap History (10 events):
Event: 4.881 GC heap before
{Heap before GC invocations=6 (full 0):
 PSYoungGen      total 19200K, used 19184K [0x918c0000, 0x942c0000, 0xa6e00000)
  eden space 16640K, 100% used [0x918c0000,0x92900000,0x92900000)
  from space 2560K, 99% used [0x92900000,0x92b7c090,0x92b80000)
  to   space 4864K, 0% used [0x93e00000,0x93e00000,0x942c0000)
 ParOldGen       total 43776K, used 5432K [0x66e00000, 0x698c0000, 0x918c0000)
  object space 43776K, 12% used [0x66e00000,0x6734e2e8,0x698c0000)
 Metaspace       used 9986K, capacity 10075K, committed 10136K, reserved 10544K
Event: 4.892 GC heap after
Heap after GC invocations=6 (full 0):
 PSYoungGen      total 38144K, used 3628K [0x918c0000, 0x942c0000, 0xa6e00000)
  eden space 33280K, 0% used [0x918c0000,0x918c0000,0x93940000)
  from space 4864K, 74% used [0x93e00000,0x9418b018,0x942c0000)
  to   space 4864K, 0% used [0x93940000,0x93940000,0x93e00000)
 ParOldGen       total 43776K, used 5436K [0x66e00000, 0x698c0000, 0x918c0000)
  object space 43776K, 12% used [0x66e00000,0x6734f2e8,0x698c0000)
 Metaspace       used 9986K, capacity 10075K, committed 10136K, reserved 10544K
}
Event: 8.156 GC heap before
{Heap before GC invocations=7 (full 0):
 PSYoungGen      total 38144K, used 36908K [0x918c0000, 0x942c0000, 0xa6e00000)
  eden space 33280K, 100% used [0x918c0000,0x93940000,0x93940000)
  from space 4864K, 74% used [0x93e00000,0x9418b018,0x942c0000)
  to   space 4864K, 0% used [0x93940000,0x93940000,0x93e00000)
 ParOldGen       total 43776K, used 5436K [0x66e00000, 0x698c0000, 0x918c0000)
  object space 43776K, 12% used [0x66e00000,0x6734f2e8,0x698c0000)
 Metaspace       used 10817K, capacity 10924K, committed 11032K, reserved 11568K
Event: 8.225 GC heap after
Heap after GC invocations=7 (full 0):
 PSYoungGen      total 38144K, used 4655K [0x918c0000, 0x963c0000, 0xa6e00000)
  eden space 33280K, 0% used [0x918c0000,0x918c0000,0x93940000)
  from space 4864K, 95% used [0x93940000,0x93dcbca0,0x93e00000)
  to   space 5120K, 0% used [0x95ec0000,0x95ec0000,0x963c0000)
 ParOldGen       total 43776K, used 6382K [0x66e00000, 0x698c0000, 0x918c0000)
  object space 43776K, 14% used [0x66e00000,0x6743bb30,0x698c0000)
 Metaspace       used 10817K, capacity 10924K, committed 11032K, reserved 11568K
}
Event: 9.364 GC heap before
{Heap before GC invocations=8 (full 0):
 PSYoungGen      total 38144K, used 37935K [0x918c0000, 0x963c0000, 0xa6e00000)
  eden space 33280K, 100% used [0x918c0000,0x93940000,0x93940000)
  from space 4864K, 95% used [0x93940000,0x93dcbca0,0x93e00000)
  to   space 5120K, 0% used [0x95ec0000,0x95ec0000,0x963c0000)
 ParOldGen       total 43776K, used 6382K [0x66e00000, 0x698c0000, 0x918c0000)
  object space 43776K, 14% used [0x66e00000,0x6743bb30,0x698c0000)
 Metaspace       used 10990K, capacity 11089K, committed 11160K, reserved 11568K
Event: 9.383 GC heap after
Heap after GC invocations=8 (full 0):
 PSYoungGen      total 71680K, used 4240K [0x918c0000, 0x963c0000, 0xa6e00000)
  eden space 66560K, 0% used [0x918c0000,0x918c0000,0x959c0000)
  from space 5120K, 82% used [0x95ec0000,0x962e4000,0x963c0000)
  to   space 5120K, 0% used [0x959c0000,0x959c0000,0x95ec0000)
 ParOldGen       total 43776K, used 7414K [0x66e00000, 0x698c0000, 0x918c0000)
  object space 43776K, 16% used [0x66e00000,0x6753da20,0x698c0000)
 Metaspace       used 10990K, capacity 11089K, committed 11160K, reserved 11568K
}
Event: 10.701 GC heap before
{Heap before GC invocations=9 (full 0):
 PSYoungGen      total 71680K, used 70800K [0x918c0000, 0x963c0000, 0xa6e00000)
  eden space 66560K, 100% used [0x918c0000,0x959c0000,0x959c0000)
  from space 5120K, 82% used [0x95ec0000,0x962e4000,0x963c0000)
  to   space 5120K, 0% used [0x959c0000,0x959c0000,0x95ec0000)
 ParOldGen       total 43776K, used 7414K [0x66e00000, 0x698c0000, 0x918c0000)
  object space 43776K, 16% used [0x66e00000,0x6753da20,0x698c0000)
 Metaspace       used 11201K, capacity 11330K, committed 11416K, reserved 11568K
Event: 10.741 GC heap after
Heap after GC invocations=9 (full 0):
 PSYoungGen      total 71680K, used 5120K [0x918c0000, 0x98dc0000, 0xa6e00000)
  eden space 66560K, 0% used [0x918c0000,0x918c0000,0x959c0000)
  from space 5120K, 100% used [0x959c0000,0x95ec0000,0x95ec0000)
  to   space 6656K, 0% used [0x98740000,0x98740000,0x98dc0000)
 ParOldGen       total 43776K, used 10073K [0x66e00000, 0x698c0000, 0x918c0000)
  object space 43776K, 23% used [0x66e00000,0x677d67f8,0x698c0000)
 Metaspace       used 11201K, capacity 11330K, committed 11416K, reserved 11568K
}
Event: 12.823 GC heap before
{Heap before GC invocations=10 (full 0):
 PSYoungGen      total 71680K, used 71680K [0x918c0000, 0x98dc0000, 0xa6e00000)
  eden space 66560K, 100% used [0x918c0000,0x959c0000,0x959c0000)
  from space 5120K, 100% used [0x959c0000,0x95ec0000,0x95ec0000)
  to   space 6656K, 0% used [0x98740000,0x98740000,0x98dc0000)
 ParOldGen       total 43776K, used 10073K [0x66e00000, 0x698c0000, 0x918c0000)
  object space 43776K, 23% used [0x66e00000,0x677d67f8,0x698c0000)
 Metaspace       used 12332K, capacity 12557K, committed 12568K, reserved 12592K
Event: 12.856 GC heap after
Heap after GC invocations=10 (full 0):
 PSYoungGen      total 112384K, used 6623K [0x918c0000, 0x98f40000, 0xa6e00000)
  eden space 105728K, 0% used [0x918c0000,0x918c0000,0x98000000)
  from space 6656K, 99% used [0x98740000,0x98db7d20,0x98dc0000)
  to   space 7424K, 0% used [0x98000000,0x98000000,0x98740000)
 ParOldGen       total 43776K, used 12258K [0x66e00000, 0x698c0000, 0x918c0000)
  object space 43776K, 28% used [0x66e00000,0x679f8948,0x698c0000)
 Metaspace       used 12332K, capacity 12557K, committed 12568K, reserved 12592K
}

