# JRE version: OpenJDK Runtime Environment (8.0_151-b12) (build 1.8.0_151-8u151-b12-0ubuntu0.16.04.2-b12)
# Java VM: OpenJDK Server VM (25.151-b12 mixed mode linux-x86 )
Heap:
 PSYoungGen      total 140288K, used 128084K [0x918c0000, 0x9aac0000, 0xa6e00000)
  eden space 132608K, 91% used [0x918c0000,0x98f9c838,0x99a40000)
  from space 7680K, 82% used [0x9a240000,0x9a878880,0x9a9c0000)
  to   space 8192K, 0% used [0x99a40000,0x99a40000,0x9a240000)
 ParOldGen       total 43776K, used 10883K [0x66e00000, 0x698c0000, 0x918c0000)
  object space 43776K, 24% used [0x66e00000,0x678a0d70,0x698c0000)
 Metaspace       used 14216K, capacity 14480K, committed 14488K, reserved 14640K
GC Heap History (10 events):
Event: 1.595 GC heap before
{Heap before GC invocations=2 (full 0):
 PSYoungGen      total 19200K, used 19195K [0x918c0000, 0x93e40000, 0xa6e00000)
  eden space 16640K, 100% used [0x918c0000,0x92900000,0x92900000)
  from space 2560K, 99% used [0x92900000,0x92b7ecc0,0x92b80000)
  to   space 2560K, 0% used [0x93bc0000,0x93bc0000,0x93e40000)
 ParOldGen       total 43776K, used 800K [0x66e00000, 0x698c0000, 0x918c0000)
  object space 43776K, 1% used [0x66e00000,0x66ec80b0,0x698c0000)
 Metaspace       used 5313K, capacity 5386K, committed 5400K, reserved 5424K
Event: 1.609 GC heap after
Heap after GC invocations=2 (full 0):
 PSYoungGen      total 35840K, used 2544K [0x918c0000, 0x93e40000, 0xa6e00000)
  eden space 33280K, 0% used [0x918c0000,0x918c0000,0x93940000)
  from space 2560K, 99% used [0x93bc0000,0x93e3c3f8,0x93e40000)
  to   space 2560K, 0% used [0x93940000,0x93940000,0x93bc0000)
 ParOldGen       total 43776K, used 832K [0x66e00000, 0x698c0000, 0x918c0000)
  object space 43776K, 1% used [0x66e00000,0x66ed00b0,0x698c0000)
 Metaspace       used 5313K, capacity 5386K, committed 5400K, reserved 5424K
}
Event: 2.629 GC heap before
{Heap before GC invocations=3 (full 0):
 PSYoungGen      total 35840K, used 35824K [0x918c0000, 0x93e40000, 0xa6e00000)
  eden space 33280K, 100% used [0x918c0000,0x93940000,0x93940000)
  from space 2560K, 99% used [0x93bc0000,0x93e3c3f8,0x93e40000)
  to   space 2560K, 0% used [0x93940000,0x93940000,0x93bc0000)
 ParOldGen       total 43776K, used 832K [0x66e00000, 0x698c0000, 0x918c0000)
  object space 43776K, 1% used [0x66e00000,0x66ed00b0,0x698c0000)
 Metaspace       used 8087K, capacity 8156K, committed 8216K, reserved 8496K
Event: 2.644 GC heap after
Heap after GC invocations=3 (full 0):
 PSYoungGen      total 35840K, used 2544K [0x918c0000, 0x95ec0000, 0xa6e00000)
  eden space 33280K, 0% used [0x918c0000,0x918c0000,0x93940000)
  from space 2560K, 99% used [0x93940000,0x93bbc070,0x93bc0000)
  to   space 2560K, 0% used [0x95c40000,0x95c40000,0x95ec0000)
 ParOldGen       total 43776K, used 4866K [0x66e00000, 0x698c0000, 0x918c0000)
  object space 43776K, 11% used [0x66e00000,0x672c0ba0,0x698c0000)
 Metaspace       used 8087K, capacity 8156K, committed 8216K, reserved 8496K
}
Event: 5.151 GC heap before
{Heap before GC invocations=4 (full 0):
 PSYoungGen      total 35840K, used 35824K [0x918c0000, 0x95ec0000, 0xa6e00000)
  eden space 33280K, 100% used [0x918c0000,0x93940000,0x93940000)
  from space 2560K, 99% used [0x93940000,0x93bbc070,0x93bc0000)
  to   space 2560K, 0% used [0x95c40000,0x95c40000,0x95ec0000)
 ParOldGen       total 43776K, used 4866K [0x66e00000, 0x698c0000, 0x918c0000)
  object space 43776K, 11% used [0x66e00000,0x672c0ba0,0x698c0000)
 Metaspace       used 9976K, capacity 10043K, committed 10136K, reserved 10544K
Event: 5.202 GC heap after
Heap after GC invocations=4 (full 0):
 PSYoungGen      total 69120K, used 2546K [0x918c0000, 0x95ec0000, 0xa6e00000)
  eden space 66560K, 0% used [0x918c0000,0x918c0000,0x959c0000)
  from space 2560K, 99% used [0x95c40000,0x95ebc880,0x95ec0000)
  to   space 2560K, 0% used [0x959c0000,0x959c0000,0x95c40000)
 ParOldGen       total 43776K, used 6978K [0x66e00000, 0x698c0000, 0x918c0000)
  object space 43776K, 15% used [0x66e00000,0x674d0b38,0x698c0000)
 Metaspace       used 9976K, capacity 10043K, committed 10136K, reserved 10544K
}
Event: 9.239 GC heap before
{Heap before GC invocations=5 (full 0):
 PSYoungGen      total 69120K, used 69106K [0x918c0000, 0x95ec0000, 0xa6e00000)
  eden space 66560K, 100% used [0x918c0000,0x959c0000,0x959c0000)
  from space 2560K, 99% used [0x95c40000,0x95ebc880,0x95ec0000)
  to   space 2560K, 0% used [0x959c0000,0x959c0000,0x95c40000)
 ParOldGen       total 43776K, used 6978K [0x66e00000, 0x698c0000, 0x918c0000)
  object space 43776K, 15% used [0x66e00000,0x674d0b38,0x698c0000)
 Metaspace       used 10950K, capacity 11057K, committed 11160K, reserved 11568K
Event: 9.261 GC heap after
Heap after GC invocations=5 (full 0):
 PSYoungGen      total 69120K, used 2546K [0x918c0000, 0x9a9c0000, 0xa6e00000)
  eden space 66560K, 0% used [0x918c0000,0x918c0000,0x959c0000)
  from space 2560K, 99% used [0x959c0000,0x95c3c880,0x95c40000)
  to   space 7680K, 0% used [0x9a240000,0x9a240000,0x9a9c0000)
 ParOldGen       total 43776K, used 10879K [0x66e00000, 0x698c0000, 0x918c0000)
  object space 43776K, 24% used [0x66e00000,0x6789fd70,0x698c0000)
 Metaspace       used 10950K, capacity 11057K, committed 11160K, reserved 11568K
}
Event: 10.526 GC heap before
{Heap before GC invocations=6 (full 0):
 PSYoungGen      total 69120K, used 69106K [0x918c0000, 0x9a9c0000, 0xa6e00000)
  eden space 66560K, 100% used [0x918c0000,0x959c0000,0x959c0000)
  from space 2560K, 99% used [0x959c0000,0x95c3c880,0x95c40000)
  to   space 7680K, 0% used [0x9a240000,0x9a240000,0x9a9c0000)
 ParOldGen       total 43776K, used 10879K [0x66e00000, 0x698c0000, 0x918c0000)
  object space 43776K, 24% used [0x66e00000,0x6789fd70,0x698c0000)
 Metaspace       used 11140K, capacity 11234K, committed 11288K, reserved 11568K
Event: 10.572 GC heap after
Heap after GC invocations=6 (full 0):
 PSYoungGen      total 140288K, used 6370K [0x918c0000, 0x9aac0000, 0xa6e00000)
  eden space 132608K, 0% used [0x918c0000,0x918c0000,0x99a40000)
  from space 7680K, 82% used [0x9a240000,0x9a878880,0x9a9c0000)
  to   space 8192K, 0% used [0x99a40000,0x99a40000,0x9a240000)
 ParOldGen       total 43776K, used 10883K [0x66e00000, 0x698c0000, 0x918c0000)
  object space 43776K, 24% used [0x66e00000,0x678a0d70,0x698c0000)
 Metaspace       used 11140K, capacity 11234K, committed 11288K, reserved 11568K
}

