# JRE version: OpenJDK Runtime Environment (8.0_162-b12) (build 1.8.0_162-8u162-b12-0ubuntu0.16.04.2-b12)
# Java VM: OpenJDK Server VM (25.162-b12 mixed mode linux-x86 )
Heap:
 PSYoungGen      total 140800K, used 8189K [0x918c0000, 0x9aac0000, 0xa6e00000)
  eden space 132608K, 0% used [0x918c0000,0x918c0000,0x99a40000)
  from space 8192K, 99% used [0x99a40000,0x9a23f4f8,0x9a240000)
  to   space 7680K, 0% used [0x9a240000,0x9a240000,0x9a9c0000)
 ParOldGen       total 43776K, used 16797K [0x66e00000, 0x698c0000, 0x918c0000)
  object space 43776K, 38% used [0x66e00000,0x67e67690,0x698c0000)
 Metaspace       used 14685K, capacity 15092K, committed 15128K, reserved 15664K
GC Heap History (10 events):
Event: 1.238 GC heap after
Heap after GC invocations=2 (full 0):
 PSYoungGen      total 35840K, used 2552K [0x918c0000, 0x93e40000, 0xa6e00000)
  eden space 33280K, 0% used [0x918c0000,0x918c0000,0x93940000)
  from space 2560K, 99% used [0x93bc0000,0x93e3e210,0x93e40000)
  to   space 2560K, 0% used [0x93940000,0x93940000,0x93bc0000)
 ParOldGen       total 43776K, used 866K [0x66e00000, 0x698c0000, 0x918c0000)
  object space 43776K, 1% used [0x66e00000,0x66ed8a20,0x698c0000)
 Metaspace       used 5310K, capacity 5354K, committed 5400K, reserved 5424K
}
Event: 1.968 GC heap before
{Heap before GC invocations=3 (full 0):
 PSYoungGen      total 35840K, used 35832K [0x918c0000, 0x93e40000, 0xa6e00000)
  eden space 33280K, 100% used [0x918c0000,0x93940000,0x93940000)
  from space 2560K, 99% used [0x93bc0000,0x93e3e210,0x93e40000)
  to   space 2560K, 0% used [0x93940000,0x93940000,0x93bc0000)
 ParOldGen       total 43776K, used 866K [0x66e00000, 0x698c0000, 0x918c0000)
  object space 43776K, 1% used [0x66e00000,0x66ed8a20,0x698c0000)
 Metaspace       used 8091K, capacity 8190K, committed 8344K, reserved 8496K
Event: 1.988 GC heap after
Heap after GC invocations=3 (full 0):
 PSYoungGen      total 35840K, used 2546K [0x918c0000, 0x95ec0000, 0xa6e00000)
  eden space 33280K, 0% used [0x918c0000,0x918c0000,0x93940000)
  from space 2560K, 99% used [0x93940000,0x93bbc890,0x93bc0000)
  to   space 2560K, 0% used [0x95c40000,0x95c40000,0x95ec0000)
 ParOldGen       total 43776K, used 4954K [0x66e00000, 0x698c0000, 0x918c0000)
  object space 43776K, 11% used [0x66e00000,0x672d6820,0x698c0000)
 Metaspace       used 8091K, capacity 8190K, committed 8344K, reserved 8496K
}
Event: 3.238 GC heap before
{Heap before GC invocations=4 (full 0):
 PSYoungGen      total 35840K, used 35826K [0x918c0000, 0x95ec0000, 0xa6e00000)
  eden space 33280K, 100% used [0x918c0000,0x93940000,0x93940000)
  from space 2560K, 99% used [0x93940000,0x93bbc890,0x93bc0000)
  to   space 2560K, 0% used [0x95c40000,0x95c40000,0x95ec0000)
 ParOldGen       total 43776K, used 4954K [0x66e00000, 0x698c0000, 0x918c0000)
  object space 43776K, 11% used [0x66e00000,0x672d6820,0x698c0000)
 Metaspace       used 9997K, capacity 10075K, committed 10136K, reserved 10544K
Event: 3.248 GC heap after
Heap after GC invocations=4 (full 0):
 PSYoungGen      total 69120K, used 2544K [0x918c0000, 0x95ec0000, 0xa6e00000)
  eden space 66560K, 0% used [0x918c0000,0x918c0000,0x959c0000)
  from space 2560K, 99% used [0x95c40000,0x95ebc060,0x95ec0000)
  to   space 2560K, 0% used [0x959c0000,0x959c0000,0x95c40000)
 ParOldGen       total 43776K, used 7014K [0x66e00000, 0x698c0000, 0x918c0000)
  object space 43776K, 16% used [0x66e00000,0x674d9878,0x698c0000)
 Metaspace       used 9997K, capacity 10075K, committed 10136K, reserved 10544K
}
Event: 5.448 GC heap before
{Heap before GC invocations=5 (full 0):
 PSYoungGen      total 69120K, used 69104K [0x918c0000, 0x95ec0000, 0xa6e00000)
  eden space 66560K, 100% used [0x918c0000,0x959c0000,0x959c0000)
  from space 2560K, 99% used [0x95c40000,0x95ebc060,0x95ec0000)
  to   space 2560K, 0% used [0x959c0000,0x959c0000,0x95c40000)
 ParOldGen       total 43776K, used 7014K [0x66e00000, 0x698c0000, 0x918c0000)
  object space 43776K, 16% used [0x66e00000,0x674d9878,0x698c0000)
 Metaspace       used 10991K, capacity 11089K, committed 11160K, reserved 11568K
Event: 5.470 GC heap after
Heap after GC invocations=5 (full 0):
 PSYoungGen      total 69120K, used 2546K [0x918c0000, 0x9a9c0000, 0xa6e00000)
  eden space 66560K, 0% used [0x918c0000,0x918c0000,0x959c0000)
  from space 2560K, 99% used [0x959c0000,0x95c3c880,0x95c40000)
  to   space 7680K, 0% used [0x9a240000,0x9a240000,0x9a9c0000)
 ParOldGen       total 43776K, used 10897K [0x66e00000, 0x698c0000, 0x918c0000)
  object space 43776K, 24% used [0x66e00000,0x678a4460,0x698c0000)
 Metaspace       used 10991K, capacity 11089K, committed 11160K, reserved 11568K
}
Event: 6.473 GC heap before
{Heap before GC invocations=6 (full 0):
 PSYoungGen      total 69120K, used 69106K [0x918c0000, 0x9a9c0000, 0xa6e00000)
  eden space 66560K, 100% used [0x918c0000,0x959c0000,0x959c0000)
  from space 2560K, 99% used [0x959c0000,0x95c3c880,0x95c40000)
  to   space 7680K, 0% used [0x9a240000,0x9a240000,0x9a9c0000)
 ParOldGen       total 43776K, used 10897K [0x66e00000, 0x698c0000, 0x918c0000)
  object space 43776K, 24% used [0x66e00000,0x678a4460,0x698c0000)
 Metaspace       used 11188K, capacity 11298K, committed 11416K, reserved 11568K
Event: 6.495 GC heap after
Heap after GC invocations=6 (full 0):
 PSYoungGen      total 140288K, used 6346K [0x918c0000, 0x9aac0000, 0xa6e00000)
  eden space 132608K, 0% used [0x918c0000,0x918c0000,0x99a40000)
  from space 7680K, 82% used [0x9a240000,0x9a8728d0,0x9a9c0000)
  to   space 8192K, 0% used [0x99a40000,0x99a40000,0x9a240000)
 ParOldGen       total 43776K, used 10901K [0x66e00000, 0x698c0000, 0x918c0000)
  object space 43776K, 24% used [0x66e00000,0x678a5460,0x698c0000)
 Metaspace       used 11188K, capacity 11298K, committed 11416K, reserved 11568K
}
Event: 9.674 GC heap before
{Heap before GC invocations=7 (full 0):
 PSYoungGen      total 140288K, used 138954K [0x918c0000, 0x9aac0000, 0xa6e00000)
  eden space 132608K, 100% used [0x918c0000,0x99a40000,0x99a40000)
  from space 7680K, 82% used [0x9a240000,0x9a8728d0,0x9a9c0000)
  to   space 8192K, 0% used [0x99a40000,0x99a40000,0x9a240000)
 ParOldGen       total 43776K, used 10901K [0x66e00000, 0x698c0000, 0x918c0000)
  object space 43776K, 24% used [0x66e00000,0x678a5460,0x698c0000)
 Metaspace       used 14685K, capacity 15092K, committed 15128K, reserved 15664K

