# JRE version: OpenJDK Runtime Environment (8.0_162-b12) (build 1.8.0_162-8u162-b12-0ubuntu0.16.04.2-b12)
# Java VM: OpenJDK Server VM (25.162-b12 mixed mode linux-x86 )
Heap:
 PSYoungGen      total 139776K, used 9462K [0x916c0000, 0x9aa40000, 0xa6c00000)
  eden space 130304K, 0% used [0x916c0000,0x916c0000,0x99600000)
  from space 9472K, 99% used [0x99600000,0x99f3d9f0,0x99f40000)
  to   space 7680K, 0% used [0x99f40000,0x99f40000,0x9a6c0000)
 ParOldGen       total 43776K, used 17576K [0x66c00000, 0x696c0000, 0x916c0000)
  object space 43776K, 40% used [0x66c00000,0x67d2a2b0,0x696c0000)
 Metaspace       used 15821K, capacity 16095K, committed 16152K, reserved 16688K
GC Heap History (10 events):
Event: 1.960 GC heap after
Heap after GC invocations=4 (full 0):
 PSYoungGen      total 35840K, used 2546K [0x916c0000, 0x93c40000, 0xa6c00000)
  eden space 33280K, 0% used [0x916c0000,0x916c0000,0x93740000)
  from space 2560K, 99% used [0x939c0000,0x93c3c870,0x93c40000)
  to   space 2560K, 0% used [0x93740000,0x93740000,0x939c0000)
 ParOldGen       total 43776K, used 4413K [0x66c00000, 0x696c0000, 0x916c0000)
  object space 43776K, 10% used [0x66c00000,0x6704f430,0x696c0000)
 Metaspace       used 8103K, capacity 8190K, committed 8344K, reserved 8496K
}
Event: 3.360 GC heap before
{Heap before GC invocations=5 (full 0):
 PSYoungGen      total 35840K, used 35826K [0x916c0000, 0x93c40000, 0xa6c00000)
  eden space 33280K, 100% used [0x916c0000,0x93740000,0x93740000)
  from space 2560K, 99% used [0x939c0000,0x93c3c870,0x93c40000)
  to   space 2560K, 0% used [0x93740000,0x93740000,0x939c0000)
 ParOldGen       total 43776K, used 4413K [0x66c00000, 0x696c0000, 0x916c0000)
  object space 43776K, 10% used [0x66c00000,0x6704f430,0x696c0000)
 Metaspace       used 10017K, capacity 10107K, committed 10264K, reserved 10544K
Event: 3.381 GC heap after
Heap after GC invocations=5 (full 0):
 PSYoungGen      total 35840K, used 2554K [0x916c0000, 0x962c0000, 0xa6c00000)
  eden space 33280K, 0% used [0x916c0000,0x916c0000,0x93740000)
  from space 2560K, 99% used [0x93740000,0x939be880,0x939c0000)
  to   space 5632K, 0% used [0x95d40000,0x95d40000,0x962c0000)
 ParOldGen       total 43776K, used 6491K [0x66c00000, 0x696c0000, 0x916c0000)
  object space 43776K, 14% used [0x66c00000,0x67256d08,0x696c0000)
 Metaspace       used 10017K, capacity 10107K, committed 10264K, reserved 10544K
}
Event: 4.755 GC heap before
{Heap before GC invocations=6 (full 0):
 PSYoungGen      total 35840K, used 35834K [0x916c0000, 0x962c0000, 0xa6c00000)
  eden space 33280K, 100% used [0x916c0000,0x93740000,0x93740000)
  from space 2560K, 99% used [0x93740000,0x939be880,0x939c0000)
  to   space 5632K, 0% used [0x95d40000,0x95d40000,0x962c0000)
 ParOldGen       total 43776K, used 6491K [0x66c00000, 0x696c0000, 0x916c0000)
  object space 43776K, 14% used [0x66c00000,0x67256d08,0x696c0000)
 Metaspace       used 10841K, capacity 10956K, committed 11032K, reserved 11568K
Event: 4.774 GC heap after
Heap after GC invocations=6 (full 0):
 PSYoungGen      total 71680K, used 5164K [0x916c0000, 0x963c0000, 0xa6c00000)
  eden space 66048K, 0% used [0x916c0000,0x916c0000,0x95740000)
  from space 5632K, 91% used [0x95d40000,0x9624b238,0x962c0000)
  to   space 6144K, 0% used [0x95740000,0x95740000,0x95d40000)
 ParOldGen       total 43776K, used 6495K [0x66c00000, 0x696c0000, 0x916c0000)
  object space 43776K, 14% used [0x66c00000,0x67257d08,0x696c0000)
 Metaspace       used 10841K, capacity 10956K, committed 11032K, reserved 11568K
}
Event: 5.863 GC heap before
{Heap before GC invocations=7 (full 0):
 PSYoungGen      total 71680K, used 71212K [0x916c0000, 0x963c0000, 0xa6c00000)
  eden space 66048K, 100% used [0x916c0000,0x95740000,0x95740000)
  from space 5632K, 91% used [0x95d40000,0x9624b238,0x962c0000)
  to   space 6144K, 0% used [0x95740000,0x95740000,0x95d40000)
 ParOldGen       total 43776K, used 6495K [0x66c00000, 0x696c0000, 0x916c0000)
  object space 43776K, 14% used [0x66c00000,0x67257d08,0x696c0000)
 Metaspace       used 11132K, capacity 11229K, committed 11288K, reserved 11568K
Event: 5.879 GC heap after
Heap after GC invocations=7 (full 0):
 PSYoungGen      total 72192K, used 6138K [0x916c0000, 0x9a6c0000, 0xa6c00000)
  eden space 66048K, 0% used [0x916c0000,0x916c0000,0x95740000)
  from space 6144K, 99% used [0x95740000,0x95d3e860,0x95d40000)
  to   space 7680K, 0% used [0x99f40000,0x99f40000,0x9a6c0000)
 ParOldGen       total 43776K, used 7882K [0x66c00000, 0x696c0000, 0x916c0000)
  object space 43776K, 18% used [0x66c00000,0x673b2b08,0x696c0000)
 Metaspace       used 11132K, capacity 11229K, committed 11288K, reserved 11568K
}
Event: 6.586 GC heap before
{Heap before GC invocations=8 (full 0):
 PSYoungGen      total 72192K, used 72186K [0x916c0000, 0x9a6c0000, 0xa6c00000)
  eden space 66048K, 100% used [0x916c0000,0x95740000,0x95740000)
  from space 6144K, 99% used [0x95740000,0x95d3e860,0x95d40000)
  to   space 7680K, 0% used [0x99f40000,0x99f40000,0x9a6c0000)
 ParOldGen       total 43776K, used 7882K [0x66c00000, 0x696c0000, 0x916c0000)
  object space 43776K, 18% used [0x66c00000,0x673b2b08,0x696c0000)
 Metaspace       used 11575K, capacity 11722K, committed 11800K, reserved 12592K
Event: 6.598 GC heap after
Heap after GC invocations=8 (full 0):
 PSYoungGen      total 137984K, used 7672K [0x916c0000, 0x9aa40000, 0xa6c00000)
  eden space 130304K, 0% used [0x916c0000,0x916c0000,0x99600000)
  from space 7680K, 99% used [0x99f40000,0x9a6be010,0x9a6c0000)
  to   space 9472K, 0% used [0x99600000,0x99600000,0x99f40000)
 ParOldGen       total 43776K, used 9620K [0x66c00000, 0x696c0000, 0x916c0000)
  object space 43776K, 21% used [0x66c00000,0x67565100,0x696c0000)
 Metaspace       used 11575K, capacity 11722K, committed 11800K, reserved 12592K
}
Event: 8.317 GC heap before
{Heap before GC invocations=9 (full 0):
 PSYoungGen      total 137984K, used 137976K [0x916c0000, 0x9aa40000, 0xa6c00000)
  eden space 130304K, 100% used [0x916c0000,0x99600000,0x99600000)
  from space 7680K, 99% used [0x99f40000,0x9a6be010,0x9a6c0000)
  to   space 9472K, 0% used [0x99600000,0x99600000,0x99f40000)
 ParOldGen       total 43776K, used 9620K [0x66c00000, 0x696c0000, 0x916c0000)
  object space 43776K, 21% used [0x66c00000,0x67565100,0x696c0000)
 Metaspace       used 15821K, capacity 16095K, committed 16152K, reserved 16688K

