# JRE version: OpenJDK Runtime Environment (8.0_151-b12) (build 1.8.0_151-8u151-b12-0ubuntu0.16.04.2-b12)
# Java VM: OpenJDK Server VM (25.151-b12 mixed mode linux-x86 )
Heap:
 PSYoungGen      total 139520K, used 9457K [0x916c0000, 0x9aa40000, 0xa6c00000)
  eden space 130048K, 0% used [0x916c0000,0x916c0000,0x995c0000)
  from space 9472K, 99% used [0x995c0000,0x99efc7c0,0x99f00000)
  to   space 7424K, 0% used [0x99f00000,0x99f00000,0x9a640000)
 ParOldGen       total 43776K, used 17100K [0x66c00000, 0x696c0000, 0x916c0000)
  object space 43776K, 39% used [0x66c00000,0x67cb3380,0x696c0000)
 Metaspace       used 15849K, capacity 16278K, committed 16384K, reserved 16688K
GC Heap History (10 events):
Event: 5.677 GC heap after
Heap after GC invocations=4 (full 0):
 PSYoungGen      total 35840K, used 2546K [0x916c0000, 0x93c40000, 0xa6c00000)
  eden space 33280K, 0% used [0x916c0000,0x916c0000,0x93740000)
  from space 2560K, 99% used [0x939c0000,0x93c3c890,0x93c40000)
  to   space 2560K, 0% used [0x93740000,0x93740000,0x939c0000)
 ParOldGen       total 43776K, used 4484K [0x66c00000, 0x696c0000, 0x916c0000)
  object space 43776K, 10% used [0x66c00000,0x670612d8,0x696c0000)
 Metaspace       used 8119K, capacity 8190K, committed 8344K, reserved 8496K
}
Event: 9.102 GC heap before
{Heap before GC invocations=5 (full 0):
 PSYoungGen      total 35840K, used 35826K [0x916c0000, 0x93c40000, 0xa6c00000)
  eden space 33280K, 100% used [0x916c0000,0x93740000,0x93740000)
  from space 2560K, 99% used [0x939c0000,0x93c3c890,0x93c40000)
  to   space 2560K, 0% used [0x93740000,0x93740000,0x939c0000)
 ParOldGen       total 43776K, used 4484K [0x66c00000, 0x696c0000, 0x916c0000)
  object space 43776K, 10% used [0x66c00000,0x670612d8,0x696c0000)
 Metaspace       used 10036K, capacity 10107K, committed 10264K, reserved 10544K
Event: 9.127 GC heap after
Heap after GC invocations=5 (full 0):
 PSYoungGen      total 35840K, used 2546K [0x916c0000, 0x962c0000, 0xa6c00000)
  eden space 33280K, 0% used [0x916c0000,0x916c0000,0x93740000)
  from space 2560K, 99% used [0x93740000,0x939bc880,0x939c0000)
  to   space 5632K, 0% used [0x95d40000,0x95d40000,0x962c0000)
 ParOldGen       total 43776K, used 6560K [0x66c00000, 0x696c0000, 0x916c0000)
  object space 43776K, 14% used [0x66c00000,0x67268348,0x696c0000)
 Metaspace       used 10036K, capacity 10107K, committed 10264K, reserved 10544K
}
Event: 10.682 GC heap before
{Heap before GC invocations=6 (full 0):
 PSYoungGen      total 35840K, used 35826K [0x916c0000, 0x962c0000, 0xa6c00000)
  eden space 33280K, 100% used [0x916c0000,0x93740000,0x93740000)
  from space 2560K, 99% used [0x93740000,0x939bc880,0x939c0000)
  to   space 5632K, 0% used [0x95d40000,0x95d40000,0x962c0000)
 ParOldGen       total 43776K, used 6560K [0x66c00000, 0x696c0000, 0x916c0000)
  object space 43776K, 14% used [0x66c00000,0x67268348,0x696c0000)
 Metaspace       used 10770K, capacity 10892K, committed 11032K, reserved 11568K
Event: 10.719 GC heap after
Heap after GC invocations=6 (full 0):
 PSYoungGen      total 71680K, used 5118K [0x916c0000, 0x963c0000, 0xa6c00000)
  eden space 66048K, 0% used [0x916c0000,0x916c0000,0x95740000)
  from space 5632K, 90% used [0x95d40000,0x9623fa68,0x962c0000)
  to   space 6144K, 0% used [0x95740000,0x95740000,0x95d40000)
 ParOldGen       total 43776K, used 6560K [0x66c00000, 0x696c0000, 0x916c0000)
  object space 43776K, 14% used [0x66c00000,0x67268348,0x696c0000)
 Metaspace       used 10770K, capacity 10892K, committed 11032K, reserved 11568K
}
Event: 12.222 GC heap before
{Heap before GC invocations=7 (full 0):
 PSYoungGen      total 71680K, used 71166K [0x916c0000, 0x963c0000, 0xa6c00000)
  eden space 66048K, 100% used [0x916c0000,0x95740000,0x95740000)
  from space 5632K, 90% used [0x95d40000,0x9623fa68,0x962c0000)
  to   space 6144K, 0% used [0x95740000,0x95740000,0x95d40000)
 ParOldGen       total 43776K, used 6560K [0x66c00000, 0x696c0000, 0x916c0000)
  object space 43776K, 14% used [0x66c00000,0x67268348,0x696c0000)
 Metaspace       used 11079K, capacity 11197K, committed 11288K, reserved 11568K
Event: 12.253 GC heap after
Heap after GC invocations=7 (full 0):
 PSYoungGen      total 72192K, used 6128K [0x916c0000, 0x9a640000, 0xa6c00000)
  eden space 66048K, 0% used [0x916c0000,0x916c0000,0x95740000)
  from space 6144K, 99% used [0x95740000,0x95d3c020,0x95d40000)
  to   space 7424K, 0% used [0x99f00000,0x99f00000,0x9a640000)
 ParOldGen       total 43776K, used 7945K [0x66c00000, 0x696c0000, 0x916c0000)
  object space 43776K, 18% used [0x66c00000,0x673c2538,0x696c0000)
 Metaspace       used 11079K, capacity 11197K, committed 11288K, reserved 11568K
}
Event: 14.141 GC heap before
{Heap before GC invocations=8 (full 0):
 PSYoungGen      total 72192K, used 72176K [0x916c0000, 0x9a640000, 0xa6c00000)
  eden space 66048K, 100% used [0x916c0000,0x95740000,0x95740000)
  from space 6144K, 99% used [0x95740000,0x95d3c020,0x95d40000)
  to   space 7424K, 0% used [0x99f00000,0x99f00000,0x9a640000)
 ParOldGen       total 43776K, used 7945K [0x66c00000, 0x696c0000, 0x916c0000)
  object space 43776K, 18% used [0x66c00000,0x673c2538,0x696c0000)
 Metaspace       used 11543K, capacity 11698K, committed 11800K, reserved 12592K
Event: 14.196 GC heap after
Heap after GC invocations=8 (full 0):
 PSYoungGen      total 137472K, used 7424K [0x916c0000, 0x9aa40000, 0xa6c00000)
  eden space 130048K, 0% used [0x916c0000,0x916c0000,0x995c0000)
  from space 7424K, 100% used [0x99f00000,0x9a640000,0x9a640000)
  to   space 9472K, 0% used [0x995c0000,0x995c0000,0x99f00000)
 ParOldGen       total 43776K, used 10387K [0x66c00000, 0x696c0000, 0x916c0000)
  object space 43776K, 23% used [0x66c00000,0x67624ce8,0x696c0000)
 Metaspace       used 11543K, capacity 11698K, committed 11800K, reserved 12592K
}
Event: 18.497 GC heap before
{Heap before GC invocations=9 (full 0):
 PSYoungGen      total 137472K, used 137472K [0x916c0000, 0x9aa40000, 0xa6c00000)
  eden space 130048K, 100% used [0x916c0000,0x995c0000,0x995c0000)
  from space 7424K, 100% used [0x99f00000,0x9a640000,0x9a640000)
  to   space 9472K, 0% used [0x995c0000,0x995c0000,0x99f00000)
 ParOldGen       total 43776K, used 10387K [0x66c00000, 0x696c0000, 0x916c0000)
  object space 43776K, 23% used [0x66c00000,0x67624ce8,0x696c0000)
 Metaspace       used 15849K, capacity 16278K, committed 16384K, reserved 16688K

