# JRE version: OpenJDK Runtime Environment (8.0_162-b12) (build 1.8.0_162-8u162-b12-0ubuntu0.16.04.2-b12)
# Java VM: OpenJDK Server VM (25.162-b12 mixed mode linux-x86 )
Heap:
 PSYoungGen      total 113152K, used 7156K [0x918c0000, 0x98ec0000, 0xa6e00000)
  eden space 105984K, 0% used [0x918c0000,0x918c0000,0x98040000)
  from space 7168K, 99% used [0x98040000,0x9873d000,0x98740000)
  to   space 6656K, 0% used [0x98740000,0x98740000,0x98dc0000)
 ParOldGen       total 43776K, used 18677K [0x66e00000, 0x698c0000, 0x918c0000)
  object space 43776K, 42% used [0x66e00000,0x6803d7a0,0x698c0000)
 Metaspace       used 16086K, capacity 16356K, committed 16384K, reserved 16688K
GC Heap History (10 events):
Event: 6.711 GC heap after
Heap after GC invocations=6 (full 0):
 PSYoungGen      total 38144K, used 3851K [0x918c0000, 0x942c0000, 0xa6e00000)
  eden space 33280K, 0% used [0x918c0000,0x918c0000,0x93940000)
  from space 4864K, 79% used [0x93e00000,0x941c2c68,0x942c0000)
  to   space 4864K, 0% used [0x93940000,0x93940000,0x93e00000)
 ParOldGen       total 43776K, used 5416K [0x66e00000, 0x698c0000, 0x918c0000)
  object space 43776K, 12% used [0x66e00000,0x6734a118,0x698c0000)
 Metaspace       used 9986K, capacity 10075K, committed 10136K, reserved 10544K
}
Event: 8.226 GC heap before
{Heap before GC invocations=7 (full 0):
 PSYoungGen      total 38144K, used 37131K [0x918c0000, 0x942c0000, 0xa6e00000)
  eden space 33280K, 100% used [0x918c0000,0x93940000,0x93940000)
  from space 4864K, 79% used [0x93e00000,0x941c2c68,0x942c0000)
  to   space 4864K, 0% used [0x93940000,0x93940000,0x93e00000)
 ParOldGen       total 43776K, used 5416K [0x66e00000, 0x698c0000, 0x918c0000)
  object space 43776K, 12% used [0x66e00000,0x6734a118,0x698c0000)
 Metaspace       used 10826K, capacity 10924K, committed 11032K, reserved 11568K
Event: 8.254 GC heap after
Heap after GC invocations=7 (full 0):
 PSYoungGen      total 38144K, used 4582K [0x918c0000, 0x963c0000, 0xa6e00000)
  eden space 33280K, 0% used [0x918c0000,0x918c0000,0x93940000)
  from space 4864K, 94% used [0x93940000,0x93db9a58,0x93e00000)
  to   space 5120K, 0% used [0x95ec0000,0x95ec0000,0x963c0000)
 ParOldGen       total 43776K, used 6677K [0x66e00000, 0x698c0000, 0x918c0000)
  object space 43776K, 15% used [0x66e00000,0x67485468,0x698c0000)
 Metaspace       used 10826K, capacity 10924K, committed 11032K, reserved 11568K
}
Event: 9.104 GC heap before
{Heap before GC invocations=8 (full 0):
 PSYoungGen      total 38144K, used 37862K [0x918c0000, 0x963c0000, 0xa6e00000)
  eden space 33280K, 100% used [0x918c0000,0x93940000,0x93940000)
  from space 4864K, 94% used [0x93940000,0x93db9a58,0x93e00000)
  to   space 5120K, 0% used [0x95ec0000,0x95ec0000,0x963c0000)
 ParOldGen       total 43776K, used 6677K [0x66e00000, 0x698c0000, 0x918c0000)
  object space 43776K, 15% used [0x66e00000,0x67485468,0x698c0000)
 Metaspace       used 11003K, capacity 11121K, committed 11288K, reserved 11568K
Event: 9.127 GC heap after
Heap after GC invocations=8 (full 0):
 PSYoungGen      total 71680K, used 4192K [0x918c0000, 0x963c0000, 0xa6e00000)
  eden space 66560K, 0% used [0x918c0000,0x918c0000,0x959c0000)
  from space 5120K, 81% used [0x95ec0000,0x962d8010,0x963c0000)
  to   space 5120K, 0% used [0x959c0000,0x959c0000,0x95ec0000)
 ParOldGen       total 43776K, used 7664K [0x66e00000, 0x698c0000, 0x918c0000)
  object space 43776K, 17% used [0x66e00000,0x6757c358,0x698c0000)
 Metaspace       used 11003K, capacity 11121K, committed 11288K, reserved 11568K
}
Event: 10.144 GC heap before
{Heap before GC invocations=9 (full 0):
 PSYoungGen      total 71680K, used 70752K [0x918c0000, 0x963c0000, 0xa6e00000)
  eden space 66560K, 100% used [0x918c0000,0x959c0000,0x959c0000)
  from space 5120K, 81% used [0x95ec0000,0x962d8010,0x963c0000)
  to   space 5120K, 0% used [0x959c0000,0x959c0000,0x95ec0000)
 ParOldGen       total 43776K, used 7664K [0x66e00000, 0x698c0000, 0x918c0000)
  object space 43776K, 17% used [0x66e00000,0x6757c358,0x698c0000)
 Metaspace       used 11199K, capacity 11330K, committed 11416K, reserved 11568K
Event: 10.170 GC heap after
Heap after GC invocations=9 (full 0):
 PSYoungGen      total 71680K, used 5112K [0x918c0000, 0x98dc0000, 0xa6e00000)
  eden space 66560K, 0% used [0x918c0000,0x918c0000,0x959c0000)
  from space 5120K, 99% used [0x959c0000,0x95ebe030,0x95ec0000)
  to   space 6656K, 0% used [0x98740000,0x98740000,0x98dc0000)
 ParOldGen       total 43776K, used 10318K [0x66e00000, 0x698c0000, 0x918c0000)
  object space 43776K, 23% used [0x66e00000,0x67813828,0x698c0000)
 Metaspace       used 11199K, capacity 11330K, committed 11416K, reserved 11568K
}
Event: 11.647 GC heap before
{Heap before GC invocations=10 (full 0):
 PSYoungGen      total 71680K, used 71672K [0x918c0000, 0x98dc0000, 0xa6e00000)
  eden space 66560K, 100% used [0x918c0000,0x959c0000,0x959c0000)
  from space 5120K, 99% used [0x959c0000,0x95ebe030,0x95ec0000)
  to   space 6656K, 0% used [0x98740000,0x98740000,0x98dc0000)
 ParOldGen       total 43776K, used 10318K [0x66e00000, 0x698c0000, 0x918c0000)
  object space 43776K, 23% used [0x66e00000,0x67813828,0x698c0000)
 Metaspace       used 12356K, capacity 12557K, committed 12568K, reserved 12592K
Event: 11.677 GC heap after
Heap after GC invocations=10 (full 0):
 PSYoungGen      total 112640K, used 6475K [0x918c0000, 0x98ec0000, 0xa6e00000)
  eden space 105984K, 0% used [0x918c0000,0x918c0000,0x98040000)
  from space 6656K, 97% used [0x98740000,0x98d92e20,0x98dc0000)
  to   space 7168K, 0% used [0x98040000,0x98040000,0x98740000)
 ParOldGen       total 43776K, used 12632K [0x66e00000, 0x698c0000, 0x918c0000)
  object space 43776K, 28% used [0x66e00000,0x67a56188,0x698c0000)
 Metaspace       used 12356K, capacity 12557K, committed 12568K, reserved 12592K
}
Event: 14.102 GC heap before
{Heap before GC invocations=11 (full 0):
 PSYoungGen      total 112640K, used 105920K [0x918c0000, 0x98ec0000, 0xa6e00000)
  eden space 105984K, 93% used [0x918c0000,0x979dd4d0,0x98040000)
  from space 6656K, 97% used [0x98740000,0x98d92e20,0x98dc0000)
  to   space 7168K, 0% used [0x98040000,0x98040000,0x98740000)
 ParOldGen       total 43776K, used 12632K [0x66e00000, 0x698c0000, 0x918c0000)
  object space 43776K, 28% used [0x66e00000,0x67a56188,0x698c0000)
 Metaspace       used 16086K, capacity 16356K, committed 16384K, reserved 16688K

