# JRE version: OpenJDK Runtime Environment (8.0_151-b12) (build 1.8.0_151-8u151-b12-0ubuntu0.16.04.2-b12)
# Java VM: OpenJDK Server VM (25.151-b12 mixed mode linux-x86 )
Heap:
 PSYoungGen      total 113664K, used 7380K [0x916c0000, 0x98dc0000, 0xa6c00000)
  eden space 105984K, 0% used [0x916c0000,0x916c0000,0x97e40000)
  from space 7680K, 96% used [0x97e40000,0x98575140,0x985c0000)
  to   space 7168K, 0% used [0x985c0000,0x985c0000,0x98cc0000)
 ParOldGen       total 43776K, used 17418K [0x66c00000, 0x696c0000, 0x916c0000)
  object space 43776K, 39% used [0x66c00000,0x67d02808,0x696c0000)
 Metaspace       used 15959K, capacity 16342K, committed 16384K, reserved 16688K
GC Heap History (10 events):
Event: 5.426 GC heap after
Heap after GC invocations=6 (full 0):
 PSYoungGen      total 38144K, used 3789K [0x916c0000, 0x940c0000, 0xa6c00000)
  eden space 33280K, 0% used [0x916c0000,0x916c0000,0x93740000)
  from space 4864K, 77% used [0x93c00000,0x93fb3600,0x940c0000)
  to   space 4864K, 0% used [0x93740000,0x93740000,0x93c00000)
 ParOldGen       total 43776K, used 5394K [0x66c00000, 0x696c0000, 0x916c0000)
  object space 43776K, 12% used [0x66c00000,0x67144948,0x696c0000)
 Metaspace       used 9953K, capacity 10043K, committed 10136K, reserved 10544K
}
Event: 8.656 GC heap before
{Heap before GC invocations=7 (full 0):
 PSYoungGen      total 38144K, used 37069K [0x916c0000, 0x940c0000, 0xa6c00000)
  eden space 33280K, 100% used [0x916c0000,0x93740000,0x93740000)
  from space 4864K, 77% used [0x93c00000,0x93fb3600,0x940c0000)
  to   space 4864K, 0% used [0x93740000,0x93740000,0x93c00000)
 ParOldGen       total 43776K, used 5394K [0x66c00000, 0x696c0000, 0x916c0000)
  object space 43776K, 12% used [0x66c00000,0x67144948,0x696c0000)
 Metaspace       used 10777K, capacity 10892K, committed 11032K, reserved 11568K
Event: 8.682 GC heap after
Heap after GC invocations=7 (full 0):
 PSYoungGen      total 38144K, used 4863K [0x916c0000, 0x96340000, 0xa6c00000)
  eden space 33280K, 0% used [0x916c0000,0x916c0000,0x93740000)
  from space 4864K, 99% used [0x93740000,0x93bffcb0,0x93c00000)
  to   space 5888K, 0% used [0x95d80000,0x95d80000,0x96340000)
 ParOldGen       total 43776K, used 6358K [0x66c00000, 0x696c0000, 0x916c0000)
  object space 43776K, 14% used [0x66c00000,0x67235938,0x696c0000)
 Metaspace       used 10777K, capacity 10892K, committed 11032K, reserved 11568K
}
Event: 9.669 GC heap before
{Heap before GC invocations=8 (full 0):
 PSYoungGen      total 38144K, used 38143K [0x916c0000, 0x96340000, 0xa6c00000)
  eden space 33280K, 100% used [0x916c0000,0x93740000,0x93740000)
  from space 4864K, 99% used [0x93740000,0x93bffcb0,0x93c00000)
  to   space 5888K, 0% used [0x95d80000,0x95d80000,0x96340000)
 ParOldGen       total 43776K, used 6358K [0x66c00000, 0x696c0000, 0x916c0000)
  object space 43776K, 14% used [0x66c00000,0x67235938,0x696c0000)
 Metaspace       used 10966K, capacity 11057K, committed 11160K, reserved 11568K
Event: 9.688 GC heap after
Heap after GC invocations=8 (full 0):
 PSYoungGen      total 71936K, used 4320K [0x916c0000, 0x962c0000, 0xa6c00000)
  eden space 66560K, 0% used [0x916c0000,0x916c0000,0x957c0000)
  from space 5376K, 80% used [0x95d80000,0x961b8020,0x962c0000)
  to   space 5632K, 0% used [0x957c0000,0x957c0000,0x95d40000)
 ParOldGen       total 43776K, used 7556K [0x66c00000, 0x696c0000, 0x916c0000)
  object space 43776K, 17% used [0x66c00000,0x67361018,0x696c0000)
 Metaspace       used 10966K, capacity 11057K, committed 11160K, reserved 11568K
}
Event: 11.196 GC heap before
{Heap before GC invocations=9 (full 0):
 PSYoungGen      total 71936K, used 70880K [0x916c0000, 0x962c0000, 0xa6c00000)
  eden space 66560K, 100% used [0x916c0000,0x957c0000,0x957c0000)
  from space 5376K, 80% used [0x95d80000,0x961b8020,0x962c0000)
  to   space 5632K, 0% used [0x957c0000,0x957c0000,0x95d40000)
 ParOldGen       total 43776K, used 7556K [0x66c00000, 0x696c0000, 0x916c0000)
  object space 43776K, 17% used [0x66c00000,0x67361018,0x696c0000)
 Metaspace       used 11159K, capacity 11266K, committed 11416K, reserved 11568K
Event: 11.218 GC heap after
Heap after GC invocations=9 (full 0):
 PSYoungGen      total 72192K, used 5632K [0x916c0000, 0x98cc0000, 0xa6c00000)
  eden space 66560K, 0% used [0x916c0000,0x916c0000,0x957c0000)
  from space 5632K, 100% used [0x957c0000,0x95d40000,0x95d40000)
  to   space 7168K, 0% used [0x985c0000,0x985c0000,0x98cc0000)
 ParOldGen       total 43776K, used 9802K [0x66c00000, 0x696c0000, 0x916c0000)
  object space 43776K, 22% used [0x66c00000,0x67592a88,0x696c0000)
 Metaspace       used 11159K, capacity 11266K, committed 11416K, reserved 11568K
}
Event: 12.847 GC heap before
{Heap before GC invocations=10 (full 0):
 PSYoungGen      total 72192K, used 72192K [0x916c0000, 0x98cc0000, 0xa6c00000)
  eden space 66560K, 100% used [0x916c0000,0x957c0000,0x957c0000)
  from space 5632K, 100% used [0x957c0000,0x95d40000,0x95d40000)
  to   space 7168K, 0% used [0x985c0000,0x985c0000,0x98cc0000)
 ParOldGen       total 43776K, used 9802K [0x66c00000, 0x696c0000, 0x916c0000)
  object space 43776K, 22% used [0x66c00000,0x67592a88,0x696c0000)
 Metaspace       used 12245K, capacity 12425K, committed 12440K, reserved 12592K
Event: 12.893 GC heap after
Heap after GC invocations=10 (full 0):
 PSYoungGen      total 113152K, used 6335K [0x916c0000, 0x98dc0000, 0xa6c00000)
  eden space 105984K, 0% used [0x916c0000,0x916c0000,0x97e40000)
  from space 7168K, 88% used [0x985c0000,0x98befd20,0x98cc0000)
  to   space 7680K, 0% used [0x97e40000,0x97e40000,0x985c0000)
 ParOldGen       total 43776K, used 12454K [0x66c00000, 0x696c0000, 0x916c0000)
  object space 43776K, 28% used [0x66c00000,0x67829bd8,0x696c0000)
 Metaspace       used 12245K, capacity 12425K, committed 12440K, reserved 12592K
}
Event: 17.405 GC heap before
{Heap before GC invocations=11 (full 0):
 PSYoungGen      total 113152K, used 110978K [0x916c0000, 0x98dc0000, 0xa6c00000)
  eden space 105984K, 98% used [0x916c0000,0x97cf0ed8,0x97e40000)
  from space 7168K, 88% used [0x985c0000,0x98befd20,0x98cc0000)
  to   space 7680K, 0% used [0x97e40000,0x97e40000,0x985c0000)
 ParOldGen       total 43776K, used 12454K [0x66c00000, 0x696c0000, 0x916c0000)
  object space 43776K, 28% used [0x66c00000,0x67829bd8,0x696c0000)
 Metaspace       used 15959K, capacity 16342K, committed 16384K, reserved 16688K

