# JRE version: OpenJDK Runtime Environment (8.0_151-b12) (build 1.8.0_151-8u151-b12-0ubuntu0.16.04.2-b12)
# Java VM: OpenJDK Server VM (25.151-b12 mixed mode linux-x86 )
Heap:
 PSYoungGen      total 139520K, used 9202K [0x918c0000, 0x9abc0000, 0xa6e00000)
  eden space 130304K, 0% used [0x918c0000,0x918c0000,0x99800000)
  from space 9216K, 99% used [0x99800000,0x9a0fc960,0x9a100000)
  to   space 7424K, 0% used [0x9a100000,0x9a100000,0x9a840000)
 ParOldGen       total 43776K, used 17886K [0x66e00000, 0x698c0000, 0x918c0000)
  object space 43776K, 40% used [0x66e00000,0x67f77878,0x698c0000)
 Metaspace       used 15784K, capacity 16063K, committed 16152K, reserved 16688K
GC Heap History (10 events):
Event: 4.892 GC heap after
Heap after GC invocations=4 (full 0):
 PSYoungGen      total 35840K, used 2552K [0x918c0000, 0x93e40000, 0xa6e00000)
  eden space 33280K, 0% used [0x918c0000,0x918c0000,0x93940000)
  from space 2560K, 99% used [0x93bc0000,0x93e3e080,0x93e40000)
  to   space 2560K, 0% used [0x93940000,0x93940000,0x93bc0000)
 ParOldGen       total 43776K, used 4432K [0x66e00000, 0x698c0000, 0x918c0000)
  object space 43776K, 10% used [0x66e00000,0x672542e0,0x698c0000)
 Metaspace       used 8093K, capacity 8158K, committed 8216K, reserved 8496K
}
Event: 6.716 GC heap before
{Heap before GC invocations=5 (full 0):
 PSYoungGen      total 35840K, used 35832K [0x918c0000, 0x93e40000, 0xa6e00000)
  eden space 33280K, 100% used [0x918c0000,0x93940000,0x93940000)
  from space 2560K, 99% used [0x93bc0000,0x93e3e080,0x93e40000)
  to   space 2560K, 0% used [0x93940000,0x93940000,0x93bc0000)
 ParOldGen       total 43776K, used 4432K [0x66e00000, 0x698c0000, 0x918c0000)
  object space 43776K, 10% used [0x66e00000,0x672542e0,0x698c0000)
 Metaspace       used 9980K, capacity 10075K, committed 10136K, reserved 10544K
Event: 6.740 GC heap after
Heap after GC invocations=5 (full 0):
 PSYoungGen      total 35840K, used 2554K [0x918c0000, 0x964c0000, 0xa6e00000)
  eden space 33280K, 0% used [0x918c0000,0x918c0000,0x93940000)
  from space 2560K, 99% used [0x93940000,0x93bbe880,0x93bc0000)
  to   space 5632K, 0% used [0x95f40000,0x95f40000,0x964c0000)
 ParOldGen       total 43776K, used 6559K [0x66e00000, 0x698c0000, 0x918c0000)
  object space 43776K, 14% used [0x66e00000,0x67467cd8,0x698c0000)
 Metaspace       used 9980K, capacity 10075K, committed 10136K, reserved 10544K
}
Event: 8.268 GC heap before
{Heap before GC invocations=6 (full 0):
 PSYoungGen      total 35840K, used 35834K [0x918c0000, 0x964c0000, 0xa6e00000)
  eden space 33280K, 100% used [0x918c0000,0x93940000,0x93940000)
  from space 2560K, 99% used [0x93940000,0x93bbe880,0x93bc0000)
  to   space 5632K, 0% used [0x95f40000,0x95f40000,0x964c0000)
 ParOldGen       total 43776K, used 6559K [0x66e00000, 0x698c0000, 0x918c0000)
  object space 43776K, 14% used [0x66e00000,0x67467cd8,0x698c0000)
 Metaspace       used 10777K, capacity 10892K, committed 11032K, reserved 11568K
Event: 8.301 GC heap after
Heap after GC invocations=6 (full 0):
 PSYoungGen      total 71680K, used 5164K [0x918c0000, 0x965c0000, 0xa6e00000)
  eden space 66048K, 0% used [0x918c0000,0x918c0000,0x95940000)
  from space 5632K, 91% used [0x95f40000,0x9644b100,0x964c0000)
  to   space 6144K, 0% used [0x95940000,0x95940000,0x95f40000)
 ParOldGen       total 43776K, used 6563K [0x66e00000, 0x698c0000, 0x918c0000)
  object space 43776K, 14% used [0x66e00000,0x67468cd8,0x698c0000)
 Metaspace       used 10777K, capacity 10892K, committed 11032K, reserved 11568K
}
Event: 10.895 GC heap before
{Heap before GC invocations=7 (full 0):
 PSYoungGen      total 71680K, used 71212K [0x918c0000, 0x965c0000, 0xa6e00000)
  eden space 66048K, 100% used [0x918c0000,0x95940000,0x95940000)
  from space 5632K, 91% used [0x95f40000,0x9644b100,0x964c0000)
  to   space 6144K, 0% used [0x95940000,0x95940000,0x95f40000)
 ParOldGen       total 43776K, used 6563K [0x66e00000, 0x698c0000, 0x918c0000)
  object space 43776K, 14% used [0x66e00000,0x67468cd8,0x698c0000)
 Metaspace       used 11070K, capacity 11197K, committed 11288K, reserved 11568K
Event: 10.963 GC heap after
Heap after GC invocations=7 (full 0):
 PSYoungGen      total 72192K, used 6130K [0x918c0000, 0x9a840000, 0xa6e00000)
  eden space 66048K, 0% used [0x918c0000,0x918c0000,0x95940000)
  from space 6144K, 99% used [0x95940000,0x95f3c870,0x95f40000)
  to   space 7424K, 0% used [0x9a100000,0x9a100000,0x9a840000)
 ParOldGen       total 43776K, used 7819K [0x66e00000, 0x698c0000, 0x918c0000)
  object space 43776K, 17% used [0x66e00000,0x675a2d20,0x698c0000)
 Metaspace       used 11070K, capacity 11197K, committed 11288K, reserved 11568K
}
Event: 13.094 GC heap before
{Heap before GC invocations=8 (full 0):
 PSYoungGen      total 72192K, used 72178K [0x918c0000, 0x9a840000, 0xa6e00000)
  eden space 66048K, 100% used [0x918c0000,0x95940000,0x95940000)
  from space 6144K, 99% used [0x95940000,0x95f3c870,0x95f40000)
  to   space 7424K, 0% used [0x9a100000,0x9a100000,0x9a840000)
 ParOldGen       total 43776K, used 7819K [0x66e00000, 0x698c0000, 0x918c0000)
  object space 43776K, 17% used [0x66e00000,0x675a2d20,0x698c0000)
 Metaspace       used 11356K, capacity 11466K, committed 11544K, reserved 11568K
Event: 13.120 GC heap after
Heap after GC invocations=8 (full 0):
 PSYoungGen      total 137728K, used 7416K [0x918c0000, 0x9abc0000, 0xa6e00000)
  eden space 130304K, 0% used [0x918c0000,0x918c0000,0x99800000)
  from space 7424K, 99% used [0x9a100000,0x9a83e010,0x9a840000)
  to   space 9216K, 0% used [0x99800000,0x99800000,0x9a100000)
 ParOldGen       total 43776K, used 9751K [0x66e00000, 0x698c0000, 0x918c0000)
  object space 43776K, 22% used [0x66e00000,0x67785da8,0x698c0000)
 Metaspace       used 11356K, capacity 11466K, committed 11544K, reserved 11568K
}
Event: 18.687 GC heap before
{Heap before GC invocations=9 (full 0):
 PSYoungGen      total 137728K, used 137720K [0x918c0000, 0x9abc0000, 0xa6e00000)
  eden space 130304K, 100% used [0x918c0000,0x99800000,0x99800000)
  from space 7424K, 99% used [0x9a100000,0x9a83e010,0x9a840000)
  to   space 9216K, 0% used [0x99800000,0x99800000,0x9a100000)
 ParOldGen       total 43776K, used 9751K [0x66e00000, 0x698c0000, 0x918c0000)
  object space 43776K, 22% used [0x66e00000,0x67785da8,0x698c0000)
 Metaspace       used 15784K, capacity 16063K, committed 16152K, reserved 16688K

