# JRE version: OpenJDK Runtime Environment (8.0_151-b12) (build 1.8.0_151-8u151-b12-0ubuntu0.16.04.2-b12)
# Java VM: OpenJDK Server VM (25.151-b12 mixed mode linux-x86 )
Heap:
 PSYoungGen      total 111360K, used 93608K [0x918c0000, 0x99140000, 0xa6e00000)
  eden space 104704K, 83% used [0x918c0000,0x96dae0e0,0x97f00000)
  from space 6656K, 99% used [0x98740000,0x98dbc0f0,0x98dc0000)
  to   space 8448K, 0% used [0x97f00000,0x97f00000,0x98740000)
 ParOldGen       total 43776K, used 12424K [0x66e00000, 0x698c0000, 0x918c0000)
  object space 43776K, 28% used [0x66e00000,0x67a22288,0x698c0000)
 Metaspace       used 15454K, capacity 15862K, committed 15896K, reserved 16688K
GC Heap History (10 events):
Event: 6.197 GC heap before
{Heap before GC invocations=6 (full 0):
 PSYoungGen      total 19200K, used 19192K [0x918c0000, 0x94340000, 0xa6e00000)
  eden space 16640K, 100% used [0x918c0000,0x92900000,0x92900000)
  from space 2560K, 99% used [0x92900000,0x92b7e080,0x92b80000)
  to   space 5120K, 0% used [0x93e40000,0x93e40000,0x94340000)
 ParOldGen       total 43776K, used 5424K [0x66e00000, 0x698c0000, 0x918c0000)
  object space 43776K, 12% used [0x66e00000,0x6734c3f0,0x698c0000)
 Metaspace       used 9996K, capacity 10075K, committed 10136K, reserved 10544K
Event: 6.215 GC heap after
Heap after GC invocations=6 (full 0):
 PSYoungGen      total 37888K, used 3673K [0x918c0000, 0x942c0000, 0xa6e00000)
  eden space 33280K, 0% used [0x918c0000,0x918c0000,0x93940000)
  from space 4608K, 79% used [0x93e40000,0x941d6510,0x942c0000)
  to   space 4864K, 0% used [0x93940000,0x93940000,0x93e00000)
 ParOldGen       total 43776K, used 5428K [0x66e00000, 0x698c0000, 0x918c0000)
  object space 43776K, 12% used [0x66e00000,0x6734d3f0,0x698c0000)
 Metaspace       used 9996K, capacity 10075K, committed 10136K, reserved 10544K
}
Event: 8.373 GC heap before
{Heap before GC invocations=7 (full 0):
 PSYoungGen      total 37888K, used 36953K [0x918c0000, 0x942c0000, 0xa6e00000)
  eden space 33280K, 100% used [0x918c0000,0x93940000,0x93940000)
  from space 4608K, 79% used [0x93e40000,0x941d6510,0x942c0000)
  to   space 4864K, 0% used [0x93940000,0x93940000,0x93e00000)
 ParOldGen       total 43776K, used 5428K [0x66e00000, 0x698c0000, 0x918c0000)
  object space 43776K, 12% used [0x66e00000,0x6734d3f0,0x698c0000)
 Metaspace       used 10783K, capacity 10892K, committed 11032K, reserved 11568K
Event: 8.447 GC heap after
Heap after GC invocations=7 (full 0):
 PSYoungGen      total 38144K, used 4821K [0x918c0000, 0x96440000, 0xa6e00000)
  eden space 33280K, 0% used [0x918c0000,0x918c0000,0x93940000)
  from space 4864K, 99% used [0x93940000,0x93df5490,0x93e00000)
  to   space 5376K, 0% used [0x95f00000,0x95f00000,0x96440000)
 ParOldGen       total 43776K, used 6203K [0x66e00000, 0x698c0000, 0x918c0000)
  object space 43776K, 14% used [0x66e00000,0x6740ec88,0x698c0000)
 Metaspace       used 10783K, capacity 10892K, committed 11032K, reserved 11568K
}
Event: 10.287 GC heap before
{Heap before GC invocations=8 (full 0):
 PSYoungGen      total 38144K, used 38101K [0x918c0000, 0x96440000, 0xa6e00000)
  eden space 33280K, 100% used [0x918c0000,0x93940000,0x93940000)
  from space 4864K, 99% used [0x93940000,0x93df5490,0x93e00000)
  to   space 5376K, 0% used [0x95f00000,0x95f00000,0x96440000)
 ParOldGen       total 43776K, used 6203K [0x66e00000, 0x698c0000, 0x918c0000)
  object space 43776K, 14% used [0x66e00000,0x6740ec88,0x698c0000)
 Metaspace       used 10960K, capacity 11057K, committed 11160K, reserved 11568K
Event: 10.324 GC heap after
Heap after GC invocations=8 (full 0):
 PSYoungGen      total 71936K, used 4240K [0x918c0000, 0x96440000, 0xa6e00000)
  eden space 66560K, 0% used [0x918c0000,0x918c0000,0x959c0000)
  from space 5376K, 78% used [0x95f00000,0x96324000,0x96440000)
  to   space 5376K, 0% used [0x959c0000,0x959c0000,0x95f00000)
 ParOldGen       total 43776K, used 7421K [0x66e00000, 0x698c0000, 0x918c0000)
  object space 43776K, 16% used [0x66e00000,0x6753f4c8,0x698c0000)
 Metaspace       used 10960K, capacity 11057K, committed 11160K, reserved 11568K
}
Event: 12.078 GC heap before
{Heap before GC invocations=9 (full 0):
 PSYoungGen      total 71936K, used 70800K [0x918c0000, 0x96440000, 0xa6e00000)
  eden space 66560K, 100% used [0x918c0000,0x959c0000,0x959c0000)
  from space 5376K, 78% used [0x95f00000,0x96324000,0x96440000)
  to   space 5376K, 0% used [0x959c0000,0x959c0000,0x95f00000)
 ParOldGen       total 43776K, used 7421K [0x66e00000, 0x698c0000, 0x918c0000)
  object space 43776K, 16% used [0x66e00000,0x6753f4c8,0x698c0000)
 Metaspace       used 11147K, capacity 11266K, committed 11416K, reserved 11568K
Event: 12.106 GC heap after
Heap after GC invocations=9 (full 0):
 PSYoungGen      total 71936K, used 5376K [0x918c0000, 0x98dc0000, 0xa6e00000)
  eden space 66560K, 0% used [0x918c0000,0x918c0000,0x959c0000)
  from space 5376K, 100% used [0x959c0000,0x95f00000,0x95f00000)
  to   space 6656K, 0% used [0x98740000,0x98740000,0x98dc0000)
 ParOldGen       total 43776K, used 9920K [0x66e00000, 0x698c0000, 0x918c0000)
  object space 43776K, 22% used [0x66e00000,0x677b0058,0x698c0000)
 Metaspace       used 11147K, capacity 11266K, committed 11416K, reserved 11568K
}
Event: 13.981 GC heap before
{Heap before GC invocations=10 (full 0):
 PSYoungGen      total 71936K, used 71936K [0x918c0000, 0x98dc0000, 0xa6e00000)
  eden space 66560K, 100% used [0x918c0000,0x959c0000,0x959c0000)
  from space 5376K, 100% used [0x959c0000,0x95f00000,0x95f00000)
  to   space 6656K, 0% used [0x98740000,0x98740000,0x98dc0000)
 ParOldGen       total 43776K, used 9920K [0x66e00000, 0x698c0000, 0x918c0000)
  object space 43776K, 22% used [0x66e00000,0x677b0058,0x698c0000)
 Metaspace       used 12263K, capacity 12429K, committed 12440K, reserved 12592K
Event: 14.031 GC heap after
Heap after GC invocations=10 (full 0):
 PSYoungGen      total 111360K, used 6640K [0x918c0000, 0x99140000, 0xa6e00000)
  eden space 104704K, 0% used [0x918c0000,0x918c0000,0x97f00000)
  from space 6656K, 99% used [0x98740000,0x98dbc0f0,0x98dc0000)
  to   space 8448K, 0% used [0x97f00000,0x97f00000,0x98740000)
 ParOldGen       total 43776K, used 12424K [0x66e00000, 0x698c0000, 0x918c0000)
  object space 43776K, 28% used [0x66e00000,0x67a22288,0x698c0000)
 Metaspace       used 12263K, capacity 12429K, committed 12440K, reserved 12592K
}

