# JRE version: OpenJDK Runtime Environment (8.0_151-b12) (build 1.8.0_151-8u151-b12-0ubuntu0.16.04.2-b12)
# Java VM: OpenJDK Server VM (25.151-b12 mixed mode linux-x86 )
Heap:
 PSYoungGen      total 72448K, used 5888K [0x918c0000, 0x96540000, 0xa6e00000)
  eden space 66560K, 0% used [0x918c0000,0x918c0000,0x959c0000)
  from space 5888K, 100% used [0x959c0000,0x95f80000,0x95f80000)
  to   space 5888K, 0% used [0x95f80000,0x95f80000,0x96540000)
 ParOldGen       total 43776K, used 9618K [0x66e00000, 0x698c0000, 0x918c0000)
  object space 43776K, 21% used [0x66e00000,0x67764850,0x698c0000)
 Metaspace       used 11105K, capacity 11234K, committed 11288K, reserved 11568K
GC Heap History (10 events):
Event: 3.053 GC heap after
Heap after GC invocations=4 (full 0):
 PSYoungGen      total 19200K, used 2546K [0x918c0000, 0x93e40000, 0xa6e00000)
  eden space 16640K, 0% used [0x918c0000,0x918c0000,0x92900000)
  from space 2560K, 99% used [0x92b80000,0x92dfc890,0x92e00000)
  to   space 2560K, 0% used [0x92900000,0x92900000,0x92b80000)
 ParOldGen       total 43776K, used 4399K [0x66e00000, 0x698c0000, 0x918c0000)
  object space 43776K, 10% used [0x66e00000,0x6724bf58,0x698c0000)
 Metaspace       used 8076K, capacity 8156K, committed 8216K, reserved 8496K
}
Event: 4.001 GC heap before
{Heap before GC invocations=5 (full 0):
 PSYoungGen      total 19200K, used 19186K [0x918c0000, 0x93e40000, 0xa6e00000)
  eden space 16640K, 100% used [0x918c0000,0x92900000,0x92900000)
  from space 2560K, 99% used [0x92b80000,0x92dfc890,0x92e00000)
  to   space 2560K, 0% used [0x92900000,0x92900000,0x92b80000)
 ParOldGen       total 43776K, used 4399K [0x66e00000, 0x698c0000, 0x918c0000)
  object space 43776K, 10% used [0x66e00000,0x6724bf58,0x698c0000)
 Metaspace       used 8834K, capacity 8899K, committed 8984K, reserved 9520K
Event: 4.022 GC heap after
Heap after GC invocations=5 (full 0):
 PSYoungGen      total 19200K, used 2554K [0x918c0000, 0x942c0000, 0xa6e00000)
  eden space 16640K, 0% used [0x918c0000,0x918c0000,0x92900000)
  from space 2560K, 99% used [0x92900000,0x92b7e850,0x92b80000)
  to   space 4864K, 0% used [0x93e00000,0x93e00000,0x942c0000)
 ParOldGen       total 43776K, used 5450K [0x66e00000, 0x698c0000, 0x918c0000)
  object space 43776K, 12% used [0x66e00000,0x67352980,0x698c0000)
 Metaspace       used 8834K, capacity 8899K, committed 8984K, reserved 9520K
}
Event: 4.753 GC heap before
{Heap before GC invocations=6 (full 0):
 PSYoungGen      total 19200K, used 19194K [0x918c0000, 0x942c0000, 0xa6e00000)
  eden space 16640K, 100% used [0x918c0000,0x92900000,0x92900000)
  from space 2560K, 99% used [0x92900000,0x92b7e850,0x92b80000)
  to   space 4864K, 0% used [0x93e00000,0x93e00000,0x942c0000)
 ParOldGen       total 43776K, used 5450K [0x66e00000, 0x698c0000, 0x918c0000)
  object space 43776K, 12% used [0x66e00000,0x67352980,0x698c0000)
 Metaspace       used 9966K, capacity 10043K, committed 10136K, reserved 10544K
Event: 4.767 GC heap after
Heap after GC invocations=6 (full 0):
 PSYoungGen      total 38144K, used 3833K [0x918c0000, 0x942c0000, 0xa6e00000)
  eden space 33280K, 0% used [0x918c0000,0x918c0000,0x93940000)
  from space 4864K, 78% used [0x93e00000,0x941be7e8,0x942c0000)
  to   space 4864K, 0% used [0x93940000,0x93940000,0x93e00000)
 ParOldGen       total 43776K, used 5454K [0x66e00000, 0x698c0000, 0x918c0000)
  object space 43776K, 12% used [0x66e00000,0x67353980,0x698c0000)
 Metaspace       used 9966K, capacity 10043K, committed 10136K, reserved 10544K
}
Event: 5.917 GC heap before
{Heap before GC invocations=7 (full 0):
 PSYoungGen      total 38144K, used 37113K [0x918c0000, 0x942c0000, 0xa6e00000)
  eden space 33280K, 100% used [0x918c0000,0x93940000,0x93940000)
  from space 4864K, 78% used [0x93e00000,0x941be7e8,0x942c0000)
  to   space 4864K, 0% used [0x93940000,0x93940000,0x93e00000)
 ParOldGen       total 43776K, used 5454K [0x66e00000, 0x698c0000, 0x918c0000)
  object space 43776K, 12% used [0x66e00000,0x67353980,0x698c0000)
 Metaspace       used 10775K, capacity 10892K, committed 11032K, reserved 11568K
Event: 5.931 GC heap after
Heap after GC invocations=7 (full 0):
 PSYoungGen      total 38144K, used 4857K [0x918c0000, 0x96540000, 0xa6e00000)
  eden space 33280K, 0% used [0x918c0000,0x918c0000,0x93940000)
  from space 4864K, 99% used [0x93940000,0x93dfe728,0x93e00000)
  to   space 5888K, 0% used [0x95f80000,0x95f80000,0x96540000)
 ParOldGen       total 43776K, used 6371K [0x66e00000, 0x698c0000, 0x918c0000)
  object space 43776K, 14% used [0x66e00000,0x67438eb0,0x698c0000)
 Metaspace       used 10775K, capacity 10892K, committed 11032K, reserved 11568K
}
Event: 6.383 GC heap before
{Heap before GC invocations=8 (full 0):
 PSYoungGen      total 38144K, used 38137K [0x918c0000, 0x96540000, 0xa6e00000)
  eden space 33280K, 100% used [0x918c0000,0x93940000,0x93940000)
  from space 4864K, 99% used [0x93940000,0x93dfe728,0x93e00000)
  to   space 5888K, 0% used [0x95f80000,0x95f80000,0x96540000)
 ParOldGen       total 43776K, used 6371K [0x66e00000, 0x698c0000, 0x918c0000)
  object space 43776K, 14% used [0x66e00000,0x67438eb0,0x698c0000)
 Metaspace       used 10938K, capacity 11057K, committed 11160K, reserved 11568K
Event: 6.398 GC heap after
Heap after GC invocations=8 (full 0):
 PSYoungGen      total 72448K, used 4368K [0x918c0000, 0x96540000, 0xa6e00000)
  eden space 66560K, 0% used [0x918c0000,0x918c0000,0x959c0000)
  from space 5888K, 74% used [0x95f80000,0x963c4010,0x96540000)
  to   space 5888K, 0% used [0x959c0000,0x959c0000,0x95f80000)
 ParOldGen       total 43776K, used 7577K [0x66e00000, 0x698c0000, 0x918c0000)
  object space 43776K, 17% used [0x66e00000,0x675665b0,0x698c0000)
 Metaspace       used 10938K, capacity 11057K, committed 11160K, reserved 11568K
}
Event: 7.319 GC heap before
{Heap before GC invocations=9 (full 0):
 PSYoungGen      total 72448K, used 70928K [0x918c0000, 0x96540000, 0xa6e00000)
  eden space 66560K, 100% used [0x918c0000,0x959c0000,0x959c0000)
  from space 5888K, 74% used [0x95f80000,0x963c4010,0x96540000)
  to   space 5888K, 0% used [0x959c0000,0x959c0000,0x95f80000)
 ParOldGen       total 43776K, used 7577K [0x66e00000, 0x698c0000, 0x918c0000)
  object space 43776K, 17% used [0x66e00000,0x675665b0,0x698c0000)
 Metaspace       used 11105K, capacity 11234K, committed 11288K, reserved 11568K

