# JRE version: OpenJDK Runtime Environment (8.0_162-b12) (build 1.8.0_162-8u162-b12-0ubuntu0.16.04.2-b12)
# Java VM: OpenJDK Server VM (25.162-b12 mixed mode linux-x86 )
Heap:
 PSYoungGen      total 113152K, used 6922K [0x918c0000, 0x98f40000, 0xa6e00000)
  eden space 105728K, 0% used [0x918c0000,0x918c0000,0x98000000)
  from space 7424K, 93% used [0x98000000,0x986c2a58,0x98740000)
  to   space 6656K, 0% used [0x98740000,0x98740000,0x98dc0000)
 ParOldGen       total 43776K, used 17435K [0x66e00000, 0x698c0000, 0x918c0000)
  object space 43776K, 39% used [0x66e00000,0x67f06e50,0x698c0000)
 Metaspace       used 15913K, capacity 16345K, committed 16384K, reserved 16688K
GC Heap History (10 events):
Event: 3.168 GC heap after
Heap after GC invocations=6 (full 0):
 PSYoungGen      total 38400K, used 3978K [0x918c0000, 0x94340000, 0xa6e00000)
  eden space 33280K, 0% used [0x918c0000,0x918c0000,0x93940000)
  from space 5120K, 77% used [0x93e40000,0x94222b68,0x94340000)
  to   space 5120K, 0% used [0x93940000,0x93940000,0x93e40000)
 ParOldGen       total 43776K, used 5363K [0x66e00000, 0x698c0000, 0x918c0000)
  object space 43776K, 12% used [0x66e00000,0x6733cc30,0x698c0000)
 Metaspace       used 10054K, capacity 10139K, committed 10264K, reserved 10544K
}
Event: 4.672 GC heap before
{Heap before GC invocations=7 (full 0):
 PSYoungGen      total 38400K, used 37258K [0x918c0000, 0x94340000, 0xa6e00000)
  eden space 33280K, 100% used [0x918c0000,0x93940000,0x93940000)
  from space 5120K, 77% used [0x93e40000,0x94222b68,0x94340000)
  to   space 5120K, 0% used [0x93940000,0x93940000,0x93e40000)
 ParOldGen       total 43776K, used 5363K [0x66e00000, 0x698c0000, 0x918c0000)
  object space 43776K, 12% used [0x66e00000,0x6733cc30,0x698c0000)
 Metaspace       used 10827K, capacity 10924K, committed 11032K, reserved 11568K
Event: 4.701 GC heap after
Heap after GC invocations=7 (full 0):
 PSYoungGen      total 38400K, used 4499K [0x918c0000, 0x96440000, 0xa6e00000)
  eden space 33280K, 0% used [0x918c0000,0x918c0000,0x93940000)
  from space 5120K, 87% used [0x93940000,0x93da4e58,0x93e40000)
  to   space 5376K, 0% used [0x95f00000,0x95f00000,0x96440000)
 ParOldGen       total 43776K, used 6589K [0x66e00000, 0x698c0000, 0x918c0000)
  object space 43776K, 15% used [0x66e00000,0x6746f4b0,0x698c0000)
 Metaspace       used 10827K, capacity 10924K, committed 11032K, reserved 11568K
}
Event: 5.161 GC heap before
{Heap before GC invocations=8 (full 0):
 PSYoungGen      total 38400K, used 37779K [0x918c0000, 0x96440000, 0xa6e00000)
  eden space 33280K, 100% used [0x918c0000,0x93940000,0x93940000)
  from space 5120K, 87% used [0x93940000,0x93da4e58,0x93e40000)
  to   space 5376K, 0% used [0x95f00000,0x95f00000,0x96440000)
 ParOldGen       total 43776K, used 6589K [0x66e00000, 0x698c0000, 0x918c0000)
  object space 43776K, 15% used [0x66e00000,0x6746f4b0,0x698c0000)
 Metaspace       used 10992K, capacity 11089K, committed 11160K, reserved 11568K
Event: 5.169 GC heap after
Heap after GC invocations=8 (full 0):
 PSYoungGen      total 71936K, used 4192K [0x918c0000, 0x96440000, 0xa6e00000)
  eden space 66560K, 0% used [0x918c0000,0x918c0000,0x959c0000)
  from space 5376K, 77% used [0x95f00000,0x96318010,0x96440000)
  to   space 5376K, 0% used [0x959c0000,0x959c0000,0x95f00000)
 ParOldGen       total 43776K, used 7614K [0x66e00000, 0x698c0000, 0x918c0000)
  object space 43776K, 17% used [0x66e00000,0x6756fbc0,0x698c0000)
 Metaspace       used 10992K, capacity 11089K, committed 11160K, reserved 11568K
}
Event: 5.715 GC heap before
{Heap before GC invocations=9 (full 0):
 PSYoungGen      total 71936K, used 70752K [0x918c0000, 0x96440000, 0xa6e00000)
  eden space 66560K, 100% used [0x918c0000,0x959c0000,0x959c0000)
  from space 5376K, 77% used [0x95f00000,0x96318010,0x96440000)
  to   space 5376K, 0% used [0x959c0000,0x959c0000,0x95f00000)
 ParOldGen       total 43776K, used 7614K [0x66e00000, 0x698c0000, 0x918c0000)
  object space 43776K, 17% used [0x66e00000,0x6756fbc0,0x698c0000)
 Metaspace       used 11176K, capacity 11298K, committed 11416K, reserved 11568K
Event: 5.730 GC heap after
Heap after GC invocations=9 (full 0):
 PSYoungGen      total 71936K, used 5368K [0x918c0000, 0x98dc0000, 0xa6e00000)
  eden space 66560K, 0% used [0x918c0000,0x918c0000,0x959c0000)
  from space 5376K, 99% used [0x959c0000,0x95efe030,0x95f00000)
  to   space 6656K, 0% used [0x98740000,0x98740000,0x98dc0000)
 ParOldGen       total 43776K, used 10005K [0x66e00000, 0x698c0000, 0x918c0000)
  object space 43776K, 22% used [0x66e00000,0x677c5538,0x698c0000)
 Metaspace       used 11176K, capacity 11298K, committed 11416K, reserved 11568K
}
Event: 6.602 GC heap before
{Heap before GC invocations=10 (full 0):
 PSYoungGen      total 71936K, used 71928K [0x918c0000, 0x98dc0000, 0xa6e00000)
  eden space 66560K, 100% used [0x918c0000,0x959c0000,0x959c0000)
  from space 5376K, 99% used [0x959c0000,0x95efe030,0x95f00000)
  to   space 6656K, 0% used [0x98740000,0x98740000,0x98dc0000)
 ParOldGen       total 43776K, used 10005K [0x66e00000, 0x698c0000, 0x918c0000)
  object space 43776K, 22% used [0x66e00000,0x677c5538,0x698c0000)
 Metaspace       used 12330K, capacity 12525K, committed 12568K, reserved 12592K
Event: 6.614 GC heap after
Heap after GC invocations=10 (full 0):
 PSYoungGen      total 112384K, used 6468K [0x918c0000, 0x98f40000, 0xa6e00000)
  eden space 105728K, 0% used [0x918c0000,0x918c0000,0x98000000)
  from space 6656K, 97% used [0x98740000,0x98d91308,0x98dc0000)
  to   space 7424K, 0% used [0x98000000,0x98000000,0x98740000)
 ParOldGen       total 43776K, used 12555K [0x66e00000, 0x698c0000, 0x918c0000)
  object space 43776K, 28% used [0x66e00000,0x67a42e98,0x698c0000)
 Metaspace       used 12330K, capacity 12525K, committed 12568K, reserved 12592K
}
Event: 8.036 GC heap before
{Heap before GC invocations=11 (full 0):
 PSYoungGen      total 112384K, used 104773K [0x918c0000, 0x98f40000, 0xa6e00000)
  eden space 105728K, 92% used [0x918c0000,0x978c0150,0x98000000)
  from space 6656K, 97% used [0x98740000,0x98d91308,0x98dc0000)
  to   space 7424K, 0% used [0x98000000,0x98000000,0x98740000)
 ParOldGen       total 43776K, used 12555K [0x66e00000, 0x698c0000, 0x918c0000)
  object space 43776K, 28% used [0x66e00000,0x67a42e98,0x698c0000)
 Metaspace       used 15913K, capacity 16345K, committed 16384K, reserved 16688K

