# JRE version: OpenJDK Runtime Environment (8.0_151-b12) (build 1.8.0_151-8u151-b12-0ubuntu0.16.04.2-b12)
# Java VM: OpenJDK Server VM (25.151-b12 mixed mode linux-x86 )
Heap:
 PSYoungGen      total 138240K, used 96550K [0x916c0000, 0x9a9c0000, 0xa6c00000)
  eden space 130560K, 68% used [0x916c0000,0x96d8bbe8,0x99640000)
  from space 7680K, 99% used [0x99f40000,0x9a6be010,0x9a6c0000)
  to   space 9216K, 0% used [0x99640000,0x99640000,0x99f40000)
 ParOldGen       total 43776K, used 9263K [0x66c00000, 0x696c0000, 0x916c0000)
  object space 43776K, 21% used [0x66c00000,0x6750bde8,0x696c0000)
 Metaspace       used 13515K, capacity 13806K, committed 13848K, reserved 14640K
GC Heap History (10 events):
Event: 2.850 GC heap before
{Heap before GC invocations=4 (full 0):
 PSYoungGen      total 19200K, used 19189K [0x916c0000, 0x93c40000, 0xa6c00000)
  eden space 16640K, 100% used [0x916c0000,0x92700000,0x92700000)
  from space 2560K, 99% used [0x92700000,0x9297d5a8,0x92980000)
  to   space 2560K, 0% used [0x939c0000,0x939c0000,0x93c40000)
 ParOldGen       total 43776K, used 2295K [0x66c00000, 0x696c0000, 0x916c0000)
  object space 43776K, 5% used [0x66c00000,0x66e3df10,0x696c0000)
 Metaspace       used 8088K, capacity 8156K, committed 8216K, reserved 8496K
Event: 2.885 GC heap after
Heap after GC invocations=4 (full 0):
 PSYoungGen      total 35840K, used 2546K [0x916c0000, 0x93c40000, 0xa6c00000)
  eden space 33280K, 0% used [0x916c0000,0x916c0000,0x93740000)
  from space 2560K, 99% used [0x939c0000,0x93c3c890,0x93c40000)
  to   space 2560K, 0% used [0x93740000,0x93740000,0x939c0000)
 ParOldGen       total 43776K, used 4343K [0x66c00000, 0x696c0000, 0x916c0000)
  object space 43776K, 9% used [0x66c00000,0x6703de88,0x696c0000)
 Metaspace       used 8088K, capacity 8156K, committed 8216K, reserved 8496K
}
Event: 4.872 GC heap before
{Heap before GC invocations=5 (full 0):
 PSYoungGen      total 35840K, used 35826K [0x916c0000, 0x93c40000, 0xa6c00000)
  eden space 33280K, 100% used [0x916c0000,0x93740000,0x93740000)
  from space 2560K, 99% used [0x939c0000,0x93c3c890,0x93c40000)
  to   space 2560K, 0% used [0x93740000,0x93740000,0x939c0000)
 ParOldGen       total 43776K, used 4343K [0x66c00000, 0x696c0000, 0x916c0000)
  object space 43776K, 9% used [0x66c00000,0x6703de88,0x696c0000)
 Metaspace       used 9964K, capacity 10043K, committed 10136K, reserved 10544K
Event: 4.901 GC heap after
Heap after GC invocations=5 (full 0):
 PSYoungGen      total 35840K, used 2554K [0x916c0000, 0x962c0000, 0xa6c00000)
  eden space 33280K, 0% used [0x916c0000,0x916c0000,0x93740000)
  from space 2560K, 99% used [0x93740000,0x939be870,0x939c0000)
  to   space 5632K, 0% used [0x95d40000,0x95d40000,0x962c0000)
 ParOldGen       total 43776K, used 6420K [0x66c00000, 0x696c0000, 0x916c0000)
  object space 43776K, 14% used [0x66c00000,0x67245168,0x696c0000)
 Metaspace       used 9964K, capacity 10043K, committed 10136K, reserved 10544K
}
Event: 8.172 GC heap before
{Heap before GC invocations=6 (full 0):
 PSYoungGen      total 35840K, used 35834K [0x916c0000, 0x962c0000, 0xa6c00000)
  eden space 33280K, 100% used [0x916c0000,0x93740000,0x93740000)
  from space 2560K, 99% used [0x93740000,0x939be870,0x939c0000)
  to   space 5632K, 0% used [0x95d40000,0x95d40000,0x962c0000)
 ParOldGen       total 43776K, used 6420K [0x66c00000, 0x696c0000, 0x916c0000)
  object space 43776K, 14% used [0x66c00000,0x67245168,0x696c0000)
 Metaspace       used 10777K, capacity 10892K, committed 11032K, reserved 11568K
Event: 8.236 GC heap after
Heap after GC invocations=6 (full 0):
 PSYoungGen      total 71680K, used 5255K [0x916c0000, 0x963c0000, 0xa6c00000)
  eden space 66048K, 0% used [0x916c0000,0x916c0000,0x95740000)
  from space 5632K, 93% used [0x95d40000,0x96261ce0,0x962c0000)
  to   space 6144K, 0% used [0x95740000,0x95740000,0x95d40000)
 ParOldGen       total 43776K, used 6424K [0x66c00000, 0x696c0000, 0x916c0000)
  object space 43776K, 14% used [0x66c00000,0x67246168,0x696c0000)
 Metaspace       used 10777K, capacity 10892K, committed 11032K, reserved 11568K
}
Event: 10.145 GC heap before
{Heap before GC invocations=7 (full 0):
 PSYoungGen      total 71680K, used 71303K [0x916c0000, 0x963c0000, 0xa6c00000)
  eden space 66048K, 100% used [0x916c0000,0x95740000,0x95740000)
  from space 5632K, 93% used [0x95d40000,0x96261ce0,0x962c0000)
  to   space 6144K, 0% used [0x95740000,0x95740000,0x95d40000)
 ParOldGen       total 43776K, used 6424K [0x66c00000, 0x696c0000, 0x916c0000)
  object space 43776K, 14% used [0x66c00000,0x67246168,0x696c0000)
 Metaspace       used 11114K, capacity 11229K, committed 11288K, reserved 11568K
Event: 10.185 GC heap after
Heap after GC invocations=7 (full 0):
 PSYoungGen      total 72192K, used 6128K [0x916c0000, 0x9a6c0000, 0xa6c00000)
  eden space 66048K, 0% used [0x916c0000,0x916c0000,0x95740000)
  from space 6144K, 99% used [0x95740000,0x95d3c030,0x95d40000)
  to   space 7680K, 0% used [0x99f40000,0x99f40000,0x9a6c0000)
 ParOldGen       total 43776K, used 7744K [0x66c00000, 0x696c0000, 0x916c0000)
  object space 43776K, 17% used [0x66c00000,0x67390328,0x696c0000)
 Metaspace       used 11114K, capacity 11229K, committed 11288K, reserved 11568K
}
Event: 12.107 GC heap before
{Heap before GC invocations=8 (full 0):
 PSYoungGen      total 72192K, used 72176K [0x916c0000, 0x9a6c0000, 0xa6c00000)
  eden space 66048K, 100% used [0x916c0000,0x95740000,0x95740000)
  from space 6144K, 99% used [0x95740000,0x95d3c030,0x95d40000)
  to   space 7680K, 0% used [0x99f40000,0x99f40000,0x9a6c0000)
 ParOldGen       total 43776K, used 7744K [0x66c00000, 0x696c0000, 0x916c0000)
  object space 43776K, 17% used [0x66c00000,0x67390328,0x696c0000)
 Metaspace       used 11359K, capacity 11498K, committed 11544K, reserved 11568K
Event: 12.187 GC heap after
Heap after GC invocations=8 (full 0):
 PSYoungGen      total 138240K, used 7672K [0x916c0000, 0x9a9c0000, 0xa6c00000)
  eden space 130560K, 0% used [0x916c0000,0x916c0000,0x99640000)
  from space 7680K, 99% used [0x99f40000,0x9a6be010,0x9a6c0000)
  to   space 9216K, 0% used [0x99640000,0x99640000,0x99f40000)
 ParOldGen       total 43776K, used 9263K [0x66c00000, 0x696c0000, 0x916c0000)
  object space 43776K, 21% used [0x66c00000,0x6750bde8,0x696c0000)
 Metaspace       used 11359K, capacity 11498K, committed 11544K, reserved 11568K
}

