# JRE version: OpenJDK Runtime Environment (8.0_162-b12) (build 1.8.0_162-8u162-b12-0ubuntu0.16.04.2-b12)
# Java VM: OpenJDK Server VM (25.162-b12 mixed mode linux-x86 )
Heap:
 PSYoungGen      total 113152K, used 7158K [0x916c0000, 0x98cc0000, 0xa6c00000)
  eden space 105984K, 0% used [0x916c0000,0x916c0000,0x97e40000)
  from space 7168K, 99% used [0x97e40000,0x9853da08,0x98540000)
  to   space 6656K, 0% used [0x98540000,0x98540000,0x98bc0000)
 ParOldGen       total 43776K, used 18546K [0x66c00000, 0x696c0000, 0x916c0000)
  object space 43776K, 42% used [0x66c00000,0x67e1cb90,0x696c0000)
 Metaspace       used 16078K, capacity 16356K, committed 16384K, reserved 16688K
GC Heap History (10 events):
Event: 4.617 GC heap after
Heap after GC invocations=6 (full 0):
 PSYoungGen      total 38144K, used 3659K [0x916c0000, 0x940c0000, 0xa6c00000)
  eden space 33280K, 0% used [0x916c0000,0x916c0000,0x93740000)
  from space 4864K, 75% used [0x93c00000,0x93f92f98,0x940c0000)
  to   space 4864K, 0% used [0x93740000,0x93740000,0x93c00000)
 ParOldGen       total 43776K, used 5467K [0x66c00000, 0x696c0000, 0x916c0000)
  object space 43776K, 12% used [0x66c00000,0x67156cb8,0x696c0000)
 Metaspace       used 10002K, capacity 10075K, committed 10136K, reserved 10544K
}
Event: 6.192 GC heap before
{Heap before GC invocations=7 (full 0):
 PSYoungGen      total 38144K, used 36939K [0x916c0000, 0x940c0000, 0xa6c00000)
  eden space 33280K, 100% used [0x916c0000,0x93740000,0x93740000)
  from space 4864K, 75% used [0x93c00000,0x93f92f98,0x940c0000)
  to   space 4864K, 0% used [0x93740000,0x93740000,0x93c00000)
 ParOldGen       total 43776K, used 5467K [0x66c00000, 0x696c0000, 0x916c0000)
  object space 43776K, 12% used [0x66c00000,0x67156cb8,0x696c0000)
 Metaspace       used 10845K, capacity 10924K, committed 11032K, reserved 11568K
Event: 6.230 GC heap after
Heap after GC invocations=7 (full 0):
 PSYoungGen      total 38144K, used 4470K [0x916c0000, 0x961c0000, 0xa6c00000)
  eden space 33280K, 0% used [0x916c0000,0x916c0000,0x93740000)
  from space 4864K, 91% used [0x93740000,0x93b9da28,0x93c00000)
  to   space 5120K, 0% used [0x95cc0000,0x95cc0000,0x961c0000)
 ParOldGen       total 43776K, used 6597K [0x66c00000, 0x696c0000, 0x916c0000)
  object space 43776K, 15% used [0x66c00000,0x67271418,0x696c0000)
 Metaspace       used 10845K, capacity 10924K, committed 11032K, reserved 11568K
}
Event: 7.265 GC heap before
{Heap before GC invocations=8 (full 0):
 PSYoungGen      total 38144K, used 37750K [0x916c0000, 0x961c0000, 0xa6c00000)
  eden space 33280K, 100% used [0x916c0000,0x93740000,0x93740000)
  from space 4864K, 91% used [0x93740000,0x93b9da28,0x93c00000)
  to   space 5120K, 0% used [0x95cc0000,0x95cc0000,0x961c0000)
 ParOldGen       total 43776K, used 6597K [0x66c00000, 0x696c0000, 0x916c0000)
  object space 43776K, 15% used [0x66c00000,0x67271418,0x696c0000)
 Metaspace       used 11048K, capacity 11153K, committed 11288K, reserved 11568K
Event: 7.318 GC heap after
Heap after GC invocations=8 (full 0):
 PSYoungGen      total 71680K, used 4384K [0x916c0000, 0x961c0000, 0xa6c00000)
  eden space 66560K, 0% used [0x916c0000,0x916c0000,0x957c0000)
  from space 5120K, 85% used [0x95cc0000,0x96108000,0x961c0000)
  to   space 5120K, 0% used [0x957c0000,0x957c0000,0x95cc0000)
 ParOldGen       total 43776K, used 7442K [0x66c00000, 0x696c0000, 0x916c0000)
  object space 43776K, 17% used [0x66c00000,0x67344b18,0x696c0000)
 Metaspace       used 11048K, capacity 11153K, committed 11288K, reserved 11568K
}
Event: 10.162 GC heap before
{Heap before GC invocations=9 (full 0):
 PSYoungGen      total 71680K, used 70944K [0x916c0000, 0x961c0000, 0xa6c00000)
  eden space 66560K, 100% used [0x916c0000,0x957c0000,0x957c0000)
  from space 5120K, 85% used [0x95cc0000,0x96108000,0x961c0000)
  to   space 5120K, 0% used [0x957c0000,0x957c0000,0x95cc0000)
 ParOldGen       total 43776K, used 7442K [0x66c00000, 0x696c0000, 0x916c0000)
  object space 43776K, 17% used [0x66c00000,0x67344b18,0x696c0000)
 Metaspace       used 11214K, capacity 11330K, committed 11416K, reserved 11568K
Event: 10.206 GC heap after
Heap after GC invocations=9 (full 0):
 PSYoungGen      total 71680K, used 5120K [0x916c0000, 0x98bc0000, 0xa6c00000)
  eden space 66560K, 0% used [0x916c0000,0x916c0000,0x957c0000)
  from space 5120K, 100% used [0x957c0000,0x95cc0000,0x95cc0000)
  to   space 6656K, 0% used [0x98540000,0x98540000,0x98bc0000)
 ParOldGen       total 43776K, used 10082K [0x66c00000, 0x696c0000, 0x916c0000)
  object space 43776K, 23% used [0x66c00000,0x675d88f0,0x696c0000)
 Metaspace       used 11214K, capacity 11330K, committed 11416K, reserved 11568K
}
Event: 13.001 GC heap before
{Heap before GC invocations=10 (full 0):
 PSYoungGen      total 71680K, used 71680K [0x916c0000, 0x98bc0000, 0xa6c00000)
  eden space 66560K, 100% used [0x916c0000,0x957c0000,0x957c0000)
  from space 5120K, 100% used [0x957c0000,0x95cc0000,0x95cc0000)
  to   space 6656K, 0% used [0x98540000,0x98540000,0x98bc0000)
 ParOldGen       total 43776K, used 10082K [0x66c00000, 0x696c0000, 0x916c0000)
  object space 43776K, 23% used [0x66c00000,0x675d88f0,0x696c0000)
 Metaspace       used 12340K, capacity 12525K, committed 12568K, reserved 12592K
Event: 13.042 GC heap after
Heap after GC invocations=10 (full 0):
 PSYoungGen      total 112640K, used 6338K [0x916c0000, 0x98cc0000, 0xa6c00000)
  eden space 105984K, 0% used [0x916c0000,0x916c0000,0x97e40000)
  from space 6656K, 95% used [0x98540000,0x98b708e8,0x98bc0000)
  to   space 7168K, 0% used [0x97e40000,0x97e40000,0x98540000)
 ParOldGen       total 43776K, used 12534K [0x66c00000, 0x696c0000, 0x916c0000)
  object space 43776K, 28% used [0x66c00000,0x6783da40,0x696c0000)
 Metaspace       used 12340K, capacity 12525K, committed 12568K, reserved 12592K
}
Event: 16.717 GC heap before
{Heap before GC invocations=11 (full 0):
 PSYoungGen      total 112640K, used 107899K [0x916c0000, 0x98cc0000, 0xa6c00000)
  eden space 105984K, 95% used [0x916c0000,0x979ee418,0x97e40000)
  from space 6656K, 95% used [0x98540000,0x98b708e8,0x98bc0000)
  to   space 7168K, 0% used [0x97e40000,0x97e40000,0x98540000)
 ParOldGen       total 43776K, used 12534K [0x66c00000, 0x696c0000, 0x916c0000)
  object space 43776K, 28% used [0x66c00000,0x6783da40,0x696c0000)
 Metaspace       used 16078K, capacity 16356K, committed 16384K, reserved 16688K

