# JRE version: OpenJDK Runtime Environment (8.0_162-b12) (build 1.8.0_162-8u162-b12-0ubuntu0.16.04.2-b12)
# Java VM: OpenJDK Server VM (25.162-b12 mixed mode linux-x86 )
Heap:
 PSYoungGen      total 112640K, used 40266K [0x918c0000, 0x98ec0000, 0xa6e00000)
  eden space 105984K, 31% used [0x918c0000,0x939c6288,0x98040000)
  from space 6656K, 96% used [0x98740000,0x98d8c940,0x98dc0000)
  to   space 7168K, 0% used [0x98040000,0x98040000,0x98740000)
 ParOldGen       total 43776K, used 12456K [0x66e00000, 0x698c0000, 0x918c0000)
  object space 43776K, 28% used [0x66e00000,0x67a2a078,0x698c0000)
 Metaspace       used 13417K, capacity 13712K, committed 13720K, reserved 14640K
GC Heap History (10 events):
Event: 8.131 GC heap before
{Heap before GC invocations=6 (full 0):
 PSYoungGen      total 19200K, used 19186K [0x918c0000, 0x942c0000, 0xa6e00000)
  eden space 16640K, 100% used [0x918c0000,0x92900000,0x92900000)
  from space 2560K, 99% used [0x92900000,0x92b7c890,0x92b80000)
  to   space 4864K, 0% used [0x93e00000,0x93e00000,0x942c0000)
 ParOldGen       total 43776K, used 5454K [0x66e00000, 0x698c0000, 0x918c0000)
  object space 43776K, 12% used [0x66e00000,0x67353be0,0x698c0000)
 Metaspace       used 9995K, capacity 10075K, committed 10136K, reserved 10544K
Event: 8.146 GC heap after
Heap after GC invocations=6 (full 0):
 PSYoungGen      total 38144K, used 3665K [0x918c0000, 0x942c0000, 0xa6e00000)
  eden space 33280K, 0% used [0x918c0000,0x918c0000,0x93940000)
  from space 4864K, 75% used [0x93e00000,0x94194788,0x942c0000)
  to   space 4864K, 0% used [0x93940000,0x93940000,0x93e00000)
 ParOldGen       total 43776K, used 5458K [0x66e00000, 0x698c0000, 0x918c0000)
  object space 43776K, 12% used [0x66e00000,0x67354be0,0x698c0000)
 Metaspace       used 9995K, capacity 10075K, committed 10136K, reserved 10544K
}
Event: 9.772 GC heap before
{Heap before GC invocations=7 (full 0):
 PSYoungGen      total 38144K, used 36945K [0x918c0000, 0x942c0000, 0xa6e00000)
  eden space 33280K, 100% used [0x918c0000,0x93940000,0x93940000)
  from space 4864K, 75% used [0x93e00000,0x94194788,0x942c0000)
  to   space 4864K, 0% used [0x93940000,0x93940000,0x93e00000)
 ParOldGen       total 43776K, used 5458K [0x66e00000, 0x698c0000, 0x918c0000)
  object space 43776K, 12% used [0x66e00000,0x67354be0,0x698c0000)
 Metaspace       used 10836K, capacity 10956K, committed 11032K, reserved 11568K
Event: 9.795 GC heap after
Heap after GC invocations=7 (full 0):
 PSYoungGen      total 38144K, used 4396K [0x918c0000, 0x963c0000, 0xa6e00000)
  eden space 33280K, 0% used [0x918c0000,0x918c0000,0x93940000)
  from space 4864K, 90% used [0x93940000,0x93d8b218,0x93e00000)
  to   space 5120K, 0% used [0x95ec0000,0x95ec0000,0x963c0000)
 ParOldGen       total 43776K, used 6641K [0x66e00000, 0x698c0000, 0x918c0000)
  object space 43776K, 15% used [0x66e00000,0x6747c6d8,0x698c0000)
 Metaspace       used 10836K, capacity 10956K, committed 11032K, reserved 11568K
}
Event: 10.685 GC heap before
{Heap before GC invocations=8 (full 0):
 PSYoungGen      total 38144K, used 37676K [0x918c0000, 0x963c0000, 0xa6e00000)
  eden space 33280K, 100% used [0x918c0000,0x93940000,0x93940000)
  from space 4864K, 90% used [0x93940000,0x93d8b218,0x93e00000)
  to   space 5120K, 0% used [0x95ec0000,0x95ec0000,0x963c0000)
 ParOldGen       total 43776K, used 6641K [0x66e00000, 0x698c0000, 0x918c0000)
  object space 43776K, 15% used [0x66e00000,0x6747c6d8,0x698c0000)
 Metaspace       used 11019K, capacity 11153K, committed 11288K, reserved 11568K
Event: 10.769 GC heap after
Heap after GC invocations=8 (full 0):
 PSYoungGen      total 71680K, used 4216K [0x918c0000, 0x963c0000, 0xa6e00000)
  eden space 66560K, 0% used [0x918c0000,0x918c0000,0x959c0000)
  from space 5120K, 82% used [0x95ec0000,0x962de030,0x963c0000)
  to   space 5120K, 0% used [0x959c0000,0x959c0000,0x95ec0000)
 ParOldGen       total 43776K, used 7503K [0x66e00000, 0x698c0000, 0x918c0000)
  object space 43776K, 17% used [0x66e00000,0x67553dd8,0x698c0000)
 Metaspace       used 11019K, capacity 11153K, committed 11288K, reserved 11568K
}
Event: 13.563 GC heap before
{Heap before GC invocations=9 (full 0):
 PSYoungGen      total 71680K, used 70776K [0x918c0000, 0x963c0000, 0xa6e00000)
  eden space 66560K, 100% used [0x918c0000,0x959c0000,0x959c0000)
  from space 5120K, 82% used [0x95ec0000,0x962de030,0x963c0000)
  to   space 5120K, 0% used [0x959c0000,0x959c0000,0x95ec0000)
 ParOldGen       total 43776K, used 7503K [0x66e00000, 0x698c0000, 0x918c0000)
  object space 43776K, 17% used [0x66e00000,0x67553dd8,0x698c0000)
 Metaspace       used 11208K, capacity 11330K, committed 11416K, reserved 11568K
Event: 13.638 GC heap after
Heap after GC invocations=9 (full 0):
 PSYoungGen      total 71680K, used 5120K [0x918c0000, 0x98dc0000, 0xa6e00000)
  eden space 66560K, 0% used [0x918c0000,0x918c0000,0x959c0000)
  from space 5120K, 100% used [0x959c0000,0x95ec0000,0x95ec0000)
  to   space 6656K, 0% used [0x98740000,0x98740000,0x98dc0000)
 ParOldGen       total 43776K, used 10121K [0x66e00000, 0x698c0000, 0x918c0000)
  object space 43776K, 23% used [0x66e00000,0x677e2730,0x698c0000)
 Metaspace       used 11208K, capacity 11330K, committed 11416K, reserved 11568K
}
Event: 16.713 GC heap before
{Heap before GC invocations=10 (full 0):
 PSYoungGen      total 71680K, used 71680K [0x918c0000, 0x98dc0000, 0xa6e00000)
  eden space 66560K, 100% used [0x918c0000,0x959c0000,0x959c0000)
  from space 5120K, 100% used [0x959c0000,0x95ec0000,0x95ec0000)
  to   space 6656K, 0% used [0x98740000,0x98740000,0x98dc0000)
 ParOldGen       total 43776K, used 10121K [0x66e00000, 0x698c0000, 0x918c0000)
  object space 43776K, 23% used [0x66e00000,0x677e2730,0x698c0000)
 Metaspace       used 12329K, capacity 12525K, committed 12568K, reserved 12592K
Event: 16.787 GC heap after
Heap after GC invocations=10 (full 0):
 PSYoungGen      total 112640K, used 6450K [0x918c0000, 0x98ec0000, 0xa6e00000)
  eden space 105984K, 0% used [0x918c0000,0x918c0000,0x98040000)
  from space 6656K, 96% used [0x98740000,0x98d8c940,0x98dc0000)
  to   space 7168K, 0% used [0x98040000,0x98040000,0x98740000)
 ParOldGen       total 43776K, used 12456K [0x66e00000, 0x698c0000, 0x918c0000)
  object space 43776K, 28% used [0x66e00000,0x67a2a078,0x698c0000)
 Metaspace       used 12329K, capacity 12525K, committed 12568K, reserved 12592K
}

