# JRE version: OpenJDK Runtime Environment (8.0_162-b12) (build 1.8.0_162-8u162-b12-0ubuntu0.16.04.2-b12)
# Java VM: OpenJDK Server VM (25.162-b12 mixed mode linux-x86 )
Heap:
 PSYoungGen      total 140800K, used 125578K [0x918c0000, 0x9aac0000, 0xa6e00000)
  eden space 132864K, 89% used [0x918c0000,0x98d40a20,0x99a80000)
  from space 7936K, 79% used [0x9a280000,0x9a8a2050,0x9aa40000)
  to   space 8192K, 0% used [0x99a80000,0x99a80000,0x9a280000)
 ParOldGen       total 43776K, used 10981K [0x66e00000, 0x698c0000, 0x918c0000)
  object space 43776K, 25% used [0x66e00000,0x678b9438,0x698c0000)
 Metaspace       used 13565K, capacity 13838K, committed 13848K, reserved 14640K
GC Heap History (10 events):
Event: 1.672 GC heap before
{Heap before GC invocations=2 (full 0):
 PSYoungGen      total 19200K, used 19198K [0x918c0000, 0x93e40000, 0xa6e00000)
  eden space 16640K, 100% used [0x918c0000,0x92900000,0x92900000)
  from space 2560K, 99% used [0x92900000,0x92b7f918,0x92b80000)
  to   space 2560K, 0% used [0x93bc0000,0x93bc0000,0x93e40000)
 ParOldGen       total 43776K, used 793K [0x66e00000, 0x698c0000, 0x918c0000)
  object space 43776K, 1% used [0x66e00000,0x66ec66a8,0x698c0000)
 Metaspace       used 5323K, capacity 5386K, committed 5400K, reserved 5424K
Event: 1.681 GC heap after
Heap after GC invocations=2 (full 0):
 PSYoungGen      total 35840K, used 2553K [0x918c0000, 0x93e40000, 0xa6e00000)
  eden space 33280K, 0% used [0x918c0000,0x918c0000,0x93940000)
  from space 2560K, 99% used [0x93bc0000,0x93e3e5e0,0x93e40000)
  to   space 2560K, 0% used [0x93940000,0x93940000,0x93bc0000)
 ParOldGen       total 43776K, used 856K [0x66e00000, 0x698c0000, 0x918c0000)
  object space 43776K, 1% used [0x66e00000,0x66ed62c0,0x698c0000)
 Metaspace       used 5323K, capacity 5386K, committed 5400K, reserved 5424K
}
Event: 2.721 GC heap before
{Heap before GC invocations=3 (full 0):
 PSYoungGen      total 35840K, used 35833K [0x918c0000, 0x93e40000, 0xa6e00000)
  eden space 33280K, 100% used [0x918c0000,0x93940000,0x93940000)
  from space 2560K, 99% used [0x93bc0000,0x93e3e5e0,0x93e40000)
  to   space 2560K, 0% used [0x93940000,0x93940000,0x93bc0000)
 ParOldGen       total 43776K, used 856K [0x66e00000, 0x698c0000, 0x918c0000)
  object space 43776K, 1% used [0x66e00000,0x66ed62c0,0x698c0000)
 Metaspace       used 8060K, capacity 8156K, committed 8216K, reserved 8496K
Event: 2.739 GC heap after
Heap after GC invocations=3 (full 0):
 PSYoungGen      total 35840K, used 2546K [0x918c0000, 0x95ec0000, 0xa6e00000)
  eden space 33280K, 0% used [0x918c0000,0x918c0000,0x93940000)
  from space 2560K, 99% used [0x93940000,0x93bbc890,0x93bc0000)
  to   space 2560K, 0% used [0x95c40000,0x95c40000,0x95ec0000)
 ParOldGen       total 43776K, used 4786K [0x66e00000, 0x698c0000, 0x918c0000)
  object space 43776K, 10% used [0x66e00000,0x672ac808,0x698c0000)
 Metaspace       used 8060K, capacity 8156K, committed 8216K, reserved 8496K
}
Event: 5.450 GC heap before
{Heap before GC invocations=4 (full 0):
 PSYoungGen      total 35840K, used 35826K [0x918c0000, 0x95ec0000, 0xa6e00000)
  eden space 33280K, 100% used [0x918c0000,0x93940000,0x93940000)
  from space 2560K, 99% used [0x93940000,0x93bbc890,0x93bc0000)
  to   space 2560K, 0% used [0x95c40000,0x95c40000,0x95ec0000)
 ParOldGen       total 43776K, used 4786K [0x66e00000, 0x698c0000, 0x918c0000)
  object space 43776K, 10% used [0x66e00000,0x672ac808,0x698c0000)
 Metaspace       used 9949K, capacity 10043K, committed 10136K, reserved 10544K
Event: 5.491 GC heap after
Heap after GC invocations=4 (full 0):
 PSYoungGen      total 69120K, used 2546K [0x918c0000, 0x95ec0000, 0xa6e00000)
  eden space 66560K, 0% used [0x918c0000,0x918c0000,0x959c0000)
  from space 2560K, 99% used [0x95c40000,0x95ebc870,0x95ec0000)
  to   space 2560K, 0% used [0x959c0000,0x959c0000,0x95c40000)
 ParOldGen       total 43776K, used 6891K [0x66e00000, 0x698c0000, 0x918c0000)
  object space 43776K, 15% used [0x66e00000,0x674bacb8,0x698c0000)
 Metaspace       used 9949K, capacity 10043K, committed 10136K, reserved 10544K
}
Event: 9.334 GC heap before
{Heap before GC invocations=5 (full 0):
 PSYoungGen      total 69120K, used 69106K [0x918c0000, 0x95ec0000, 0xa6e00000)
  eden space 66560K, 100% used [0x918c0000,0x959c0000,0x959c0000)
  from space 2560K, 99% used [0x95c40000,0x95ebc870,0x95ec0000)
  to   space 2560K, 0% used [0x959c0000,0x959c0000,0x95c40000)
 ParOldGen       total 43776K, used 6891K [0x66e00000, 0x698c0000, 0x918c0000)
  object space 43776K, 15% used [0x66e00000,0x674bacb8,0x698c0000)
 Metaspace       used 11016K, capacity 11121K, committed 11288K, reserved 11568K
Event: 9.358 GC heap after
Heap after GC invocations=5 (full 0):
 PSYoungGen      total 69120K, used 2552K [0x918c0000, 0x9aa40000, 0xa6e00000)
  eden space 66560K, 0% used [0x918c0000,0x918c0000,0x959c0000)
  from space 2560K, 99% used [0x959c0000,0x95c3e070,0x95c40000)
  to   space 7936K, 0% used [0x9a280000,0x9a280000,0x9aa40000)
 ParOldGen       total 43776K, used 10981K [0x66e00000, 0x698c0000, 0x918c0000)
  object space 43776K, 25% used [0x66e00000,0x678b9438,0x698c0000)
 Metaspace       used 11016K, capacity 11121K, committed 11288K, reserved 11568K
}
Event: 10.595 GC heap before
{Heap before GC invocations=6 (full 0):
 PSYoungGen      total 69120K, used 69112K [0x918c0000, 0x9aa40000, 0xa6e00000)
  eden space 66560K, 100% used [0x918c0000,0x959c0000,0x959c0000)
  from space 2560K, 99% used [0x959c0000,0x95c3e070,0x95c40000)
  to   space 7936K, 0% used [0x9a280000,0x9a280000,0x9aa40000)
 ParOldGen       total 43776K, used 10981K [0x66e00000, 0x698c0000, 0x918c0000)
  object space 43776K, 25% used [0x66e00000,0x678b9438,0x698c0000)
 Metaspace       used 11209K, capacity 11330K, committed 11416K, reserved 11568K
Event: 10.619 GC heap after
Heap after GC invocations=6 (full 0):
 PSYoungGen      total 140800K, used 6280K [0x918c0000, 0x9aac0000, 0xa6e00000)
  eden space 132864K, 0% used [0x918c0000,0x918c0000,0x99a80000)
  from space 7936K, 79% used [0x9a280000,0x9a8a2050,0x9aa40000)
  to   space 8192K, 0% used [0x99a80000,0x99a80000,0x9a280000)
 ParOldGen       total 43776K, used 10981K [0x66e00000, 0x698c0000, 0x918c0000)
  object space 43776K, 25% used [0x66e00000,0x678b9438,0x698c0000)
 Metaspace       used 11209K, capacity 11330K, committed 11416K, reserved 11568K
}

