# JRE version: OpenJDK Runtime Environment (8.0_151-b12) (build 1.8.0_151-8u151-b12-0ubuntu0.16.04.2-b12)
# Java VM: OpenJDK Server VM (25.151-b12 mixed mode linux-x86 )
Heap:
 PSYoungGen      total 112640K, used 80799K [0x918c0000, 0x98ec0000, 0xa6e00000)
  eden space 105984K, 69% used [0x918c0000,0x96132728,0x98040000)
  from space 6656K, 99% used [0x98740000,0x98db5848,0x98dc0000)
  to   space 7168K, 0% used [0x98040000,0x98040000,0x98740000)
 ParOldGen       total 43776K, used 12450K [0x66e00000, 0x698c0000, 0x918c0000)
  object space 43776K, 28% used [0x66e00000,0x67a28940,0x698c0000)
 Metaspace       used 15093K, capacity 15508K, committed 15512K, reserved 15664K
GC Heap History (10 events):
Event: 6.014 GC heap before
{Heap before GC invocations=6 (full 0):
 PSYoungGen      total 19200K, used 19194K [0x918c0000, 0x942c0000, 0xa6e00000)
  eden space 16640K, 100% used [0x918c0000,0x92900000,0x92900000)
  from space 2560K, 99% used [0x92900000,0x92b7e890,0x92b80000)
  to   space 4864K, 0% used [0x93e00000,0x93e00000,0x942c0000)
 ParOldGen       total 43776K, used 5410K [0x66e00000, 0x698c0000, 0x918c0000)
  object space 43776K, 12% used [0x66e00000,0x673488a0,0x698c0000)
 Metaspace       used 9988K, capacity 10075K, committed 10136K, reserved 10544K
Event: 6.030 GC heap after
Heap after GC invocations=6 (full 0):
 PSYoungGen      total 38144K, used 3682K [0x918c0000, 0x942c0000, 0xa6e00000)
  eden space 33280K, 0% used [0x918c0000,0x918c0000,0x93940000)
  from space 4864K, 75% used [0x93e00000,0x94198bc8,0x942c0000)
  to   space 4864K, 0% used [0x93940000,0x93940000,0x93e00000)
 ParOldGen       total 43776K, used 5410K [0x66e00000, 0x698c0000, 0x918c0000)
  object space 43776K, 12% used [0x66e00000,0x673488a0,0x698c0000)
 Metaspace       used 9988K, capacity 10075K, committed 10136K, reserved 10544K
}
Event: 8.502 GC heap before
{Heap before GC invocations=7 (full 0):
 PSYoungGen      total 38144K, used 36962K [0x918c0000, 0x942c0000, 0xa6e00000)
  eden space 33280K, 100% used [0x918c0000,0x93940000,0x93940000)
  from space 4864K, 75% used [0x93e00000,0x94198bc8,0x942c0000)
  to   space 4864K, 0% used [0x93940000,0x93940000,0x93e00000)
 ParOldGen       total 43776K, used 5410K [0x66e00000, 0x698c0000, 0x918c0000)
  object space 43776K, 12% used [0x66e00000,0x673488a0,0x698c0000)
 Metaspace       used 10779K, capacity 10892K, committed 11032K, reserved 11568K
Event: 8.574 GC heap after
Heap after GC invocations=7 (full 0):
 PSYoungGen      total 38144K, used 4503K [0x918c0000, 0x963c0000, 0xa6e00000)
  eden space 33280K, 0% used [0x918c0000,0x918c0000,0x93940000)
  from space 4864K, 92% used [0x93940000,0x93da5f28,0x93e00000)
  to   space 5120K, 0% used [0x95ec0000,0x95ec0000,0x963c0000)
 ParOldGen       total 43776K, used 6537K [0x66e00000, 0x698c0000, 0x918c0000)
  object space 43776K, 14% used [0x66e00000,0x674626a0,0x698c0000)
 Metaspace       used 10779K, capacity 10892K, committed 11032K, reserved 11568K
}
Event: 10.455 GC heap before
{Heap before GC invocations=8 (full 0):
 PSYoungGen      total 38144K, used 37783K [0x918c0000, 0x963c0000, 0xa6e00000)
  eden space 33280K, 100% used [0x918c0000,0x93940000,0x93940000)
  from space 4864K, 92% used [0x93940000,0x93da5f28,0x93e00000)
  to   space 5120K, 0% used [0x95ec0000,0x95ec0000,0x963c0000)
 ParOldGen       total 43776K, used 6537K [0x66e00000, 0x698c0000, 0x918c0000)
  object space 43776K, 14% used [0x66e00000,0x674626a0,0x698c0000)
 Metaspace       used 10962K, capacity 11057K, committed 11160K, reserved 11568K
Event: 10.498 GC heap after
Heap after GC invocations=8 (full 0):
 PSYoungGen      total 71680K, used 4112K [0x918c0000, 0x963c0000, 0xa6e00000)
  eden space 66560K, 0% used [0x918c0000,0x918c0000,0x959c0000)
  from space 5120K, 80% used [0x95ec0000,0x962c4000,0x963c0000)
  to   space 5120K, 0% used [0x959c0000,0x959c0000,0x95ec0000)
 ParOldGen       total 43776K, used 7505K [0x66e00000, 0x698c0000, 0x918c0000)
  object space 43776K, 17% used [0x66e00000,0x67554580,0x698c0000)
 Metaspace       used 10962K, capacity 11057K, committed 11160K, reserved 11568K
}
Event: 12.220 GC heap before
{Heap before GC invocations=9 (full 0):
 PSYoungGen      total 71680K, used 70672K [0x918c0000, 0x963c0000, 0xa6e00000)
  eden space 66560K, 100% used [0x918c0000,0x959c0000,0x959c0000)
  from space 5120K, 80% used [0x95ec0000,0x962c4000,0x963c0000)
  to   space 5120K, 0% used [0x959c0000,0x959c0000,0x95ec0000)
 ParOldGen       total 43776K, used 7505K [0x66e00000, 0x698c0000, 0x918c0000)
  object space 43776K, 17% used [0x66e00000,0x67554580,0x698c0000)
 Metaspace       used 11142K, capacity 11234K, committed 11288K, reserved 11568K
Event: 12.238 GC heap after
Heap after GC invocations=9 (full 0):
 PSYoungGen      total 71680K, used 5104K [0x918c0000, 0x98dc0000, 0xa6e00000)
  eden space 66560K, 0% used [0x918c0000,0x918c0000,0x959c0000)
  from space 5120K, 99% used [0x959c0000,0x95ebc010,0x95ec0000)
  to   space 6656K, 0% used [0x98740000,0x98740000,0x98dc0000)
 ParOldGen       total 43776K, used 10105K [0x66e00000, 0x698c0000, 0x918c0000)
  object space 43776K, 23% used [0x66e00000,0x677de7f0,0x698c0000)
 Metaspace       used 11142K, capacity 11234K, committed 11288K, reserved 11568K
}
Event: 14.133 GC heap before
{Heap before GC invocations=10 (full 0):
 PSYoungGen      total 71680K, used 71664K [0x918c0000, 0x98dc0000, 0xa6e00000)
  eden space 66560K, 100% used [0x918c0000,0x959c0000,0x959c0000)
  from space 5120K, 99% used [0x959c0000,0x95ebc010,0x95ec0000)
  to   space 6656K, 0% used [0x98740000,0x98740000,0x98dc0000)
 ParOldGen       total 43776K, used 10105K [0x66e00000, 0x698c0000, 0x918c0000)
  object space 43776K, 23% used [0x66e00000,0x677de7f0,0x698c0000)
 Metaspace       used 12301K, capacity 12525K, committed 12568K, reserved 12592K
Event: 14.179 GC heap after
Heap after GC invocations=10 (full 0):
 PSYoungGen      total 112640K, used 6614K [0x918c0000, 0x98ec0000, 0xa6e00000)
  eden space 105984K, 0% used [0x918c0000,0x918c0000,0x98040000)
  from space 6656K, 99% used [0x98740000,0x98db5848,0x98dc0000)
  to   space 7168K, 0% used [0x98040000,0x98040000,0x98740000)
 ParOldGen       total 43776K, used 12450K [0x66e00000, 0x698c0000, 0x918c0000)
  object space 43776K, 28% used [0x66e00000,0x67a28940,0x698c0000)
 Metaspace       used 12301K, capacity 12525K, committed 12568K, reserved 12592K
}

