# JRE version: OpenJDK Runtime Environment (8.0_162-b12) (build 1.8.0_162-8u162-b12-0ubuntu0.16.04.2-b12)
# Java VM: OpenJDK Server VM (25.162-b12 mixed mode linux-x86 )
Heap:
 PSYoungGen      total 141056K, used 8189K [0x916c0000, 0x9a8c0000, 0xa6c00000)
  eden space 132864K, 0% used [0x916c0000,0x916c0000,0x99880000)
  from space 8192K, 99% used [0x99880000,0x9a07f4d8,0x9a080000)
  to   space 7936K, 0% used [0x9a080000,0x9a080000,0x9a840000)
 ParOldGen       total 43776K, used 16757K [0x66c00000, 0x696c0000, 0x916c0000)
  object space 43776K, 38% used [0x66c00000,0x67c5d6f8,0x696c0000)
 Metaspace       used 14728K, capacity 15124K, committed 15128K, reserved 15664K
GC Heap History (10 events):
Event: 1.605 GC heap after
Heap after GC invocations=2 (full 0):
 PSYoungGen      total 35840K, used 2544K [0x916c0000, 0x93c40000, 0xa6c00000)
  eden space 33280K, 0% used [0x916c0000,0x916c0000,0x93740000)
  from space 2560K, 99% used [0x939c0000,0x93c3c3f8,0x93c40000)
  to   space 2560K, 0% used [0x93740000,0x93740000,0x939c0000)
 ParOldGen       total 43776K, used 789K [0x66c00000, 0x696c0000, 0x916c0000)
  object space 43776K, 1% used [0x66c00000,0x66cc56d0,0x696c0000)
 Metaspace       used 5306K, capacity 5386K, committed 5400K, reserved 5424K
}
Event: 2.729 GC heap before
{Heap before GC invocations=3 (full 0):
 PSYoungGen      total 35840K, used 35824K [0x916c0000, 0x93c40000, 0xa6c00000)
  eden space 33280K, 100% used [0x916c0000,0x93740000,0x93740000)
  from space 2560K, 99% used [0x939c0000,0x93c3c3f8,0x93c40000)
  to   space 2560K, 0% used [0x93740000,0x93740000,0x939c0000)
 ParOldGen       total 43776K, used 789K [0x66c00000, 0x696c0000, 0x916c0000)
  object space 43776K, 1% used [0x66c00000,0x66cc56d0,0x696c0000)
 Metaspace       used 8097K, capacity 8158K, committed 8216K, reserved 8496K
Event: 2.756 GC heap after
Heap after GC invocations=3 (full 0):
 PSYoungGen      total 35840K, used 2554K [0x916c0000, 0x95cc0000, 0xa6c00000)
  eden space 33280K, 0% used [0x916c0000,0x916c0000,0x93740000)
  from space 2560K, 99% used [0x93740000,0x939be880,0x939c0000)
  to   space 2560K, 0% used [0x95a40000,0x95a40000,0x95cc0000)
 ParOldGen       total 43776K, used 4860K [0x66c00000, 0x696c0000, 0x916c0000)
  object space 43776K, 11% used [0x66c00000,0x670bf228,0x696c0000)
 Metaspace       used 8097K, capacity 8158K, committed 8216K, reserved 8496K
}
Event: 6.585 GC heap before
{Heap before GC invocations=4 (full 0):
 PSYoungGen      total 35840K, used 35834K [0x916c0000, 0x95cc0000, 0xa6c00000)
  eden space 33280K, 100% used [0x916c0000,0x93740000,0x93740000)
  from space 2560K, 99% used [0x93740000,0x939be880,0x939c0000)
  to   space 2560K, 0% used [0x95a40000,0x95a40000,0x95cc0000)
 ParOldGen       total 43776K, used 4860K [0x66c00000, 0x696c0000, 0x916c0000)
  object space 43776K, 11% used [0x66c00000,0x670bf228,0x696c0000)
 Metaspace       used 9993K, capacity 10075K, committed 10136K, reserved 10544K
Event: 6.618 GC heap after
Heap after GC invocations=4 (full 0):
 PSYoungGen      total 69120K, used 2552K [0x916c0000, 0x95cc0000, 0xa6c00000)
  eden space 66560K, 0% used [0x916c0000,0x916c0000,0x957c0000)
  from space 2560K, 99% used [0x95a40000,0x95cbe080,0x95cc0000)
  to   space 2560K, 0% used [0x957c0000,0x957c0000,0x95a40000)
 ParOldGen       total 43776K, used 6929K [0x66c00000, 0x696c0000, 0x916c0000)
  object space 43776K, 15% used [0x66c00000,0x672c4418,0x696c0000)
 Metaspace       used 9993K, capacity 10075K, committed 10136K, reserved 10544K
}
Event: 8.984 GC heap before
{Heap before GC invocations=5 (full 0):
 PSYoungGen      total 69120K, used 69112K [0x916c0000, 0x95cc0000, 0xa6c00000)
  eden space 66560K, 100% used [0x916c0000,0x957c0000,0x957c0000)
  from space 2560K, 99% used [0x95a40000,0x95cbe080,0x95cc0000)
  to   space 2560K, 0% used [0x957c0000,0x957c0000,0x95a40000)
 ParOldGen       total 43776K, used 6929K [0x66c00000, 0x696c0000, 0x916c0000)
  object space 43776K, 15% used [0x66c00000,0x672c4418,0x696c0000)
 Metaspace       used 11014K, capacity 11121K, committed 11288K, reserved 11568K
Event: 9.021 GC heap after
Heap after GC invocations=5 (full 0):
 PSYoungGen      total 69120K, used 2544K [0x916c0000, 0x9a840000, 0xa6c00000)
  eden space 66560K, 0% used [0x916c0000,0x916c0000,0x957c0000)
  from space 2560K, 99% used [0x957c0000,0x95a3c060,0x95a40000)
  to   space 7936K, 0% used [0x9a080000,0x9a080000,0x9a840000)
 ParOldGen       total 43776K, used 10916K [0x66c00000, 0x696c0000, 0x916c0000)
  object space 43776K, 24% used [0x66c00000,0x676a9178,0x696c0000)
 Metaspace       used 11014K, capacity 11121K, committed 11288K, reserved 11568K
}
Event: 10.208 GC heap before
{Heap before GC invocations=6 (full 0):
 PSYoungGen      total 69120K, used 69104K [0x916c0000, 0x9a840000, 0xa6c00000)
  eden space 66560K, 100% used [0x916c0000,0x957c0000,0x957c0000)
  from space 2560K, 99% used [0x957c0000,0x95a3c060,0x95a40000)
  to   space 7936K, 0% used [0x9a080000,0x9a080000,0x9a840000)
 ParOldGen       total 43776K, used 10916K [0x66c00000, 0x696c0000, 0x916c0000)
  object space 43776K, 24% used [0x66c00000,0x676a9178,0x696c0000)
 Metaspace       used 11223K, capacity 11362K, committed 11416K, reserved 11568K
Event: 10.312 GC heap after
Heap after GC invocations=6 (full 0):
 PSYoungGen      total 140800K, used 6344K [0x916c0000, 0x9a8c0000, 0xa6c00000)
  eden space 132864K, 0% used [0x916c0000,0x916c0000,0x99880000)
  from space 7936K, 79% used [0x9a080000,0x9a6b2070,0x9a840000)
  to   space 8192K, 0% used [0x99880000,0x99880000,0x9a080000)
 ParOldGen       total 43776K, used 10916K [0x66c00000, 0x696c0000, 0x916c0000)
  object space 43776K, 24% used [0x66c00000,0x676a9178,0x696c0000)
 Metaspace       used 11223K, capacity 11362K, committed 11416K, reserved 11568K
}
Event: 17.005 GC heap before
{Heap before GC invocations=7 (full 0):
 PSYoungGen      total 140800K, used 139208K [0x916c0000, 0x9a8c0000, 0xa6c00000)
  eden space 132864K, 100% used [0x916c0000,0x99880000,0x99880000)
  from space 7936K, 79% used [0x9a080000,0x9a6b2070,0x9a840000)
  to   space 8192K, 0% used [0x99880000,0x99880000,0x9a080000)
 ParOldGen       total 43776K, used 10916K [0x66c00000, 0x696c0000, 0x916c0000)
  object space 43776K, 24% used [0x66c00000,0x676a9178,0x696c0000)
 Metaspace       used 14728K, capacity 15124K, committed 15128K, reserved 15664K

