# JRE version: OpenJDK Runtime Environment (8.0_151-b12) (build 1.8.0_151-8u151-b12-0ubuntu0.16.04.2-b12)
# Java VM: OpenJDK Server VM (25.151-b12 mixed mode linux-x86 )
Heap:
 PSYoungGen      total 138240K, used 94114K [0x918c0000, 0x9abc0000, 0xa6e00000)
  eden space 130560K, 66% used [0x918c0000,0x96d2a8c0,0x99840000)
  from space 7680K, 99% used [0x9a140000,0x9a8be010,0x9a8c0000)
  to   space 9216K, 0% used [0x99840000,0x99840000,0x9a140000)
 ParOldGen       total 43776K, used 9421K [0x66e00000, 0x698c0000, 0x918c0000)
  object space 43776K, 21% used [0x66e00000,0x677335a0,0x698c0000)
 Metaspace       used 13685K, capacity 13966K, committed 13976K, reserved 14640K
GC Heap History (10 events):
Event: 3.044 GC heap before
{Heap before GC invocations=4 (full 0):
 PSYoungGen      total 19200K, used 19190K [0x918c0000, 0x93e40000, 0xa6e00000)
  eden space 16640K, 100% used [0x918c0000,0x92900000,0x92900000)
  from space 2560K, 99% used [0x92900000,0x92b7dbb8,0x92b80000)
  to   space 2560K, 0% used [0x93bc0000,0x93bc0000,0x93e40000)
 ParOldGen       total 43776K, used 2240K [0x66e00000, 0x698c0000, 0x918c0000)
  object space 43776K, 5% used [0x66e00000,0x67030158,0x698c0000)
 Metaspace       used 8100K, capacity 8158K, committed 8216K, reserved 8496K
Event: 3.077 GC heap after
Heap after GC invocations=4 (full 0):
 PSYoungGen      total 35840K, used 2554K [0x918c0000, 0x93e40000, 0xa6e00000)
  eden space 33280K, 0% used [0x918c0000,0x918c0000,0x93940000)
  from space 2560K, 99% used [0x93bc0000,0x93e3e880,0x93e40000)
  to   space 2560K, 0% used [0x93940000,0x93940000,0x93bc0000)
 ParOldGen       total 43776K, used 4370K [0x66e00000, 0x698c0000, 0x918c0000)
  object space 43776K, 9% used [0x66e00000,0x67244808,0x698c0000)
 Metaspace       used 8100K, capacity 8158K, committed 8216K, reserved 8496K
}
Event: 6.614 GC heap before
{Heap before GC invocations=5 (full 0):
 PSYoungGen      total 35840K, used 35834K [0x918c0000, 0x93e40000, 0xa6e00000)
  eden space 33280K, 100% used [0x918c0000,0x93940000,0x93940000)
  from space 2560K, 99% used [0x93bc0000,0x93e3e880,0x93e40000)
  to   space 2560K, 0% used [0x93940000,0x93940000,0x93bc0000)
 ParOldGen       total 43776K, used 4370K [0x66e00000, 0x698c0000, 0x918c0000)
  object space 43776K, 9% used [0x66e00000,0x67244808,0x698c0000)
 Metaspace       used 9994K, capacity 10075K, committed 10136K, reserved 10544K
Event: 6.648 GC heap after
Heap after GC invocations=5 (full 0):
 PSYoungGen      total 35840K, used 2554K [0x918c0000, 0x964c0000, 0xa6e00000)
  eden space 33280K, 0% used [0x918c0000,0x918c0000,0x93940000)
  from space 2560K, 99% used [0x93940000,0x93bbe880,0x93bc0000)
  to   space 5632K, 0% used [0x95f40000,0x95f40000,0x964c0000)
 ParOldGen       total 43776K, used 6433K [0x66e00000, 0x698c0000, 0x918c0000)
  object space 43776K, 14% used [0x66e00000,0x674484c8,0x698c0000)
 Metaspace       used 9994K, capacity 10075K, committed 10136K, reserved 10544K
}
Event: 8.149 GC heap before
{Heap before GC invocations=6 (full 0):
 PSYoungGen      total 35840K, used 35834K [0x918c0000, 0x964c0000, 0xa6e00000)
  eden space 33280K, 100% used [0x918c0000,0x93940000,0x93940000)
  from space 2560K, 99% used [0x93940000,0x93bbe880,0x93bc0000)
  to   space 5632K, 0% used [0x95f40000,0x95f40000,0x964c0000)
 ParOldGen       total 43776K, used 6433K [0x66e00000, 0x698c0000, 0x918c0000)
  object space 43776K, 14% used [0x66e00000,0x674484c8,0x698c0000)
 Metaspace       used 10777K, capacity 10892K, committed 11032K, reserved 11568K
Event: 8.197 GC heap after
Heap after GC invocations=6 (full 0):
 PSYoungGen      total 71680K, used 5159K [0x918c0000, 0x965c0000, 0xa6e00000)
  eden space 66048K, 0% used [0x918c0000,0x918c0000,0x95940000)
  from space 5632K, 91% used [0x95f40000,0x96449f58,0x964c0000)
  to   space 6144K, 0% used [0x95940000,0x95940000,0x95f40000)
 ParOldGen       total 43776K, used 6437K [0x66e00000, 0x698c0000, 0x918c0000)
  object space 43776K, 14% used [0x66e00000,0x674494c8,0x698c0000)
 Metaspace       used 10777K, capacity 10892K, committed 11032K, reserved 11568K
}
Event: 9.720 GC heap before
{Heap before GC invocations=7 (full 0):
 PSYoungGen      total 71680K, used 71207K [0x918c0000, 0x965c0000, 0xa6e00000)
  eden space 66048K, 100% used [0x918c0000,0x95940000,0x95940000)
  from space 5632K, 91% used [0x95f40000,0x96449f58,0x964c0000)
  to   space 6144K, 0% used [0x95940000,0x95940000,0x95f40000)
 ParOldGen       total 43776K, used 6437K [0x66e00000, 0x698c0000, 0x918c0000)
  object space 43776K, 14% used [0x66e00000,0x674494c8,0x698c0000)
 Metaspace       used 11078K, capacity 11197K, committed 11288K, reserved 11568K
Event: 9.759 GC heap after
Heap after GC invocations=7 (full 0):
 PSYoungGen      total 72192K, used 6128K [0x918c0000, 0x9a8c0000, 0xa6e00000)
  eden space 66048K, 0% used [0x918c0000,0x918c0000,0x95940000)
  from space 6144K, 99% used [0x95940000,0x95f3c050,0x95f40000)
  to   space 7680K, 0% used [0x9a140000,0x9a140000,0x9a8c0000)
 ParOldGen       total 43776K, used 7792K [0x66e00000, 0x698c0000, 0x918c0000)
  object space 43776K, 17% used [0x66e00000,0x6759c270,0x698c0000)
 Metaspace       used 11078K, capacity 11197K, committed 11288K, reserved 11568K
}
Event: 13.178 GC heap before
{Heap before GC invocations=8 (full 0):
 PSYoungGen      total 72192K, used 72176K [0x918c0000, 0x9a8c0000, 0xa6e00000)
  eden space 66048K, 100% used [0x918c0000,0x95940000,0x95940000)
  from space 6144K, 99% used [0x95940000,0x95f3c050,0x95f40000)
  to   space 7680K, 0% used [0x9a140000,0x9a140000,0x9a8c0000)
 ParOldGen       total 43776K, used 7792K [0x66e00000, 0x698c0000, 0x918c0000)
  object space 43776K, 17% used [0x66e00000,0x6759c270,0x698c0000)
 Metaspace       used 11381K, capacity 11498K, committed 11544K, reserved 11568K
Event: 13.296 GC heap after
Heap after GC invocations=8 (full 0):
 PSYoungGen      total 138240K, used 7672K [0x918c0000, 0x9abc0000, 0xa6e00000)
  eden space 130560K, 0% used [0x918c0000,0x918c0000,0x99840000)
  from space 7680K, 99% used [0x9a140000,0x9a8be010,0x9a8c0000)
  to   space 9216K, 0% used [0x99840000,0x99840000,0x9a140000)
 ParOldGen       total 43776K, used 9421K [0x66e00000, 0x698c0000, 0x918c0000)
  object space 43776K, 21% used [0x66e00000,0x677335a0,0x698c0000)
 Metaspace       used 11381K, capacity 11498K, committed 11544K, reserved 11568K
}

