# JRE version: OpenJDK Runtime Environment (8.0_162-b12) (build 1.8.0_162-8u162-b12-0ubuntu0.16.04.2-b12)
# Java VM: OpenJDK Server VM (25.162-b12 mixed mode linux-x86 )
Heap:
 PSYoungGen      total 37376K, used 3248K [0x918c0000, 0x941c0000, 0xa6e00000)
  eden space 32768K, 0% used [0x918c0000,0x918c0000,0x938c0000)
  from space 4608K, 70% used [0x938c0000,0x93bec000,0x93d40000)
  to   space 4608K, 0% used [0x93d40000,0x93d40000,0x941c0000)
 ParOldGen       total 43776K, used 8386K [0x66e00000, 0x698c0000, 0x918c0000)
  object space 43776K, 19% used [0x66e00000,0x67630988,0x698c0000)
 Metaspace       used 11003K, capacity 11121K, committed 11288K, reserved 11568K
GC Heap History (10 events):
Event: 10.706 GC heap after
Heap after GC invocations=4 (full 0):
 PSYoungGen      total 19200K, used 2554K [0x918c0000, 0x92e00000, 0xa6e00000)
  eden space 16640K, 0% used [0x918c0000,0x918c0000,0x92900000)
  from space 2560K, 99% used [0x92b80000,0x92dfe880,0x92e00000)
  to   space 2560K, 0% used [0x92900000,0x92900000,0x92b80000)
 ParOldGen       total 43776K, used 4372K [0x66e00000, 0x698c0000, 0x918c0000)
  object space 43776K, 9% used [0x66e00000,0x672453e8,0x698c0000)
 Metaspace       used 8099K, capacity 8156K, committed 8216K, reserved 8496K
}
Event: 12.208 GC heap before
{Heap before GC invocations=5 (full 0):
 PSYoungGen      total 19200K, used 19194K [0x918c0000, 0x92e00000, 0xa6e00000)
  eden space 16640K, 100% used [0x918c0000,0x92900000,0x92900000)
  from space 2560K, 99% used [0x92b80000,0x92dfe880,0x92e00000)
  to   space 2560K, 0% used [0x92900000,0x92900000,0x92b80000)
 ParOldGen       total 43776K, used 4372K [0x66e00000, 0x698c0000, 0x918c0000)
  object space 43776K, 9% used [0x66e00000,0x672453e8,0x698c0000)
 Metaspace       used 8862K, capacity 8931K, committed 8984K, reserved 9520K
Event: 12.224 GC heap after
Heap after GC invocations=5 (full 0):
 PSYoungGen      total 18944K, used 2546K [0x918c0000, 0x93240000, 0xa6e00000)
  eden space 16384K, 0% used [0x918c0000,0x918c0000,0x928c0000)
  from space 2560K, 99% used [0x92900000,0x92b7c890,0x92b80000)
  to   space 4864K, 0% used [0x92d80000,0x92d80000,0x93240000)
 ParOldGen       total 43776K, used 5439K [0x66e00000, 0x698c0000, 0x918c0000)
  object space 43776K, 12% used [0x66e00000,0x6734ff00,0x698c0000)
 Metaspace       used 8862K, capacity 8931K, committed 8984K, reserved 9520K
}
Event: 13.502 GC heap before
{Heap before GC invocations=6 (full 0):
 PSYoungGen      total 18944K, used 18930K [0x918c0000, 0x93240000, 0xa6e00000)
  eden space 16384K, 100% used [0x918c0000,0x928c0000,0x928c0000)
  from space 2560K, 99% used [0x92900000,0x92b7c890,0x92b80000)
  to   space 4864K, 0% used [0x92d80000,0x92d80000,0x93240000)
 ParOldGen       total 43776K, used 5439K [0x66e00000, 0x698c0000, 0x918c0000)
  object space 43776K, 12% used [0x66e00000,0x6734ff00,0x698c0000)
 Metaspace       used 9971K, capacity 10043K, committed 10136K, reserved 10544K
Event: 13.532 GC heap after
Heap after GC invocations=6 (full 0):
 PSYoungGen      total 21248K, used 3607K [0x918c0000, 0x94240000, 0xa6e00000)
  eden space 16384K, 0% used [0x918c0000,0x918c0000,0x928c0000)
  from space 4864K, 74% used [0x92d80000,0x93105e00,0x93240000)
  to   space 4864K, 0% used [0x928c0000,0x928c0000,0x92d80000)
 ParOldGen       total 43776K, used 5443K [0x66e00000, 0x698c0000, 0x918c0000)
  object space 43776K, 12% used [0x66e00000,0x67350f00,0x698c0000)
 Metaspace       used 9971K, capacity 10043K, committed 10136K, reserved 10544K
}
Event: 14.648 GC heap before
{Heap before GC invocations=7 (full 0):
 PSYoungGen      total 21248K, used 19991K [0x918c0000, 0x94240000, 0xa6e00000)
  eden space 16384K, 100% used [0x918c0000,0x928c0000,0x928c0000)
  from space 4864K, 74% used [0x92d80000,0x93105e00,0x93240000)
  to   space 4864K, 0% used [0x928c0000,0x928c0000,0x92d80000)
 ParOldGen       total 43776K, used 5443K [0x66e00000, 0x698c0000, 0x918c0000)
  object space 43776K, 12% used [0x66e00000,0x67350f00,0x698c0000)
 Metaspace       used 10711K, capacity 10788K, committed 10904K, reserved 11568K
Event: 14.682 GC heap after
Heap after GC invocations=7 (full 0):
 PSYoungGen      total 21248K, used 3757K [0x918c0000, 0x941c0000, 0xa6e00000)
  eden space 16384K, 0% used [0x918c0000,0x918c0000,0x928c0000)
  from space 4864K, 77% used [0x928c0000,0x92c6b4c0,0x92d80000)
  to   space 4608K, 0% used [0x93d40000,0x93d40000,0x941c0000)
 ParOldGen       total 43776K, used 6668K [0x66e00000, 0x698c0000, 0x918c0000)
  object space 43776K, 15% used [0x66e00000,0x67483140,0x698c0000)
 Metaspace       used 10711K, capacity 10788K, committed 10904K, reserved 11568K
}
Event: 15.582 GC heap before
{Heap before GC invocations=8 (full 0):
 PSYoungGen      total 21248K, used 20141K [0x918c0000, 0x941c0000, 0xa6e00000)
  eden space 16384K, 100% used [0x918c0000,0x928c0000,0x928c0000)
  from space 4864K, 77% used [0x928c0000,0x92c6b4c0,0x92d80000)
  to   space 4608K, 0% used [0x93d40000,0x93d40000,0x941c0000)
 ParOldGen       total 43776K, used 6668K [0x66e00000, 0x698c0000, 0x918c0000)
  object space 43776K, 15% used [0x66e00000,0x67483140,0x698c0000)
 Metaspace       used 10831K, capacity 10924K, committed 11032K, reserved 11568K
Event: 15.609 GC heap after
Heap after GC invocations=8 (full 0):
 PSYoungGen      total 37376K, used 2928K [0x918c0000, 0x941c0000, 0xa6e00000)
  eden space 32768K, 0% used [0x918c0000,0x918c0000,0x938c0000)
  from space 4608K, 63% used [0x93d40000,0x9401c000,0x941c0000)
  to   space 4608K, 0% used [0x938c0000,0x938c0000,0x93d40000)
 ParOldGen       total 43776K, used 7514K [0x66e00000, 0x698c0000, 0x918c0000)
  object space 43776K, 17% used [0x66e00000,0x67556820,0x698c0000)
 Metaspace       used 10831K, capacity 10924K, committed 11032K, reserved 11568K
}
Event: 16.677 GC heap before
{Heap before GC invocations=9 (full 0):
 PSYoungGen      total 37376K, used 35696K [0x918c0000, 0x941c0000, 0xa6e00000)
  eden space 32768K, 100% used [0x918c0000,0x938c0000,0x938c0000)
  from space 4608K, 63% used [0x93d40000,0x9401c000,0x941c0000)
  to   space 4608K, 0% used [0x938c0000,0x938c0000,0x93d40000)
 ParOldGen       total 43776K, used 7514K [0x66e00000, 0x698c0000, 0x918c0000)
  object space 43776K, 17% used [0x66e00000,0x67556820,0x698c0000)
 Metaspace       used 11003K, capacity 11121K, committed 11288K, reserved 11568K

