# JRE version: OpenJDK Runtime Environment (8.0_162-b12) (build 1.8.0_162-8u162-b12-0ubuntu0.16.04.2-b12)
# Java VM: OpenJDK Server VM (25.162-b12 mixed mode linux-x86 )
Heap:
 PSYoungGen      total 67584K, used 6096K [0x918c0000, 0x96140000, 0xa6e00000)
  eden space 61440K, 0% used [0x918c0000,0x918c0000,0x954c0000)
  from space 6144K, 99% used [0x954c0000,0x95ab4020,0x95ac0000)
  to   space 5632K, 0% used [0x95ac0000,0x95ac0000,0x96040000)
 ParOldGen       total 43776K, used 7220K [0x66e00000, 0x698c0000, 0x918c0000)
  object space 43776K, 16% used [0x66e00000,0x6750d0b0,0x698c0000)
 Metaspace       used 11090K, capacity 11197K, committed 11288K, reserved 11568K
GC Heap History (10 events):
Event: 7.630 GC heap after
Heap after GC invocations=2 (full 0):
 PSYoungGen      total 19200K, used 2555K [0x918c0000, 0x93e40000, 0xa6e00000)
  eden space 16640K, 0% used [0x918c0000,0x918c0000,0x92900000)
  from space 2560K, 99% used [0x93bc0000,0x93e3ec08,0x93e40000)
  to   space 2560K, 0% used [0x92900000,0x92900000,0x92b80000)
 ParOldGen       total 43776K, used 891K [0x66e00000, 0x698c0000, 0x918c0000)
  object space 43776K, 2% used [0x66e00000,0x66eded98,0x698c0000)
 Metaspace       used 5311K, capacity 5386K, committed 5400K, reserved 5424K
}
Event: 10.386 GC heap before
{Heap before GC invocations=3 (full 0):
 PSYoungGen      total 19200K, used 19195K [0x918c0000, 0x93e40000, 0xa6e00000)
  eden space 16640K, 100% used [0x918c0000,0x92900000,0x92900000)
  from space 2560K, 99% used [0x93bc0000,0x93e3ec08,0x93e40000)
  to   space 2560K, 0% used [0x92900000,0x92900000,0x92b80000)
 ParOldGen       total 43776K, used 891K [0x66e00000, 0x698c0000, 0x918c0000)
  object space 43776K, 2% used [0x66e00000,0x66eded98,0x698c0000)
 Metaspace       used 6659K, capacity 6711K, committed 6808K, reserved 7472K
Event: 10.399 GC heap after
Heap after GC invocations=3 (full 0):
 PSYoungGen      total 19200K, used 2558K [0x918c0000, 0x93c00000, 0xa6e00000)
  eden space 16640K, 0% used [0x918c0000,0x918c0000,0x92900000)
  from space 2560K, 99% used [0x92900000,0x92b7f8a0,0x92b80000)
  to   space 2560K, 0% used [0x93980000,0x93980000,0x93c00000)
 ParOldGen       total 43776K, used 2347K [0x66e00000, 0x698c0000, 0x918c0000)
  object space 43776K, 5% used [0x66e00000,0x6704adb8,0x698c0000)
 Metaspace       used 6659K, capacity 6711K, committed 6808K, reserved 7472K
}
Event: 11.985 GC heap before
{Heap before GC invocations=4 (full 0):
 PSYoungGen      total 19200K, used 19198K [0x918c0000, 0x93c00000, 0xa6e00000)
  eden space 16640K, 100% used [0x918c0000,0x92900000,0x92900000)
  from space 2560K, 99% used [0x92900000,0x92b7f8a0,0x92b80000)
  to   space 2560K, 0% used [0x93980000,0x93980000,0x93c00000)
 ParOldGen       total 43776K, used 2347K [0x66e00000, 0x698c0000, 0x918c0000)
  object space 43776K, 5% used [0x66e00000,0x6704adb8,0x698c0000)
 Metaspace       used 8091K, capacity 8156K, committed 8216K, reserved 8496K
Event: 12.030 GC heap after
Heap after GC invocations=4 (full 0):
 PSYoungGen      total 33536K, used 2554K [0x918c0000, 0x93e40000, 0xa6e00000)
  eden space 30976K, 0% used [0x918c0000,0x918c0000,0x93700000)
  from space 2560K, 99% used [0x93980000,0x93bfe880,0x93c00000)
  to   space 2560K, 0% used [0x93700000,0x93700000,0x93980000)
 ParOldGen       total 43776K, used 4391K [0x66e00000, 0x698c0000, 0x918c0000)
  object space 43776K, 10% used [0x66e00000,0x67249e60,0x698c0000)
 Metaspace       used 8091K, capacity 8156K, committed 8216K, reserved 8496K
}
Event: 15.815 GC heap before
{Heap before GC invocations=5 (full 0):
 PSYoungGen      total 33536K, used 33530K [0x918c0000, 0x93e40000, 0xa6e00000)
  eden space 30976K, 100% used [0x918c0000,0x93700000,0x93700000)
  from space 2560K, 99% used [0x93980000,0x93bfe880,0x93c00000)
  to   space 2560K, 0% used [0x93700000,0x93700000,0x93980000)
 ParOldGen       total 43776K, used 4391K [0x66e00000, 0x698c0000, 0x918c0000)
  object space 43776K, 10% used [0x66e00000,0x67249e60,0x698c0000)
 Metaspace       used 9754K, capacity 9851K, committed 10008K, reserved 10544K
Event: 15.837 GC heap after
Heap after GC invocations=5 (full 0):
 PSYoungGen      total 33536K, used 2551K [0x918c0000, 0x96040000, 0xa6e00000)
  eden space 30976K, 0% used [0x918c0000,0x918c0000,0x93700000)
  from space 2560K, 99% used [0x93700000,0x9397dc80,0x93980000)
  to   space 5632K, 0% used [0x95ac0000,0x95ac0000,0x96040000)
 ParOldGen       total 43776K, used 6299K [0x66e00000, 0x698c0000, 0x918c0000)
  object space 43776K, 14% used [0x66e00000,0x67426ec0,0x698c0000)
 Metaspace       used 9754K, capacity 9851K, committed 10008K, reserved 10544K
}
Event: 17.401 GC heap before
{Heap before GC invocations=6 (full 0):
 PSYoungGen      total 33536K, used 33527K [0x918c0000, 0x96040000, 0xa6e00000)
  eden space 30976K, 100% used [0x918c0000,0x93700000,0x93700000)
  from space 2560K, 99% used [0x93700000,0x9397dc80,0x93980000)
  to   space 5632K, 0% used [0x95ac0000,0x95ac0000,0x96040000)
 ParOldGen       total 43776K, used 6299K [0x66e00000, 0x698c0000, 0x918c0000)
  object space 43776K, 14% used [0x66e00000,0x67426ec0,0x698c0000)
 Metaspace       used 10789K, capacity 10892K, committed 11032K, reserved 11568K
Event: 17.424 GC heap after
Heap after GC invocations=6 (full 0):
 PSYoungGen      total 67072K, used 5391K [0x918c0000, 0x96140000, 0xa6e00000)
  eden space 61440K, 0% used [0x918c0000,0x918c0000,0x954c0000)
  from space 5632K, 95% used [0x95ac0000,0x96003de8,0x96040000)
  to   space 6144K, 0% used [0x954c0000,0x954c0000,0x95ac0000)
 ParOldGen       total 43776K, used 6299K [0x66e00000, 0x698c0000, 0x918c0000)
  object space 43776K, 14% used [0x66e00000,0x67426ec0,0x698c0000)
 Metaspace       used 10789K, capacity 10892K, committed 11032K, reserved 11568K
}
Event: 19.227 GC heap before
{Heap before GC invocations=7 (full 0):
 PSYoungGen      total 67072K, used 66831K [0x918c0000, 0x96140000, 0xa6e00000)
  eden space 61440K, 100% used [0x918c0000,0x954c0000,0x954c0000)
  from space 5632K, 95% used [0x95ac0000,0x96003de8,0x96040000)
  to   space 6144K, 0% used [0x954c0000,0x954c0000,0x95ac0000)
 ParOldGen       total 43776K, used 6299K [0x66e00000, 0x698c0000, 0x918c0000)
  object space 43776K, 14% used [0x66e00000,0x67426ec0,0x698c0000)
 Metaspace       used 11090K, capacity 11197K, committed 11288K, reserved 11568K

