# JRE version: OpenJDK Runtime Environment (8.0_162-b12) (build 1.8.0_162-8u162-b12-0ubuntu0.16.04.2-b12)
# Java VM: OpenJDK Server VM (25.162-b12 mixed mode linux-x86 )
Heap:
 PSYoungGen      total 72448K, used 5880K [0x918c0000, 0x96540000, 0xa6e00000)
  eden space 66560K, 0% used [0x918c0000,0x918c0000,0x959c0000)
  from space 5888K, 99% used [0x959c0000,0x95f7e030,0x95f80000)
  to   space 5888K, 0% used [0x95f80000,0x95f80000,0x96540000)
 ParOldGen       total 43776K, used 9721K [0x66e00000, 0x698c0000, 0x918c0000)
  object space 43776K, 22% used [0x66e00000,0x6777e4b8,0x698c0000)
 Metaspace       used 11181K, capacity 11266K, committed 11416K, reserved 11568K
GC Heap History (10 events):
Event: 4.412 GC heap after
Heap after GC invocations=4 (full 0):
 PSYoungGen      total 19200K, used 2546K [0x918c0000, 0x93e40000, 0xa6e00000)
  eden space 16640K, 0% used [0x918c0000,0x918c0000,0x92900000)
  from space 2560K, 99% used [0x92b80000,0x92dfc890,0x92e00000)
  to   space 2560K, 0% used [0x92900000,0x92900000,0x92b80000)
 ParOldGen       total 43776K, used 4392K [0x66e00000, 0x698c0000, 0x918c0000)
  object space 43776K, 10% used [0x66e00000,0x6724a3d8,0x698c0000)
 Metaspace       used 8094K, capacity 8156K, committed 8216K, reserved 8496K
}
Event: 5.330 GC heap before
{Heap before GC invocations=5 (full 0):
 PSYoungGen      total 19200K, used 19186K [0x918c0000, 0x93e40000, 0xa6e00000)
  eden space 16640K, 100% used [0x918c0000,0x92900000,0x92900000)
  from space 2560K, 99% used [0x92b80000,0x92dfc890,0x92e00000)
  to   space 2560K, 0% used [0x92900000,0x92900000,0x92b80000)
 ParOldGen       total 43776K, used 4392K [0x66e00000, 0x698c0000, 0x918c0000)
  object space 43776K, 10% used [0x66e00000,0x6724a3d8,0x698c0000)
 Metaspace       used 8844K, capacity 8931K, committed 8984K, reserved 9520K
Event: 5.376 GC heap after
Heap after GC invocations=5 (full 0):
 PSYoungGen      total 19200K, used 2552K [0x918c0000, 0x942c0000, 0xa6e00000)
  eden space 16640K, 0% used [0x918c0000,0x918c0000,0x92900000)
  from space 2560K, 99% used [0x92900000,0x92b7e080,0x92b80000)
  to   space 4864K, 0% used [0x93e00000,0x93e00000,0x942c0000)
 ParOldGen       total 43776K, used 5439K [0x66e00000, 0x698c0000, 0x918c0000)
  object space 43776K, 12% used [0x66e00000,0x6734fd58,0x698c0000)
 Metaspace       used 8844K, capacity 8931K, committed 8984K, reserved 9520K
}
Event: 6.194 GC heap before
{Heap before GC invocations=6 (full 0):
 PSYoungGen      total 19200K, used 19192K [0x918c0000, 0x942c0000, 0xa6e00000)
  eden space 16640K, 100% used [0x918c0000,0x92900000,0x92900000)
  from space 2560K, 99% used [0x92900000,0x92b7e080,0x92b80000)
  to   space 4864K, 0% used [0x93e00000,0x93e00000,0x942c0000)
 ParOldGen       total 43776K, used 5439K [0x66e00000, 0x698c0000, 0x918c0000)
  object space 43776K, 12% used [0x66e00000,0x6734fd58,0x698c0000)
 Metaspace       used 9984K, capacity 10075K, committed 10136K, reserved 10544K
Event: 6.215 GC heap after
Heap after GC invocations=6 (full 0):
 PSYoungGen      total 38144K, used 3865K [0x918c0000, 0x942c0000, 0xa6e00000)
  eden space 33280K, 0% used [0x918c0000,0x918c0000,0x93940000)
  from space 4864K, 79% used [0x93e00000,0x941c66f8,0x942c0000)
  to   space 4864K, 0% used [0x93940000,0x93940000,0x93e00000)
 ParOldGen       total 43776K, used 5443K [0x66e00000, 0x698c0000, 0x918c0000)
  object space 43776K, 12% used [0x66e00000,0x67350d58,0x698c0000)
 Metaspace       used 9984K, capacity 10075K, committed 10136K, reserved 10544K
}
Event: 8.050 GC heap before
{Heap before GC invocations=7 (full 0):
 PSYoungGen      total 38144K, used 37145K [0x918c0000, 0x942c0000, 0xa6e00000)
  eden space 33280K, 100% used [0x918c0000,0x93940000,0x93940000)
  from space 4864K, 79% used [0x93e00000,0x941c66f8,0x942c0000)
  to   space 4864K, 0% used [0x93940000,0x93940000,0x93e00000)
 ParOldGen       total 43776K, used 5443K [0x66e00000, 0x698c0000, 0x918c0000)
  object space 43776K, 12% used [0x66e00000,0x67350d58,0x698c0000)
 Metaspace       used 10815K, capacity 10892K, committed 11032K, reserved 11568K
Event: 8.123 GC heap after
Heap after GC invocations=7 (full 0):
 PSYoungGen      total 38144K, used 4854K [0x918c0000, 0x96540000, 0xa6e00000)
  eden space 33280K, 0% used [0x918c0000,0x918c0000,0x93940000)
  from space 4864K, 99% used [0x93940000,0x93dfd830,0x93e00000)
  to   space 5888K, 0% used [0x95f80000,0x95f80000,0x96540000)
 ParOldGen       total 43776K, used 6437K [0x66e00000, 0x698c0000, 0x918c0000)
  object space 43776K, 14% used [0x66e00000,0x674497e0,0x698c0000)
 Metaspace       used 10815K, capacity 10892K, committed 11032K, reserved 11568K
}
Event: 9.780 GC heap before
{Heap before GC invocations=8 (full 0):
 PSYoungGen      total 38144K, used 38134K [0x918c0000, 0x96540000, 0xa6e00000)
  eden space 33280K, 100% used [0x918c0000,0x93940000,0x93940000)
  from space 4864K, 99% used [0x93940000,0x93dfd830,0x93e00000)
  to   space 5888K, 0% used [0x95f80000,0x95f80000,0x96540000)
 ParOldGen       total 43776K, used 6437K [0x66e00000, 0x698c0000, 0x918c0000)
  object space 43776K, 14% used [0x66e00000,0x674497e0,0x698c0000)
 Metaspace       used 10986K, capacity 11089K, committed 11160K, reserved 11568K
Event: 9.818 GC heap after
Heap after GC invocations=8 (full 0):
 PSYoungGen      total 72448K, used 4320K [0x918c0000, 0x96540000, 0xa6e00000)
  eden space 66560K, 0% used [0x918c0000,0x918c0000,0x959c0000)
  from space 5888K, 73% used [0x95f80000,0x963b8010,0x96540000)
  to   space 5888K, 0% used [0x959c0000,0x959c0000,0x95f80000)
 ParOldGen       total 43776K, used 7697K [0x66e00000, 0x698c0000, 0x918c0000)
  object space 43776K, 17% used [0x66e00000,0x675846d0,0x698c0000)
 Metaspace       used 10986K, capacity 11089K, committed 11160K, reserved 11568K
}
Event: 12.299 GC heap before
{Heap before GC invocations=9 (full 0):
 PSYoungGen      total 72448K, used 70880K [0x918c0000, 0x96540000, 0xa6e00000)
  eden space 66560K, 100% used [0x918c0000,0x959c0000,0x959c0000)
  from space 5888K, 73% used [0x95f80000,0x963b8010,0x96540000)
  to   space 5888K, 0% used [0x959c0000,0x959c0000,0x95f80000)
 ParOldGen       total 43776K, used 7697K [0x66e00000, 0x698c0000, 0x918c0000)
  object space 43776K, 17% used [0x66e00000,0x675846d0,0x698c0000)
 Metaspace       used 11181K, capacity 11266K, committed 11416K, reserved 11568K

