# JRE version: OpenJDK Runtime Environment (8.0_162-b12) (build 1.8.0_162-8u162-b12-0ubuntu0.16.04.2-b12)
# Java VM: OpenJDK Server VM (25.162-b12 mixed mode linux-x86 )
Heap:
 PSYoungGen      total 71936K, used 5376K [0x918c0000, 0x96440000, 0xa6e00000)
  eden space 66560K, 0% used [0x918c0000,0x918c0000,0x959c0000)
  from space 5376K, 100% used [0x959c0000,0x95f00000,0x95f00000)
  to   space 5376K, 0% used [0x95f00000,0x95f00000,0x96440000)
 ParOldGen       total 43776K, used 9912K [0x66e00000, 0x698c0000, 0x918c0000)
  object space 43776K, 22% used [0x66e00000,0x677ae0a8,0x698c0000)
 Metaspace       used 11177K, capacity 11266K, committed 11416K, reserved 11568K
GC Heap History (10 events):
Event: 1.891 GC heap after
Heap after GC invocations=4 (full 0):
 PSYoungGen      total 19200K, used 2552K [0x918c0000, 0x93e40000, 0xa6e00000)
  eden space 16640K, 0% used [0x918c0000,0x918c0000,0x92900000)
  from space 2560K, 99% used [0x92b80000,0x92dfe070,0x92e00000)
  to   space 2560K, 0% used [0x92900000,0x92900000,0x92b80000)
 ParOldGen       total 43776K, used 4524K [0x66e00000, 0x698c0000, 0x918c0000)
  object space 43776K, 10% used [0x66e00000,0x6726b040,0x698c0000)
 Metaspace       used 8131K, capacity 8222K, committed 8344K, reserved 8496K
}
Event: 2.476 GC heap before
{Heap before GC invocations=5 (full 0):
 PSYoungGen      total 19200K, used 19192K [0x918c0000, 0x93e40000, 0xa6e00000)
  eden space 16640K, 100% used [0x918c0000,0x92900000,0x92900000)
  from space 2560K, 99% used [0x92b80000,0x92dfe070,0x92e00000)
  to   space 2560K, 0% used [0x92900000,0x92900000,0x92b80000)
 ParOldGen       total 43776K, used 4524K [0x66e00000, 0x698c0000, 0x918c0000)
  object space 43776K, 10% used [0x66e00000,0x6726b040,0x698c0000)
 Metaspace       used 8858K, capacity 8931K, committed 8984K, reserved 9520K
Event: 2.498 GC heap after
Heap after GC invocations=5 (full 0):
 PSYoungGen      total 19200K, used 2544K [0x918c0000, 0x94340000, 0xa6e00000)
  eden space 16640K, 0% used [0x918c0000,0x918c0000,0x92900000)
  from space 2560K, 99% used [0x92900000,0x92b7c080,0x92b80000)
  to   space 5120K, 0% used [0x93e40000,0x93e40000,0x94340000)
 ParOldGen       total 43776K, used 5346K [0x66e00000, 0x698c0000, 0x918c0000)
  object space 43776K, 12% used [0x66e00000,0x67338b28,0x698c0000)
 Metaspace       used 8858K, capacity 8931K, committed 8984K, reserved 9520K
}
Event: 3.020 GC heap before
{Heap before GC invocations=6 (full 0):
 PSYoungGen      total 19200K, used 19184K [0x918c0000, 0x94340000, 0xa6e00000)
  eden space 16640K, 100% used [0x918c0000,0x92900000,0x92900000)
  from space 2560K, 99% used [0x92900000,0x92b7c080,0x92b80000)
  to   space 5120K, 0% used [0x93e40000,0x93e40000,0x94340000)
 ParOldGen       total 43776K, used 5346K [0x66e00000, 0x698c0000, 0x918c0000)
  object space 43776K, 12% used [0x66e00000,0x67338b28,0x698c0000)
 Metaspace       used 10011K, capacity 10107K, committed 10264K, reserved 10544K
Event: 3.028 GC heap after
Heap after GC invocations=6 (full 0):
 PSYoungGen      total 37888K, used 3801K [0x918c0000, 0x942c0000, 0xa6e00000)
  eden space 33280K, 0% used [0x918c0000,0x918c0000,0x93940000)
  from space 4608K, 82% used [0x93e40000,0x941f6740,0x942c0000)
  to   space 4864K, 0% used [0x93940000,0x93940000,0x93e00000)
 ParOldGen       total 43776K, used 5350K [0x66e00000, 0x698c0000, 0x918c0000)
  object space 43776K, 12% used [0x66e00000,0x67339b28,0x698c0000)
 Metaspace       used 10011K, capacity 10107K, committed 10264K, reserved 10544K
}
Event: 3.641 GC heap before
{Heap before GC invocations=7 (full 0):
 PSYoungGen      total 37888K, used 37081K [0x918c0000, 0x942c0000, 0xa6e00000)
  eden space 33280K, 100% used [0x918c0000,0x93940000,0x93940000)
  from space 4608K, 82% used [0x93e40000,0x941f6740,0x942c0000)
  to   space 4864K, 0% used [0x93940000,0x93940000,0x93e00000)
 ParOldGen       total 43776K, used 5350K [0x66e00000, 0x698c0000, 0x918c0000)
  object space 43776K, 12% used [0x66e00000,0x67339b28,0x698c0000)
 Metaspace       used 10811K, capacity 10924K, committed 11032K, reserved 11568K
Event: 3.654 GC heap after
Heap after GC invocations=7 (full 0):
 PSYoungGen      total 38144K, used 4725K [0x918c0000, 0x96440000, 0xa6e00000)
  eden space 33280K, 0% used [0x918c0000,0x918c0000,0x93940000)
  from space 4864K, 97% used [0x93940000,0x93ddd480,0x93e00000)
  to   space 5376K, 0% used [0x95f00000,0x95f00000,0x96440000)
 ParOldGen       total 43776K, used 6193K [0x66e00000, 0x698c0000, 0x918c0000)
  object space 43776K, 14% used [0x66e00000,0x6740c538,0x698c0000)
 Metaspace       used 10811K, capacity 10924K, committed 11032K, reserved 11568K
}
Event: 4.021 GC heap before
{Heap before GC invocations=8 (full 0):
 PSYoungGen      total 38144K, used 38005K [0x918c0000, 0x96440000, 0xa6e00000)
  eden space 33280K, 100% used [0x918c0000,0x93940000,0x93940000)
  from space 4864K, 97% used [0x93940000,0x93ddd480,0x93e00000)
  to   space 5376K, 0% used [0x95f00000,0x95f00000,0x96440000)
 ParOldGen       total 43776K, used 6193K [0x66e00000, 0x698c0000, 0x918c0000)
  object space 43776K, 14% used [0x66e00000,0x6740c538,0x698c0000)
 Metaspace       used 10983K, capacity 11089K, committed 11160K, reserved 11568K
Event: 4.029 GC heap after
Heap after GC invocations=8 (full 0):
 PSYoungGen      total 71936K, used 4160K [0x918c0000, 0x96440000, 0xa6e00000)
  eden space 66560K, 0% used [0x918c0000,0x918c0000,0x959c0000)
  from space 5376K, 77% used [0x95f00000,0x96310000,0x96440000)
  to   space 5376K, 0% used [0x959c0000,0x959c0000,0x95f00000)
 ParOldGen       total 43776K, used 7481K [0x66e00000, 0x698c0000, 0x918c0000)
  object space 43776K, 17% used [0x66e00000,0x6754e408,0x698c0000)
 Metaspace       used 10983K, capacity 11089K, committed 11160K, reserved 11568K
}
Event: 4.569 GC heap before
{Heap before GC invocations=9 (full 0):
 PSYoungGen      total 71936K, used 70720K [0x918c0000, 0x96440000, 0xa6e00000)
  eden space 66560K, 100% used [0x918c0000,0x959c0000,0x959c0000)
  from space 5376K, 77% used [0x95f00000,0x96310000,0x96440000)
  to   space 5376K, 0% used [0x959c0000,0x959c0000,0x95f00000)
 ParOldGen       total 43776K, used 7481K [0x66e00000, 0x698c0000, 0x918c0000)
  object space 43776K, 17% used [0x66e00000,0x6754e408,0x698c0000)
 Metaspace       used 11177K, capacity 11266K, committed 11416K, reserved 11568K

