# JRE version: OpenJDK Runtime Environment (8.0_151-b12) (build 1.8.0_151-8u151-b12-0ubuntu0.16.04.2-b12)
# Java VM: OpenJDK Server VM (25.151-b12 mixed mode linux-x86 )
Heap:
 PSYoungGen      total 140544K, used 113683K [0x918c0000, 0x9aa40000, 0xa6e00000)
  eden space 132864K, 80% used [0x918c0000,0x981b84d8,0x99a80000)
  from space 7680K, 80% used [0x9a240000,0x9a84c880,0x9a9c0000)
  to   space 7936K, 0% used [0x99a80000,0x99a80000,0x9a240000)
 ParOldGen       total 43776K, used 11000K [0x66e00000, 0x698c0000, 0x918c0000)
  object space 43776K, 25% used [0x66e00000,0x678be0d0,0x698c0000)
 Metaspace       used 13582K, capacity 13872K, committed 13976K, reserved 14640K
GC Heap History (10 events):
Event: 1.784 GC heap before
{Heap before GC invocations=2 (full 0):
 PSYoungGen      total 19200K, used 19195K [0x918c0000, 0x93e40000, 0xa6e00000)
  eden space 16640K, 100% used [0x918c0000,0x92900000,0x92900000)
  from space 2560K, 99% used [0x92900000,0x92b7ecc0,0x92b80000)
  to   space 2560K, 0% used [0x93bc0000,0x93bc0000,0x93e40000)
 ParOldGen       total 43776K, used 804K [0x66e00000, 0x698c0000, 0x918c0000)
  object space 43776K, 1% used [0x66e00000,0x66ec90b0,0x698c0000)
 Metaspace       used 5381K, capacity 5452K, committed 5528K, reserved 6448K
Event: 1.789 GC heap after
Heap after GC invocations=2 (full 0):
 PSYoungGen      total 35840K, used 2556K [0x918c0000, 0x93e40000, 0xa6e00000)
  eden space 33280K, 0% used [0x918c0000,0x918c0000,0x93940000)
  from space 2560K, 99% used [0x93bc0000,0x93e3f020,0x93e40000)
  to   space 2560K, 0% used [0x93940000,0x93940000,0x93bc0000)
 ParOldGen       total 43776K, used 963K [0x66e00000, 0x698c0000, 0x918c0000)
  object space 43776K, 2% used [0x66e00000,0x66ef0c38,0x698c0000)
 Metaspace       used 5381K, capacity 5452K, committed 5528K, reserved 6448K
}
Event: 2.842 GC heap before
{Heap before GC invocations=3 (full 0):
 PSYoungGen      total 35840K, used 35836K [0x918c0000, 0x93e40000, 0xa6e00000)
  eden space 33280K, 100% used [0x918c0000,0x93940000,0x93940000)
  from space 2560K, 99% used [0x93bc0000,0x93e3f020,0x93e40000)
  to   space 2560K, 0% used [0x93940000,0x93940000,0x93bc0000)
 ParOldGen       total 43776K, used 963K [0x66e00000, 0x698c0000, 0x918c0000)
  object space 43776K, 2% used [0x66e00000,0x66ef0c38,0x698c0000)
 Metaspace       used 8143K, capacity 8222K, committed 8344K, reserved 8496K
Event: 2.856 GC heap after
Heap after GC invocations=3 (full 0):
 PSYoungGen      total 35840K, used 2546K [0x918c0000, 0x95ec0000, 0xa6e00000)
  eden space 33280K, 0% used [0x918c0000,0x918c0000,0x93940000)
  from space 2560K, 99% used [0x93940000,0x93bbc880,0x93bc0000)
  to   space 2560K, 0% used [0x95c40000,0x95c40000,0x95ec0000)
 ParOldGen       total 43776K, used 5111K [0x66e00000, 0x698c0000, 0x918c0000)
  object space 43776K, 11% used [0x66e00000,0x672fde80,0x698c0000)
 Metaspace       used 8143K, capacity 8222K, committed 8344K, reserved 8496K
}
Event: 4.879 GC heap before
{Heap before GC invocations=4 (full 0):
 PSYoungGen      total 35840K, used 35826K [0x918c0000, 0x95ec0000, 0xa6e00000)
  eden space 33280K, 100% used [0x918c0000,0x93940000,0x93940000)
  from space 2560K, 99% used [0x93940000,0x93bbc880,0x93bc0000)
  to   space 2560K, 0% used [0x95c40000,0x95c40000,0x95ec0000)
 ParOldGen       total 43776K, used 5111K [0x66e00000, 0x698c0000, 0x918c0000)
  object space 43776K, 11% used [0x66e00000,0x672fde80,0x698c0000)
 Metaspace       used 10046K, capacity 10139K, committed 10264K, reserved 10544K
Event: 4.934 GC heap after
Heap after GC invocations=4 (full 0):
 PSYoungGen      total 69120K, used 2554K [0x918c0000, 0x95ec0000, 0xa6e00000)
  eden space 66560K, 0% used [0x918c0000,0x918c0000,0x959c0000)
  from space 2560K, 99% used [0x95c40000,0x95ebe870,0x95ec0000)
  to   space 2560K, 0% used [0x959c0000,0x959c0000,0x95c40000)
 ParOldGen       total 43776K, used 7132K [0x66e00000, 0x698c0000, 0x918c0000)
  object space 43776K, 16% used [0x66e00000,0x674f7198,0x698c0000)
 Metaspace       used 10046K, capacity 10139K, committed 10264K, reserved 10544K
}
Event: 9.095 GC heap before
{Heap before GC invocations=5 (full 0):
 PSYoungGen      total 69120K, used 69114K [0x918c0000, 0x95ec0000, 0xa6e00000)
  eden space 66560K, 100% used [0x918c0000,0x959c0000,0x959c0000)
  from space 2560K, 99% used [0x95c40000,0x95ebe870,0x95ec0000)
  to   space 2560K, 0% used [0x959c0000,0x959c0000,0x95c40000)
 ParOldGen       total 43776K, used 7132K [0x66e00000, 0x698c0000, 0x918c0000)
  object space 43776K, 16% used [0x66e00000,0x674f7198,0x698c0000)
 Metaspace       used 10940K, capacity 11057K, committed 11160K, reserved 11568K
Event: 9.128 GC heap after
Heap after GC invocations=5 (full 0):
 PSYoungGen      total 69120K, used 2544K [0x918c0000, 0x9a9c0000, 0xa6e00000)
  eden space 66560K, 0% used [0x918c0000,0x918c0000,0x959c0000)
  from space 2560K, 99% used [0x959c0000,0x95c3c060,0x95c40000)
  to   space 7680K, 0% used [0x9a240000,0x9a240000,0x9a9c0000)
 ParOldGen       total 43776K, used 10996K [0x66e00000, 0x698c0000, 0x918c0000)
  object space 43776K, 25% used [0x66e00000,0x678bd0d0,0x698c0000)
 Metaspace       used 10940K, capacity 11057K, committed 11160K, reserved 11568K
}
Event: 10.393 GC heap before
{Heap before GC invocations=6 (full 0):
 PSYoungGen      total 69120K, used 69104K [0x918c0000, 0x9a9c0000, 0xa6e00000)
  eden space 66560K, 100% used [0x918c0000,0x959c0000,0x959c0000)
  from space 2560K, 99% used [0x959c0000,0x95c3c060,0x95c40000)
  to   space 7680K, 0% used [0x9a240000,0x9a240000,0x9a9c0000)
 ParOldGen       total 43776K, used 10996K [0x66e00000, 0x698c0000, 0x918c0000)
  object space 43776K, 25% used [0x66e00000,0x678bd0d0,0x698c0000)
 Metaspace       used 11133K, capacity 11266K, committed 11416K, reserved 11568K
Event: 10.444 GC heap after
Heap after GC invocations=6 (full 0):
 PSYoungGen      total 140544K, used 6194K [0x918c0000, 0x9aa40000, 0xa6e00000)
  eden space 132864K, 0% used [0x918c0000,0x918c0000,0x99a80000)
  from space 7680K, 80% used [0x9a240000,0x9a84c880,0x9a9c0000)
  to   space 7936K, 0% used [0x99a80000,0x99a80000,0x9a240000)
 ParOldGen       total 43776K, used 11000K [0x66e00000, 0x698c0000, 0x918c0000)
  object space 43776K, 25% used [0x66e00000,0x678be0d0,0x698c0000)
 Metaspace       used 11133K, capacity 11266K, committed 11416K, reserved 11568K
}

