# JRE version: OpenJDK Runtime Environment (8.0_151-b12) (build 1.8.0_151-8u151-b12-0ubuntu0.16.04.2-b12)
# Java VM: OpenJDK Server VM (25.151-b12 mixed mode linux-x86 )
Heap:
 PSYoungGen      total 112128K, used 50910K [0x918c0000, 0x98f00000, 0xa6e00000)
  eden space 105472K, 42% used [0x918c0000,0x944070c0,0x97fc0000)
  from space 6656K, 99% used [0x98700000,0x98d70798,0x98d80000)
  to   space 7424K, 0% used [0x97fc0000,0x97fc0000,0x98700000)
 ParOldGen       total 43776K, used 12177K [0x66e00000, 0x698c0000, 0x918c0000)
  object space 43776K, 27% used [0x66e00000,0x679e4718,0x698c0000)
 Metaspace       used 13613K, capacity 13904K, committed 13976K, reserved 14640K
GC Heap History (10 events):
Event: 6.890 GC heap before
{Heap before GC invocations=6 (full 0):
 PSYoungGen      total 19200K, used 19194K [0x918c0000, 0x942c0000, 0xa6e00000)
  eden space 16640K, 100% used [0x918c0000,0x92900000,0x92900000)
  from space 2560K, 99% used [0x92900000,0x92b7e880,0x92b80000)
  to   space 4864K, 0% used [0x93e00000,0x93e00000,0x942c0000)
 ParOldGen       total 43776K, used 5417K [0x66e00000, 0x698c0000, 0x918c0000)
  object space 43776K, 12% used [0x66e00000,0x6734a488,0x698c0000)
 Metaspace       used 9976K, capacity 10075K, committed 10136K, reserved 10544K
Event: 6.911 GC heap after
Heap after GC invocations=6 (full 0):
 PSYoungGen      total 38144K, used 3651K [0x918c0000, 0x942c0000, 0xa6e00000)
  eden space 33280K, 0% used [0x918c0000,0x918c0000,0x93940000)
  from space 4864K, 75% used [0x93e00000,0x94190ef8,0x942c0000)
  to   space 4864K, 0% used [0x93940000,0x93940000,0x93e00000)
 ParOldGen       total 43776K, used 5417K [0x66e00000, 0x698c0000, 0x918c0000)
  object space 43776K, 12% used [0x66e00000,0x6734a488,0x698c0000)
 Metaspace       used 9976K, capacity 10075K, committed 10136K, reserved 10544K
}
Event: 8.699 GC heap before
{Heap before GC invocations=7 (full 0):
 PSYoungGen      total 38144K, used 36931K [0x918c0000, 0x942c0000, 0xa6e00000)
  eden space 33280K, 100% used [0x918c0000,0x93940000,0x93940000)
  from space 4864K, 75% used [0x93e00000,0x94190ef8,0x942c0000)
  to   space 4864K, 0% used [0x93940000,0x93940000,0x93e00000)
 ParOldGen       total 43776K, used 5417K [0x66e00000, 0x698c0000, 0x918c0000)
  object space 43776K, 12% used [0x66e00000,0x6734a488,0x698c0000)
 Metaspace       used 10767K, capacity 10892K, committed 11032K, reserved 11568K
Event: 8.770 GC heap after
Heap after GC invocations=7 (full 0):
 PSYoungGen      total 38144K, used 4749K [0x918c0000, 0x963c0000, 0xa6e00000)
  eden space 33280K, 0% used [0x918c0000,0x918c0000,0x93940000)
  from space 4864K, 97% used [0x93940000,0x93de3658,0x93e00000)
  to   space 5120K, 0% used [0x95ec0000,0x95ec0000,0x963c0000)
 ParOldGen       total 43776K, used 6251K [0x66e00000, 0x698c0000, 0x918c0000)
  object space 43776K, 14% used [0x66e00000,0x6741ac78,0x698c0000)
 Metaspace       used 10767K, capacity 10892K, committed 11032K, reserved 11568K
}
Event: 11.043 GC heap before
{Heap before GC invocations=8 (full 0):
 PSYoungGen      total 38144K, used 38029K [0x918c0000, 0x963c0000, 0xa6e00000)
  eden space 33280K, 100% used [0x918c0000,0x93940000,0x93940000)
  from space 4864K, 97% used [0x93940000,0x93de3658,0x93e00000)
  to   space 5120K, 0% used [0x95ec0000,0x95ec0000,0x963c0000)
 ParOldGen       total 43776K, used 6251K [0x66e00000, 0x698c0000, 0x918c0000)
  object space 43776K, 14% used [0x66e00000,0x6741ac78,0x698c0000)
 Metaspace       used 10961K, capacity 11057K, committed 11160K, reserved 11568K
Event: 11.085 GC heap after
Heap after GC invocations=8 (full 0):
 PSYoungGen      total 71424K, used 4336K [0x918c0000, 0x96440000, 0xa6e00000)
  eden space 66304K, 0% used [0x918c0000,0x918c0000,0x95980000)
  from space 5120K, 84% used [0x95ec0000,0x962fc000,0x963c0000)
  to   space 5376K, 0% used [0x95980000,0x95980000,0x95ec0000)
 ParOldGen       total 43776K, used 7438K [0x66e00000, 0x698c0000, 0x918c0000)
  object space 43776K, 16% used [0x66e00000,0x67543b68,0x698c0000)
 Metaspace       used 10961K, capacity 11057K, committed 11160K, reserved 11568K
}
Event: 13.245 GC heap before
{Heap before GC invocations=9 (full 0):
 PSYoungGen      total 71424K, used 70640K [0x918c0000, 0x96440000, 0xa6e00000)
  eden space 66304K, 100% used [0x918c0000,0x95980000,0x95980000)
  from space 5120K, 84% used [0x95ec0000,0x962fc000,0x963c0000)
  to   space 5376K, 0% used [0x95980000,0x95980000,0x95ec0000)
 ParOldGen       total 43776K, used 7438K [0x66e00000, 0x698c0000, 0x918c0000)
  object space 43776K, 16% used [0x66e00000,0x67543b68,0x698c0000)
 Metaspace       used 11152K, capacity 11266K, committed 11416K, reserved 11568K
Event: 13.279 GC heap after
Heap after GC invocations=9 (full 0):
 PSYoungGen      total 71680K, used 5360K [0x918c0000, 0x98d80000, 0xa6e00000)
  eden space 66304K, 0% used [0x918c0000,0x918c0000,0x95980000)
  from space 5376K, 99% used [0x95980000,0x95ebc020,0x95ec0000)
  to   space 6656K, 0% used [0x98700000,0x98700000,0x98d80000)
 ParOldGen       total 43776K, used 9767K [0x66e00000, 0x698c0000, 0x918c0000)
  object space 43776K, 22% used [0x66e00000,0x67789dd8,0x698c0000)
 Metaspace       used 11152K, capacity 11266K, committed 11416K, reserved 11568K
}
Event: 15.168 GC heap before
{Heap before GC invocations=10 (full 0):
 PSYoungGen      total 71680K, used 71664K [0x918c0000, 0x98d80000, 0xa6e00000)
  eden space 66304K, 100% used [0x918c0000,0x95980000,0x95980000)
  from space 5376K, 99% used [0x95980000,0x95ebc020,0x95ec0000)
  to   space 6656K, 0% used [0x98700000,0x98700000,0x98d80000)
 ParOldGen       total 43776K, used 9767K [0x66e00000, 0x698c0000, 0x918c0000)
  object space 43776K, 22% used [0x66e00000,0x67789dd8,0x698c0000)
 Metaspace       used 12237K, capacity 12425K, committed 12440K, reserved 12592K
Event: 15.229 GC heap after
Heap after GC invocations=10 (full 0):
 PSYoungGen      total 112128K, used 6593K [0x918c0000, 0x98f00000, 0xa6e00000)
  eden space 105472K, 0% used [0x918c0000,0x918c0000,0x97fc0000)
  from space 6656K, 99% used [0x98700000,0x98d70798,0x98d80000)
  to   space 7424K, 0% used [0x97fc0000,0x97fc0000,0x98700000)
 ParOldGen       total 43776K, used 12177K [0x66e00000, 0x698c0000, 0x918c0000)
  object space 43776K, 27% used [0x66e00000,0x679e4718,0x698c0000)
 Metaspace       used 12237K, capacity 12425K, committed 12440K, reserved 12592K
}

