# JRE version: OpenJDK Runtime Environment (8.0_162-b12) (build 1.8.0_162-8u162-b12-0ubuntu0.16.04.2-b12)
# Java VM: OpenJDK Server VM (25.162-b12 mixed mode linux-x86 )
Heap:
 PSYoungGen      total 140800K, used 9974K [0x918c0000, 0x9ae40000, 0xa6e00000)
  eden space 130816K, 0% used [0x918c0000,0x918c0000,0x99880000)
  from space 9984K, 99% used [0x99880000,0x9a23d978,0x9a240000)
  to   space 7680K, 0% used [0x9a240000,0x9a240000,0x9a9c0000)
 ParOldGen       total 43776K, used 17619K [0x66e00000, 0x698c0000, 0x918c0000)
  object space 43776K, 40% used [0x66e00000,0x67f34e70,0x698c0000)
 Metaspace       used 15920K, capacity 16345K, committed 16384K, reserved 16688K
GC Heap History (10 events):
Event: 8.350 GC heap after
Heap after GC invocations=4 (full 0):
 PSYoungGen      total 35840K, used 2546K [0x918c0000, 0x95ec0000, 0xa6e00000)
  eden space 33280K, 0% used [0x918c0000,0x918c0000,0x93940000)
  from space 2560K, 99% used [0x95c40000,0x95ebc880,0x95ec0000)
  to   space 2560K, 0% used [0x93940000,0x93940000,0x93bc0000)
 ParOldGen       total 43776K, used 7152K [0x66e00000, 0x698c0000, 0x918c0000)
  object space 43776K, 16% used [0x66e00000,0x674fc1c0,0x698c0000)
 Metaspace       used 10075K, capacity 10205K, committed 10264K, reserved 10544K
}
Event: 9.996 GC heap before
{Heap before GC invocations=5 (full 0):
 PSYoungGen      total 35840K, used 35826K [0x918c0000, 0x95ec0000, 0xa6e00000)
  eden space 33280K, 100% used [0x918c0000,0x93940000,0x93940000)
  from space 2560K, 99% used [0x95c40000,0x95ebc880,0x95ec0000)
  to   space 2560K, 0% used [0x93940000,0x93940000,0x93bc0000)
 ParOldGen       total 43776K, used 7152K [0x66e00000, 0x698c0000, 0x918c0000)
  object space 43776K, 16% used [0x66e00000,0x674fc1c0,0x698c0000)
 Metaspace       used 10844K, capacity 10956K, committed 11032K, reserved 11568K
Event: 10.020 GC heap after
Heap after GC invocations=5 (full 0):
 PSYoungGen      total 35840K, used 2552K [0x918c0000, 0x966c0000, 0xa6e00000)
  eden space 33280K, 0% used [0x918c0000,0x918c0000,0x93940000)
  from space 2560K, 99% used [0x93940000,0x93bbe070,0x93bc0000)
  to   space 6656K, 0% used [0x96040000,0x96040000,0x966c0000)
 ParOldGen       total 43776K, used 9657K [0x66e00000, 0x698c0000, 0x918c0000)
  object space 43776K, 22% used [0x66e00000,0x6776e498,0x698c0000)
 Metaspace       used 10844K, capacity 10956K, committed 11032K, reserved 11568K
}
Event: 10.720 GC heap before
{Heap before GC invocations=6 (full 0):
 PSYoungGen      total 35840K, used 35832K [0x918c0000, 0x966c0000, 0xa6e00000)
  eden space 33280K, 100% used [0x918c0000,0x93940000,0x93940000)
  from space 2560K, 99% used [0x93940000,0x93bbe070,0x93bc0000)
  to   space 6656K, 0% used [0x96040000,0x96040000,0x966c0000)
 ParOldGen       total 43776K, used 9657K [0x66e00000, 0x698c0000, 0x918c0000)
  object space 43776K, 22% used [0x66e00000,0x6776e498,0x698c0000)
 Metaspace       used 11012K, capacity 11121K, committed 11288K, reserved 11568K
Event: 10.748 GC heap after
Heap after GC invocations=6 (full 0):
 PSYoungGen      total 73216K, used 3938K [0x918c0000, 0x966c0000, 0xa6e00000)
  eden space 66560K, 0% used [0x918c0000,0x918c0000,0x959c0000)
  from space 6656K, 59% used [0x96040000,0x96418890,0x966c0000)
  to   space 6656K, 0% used [0x959c0000,0x959c0000,0x96040000)
 ParOldGen       total 43776K, used 9661K [0x66e00000, 0x698c0000, 0x918c0000)
  object space 43776K, 22% used [0x66e00000,0x6776f498,0x698c0000)
 Metaspace       used 11012K, capacity 11121K, committed 11288K, reserved 11568K
}
Event: 12.616 GC heap before
{Heap before GC invocations=7 (full 0):
 PSYoungGen      total 73216K, used 70498K [0x918c0000, 0x966c0000, 0xa6e00000)
  eden space 66560K, 100% used [0x918c0000,0x959c0000,0x959c0000)
  from space 6656K, 59% used [0x96040000,0x96418890,0x966c0000)
  to   space 6656K, 0% used [0x959c0000,0x959c0000,0x96040000)
 ParOldGen       total 43776K, used 9661K [0x66e00000, 0x698c0000, 0x918c0000)
  object space 43776K, 22% used [0x66e00000,0x6776f498,0x698c0000)
 Metaspace       used 11217K, capacity 11330K, committed 11416K, reserved 11568K
Event: 12.662 GC heap after
Heap after GC invocations=7 (full 0):
 PSYoungGen      total 73216K, used 6642K [0x918c0000, 0x9a9c0000, 0xa6e00000)
  eden space 66560K, 0% used [0x918c0000,0x918c0000,0x959c0000)
  from space 6656K, 99% used [0x959c0000,0x9603c850,0x96040000)
  to   space 7680K, 0% used [0x9a240000,0x9a240000,0x9a9c0000)
 ParOldGen       total 43776K, used 10465K [0x66e00000, 0x698c0000, 0x918c0000)
  object space 43776K, 23% used [0x66e00000,0x67838468,0x698c0000)
 Metaspace       used 11217K, capacity 11330K, committed 11416K, reserved 11568K
}
Event: 15.489 GC heap before
{Heap before GC invocations=8 (full 0):
 PSYoungGen      total 73216K, used 73202K [0x918c0000, 0x9a9c0000, 0xa6e00000)
  eden space 66560K, 100% used [0x918c0000,0x959c0000,0x959c0000)
  from space 6656K, 99% used [0x959c0000,0x9603c850,0x96040000)
  to   space 7680K, 0% used [0x9a240000,0x9a240000,0x9a9c0000)
 ParOldGen       total 43776K, used 10465K [0x66e00000, 0x698c0000, 0x918c0000)
  object space 43776K, 23% used [0x66e00000,0x67838468,0x698c0000)
 Metaspace       used 12405K, capacity 12621K, committed 12696K, reserved 13616K
Event: 15.510 GC heap after
Heap after GC invocations=8 (full 0):
 PSYoungGen      total 138496K, used 7680K [0x918c0000, 0x9ae40000, 0xa6e00000)
  eden space 130816K, 0% used [0x918c0000,0x918c0000,0x99880000)
  from space 7680K, 100% used [0x9a240000,0x9a9c0000,0x9a9c0000)
  to   space 9984K, 0% used [0x99880000,0x99880000,0x9a240000)
 ParOldGen       total 43776K, used 13294K [0x66e00000, 0x698c0000, 0x918c0000)
  object space 43776K, 30% used [0x66e00000,0x67afbad0,0x698c0000)
 Metaspace       used 12405K, capacity 12621K, committed 12696K, reserved 13616K
}
Event: 17.521 GC heap before
{Heap before GC invocations=9 (full 0):
 PSYoungGen      total 138496K, used 104951K [0x918c0000, 0x9ae40000, 0xa6e00000)
  eden space 130816K, 74% used [0x918c0000,0x977bde00,0x99880000)
  from space 7680K, 100% used [0x9a240000,0x9a9c0000,0x9a9c0000)
  to   space 9984K, 0% used [0x99880000,0x99880000,0x9a240000)
 ParOldGen       total 43776K, used 13294K [0x66e00000, 0x698c0000, 0x918c0000)
  object space 43776K, 30% used [0x66e00000,0x67afbad0,0x698c0000)
 Metaspace       used 15920K, capacity 16345K, committed 16384K, reserved 16688K

