# JRE version: OpenJDK Runtime Environment (8.0_162-b12) (build 1.8.0_162-8u162-b12-0ubuntu0.16.04.2-b12)
# Java VM: OpenJDK Server VM (25.162-b12 mixed mode linux-x86 )
Heap:
 PSYoungGen      total 113408K, used 7418K [0x918c0000, 0x98f40000, 0xa6e00000)
  eden space 105984K, 0% used [0x918c0000,0x918c0000,0x98040000)
  from space 7424K, 99% used [0x98040000,0x9877e918,0x98780000)
  to   space 6912K, 0% used [0x98780000,0x98780000,0x98e40000)
 ParOldGen       total 43776K, used 18453K [0x66e00000, 0x698c0000, 0x918c0000)
  object space 43776K, 42% used [0x66e00000,0x68005658,0x698c0000)
 Metaspace       used 16110K, capacity 16361K, committed 16384K, reserved 16688K
GC Heap History (10 events):
Event: 4.523 GC heap after
Heap after GC invocations=6 (full 0):
 PSYoungGen      total 37888K, used 3867K [0x918c0000, 0x942c0000, 0xa6e00000)
  eden space 33280K, 0% used [0x918c0000,0x918c0000,0x93940000)
  from space 4608K, 83% used [0x93e40000,0x94206ef8,0x942c0000)
  to   space 4864K, 0% used [0x93940000,0x93940000,0x93e00000)
 ParOldGen       total 43776K, used 5279K [0x66e00000, 0x698c0000, 0x918c0000)
  object space 43776K, 12% used [0x66e00000,0x67327c20,0x698c0000)
 Metaspace       used 10021K, capacity 10107K, committed 10264K, reserved 10544K
}
Event: 7.481 GC heap before
{Heap before GC invocations=7 (full 0):
 PSYoungGen      total 37888K, used 37147K [0x918c0000, 0x942c0000, 0xa6e00000)
  eden space 33280K, 100% used [0x918c0000,0x93940000,0x93940000)
  from space 4608K, 83% used [0x93e40000,0x94206ef8,0x942c0000)
  to   space 4864K, 0% used [0x93940000,0x93940000,0x93e00000)
 ParOldGen       total 43776K, used 5279K [0x66e00000, 0x698c0000, 0x918c0000)
  object space 43776K, 12% used [0x66e00000,0x67327c20,0x698c0000)
 Metaspace       used 10837K, capacity 10924K, committed 11032K, reserved 11568K
Event: 7.575 GC heap after
Heap after GC invocations=7 (full 0):
 PSYoungGen      total 38144K, used 4862K [0x918c0000, 0x96440000, 0xa6e00000)
  eden space 33280K, 0% used [0x918c0000,0x918c0000,0x93940000)
  from space 4864K, 99% used [0x93940000,0x93dffb08,0x93e00000)
  to   space 5376K, 0% used [0x95f00000,0x95f00000,0x96440000)
 ParOldGen       total 43776K, used 6143K [0x66e00000, 0x698c0000, 0x918c0000)
  object space 43776K, 14% used [0x66e00000,0x673ffe58,0x698c0000)
 Metaspace       used 10837K, capacity 10924K, committed 11032K, reserved 11568K
}
Event: 9.432 GC heap before
{Heap before GC invocations=8 (full 0):
 PSYoungGen      total 38144K, used 38142K [0x918c0000, 0x96440000, 0xa6e00000)
  eden space 33280K, 100% used [0x918c0000,0x93940000,0x93940000)
  from space 4864K, 99% used [0x93940000,0x93dffb08,0x93e00000)
  to   space 5376K, 0% used [0x95f00000,0x95f00000,0x96440000)
 ParOldGen       total 43776K, used 6143K [0x66e00000, 0x698c0000, 0x918c0000)
  object space 43776K, 14% used [0x66e00000,0x673ffe58,0x698c0000)
 Metaspace       used 11012K, capacity 11121K, committed 11288K, reserved 11568K
Event: 9.462 GC heap after
Heap after GC invocations=8 (full 0):
 PSYoungGen      total 71936K, used 4432K [0x918c0000, 0x96440000, 0xa6e00000)
  eden space 66560K, 0% used [0x918c0000,0x918c0000,0x959c0000)
  from space 5376K, 82% used [0x95f00000,0x96354000,0x96440000)
  to   space 5376K, 0% used [0x959c0000,0x959c0000,0x95f00000)
 ParOldGen       total 43776K, used 7417K [0x66e00000, 0x698c0000, 0x918c0000)
  object space 43776K, 16% used [0x66e00000,0x6753e548,0x698c0000)
 Metaspace       used 11012K, capacity 11121K, committed 11288K, reserved 11568K
}
Event: 10.574 GC heap before
{Heap before GC invocations=9 (full 0):
 PSYoungGen      total 71936K, used 70992K [0x918c0000, 0x96440000, 0xa6e00000)
  eden space 66560K, 100% used [0x918c0000,0x959c0000,0x959c0000)
  from space 5376K, 82% used [0x95f00000,0x96354000,0x96440000)
  to   space 5376K, 0% used [0x959c0000,0x959c0000,0x95f00000)
 ParOldGen       total 43776K, used 7417K [0x66e00000, 0x698c0000, 0x918c0000)
  object space 43776K, 16% used [0x66e00000,0x6753e548,0x698c0000)
 Metaspace       used 11207K, capacity 11330K, committed 11416K, reserved 11568K
Event: 10.601 GC heap after
Heap after GC invocations=9 (full 0):
 PSYoungGen      total 71936K, used 5360K [0x918c0000, 0x98e40000, 0xa6e00000)
  eden space 66560K, 0% used [0x918c0000,0x918c0000,0x959c0000)
  from space 5376K, 99% used [0x959c0000,0x95efc020,0x95f00000)
  to   space 6912K, 0% used [0x98780000,0x98780000,0x98e40000)
 ParOldGen       total 43776K, used 9942K [0x66e00000, 0x698c0000, 0x918c0000)
  object space 43776K, 22% used [0x66e00000,0x677b5800,0x698c0000)
 Metaspace       used 11207K, capacity 11330K, committed 11416K, reserved 11568K
}
Event: 11.930 GC heap before
{Heap before GC invocations=10 (full 0):
 PSYoungGen      total 71936K, used 71920K [0x918c0000, 0x98e40000, 0xa6e00000)
  eden space 66560K, 100% used [0x918c0000,0x959c0000,0x959c0000)
  from space 5376K, 99% used [0x959c0000,0x95efc020,0x95f00000)
  to   space 6912K, 0% used [0x98780000,0x98780000,0x98e40000)
 ParOldGen       total 43776K, used 9942K [0x66e00000, 0x698c0000, 0x918c0000)
  object space 43776K, 22% used [0x66e00000,0x677b5800,0x698c0000)
 Metaspace       used 12317K, capacity 12525K, committed 12568K, reserved 12592K
Event: 11.946 GC heap after
Heap after GC invocations=10 (full 0):
 PSYoungGen      total 112896K, used 6343K [0x918c0000, 0x98f40000, 0xa6e00000)
  eden space 105984K, 0% used [0x918c0000,0x918c0000,0x98040000)
  from space 6912K, 91% used [0x98780000,0x98db1f10,0x98e40000)
  to   space 7424K, 0% used [0x98040000,0x98040000,0x98780000)
 ParOldGen       total 43776K, used 12574K [0x66e00000, 0x698c0000, 0x918c0000)
  object space 43776K, 28% used [0x66e00000,0x67a47950,0x698c0000)
 Metaspace       used 12317K, capacity 12525K, committed 12568K, reserved 12592K
}
Event: 14.944 GC heap before
{Heap before GC invocations=11 (full 0):
 PSYoungGen      total 112896K, used 106797K [0x918c0000, 0x98f40000, 0xa6e00000)
  eden space 105984K, 94% used [0x918c0000,0x97ad9718,0x98040000)
  from space 6912K, 91% used [0x98780000,0x98db1f10,0x98e40000)
  to   space 7424K, 0% used [0x98040000,0x98040000,0x98780000)
 ParOldGen       total 43776K, used 12574K [0x66e00000, 0x698c0000, 0x918c0000)
  object space 43776K, 28% used [0x66e00000,0x67a47950,0x698c0000)
 Metaspace       used 16110K, capacity 16361K, committed 16384K, reserved 16688K

