# JRE version: OpenJDK Runtime Environment (8.0_151-b12) (build 1.8.0_151-8u151-b12-0ubuntu0.16.04.2-b12)
# Java VM: OpenJDK Server VM (25.151-b12 mixed mode linux-x86 )
Heap:
 PSYoungGen      total 58112K, used 12703K [0x918c0000, 0x95640000, 0xa6e00000)
  eden space 53248K, 17% used [0x918c0000,0x9220fdb8,0x94cc0000)
  from space 4864K, 65% used [0x95180000,0x95498000,0x95640000)
  to   space 4864K, 0% used [0x94cc0000,0x94cc0000,0x95180000)
 ParOldGen       total 43776K, used 10511K [0x66e00000, 0x698c0000, 0x918c0000)
  object space 43776K, 24% used [0x66e00000,0x67843f60,0x698c0000)
 Metaspace       used 11091K, capacity 11197K, committed 11288K, reserved 11568K
GC Heap History (10 events):
Event: 16.948 GC heap before
{Heap before GC invocations=6 (full 0):
 PSYoungGen      total 18944K, used 18930K [0x918c0000, 0x932c0000, 0xa6e00000)
  eden space 16384K, 100% used [0x918c0000,0x928c0000,0x928c0000)
  from space 2560K, 99% used [0x92900000,0x92b7c890,0x92b80000)
  to   space 5120K, 0% used [0x92dc0000,0x92dc0000,0x932c0000)
 ParOldGen       total 43776K, used 5451K [0x66e00000, 0x698c0000, 0x918c0000)
  object space 43776K, 12% used [0x66e00000,0x67352c98,0x698c0000)
 Metaspace       used 9968K, capacity 10043K, committed 10136K, reserved 10544K
Event: 17.002 GC heap after
Heap after GC invocations=6 (full 0):
 PSYoungGen      total 21760K, used 3792K [0x918c0000, 0x94240000, 0xa6e00000)
  eden space 16640K, 0% used [0x918c0000,0x918c0000,0x92900000)
  from space 5120K, 74% used [0x92dc0000,0x931740b0,0x932c0000)
  to   space 4864K, 0% used [0x92900000,0x92900000,0x92dc0000)
 ParOldGen       total 43776K, used 5455K [0x66e00000, 0x698c0000, 0x918c0000)
  object space 43776K, 12% used [0x66e00000,0x67353c98,0x698c0000)
 Metaspace       used 9968K, capacity 10043K, committed 10136K, reserved 10544K
}
Event: 19.301 GC heap before
{Heap before GC invocations=7 (full 0):
 PSYoungGen      total 21760K, used 20432K [0x918c0000, 0x94240000, 0xa6e00000)
  eden space 16640K, 100% used [0x918c0000,0x92900000,0x92900000)
  from space 5120K, 74% used [0x92dc0000,0x931740b0,0x932c0000)
  to   space 4864K, 0% used [0x92900000,0x92900000,0x92dc0000)
 ParOldGen       total 43776K, used 5455K [0x66e00000, 0x698c0000, 0x918c0000)
  object space 43776K, 12% used [0x66e00000,0x67353c98,0x698c0000)
 Metaspace       used 10656K, capacity 10756K, committed 10904K, reserved 11568K
Event: 19.323 GC heap after
Heap after GC invocations=7 (full 0):
 PSYoungGen      total 21504K, used 4053K [0x918c0000, 0x942c0000, 0xa6e00000)
  eden space 16640K, 0% used [0x918c0000,0x918c0000,0x92900000)
  from space 4864K, 83% used [0x92900000,0x92cf54c0,0x92dc0000)
  to   space 4864K, 0% used [0x93e00000,0x93e00000,0x942c0000)
 ParOldGen       total 43776K, used 6618K [0x66e00000, 0x698c0000, 0x918c0000)
  object space 43776K, 15% used [0x66e00000,0x67476b40,0x698c0000)
 Metaspace       used 10656K, capacity 10756K, committed 10904K, reserved 11568K
}
Event: 20.089 GC heap before
{Heap before GC invocations=8 (full 0):
 PSYoungGen      total 21504K, used 20693K [0x918c0000, 0x942c0000, 0xa6e00000)
  eden space 16640K, 100% used [0x918c0000,0x92900000,0x92900000)
  from space 4864K, 83% used [0x92900000,0x92cf54c0,0x92dc0000)
  to   space 4864K, 0% used [0x93e00000,0x93e00000,0x942c0000)
 ParOldGen       total 43776K, used 6618K [0x66e00000, 0x698c0000, 0x918c0000)
  object space 43776K, 15% used [0x66e00000,0x67476b40,0x698c0000)
 Metaspace       used 10776K, capacity 10892K, committed 11032K, reserved 11568K
Event: 20.123 GC heap after
Heap after GC invocations=8 (full 0):
 PSYoungGen      total 38144K, used 2896K [0x918c0000, 0x942c0000, 0xa6e00000)
  eden space 33280K, 0% used [0x918c0000,0x918c0000,0x93940000)
  from space 4864K, 59% used [0x93e00000,0x940d4010,0x942c0000)
  to   space 4864K, 0% used [0x93940000,0x93940000,0x93e00000)
 ParOldGen       total 43776K, used 7718K [0x66e00000, 0x698c0000, 0x918c0000)
  object space 43776K, 17% used [0x66e00000,0x67589b90,0x698c0000)
 Metaspace       used 10776K, capacity 10892K, committed 11032K, reserved 11568K
}
Event: 21.148 GC heap before
{Heap before GC invocations=9 (full 0):
 PSYoungGen      total 38144K, used 36176K [0x918c0000, 0x942c0000, 0xa6e00000)
  eden space 33280K, 100% used [0x918c0000,0x93940000,0x93940000)
  from space 4864K, 59% used [0x93e00000,0x940d4010,0x942c0000)
  to   space 4864K, 0% used [0x93940000,0x93940000,0x93e00000)
 ParOldGen       total 43776K, used 7718K [0x66e00000, 0x698c0000, 0x918c0000)
  object space 43776K, 17% used [0x66e00000,0x67589b90,0x698c0000)
 Metaspace       used 10946K, capacity 11057K, committed 11160K, reserved 11568K
Event: 21.184 GC heap after
Heap after GC invocations=9 (full 0):
 PSYoungGen      total 38144K, used 3408K [0x918c0000, 0x95640000, 0xa6e00000)
  eden space 33280K, 0% used [0x918c0000,0x918c0000,0x93940000)
  from space 4864K, 70% used [0x93940000,0x93c94000,0x93e00000)
  to   space 4864K, 0% used [0x95180000,0x95180000,0x95640000)
 ParOldGen       total 43776K, used 8571K [0x66e00000, 0x698c0000, 0x918c0000)
  object space 43776K, 19% used [0x66e00000,0x6765ee10,0x698c0000)
 Metaspace       used 10946K, capacity 11057K, committed 11160K, reserved 11568K
}
Event: 22.131 GC heap before
{Heap before GC invocations=10 (full 0):
 PSYoungGen      total 38144K, used 36688K [0x918c0000, 0x95640000, 0xa6e00000)
  eden space 33280K, 100% used [0x918c0000,0x93940000,0x93940000)
  from space 4864K, 70% used [0x93940000,0x93c94000,0x93e00000)
  to   space 4864K, 0% used [0x95180000,0x95180000,0x95640000)
 ParOldGen       total 43776K, used 8571K [0x66e00000, 0x698c0000, 0x918c0000)
  object space 43776K, 19% used [0x66e00000,0x6765ee10,0x698c0000)
 Metaspace       used 11074K, capacity 11197K, committed 11288K, reserved 11568K
Event: 22.152 GC heap after
Heap after GC invocations=10 (full 0):
 PSYoungGen      total 58112K, used 3168K [0x918c0000, 0x95640000, 0xa6e00000)
  eden space 53248K, 0% used [0x918c0000,0x918c0000,0x94cc0000)
  from space 4864K, 65% used [0x95180000,0x95498000,0x95640000)
  to   space 4864K, 0% used [0x94cc0000,0x94cc0000,0x95180000)
 ParOldGen       total 43776K, used 10511K [0x66e00000, 0x698c0000, 0x918c0000)
  object space 43776K, 24% used [0x66e00000,0x67843f60,0x698c0000)
 Metaspace       used 11074K, capacity 11197K, committed 11288K, reserved 11568K
}

