# JRE version: OpenJDK Runtime Environment (8.0_162-b12) (build 1.8.0_162-8u162-b12-0ubuntu0.16.04.2-b12)
# Java VM: OpenJDK Server VM (25.162-b12 mixed mode linux-x86 )
Heap:
 PSYoungGen      total 113408K, used 7420K [0x918c0000, 0x98f40000, 0xa6e00000)
  eden space 105984K, 0% used [0x918c0000,0x918c0000,0x98040000)
  from space 7424K, 99% used [0x98040000,0x9877f218,0x98780000)
  to   space 6912K, 0% used [0x98780000,0x98780000,0x98e40000)
 ParOldGen       total 43776K, used 18384K [0x66e00000, 0x698c0000, 0x918c0000)
  object space 43776K, 41% used [0x66e00000,0x67ff40d0,0x698c0000)
 Metaspace       used 16109K, capacity 16361K, committed 16384K, reserved 16688K
GC Heap History (10 events):
Event: 4.968 GC heap after
Heap after GC invocations=6 (full 0):
 PSYoungGen      total 37888K, used 3651K [0x918c0000, 0x942c0000, 0xa6e00000)
  eden space 33280K, 0% used [0x918c0000,0x918c0000,0x93940000)
  from space 4608K, 79% used [0x93e40000,0x941d0ef8,0x942c0000)
  to   space 4864K, 0% used [0x93940000,0x93940000,0x93e00000)
 ParOldGen       total 43776K, used 5373K [0x66e00000, 0x698c0000, 0x918c0000)
  object space 43776K, 12% used [0x66e00000,0x6733f440,0x698c0000)
 Metaspace       used 9998K, capacity 10075K, committed 10136K, reserved 10544K
}
Event: 8.242 GC heap before
{Heap before GC invocations=7 (full 0):
 PSYoungGen      total 37888K, used 36924K [0x918c0000, 0x942c0000, 0xa6e00000)
  eden space 33280K, 99% used [0x918c0000,0x9393e1d0,0x93940000)
  from space 4608K, 79% used [0x93e40000,0x941d0ef8,0x942c0000)
  to   space 4864K, 0% used [0x93940000,0x93940000,0x93e00000)
 ParOldGen       total 43776K, used 5373K [0x66e00000, 0x698c0000, 0x918c0000)
  object space 43776K, 12% used [0x66e00000,0x6733f440,0x698c0000)
 Metaspace       used 10834K, capacity 10924K, committed 11032K, reserved 11568K
Event: 8.256 GC heap after
Heap after GC invocations=7 (full 0):
 PSYoungGen      total 38144K, used 4814K [0x918c0000, 0x96440000, 0xa6e00000)
  eden space 33280K, 0% used [0x918c0000,0x918c0000,0x93940000)
  from space 4864K, 98% used [0x93940000,0x93df3a48,0x93e00000)
  to   space 5376K, 0% used [0x95f00000,0x95f00000,0x96440000)
 ParOldGen       total 43776K, used 6129K [0x66e00000, 0x698c0000, 0x918c0000)
  object space 43776K, 14% used [0x66e00000,0x673fc400,0x698c0000)
 Metaspace       used 10834K, capacity 10924K, committed 11032K, reserved 11568K
}
Event: 9.468 GC heap before
{Heap before GC invocations=8 (full 0):
 PSYoungGen      total 38144K, used 38094K [0x918c0000, 0x96440000, 0xa6e00000)
  eden space 33280K, 100% used [0x918c0000,0x93940000,0x93940000)
  from space 4864K, 98% used [0x93940000,0x93df3a48,0x93e00000)
  to   space 5376K, 0% used [0x95f00000,0x95f00000,0x96440000)
 ParOldGen       total 43776K, used 6129K [0x66e00000, 0x698c0000, 0x918c0000)
  object space 43776K, 14% used [0x66e00000,0x673fc400,0x698c0000)
 Metaspace       used 10999K, capacity 11089K, committed 11160K, reserved 11568K
Event: 9.500 GC heap after
Heap after GC invocations=8 (full 0):
 PSYoungGen      total 71936K, used 4384K [0x918c0000, 0x96440000, 0xa6e00000)
  eden space 66560K, 0% used [0x918c0000,0x918c0000,0x959c0000)
  from space 5376K, 81% used [0x95f00000,0x96348000,0x96440000)
  to   space 5376K, 0% used [0x959c0000,0x959c0000,0x95f00000)
 ParOldGen       total 43776K, used 7334K [0x66e00000, 0x698c0000, 0x918c0000)
  object space 43776K, 16% used [0x66e00000,0x67529ae0,0x698c0000)
 Metaspace       used 10999K, capacity 11089K, committed 11160K, reserved 11568K
}
Event: 11.021 GC heap before
{Heap before GC invocations=9 (full 0):
 PSYoungGen      total 71936K, used 70944K [0x918c0000, 0x96440000, 0xa6e00000)
  eden space 66560K, 100% used [0x918c0000,0x959c0000,0x959c0000)
  from space 5376K, 81% used [0x95f00000,0x96348000,0x96440000)
  to   space 5376K, 0% used [0x959c0000,0x959c0000,0x95f00000)
 ParOldGen       total 43776K, used 7334K [0x66e00000, 0x698c0000, 0x918c0000)
  object space 43776K, 16% used [0x66e00000,0x67529ae0,0x698c0000)
 Metaspace       used 11201K, capacity 11298K, committed 11416K, reserved 11568K
Event: 11.043 GC heap after
Heap after GC invocations=9 (full 0):
 PSYoungGen      total 71936K, used 5368K [0x918c0000, 0x98e40000, 0xa6e00000)
  eden space 66560K, 0% used [0x918c0000,0x918c0000,0x959c0000)
  from space 5376K, 99% used [0x959c0000,0x95efe030,0x95f00000)
  to   space 6912K, 0% used [0x98780000,0x98780000,0x98e40000)
 ParOldGen       total 43776K, used 9824K [0x66e00000, 0x698c0000, 0x918c0000)
  object space 43776K, 22% used [0x66e00000,0x677980a8,0x698c0000)
 Metaspace       used 11201K, capacity 11298K, committed 11416K, reserved 11568K
}
Event: 13.185 GC heap before
{Heap before GC invocations=10 (full 0):
 PSYoungGen      total 71936K, used 71928K [0x918c0000, 0x98e40000, 0xa6e00000)
  eden space 66560K, 100% used [0x918c0000,0x959c0000,0x959c0000)
  from space 5376K, 99% used [0x959c0000,0x95efe030,0x95f00000)
  to   space 6912K, 0% used [0x98780000,0x98780000,0x98e40000)
 ParOldGen       total 43776K, used 9824K [0x66e00000, 0x698c0000, 0x918c0000)
  object space 43776K, 22% used [0x66e00000,0x677980a8,0x698c0000)
 Metaspace       used 12312K, capacity 12525K, committed 12568K, reserved 12592K
Event: 13.231 GC heap after
Heap after GC invocations=10 (full 0):
 PSYoungGen      total 112896K, used 6474K [0x918c0000, 0x98f40000, 0xa6e00000)
  eden space 105984K, 0% used [0x918c0000,0x918c0000,0x98040000)
  from space 6912K, 93% used [0x98780000,0x98dd2950,0x98e40000)
  to   space 7424K, 0% used [0x98040000,0x98040000,0x98780000)
 ParOldGen       total 43776K, used 12348K [0x66e00000, 0x698c0000, 0x918c0000)
  object space 43776K, 28% used [0x66e00000,0x67a0f1f8,0x698c0000)
 Metaspace       used 12312K, capacity 12525K, committed 12568K, reserved 12592K
}
Event: 17.319 GC heap before
{Heap before GC invocations=11 (full 0):
 PSYoungGen      total 112896K, used 106907K [0x918c0000, 0x98f40000, 0xa6e00000)
  eden space 105984K, 94% used [0x918c0000,0x97ad4458,0x98040000)
  from space 6912K, 93% used [0x98780000,0x98dd2950,0x98e40000)
  to   space 7424K, 0% used [0x98040000,0x98040000,0x98780000)
 ParOldGen       total 43776K, used 12348K [0x66e00000, 0x698c0000, 0x918c0000)
  object space 43776K, 28% used [0x66e00000,0x67a0f1f8,0x698c0000)
 Metaspace       used 16109K, capacity 16361K, committed 16384K, reserved 16688K

