# JRE version: OpenJDK Runtime Environment (8.0_162-b12) (build 1.8.0_162-8u162-b12-0ubuntu0.16.04.2-b12)
# Java VM: OpenJDK Server VM (25.162-b12 mixed mode linux-x86 )
Heap:
 PSYoungGen      total 141056K, used 8189K [0x916c0000, 0x9a8c0000, 0xa6c00000)
  eden space 132864K, 0% used [0x916c0000,0x916c0000,0x99880000)
  from space 8192K, 99% used [0x99880000,0x9a07f4d8,0x9a080000)
  to   space 7936K, 0% used [0x9a080000,0x9a080000,0x9a840000)
 ParOldGen       total 43776K, used 16955K [0x66c00000, 0x696c0000, 0x916c0000)
  object space 43776K, 38% used [0x66c00000,0x67c8ef50,0x696c0000)
 Metaspace       used 14706K, capacity 15092K, committed 15128K, reserved 15664K
GC Heap History (10 events):
Event: 2.711 GC heap after
Heap after GC invocations=2 (full 0):
 PSYoungGen      total 35840K, used 2551K [0x916c0000, 0x93c40000, 0xa6c00000)
  eden space 33280K, 0% used [0x916c0000,0x916c0000,0x93740000)
  from space 2560K, 99% used [0x939c0000,0x93c3dd40,0x93c40000)
  to   space 2560K, 0% used [0x93740000,0x93740000,0x939c0000)
 ParOldGen       total 43776K, used 884K [0x66c00000, 0x696c0000, 0x916c0000)
  object space 43776K, 2% used [0x66c00000,0x66cdd220,0x696c0000)
 Metaspace       used 5300K, capacity 5354K, committed 5400K, reserved 5424K
}
Event: 5.175 GC heap before
{Heap before GC invocations=3 (full 0):
 PSYoungGen      total 35840K, used 35831K [0x916c0000, 0x93c40000, 0xa6c00000)
  eden space 33280K, 100% used [0x916c0000,0x93740000,0x93740000)
  from space 2560K, 99% used [0x939c0000,0x93c3dd40,0x93c40000)
  to   space 2560K, 0% used [0x93740000,0x93740000,0x939c0000)
 ParOldGen       total 43776K, used 884K [0x66c00000, 0x696c0000, 0x916c0000)
  object space 43776K, 2% used [0x66c00000,0x66cdd220,0x696c0000)
 Metaspace       used 8094K, capacity 8156K, committed 8216K, reserved 8496K
Event: 5.199 GC heap after
Heap after GC invocations=3 (full 0):
 PSYoungGen      total 35840K, used 2546K [0x916c0000, 0x95cc0000, 0xa6c00000)
  eden space 33280K, 0% used [0x916c0000,0x916c0000,0x93740000)
  from space 2560K, 99% used [0x93740000,0x939bc890,0x939c0000)
  to   space 2560K, 0% used [0x95a40000,0x95a40000,0x95cc0000)
 ParOldGen       total 43776K, used 4985K [0x66c00000, 0x696c0000, 0x916c0000)
  object space 43776K, 11% used [0x66c00000,0x670de798,0x696c0000)
 Metaspace       used 8094K, capacity 8156K, committed 8216K, reserved 8496K
}
Event: 8.943 GC heap before
{Heap before GC invocations=4 (full 0):
 PSYoungGen      total 35840K, used 35826K [0x916c0000, 0x95cc0000, 0xa6c00000)
  eden space 33280K, 100% used [0x916c0000,0x93740000,0x93740000)
  from space 2560K, 99% used [0x93740000,0x939bc890,0x939c0000)
  to   space 2560K, 0% used [0x95a40000,0x95a40000,0x95cc0000)
 ParOldGen       total 43776K, used 4985K [0x66c00000, 0x696c0000, 0x916c0000)
  object space 43776K, 11% used [0x66c00000,0x670de798,0x696c0000)
 Metaspace       used 9985K, capacity 10075K, committed 10136K, reserved 10544K
Event: 8.968 GC heap after
Heap after GC invocations=4 (full 0):
 PSYoungGen      total 69120K, used 2544K [0x916c0000, 0x95cc0000, 0xa6c00000)
  eden space 66560K, 0% used [0x916c0000,0x916c0000,0x957c0000)
  from space 2560K, 99% used [0x95a40000,0x95cbc070,0x95cc0000)
  to   space 2560K, 0% used [0x957c0000,0x957c0000,0x95a40000)
 ParOldGen       total 43776K, used 7094K [0x66c00000, 0x696c0000, 0x916c0000)
  object space 43776K, 16% used [0x66c00000,0x672ed8a0,0x696c0000)
 Metaspace       used 9985K, capacity 10075K, committed 10136K, reserved 10544K
}
Event: 11.324 GC heap before
{Heap before GC invocations=5 (full 0):
 PSYoungGen      total 69120K, used 69104K [0x916c0000, 0x95cc0000, 0xa6c00000)
  eden space 66560K, 100% used [0x916c0000,0x957c0000,0x957c0000)
  from space 2560K, 99% used [0x95a40000,0x95cbc070,0x95cc0000)
  to   space 2560K, 0% used [0x957c0000,0x957c0000,0x95a40000)
 ParOldGen       total 43776K, used 7094K [0x66c00000, 0x696c0000, 0x916c0000)
  object space 43776K, 16% used [0x66c00000,0x672ed8a0,0x696c0000)
 Metaspace       used 11030K, capacity 11153K, committed 11288K, reserved 11568K
Event: 11.376 GC heap after
Heap after GC invocations=5 (full 0):
 PSYoungGen      total 69120K, used 2554K [0x916c0000, 0x9a840000, 0xa6c00000)
  eden space 66560K, 0% used [0x916c0000,0x916c0000,0x957c0000)
  from space 2560K, 99% used [0x957c0000,0x95a3e870,0x95a40000)
  to   space 7936K, 0% used [0x9a080000,0x9a080000,0x9a840000)
 ParOldGen       total 43776K, used 11065K [0x66c00000, 0x696c0000, 0x916c0000)
  object space 43776K, 25% used [0x66c00000,0x676ce6e0,0x696c0000)
 Metaspace       used 11030K, capacity 11153K, committed 11288K, reserved 11568K
}
Event: 12.474 GC heap before
{Heap before GC invocations=6 (full 0):
 PSYoungGen      total 69120K, used 69114K [0x916c0000, 0x9a840000, 0xa6c00000)
  eden space 66560K, 100% used [0x916c0000,0x957c0000,0x957c0000)
  from space 2560K, 99% used [0x957c0000,0x95a3e870,0x95a40000)
  to   space 7936K, 0% used [0x9a080000,0x9a080000,0x9a840000)
 ParOldGen       total 43776K, used 11065K [0x66c00000, 0x696c0000, 0x916c0000)
  object space 43776K, 25% used [0x66c00000,0x676ce6e0,0x696c0000)
 Metaspace       used 11212K, capacity 11330K, committed 11416K, reserved 11568K
Event: 12.511 GC heap after
Heap after GC invocations=6 (full 0):
 PSYoungGen      total 140800K, used 6338K [0x916c0000, 0x9a8c0000, 0xa6c00000)
  eden space 132864K, 0% used [0x916c0000,0x916c0000,0x99880000)
  from space 7936K, 79% used [0x9a080000,0x9a6b0880,0x9a840000)
  to   space 8192K, 0% used [0x99880000,0x99880000,0x9a080000)
 ParOldGen       total 43776K, used 11069K [0x66c00000, 0x696c0000, 0x916c0000)
  object space 43776K, 25% used [0x66c00000,0x676cf6e0,0x696c0000)
 Metaspace       used 11212K, capacity 11330K, committed 11416K, reserved 11568K
}
Event: 17.601 GC heap before
{Heap before GC invocations=7 (full 0):
 PSYoungGen      total 140800K, used 139202K [0x916c0000, 0x9a8c0000, 0xa6c00000)
  eden space 132864K, 100% used [0x916c0000,0x99880000,0x99880000)
  from space 7936K, 79% used [0x9a080000,0x9a6b0880,0x9a840000)
  to   space 8192K, 0% used [0x99880000,0x99880000,0x9a080000)
 ParOldGen       total 43776K, used 11069K [0x66c00000, 0x696c0000, 0x916c0000)
  object space 43776K, 25% used [0x66c00000,0x676cf6e0,0x696c0000)
 Metaspace       used 14706K, capacity 15092K, committed 15128K, reserved 15664K

