# JRE version: OpenJDK Runtime Environment (8.0_151-b12) (build 1.8.0_151-8u151-b12-0ubuntu0.16.04.2-b12)
# Java VM: OpenJDK Server VM (25.151-b12 mixed mode linux-x86 )
Heap:
 PSYoungGen      total 72448K, used 6138K [0x916c0000, 0x963c0000, 0xa6c00000)
  eden space 66304K, 0% used [0x916c0000,0x916c0000,0x95780000)
  from space 6144K, 99% used [0x95780000,0x95d7e850,0x95d80000)
  to   space 5888K, 0% used [0x95d80000,0x95d80000,0x96340000)
 ParOldGen       total 43776K, used 7939K [0x66c00000, 0x696c0000, 0x916c0000)
  object space 43776K, 18% used [0x66c00000,0x673c0e50,0x696c0000)
 Metaspace       used 11092K, capacity 11197K, committed 11288K, reserved 11568K
GC Heap History (10 events):
Event: 1.666 GC heap after
Heap after GC invocations=2 (full 0):
 PSYoungGen      total 19200K, used 2557K [0x916c0000, 0x92c00000, 0xa6c00000)
  eden space 16640K, 0% used [0x916c0000,0x916c0000,0x92700000)
  from space 2560K, 99% used [0x92980000,0x92bff650,0x92c00000)
  to   space 2560K, 0% used [0x92700000,0x92700000,0x92980000)
 ParOldGen       total 43776K, used 831K [0x66c00000, 0x696c0000, 0x916c0000)
  object space 43776K, 1% used [0x66c00000,0x66ccfd08,0x696c0000)
 Metaspace       used 5292K, capacity 5354K, committed 5400K, reserved 5424K
}
Event: 2.136 GC heap before
{Heap before GC invocations=3 (full 0):
 PSYoungGen      total 19200K, used 19197K [0x916c0000, 0x92c00000, 0xa6c00000)
  eden space 16640K, 100% used [0x916c0000,0x92700000,0x92700000)
  from space 2560K, 99% used [0x92980000,0x92bff650,0x92c00000)
  to   space 2560K, 0% used [0x92700000,0x92700000,0x92980000)
 ParOldGen       total 43776K, used 831K [0x66c00000, 0x696c0000, 0x916c0000)
  object space 43776K, 1% used [0x66c00000,0x66ccfd08,0x696c0000)
 Metaspace       used 6658K, capacity 6711K, committed 6808K, reserved 7472K
Event: 2.146 GC heap after
Heap after GC invocations=3 (full 0):
 PSYoungGen      total 19200K, used 2547K [0x916c0000, 0x93c40000, 0xa6c00000)
  eden space 16640K, 0% used [0x916c0000,0x916c0000,0x92700000)
  from space 2560K, 99% used [0x92700000,0x9297ce70,0x92980000)
  to   space 2560K, 0% used [0x939c0000,0x939c0000,0x93c40000)
 ParOldGen       total 43776K, used 2284K [0x66c00000, 0x696c0000, 0x916c0000)
  object space 43776K, 5% used [0x66c00000,0x66e3b340,0x696c0000)
 Metaspace       used 6658K, capacity 6711K, committed 6808K, reserved 7472K
}
Event: 2.737 GC heap before
{Heap before GC invocations=4 (full 0):
 PSYoungGen      total 19200K, used 19187K [0x916c0000, 0x93c40000, 0xa6c00000)
  eden space 16640K, 100% used [0x916c0000,0x92700000,0x92700000)
  from space 2560K, 99% used [0x92700000,0x9297ce70,0x92980000)
  to   space 2560K, 0% used [0x939c0000,0x939c0000,0x93c40000)
 ParOldGen       total 43776K, used 2284K [0x66c00000, 0x696c0000, 0x916c0000)
  object space 43776K, 5% used [0x66c00000,0x66e3b340,0x696c0000)
 Metaspace       used 8089K, capacity 8158K, committed 8216K, reserved 8496K
Event: 2.772 GC heap after
Heap after GC invocations=4 (full 0):
 PSYoungGen      total 35840K, used 2554K [0x916c0000, 0x93c40000, 0xa6c00000)
  eden space 33280K, 0% used [0x916c0000,0x916c0000,0x93740000)
  from space 2560K, 99% used [0x939c0000,0x93c3e880,0x93c40000)
  to   space 2560K, 0% used [0x93740000,0x93740000,0x939c0000)
 ParOldGen       total 43776K, used 4319K [0x66c00000, 0x696c0000, 0x916c0000)
  object space 43776K, 9% used [0x66c00000,0x67037e00,0x696c0000)
 Metaspace       used 8089K, capacity 8158K, committed 8216K, reserved 8496K
}
Event: 6.625 GC heap before
{Heap before GC invocations=5 (full 0):
 PSYoungGen      total 35840K, used 35834K [0x916c0000, 0x93c40000, 0xa6c00000)
  eden space 33280K, 100% used [0x916c0000,0x93740000,0x93740000)
  from space 2560K, 99% used [0x939c0000,0x93c3e880,0x93c40000)
  to   space 2560K, 0% used [0x93740000,0x93740000,0x939c0000)
 ParOldGen       total 43776K, used 4319K [0x66c00000, 0x696c0000, 0x916c0000)
  object space 43776K, 9% used [0x66c00000,0x67037e00,0x696c0000)
 Metaspace       used 9997K, capacity 10075K, committed 10136K, reserved 10544K
Event: 6.679 GC heap after
Heap after GC invocations=5 (full 0):
 PSYoungGen      total 35840K, used 2546K [0x916c0000, 0x96340000, 0xa6c00000)
  eden space 33280K, 0% used [0x916c0000,0x916c0000,0x93740000)
  from space 2560K, 99% used [0x93740000,0x939bc880,0x939c0000)
  to   space 5888K, 0% used [0x95d80000,0x95d80000,0x96340000)
 ParOldGen       total 43776K, used 6586K [0x66c00000, 0x696c0000, 0x916c0000)
  object space 43776K, 15% used [0x66c00000,0x6726ea90,0x696c0000)
 Metaspace       used 9997K, capacity 10075K, committed 10136K, reserved 10544K
}
Event: 9.127 GC heap before
{Heap before GC invocations=6 (full 0):
 PSYoungGen      total 35840K, used 35826K [0x916c0000, 0x96340000, 0xa6c00000)
  eden space 33280K, 100% used [0x916c0000,0x93740000,0x93740000)
  from space 2560K, 99% used [0x93740000,0x939bc880,0x939c0000)
  to   space 5888K, 0% used [0x95d80000,0x95d80000,0x96340000)
 ParOldGen       total 43776K, used 6586K [0x66c00000, 0x696c0000, 0x916c0000)
  object space 43776K, 15% used [0x66c00000,0x6726ea90,0x696c0000)
 Metaspace       used 10799K, capacity 10892K, committed 11032K, reserved 11568K
Event: 9.164 GC heap after
Heap after GC invocations=6 (full 0):
 PSYoungGen      total 72192K, used 5181K [0x916c0000, 0x963c0000, 0xa6c00000)
  eden space 66304K, 0% used [0x916c0000,0x916c0000,0x95780000)
  from space 5888K, 87% used [0x95d80000,0x9628f4d0,0x96340000)
  to   space 6144K, 0% used [0x95780000,0x95780000,0x95d80000)
 ParOldGen       total 43776K, used 6586K [0x66c00000, 0x696c0000, 0x916c0000)
  object space 43776K, 15% used [0x66c00000,0x6726ea90,0x696c0000)
 Metaspace       used 10799K, capacity 10892K, committed 11032K, reserved 11568K
}
Event: 11.654 GC heap before
{Heap before GC invocations=7 (full 0):
 PSYoungGen      total 72192K, used 71485K [0x916c0000, 0x963c0000, 0xa6c00000)
  eden space 66304K, 100% used [0x916c0000,0x95780000,0x95780000)
  from space 5888K, 87% used [0x95d80000,0x9628f4d0,0x96340000)
  to   space 6144K, 0% used [0x95780000,0x95780000,0x95d80000)
 ParOldGen       total 43776K, used 6586K [0x66c00000, 0x696c0000, 0x916c0000)
  object space 43776K, 15% used [0x66c00000,0x6726ea90,0x696c0000)
 Metaspace       used 11092K, capacity 11197K, committed 11288K, reserved 11568K

