# JRE version: OpenJDK Runtime Environment (8.0_151-b12) (build 1.8.0_151-8u151-b12-0ubuntu0.16.04.2-b12)
# Java VM: OpenJDK Server VM (25.151-b12 mixed mode linux-x86 )
Heap:
 PSYoungGen      total 71680K, used 5120K [0x916c0000, 0x961c0000, 0xa6c00000)
  eden space 66560K, 0% used [0x916c0000,0x916c0000,0x957c0000)
  from space 5120K, 100% used [0x957c0000,0x95cc0000,0x95cc0000)
  to   space 5120K, 0% used [0x95cc0000,0x95cc0000,0x961c0000)
 ParOldGen       total 43776K, used 10150K [0x66c00000, 0x696c0000, 0x916c0000)
  object space 43776K, 23% used [0x66c00000,0x675e9850,0x696c0000)
 Metaspace       used 11126K, capacity 11234K, committed 11288K, reserved 11568K
GC Heap History (10 events):
Event: 3.227 GC heap after
Heap after GC invocations=4 (full 0):
 PSYoungGen      total 19200K, used 2544K [0x916c0000, 0x93c40000, 0xa6c00000)
  eden space 16640K, 0% used [0x916c0000,0x916c0000,0x92700000)
  from space 2560K, 99% used [0x92980000,0x92bfc070,0x92c00000)
  to   space 2560K, 0% used [0x92700000,0x92700000,0x92980000)
 ParOldGen       total 43776K, used 4371K [0x66c00000, 0x696c0000, 0x916c0000)
  object space 43776K, 9% used [0x66c00000,0x67044cb0,0x696c0000)
 Metaspace       used 8096K, capacity 8156K, committed 8216K, reserved 8496K
}
Event: 4.053 GC heap before
{Heap before GC invocations=5 (full 0):
 PSYoungGen      total 19200K, used 19184K [0x916c0000, 0x93c40000, 0xa6c00000)
  eden space 16640K, 100% used [0x916c0000,0x92700000,0x92700000)
  from space 2560K, 99% used [0x92980000,0x92bfc070,0x92c00000)
  to   space 2560K, 0% used [0x92700000,0x92700000,0x92980000)
 ParOldGen       total 43776K, used 4371K [0x66c00000, 0x696c0000, 0x916c0000)
  object space 43776K, 9% used [0x66c00000,0x67044cb0,0x696c0000)
 Metaspace       used 8855K, capacity 8931K, committed 8984K, reserved 9520K
Event: 4.102 GC heap after
Heap after GC invocations=5 (full 0):
 PSYoungGen      total 19200K, used 2552K [0x916c0000, 0x940c0000, 0xa6c00000)
  eden space 16640K, 0% used [0x916c0000,0x916c0000,0x92700000)
  from space 2560K, 99% used [0x92700000,0x9297e070,0x92980000)
  to   space 4864K, 0% used [0x93c00000,0x93c00000,0x940c0000)
 ParOldGen       total 43776K, used 5437K [0x66c00000, 0x696c0000, 0x916c0000)
  object space 43776K, 12% used [0x66c00000,0x6714f6f8,0x696c0000)
 Metaspace       used 8855K, capacity 8931K, committed 8984K, reserved 9520K
}
Event: 5.754 GC heap before
{Heap before GC invocations=6 (full 0):
 PSYoungGen      total 19200K, used 19192K [0x916c0000, 0x940c0000, 0xa6c00000)
  eden space 16640K, 100% used [0x916c0000,0x92700000,0x92700000)
  from space 2560K, 99% used [0x92700000,0x9297e070,0x92980000)
  to   space 4864K, 0% used [0x93c00000,0x93c00000,0x940c0000)
 ParOldGen       total 43776K, used 5437K [0x66c00000, 0x696c0000, 0x916c0000)
  object space 43776K, 12% used [0x66c00000,0x6714f6f8,0x696c0000)
 Metaspace       used 9991K, capacity 10075K, committed 10136K, reserved 10544K
Event: 5.813 GC heap after
Heap after GC invocations=6 (full 0):
 PSYoungGen      total 38144K, used 3668K [0x916c0000, 0x940c0000, 0xa6c00000)
  eden space 33280K, 0% used [0x916c0000,0x916c0000,0x93740000)
  from space 4864K, 75% used [0x93c00000,0x93f953a8,0x940c0000)
  to   space 4864K, 0% used [0x93740000,0x93740000,0x93c00000)
 ParOldGen       total 43776K, used 5437K [0x66c00000, 0x696c0000, 0x916c0000)
  object space 43776K, 12% used [0x66c00000,0x6714f6f8,0x696c0000)
 Metaspace       used 9991K, capacity 10075K, committed 10136K, reserved 10544K
}
Event: 9.113 GC heap before
{Heap before GC invocations=7 (full 0):
 PSYoungGen      total 38144K, used 36948K [0x916c0000, 0x940c0000, 0xa6c00000)
  eden space 33280K, 100% used [0x916c0000,0x93740000,0x93740000)
  from space 4864K, 75% used [0x93c00000,0x93f953a8,0x940c0000)
  to   space 4864K, 0% used [0x93740000,0x93740000,0x93c00000)
 ParOldGen       total 43776K, used 5437K [0x66c00000, 0x696c0000, 0x916c0000)
  object space 43776K, 12% used [0x66c00000,0x6714f6f8,0x696c0000)
 Metaspace       used 10783K, capacity 10892K, committed 11032K, reserved 11568K
Event: 9.142 GC heap after
Heap after GC invocations=7 (full 0):
 PSYoungGen      total 38144K, used 4505K [0x916c0000, 0x961c0000, 0xa6c00000)
  eden space 33280K, 0% used [0x916c0000,0x916c0000,0x93740000)
  from space 4864K, 92% used [0x93740000,0x93ba6708,0x93c00000)
  to   space 5120K, 0% used [0x95cc0000,0x95cc0000,0x961c0000)
 ParOldGen       total 43776K, used 6493K [0x66c00000, 0x696c0000, 0x916c0000)
  object space 43776K, 14% used [0x66c00000,0x672575d8,0x696c0000)
 Metaspace       used 10783K, capacity 10892K, committed 11032K, reserved 11568K
}
Event: 9.953 GC heap before
{Heap before GC invocations=8 (full 0):
 PSYoungGen      total 38144K, used 37785K [0x916c0000, 0x961c0000, 0xa6c00000)
  eden space 33280K, 100% used [0x916c0000,0x93740000,0x93740000)
  from space 4864K, 92% used [0x93740000,0x93ba6708,0x93c00000)
  to   space 5120K, 0% used [0x95cc0000,0x95cc0000,0x961c0000)
 ParOldGen       total 43776K, used 6493K [0x66c00000, 0x696c0000, 0x916c0000)
  object space 43776K, 14% used [0x66c00000,0x672575d8,0x696c0000)
 Metaspace       used 10944K, capacity 11057K, committed 11160K, reserved 11568K
Event: 9.982 GC heap after
Heap after GC invocations=8 (full 0):
 PSYoungGen      total 71680K, used 4128K [0x916c0000, 0x961c0000, 0xa6c00000)
  eden space 66560K, 0% used [0x916c0000,0x916c0000,0x957c0000)
  from space 5120K, 80% used [0x95cc0000,0x960c8000,0x961c0000)
  to   space 5120K, 0% used [0x957c0000,0x957c0000,0x95cc0000)
 ParOldGen       total 43776K, used 7513K [0x66c00000, 0x696c0000, 0x916c0000)
  object space 43776K, 17% used [0x66c00000,0x673564b8,0x696c0000)
 Metaspace       used 10944K, capacity 11057K, committed 11160K, reserved 11568K
}
Event: 11.183 GC heap before
{Heap before GC invocations=9 (full 0):
 PSYoungGen      total 71680K, used 70688K [0x916c0000, 0x961c0000, 0xa6c00000)
  eden space 66560K, 100% used [0x916c0000,0x957c0000,0x957c0000)
  from space 5120K, 80% used [0x95cc0000,0x960c8000,0x961c0000)
  to   space 5120K, 0% used [0x957c0000,0x957c0000,0x95cc0000)
 ParOldGen       total 43776K, used 7513K [0x66c00000, 0x696c0000, 0x916c0000)
  object space 43776K, 17% used [0x66c00000,0x673564b8,0x696c0000)
 Metaspace       used 11126K, capacity 11234K, committed 11288K, reserved 11568K

