# JRE version: OpenJDK Runtime Environment (8.0_162-b12) (build 1.8.0_162-8u162-b12-0ubuntu0.16.04.2-b12)
# Java VM: OpenJDK Server VM (25.162-b12 mixed mode linux-x86 )
Heap:
 PSYoungGen      total 140800K, used 8189K [0x916c0000, 0x9a8c0000, 0xa6c00000)
  eden space 132608K, 0% used [0x916c0000,0x916c0000,0x99840000)
  from space 8192K, 99% used [0x99840000,0x9a03f4d8,0x9a040000)
  to   space 7680K, 0% used [0x9a040000,0x9a040000,0x9a7c0000)
 ParOldGen       total 43776K, used 17851K [0x66c00000, 0x696c0000, 0x916c0000)
  object space 43776K, 40% used [0x66c00000,0x67d6ee28,0x696c0000)
 Metaspace       used 14690K, capacity 14965K, committed 15000K, reserved 15664K
GC Heap History (10 events):
Event: 2.167 GC heap after
Heap after GC invocations=2 (full 0):
 PSYoungGen      total 35840K, used 2550K [0x916c0000, 0x93c40000, 0xa6c00000)
  eden space 33280K, 0% used [0x916c0000,0x916c0000,0x93740000)
  from space 2560K, 99% used [0x939c0000,0x93c3d868,0x93c40000)
  to   space 2560K, 0% used [0x93740000,0x93740000,0x939c0000)
 ParOldGen       total 43776K, used 859K [0x66c00000, 0x696c0000, 0x916c0000)
  object space 43776K, 1% used [0x66c00000,0x66cd6c60,0x696c0000)
 Metaspace       used 5326K, capacity 5386K, committed 5400K, reserved 5424K
}
Event: 3.231 GC heap before
{Heap before GC invocations=3 (full 0):
 PSYoungGen      total 35840K, used 35830K [0x916c0000, 0x93c40000, 0xa6c00000)
  eden space 33280K, 100% used [0x916c0000,0x93740000,0x93740000)
  from space 2560K, 99% used [0x939c0000,0x93c3d868,0x93c40000)
  to   space 2560K, 0% used [0x93740000,0x93740000,0x939c0000)
 ParOldGen       total 43776K, used 859K [0x66c00000, 0x696c0000, 0x916c0000)
  object space 43776K, 1% used [0x66c00000,0x66cd6c60,0x696c0000)
 Metaspace       used 8098K, capacity 8190K, committed 8344K, reserved 8496K
Event: 3.257 GC heap after
Heap after GC invocations=3 (full 0):
 PSYoungGen      total 35840K, used 2554K [0x916c0000, 0x95cc0000, 0xa6c00000)
  eden space 33280K, 0% used [0x916c0000,0x916c0000,0x93740000)
  from space 2560K, 99% used [0x93740000,0x939be880,0x939c0000)
  to   space 2560K, 0% used [0x95a40000,0x95a40000,0x95cc0000)
 ParOldGen       total 43776K, used 4938K [0x66c00000, 0x696c0000, 0x916c0000)
  object space 43776K, 11% used [0x66c00000,0x670d2a40,0x696c0000)
 Metaspace       used 8098K, capacity 8190K, committed 8344K, reserved 8496K
}
Event: 4.984 GC heap before
{Heap before GC invocations=4 (full 0):
 PSYoungGen      total 35840K, used 35834K [0x916c0000, 0x95cc0000, 0xa6c00000)
  eden space 33280K, 100% used [0x916c0000,0x93740000,0x93740000)
  from space 2560K, 99% used [0x93740000,0x939be880,0x939c0000)
  to   space 2560K, 0% used [0x95a40000,0x95a40000,0x95cc0000)
 ParOldGen       total 43776K, used 4938K [0x66c00000, 0x696c0000, 0x916c0000)
  object space 43776K, 11% used [0x66c00000,0x670d2a40,0x696c0000)
 Metaspace       used 9985K, capacity 10075K, committed 10136K, reserved 10544K
Event: 5.003 GC heap after
Heap after GC invocations=4 (full 0):
 PSYoungGen      total 69120K, used 2554K [0x916c0000, 0x95cc0000, 0xa6c00000)
  eden space 66560K, 0% used [0x916c0000,0x916c0000,0x957c0000)
  from space 2560K, 99% used [0x95a40000,0x95cbe880,0x95cc0000)
  to   space 2560K, 0% used [0x957c0000,0x957c0000,0x95a40000)
 ParOldGen       total 43776K, used 6995K [0x66c00000, 0x696c0000, 0x916c0000)
  object space 43776K, 15% used [0x66c00000,0x672d4c00,0x696c0000)
 Metaspace       used 9985K, capacity 10075K, committed 10136K, reserved 10544K
}
Event: 8.107 GC heap before
{Heap before GC invocations=5 (full 0):
 PSYoungGen      total 69120K, used 69114K [0x916c0000, 0x95cc0000, 0xa6c00000)
  eden space 66560K, 100% used [0x916c0000,0x957c0000,0x957c0000)
  from space 2560K, 99% used [0x95a40000,0x95cbe880,0x95cc0000)
  to   space 2560K, 0% used [0x957c0000,0x957c0000,0x95a40000)
 ParOldGen       total 43776K, used 6995K [0x66c00000, 0x696c0000, 0x916c0000)
  object space 43776K, 15% used [0x66c00000,0x672d4c00,0x696c0000)
 Metaspace       used 10992K, capacity 11121K, committed 11288K, reserved 11568K
Event: 8.184 GC heap after
Heap after GC invocations=5 (full 0):
 PSYoungGen      total 69120K, used 2546K [0x916c0000, 0x9a7c0000, 0xa6c00000)
  eden space 66560K, 0% used [0x916c0000,0x916c0000,0x957c0000)
  from space 2560K, 99% used [0x957c0000,0x95a3c880,0x95a40000)
  to   space 7680K, 0% used [0x9a040000,0x9a040000,0x9a7c0000)
 ParOldGen       total 43776K, used 10964K [0x66c00000, 0x696c0000, 0x916c0000)
  object space 43776K, 25% used [0x66c00000,0x676b5068,0x696c0000)
 Metaspace       used 10992K, capacity 11121K, committed 11288K, reserved 11568K
}
Event: 11.114 GC heap before
{Heap before GC invocations=6 (full 0):
 PSYoungGen      total 69120K, used 69106K [0x916c0000, 0x9a7c0000, 0xa6c00000)
  eden space 66560K, 100% used [0x916c0000,0x957c0000,0x957c0000)
  from space 2560K, 99% used [0x957c0000,0x95a3c880,0x95a40000)
  to   space 7680K, 0% used [0x9a040000,0x9a040000,0x9a7c0000)
 ParOldGen       total 43776K, used 10964K [0x66c00000, 0x696c0000, 0x916c0000)
  object space 43776K, 25% used [0x66c00000,0x676b5068,0x696c0000)
 Metaspace       used 11176K, capacity 11298K, committed 11416K, reserved 11568K
Event: 11.213 GC heap after
Heap after GC invocations=6 (full 0):
 PSYoungGen      total 140288K, used 6224K [0x916c0000, 0x9a8c0000, 0xa6c00000)
  eden space 132608K, 0% used [0x916c0000,0x916c0000,0x99840000)
  from space 7680K, 81% used [0x9a040000,0x9a654060,0x9a7c0000)
  to   space 8192K, 0% used [0x99840000,0x99840000,0x9a040000)
 ParOldGen       total 43776K, used 10968K [0x66c00000, 0x696c0000, 0x916c0000)
  object space 43776K, 25% used [0x66c00000,0x676b6068,0x696c0000)
 Metaspace       used 11176K, capacity 11298K, committed 11416K, reserved 11568K
}
Event: 17.222 GC heap before
{Heap before GC invocations=7 (full 0):
 PSYoungGen      total 140288K, used 138832K [0x916c0000, 0x9a8c0000, 0xa6c00000)
  eden space 132608K, 100% used [0x916c0000,0x99840000,0x99840000)
  from space 7680K, 81% used [0x9a040000,0x9a654060,0x9a7c0000)
  to   space 8192K, 0% used [0x99840000,0x99840000,0x9a040000)
 ParOldGen       total 43776K, used 10968K [0x66c00000, 0x696c0000, 0x916c0000)
  object space 43776K, 25% used [0x66c00000,0x676b6068,0x696c0000)
 Metaspace       used 14690K, capacity 14965K, committed 15000K, reserved 15664K

