# JRE version: OpenJDK Runtime Environment (8.0_151-b12) (build 1.8.0_151-8u151-b12-0ubuntu0.16.04.2-b12)
# Java VM: OpenJDK Server VM (25.151-b12 mixed mode linux-x86 )
Heap:
 PSYoungGen      total 71680K, used 5360K [0x918c0000, 0x96440000, 0xa6e00000)
  eden space 66304K, 0% used [0x918c0000,0x918c0000,0x95980000)
  from space 5376K, 99% used [0x95980000,0x95ebc010,0x95ec0000)
  to   space 5120K, 0% used [0x95ec0000,0x95ec0000,0x963c0000)
 ParOldGen       total 43776K, used 9916K [0x66e00000, 0x698c0000, 0x918c0000)
  object space 43776K, 22% used [0x66e00000,0x677af040,0x698c0000)
 Metaspace       used 11135K, capacity 11234K, committed 11288K, reserved 11568K
GC Heap History (10 events):
Event: 2.669 GC heap after
Heap after GC invocations=4 (full 0):
 PSYoungGen      total 19200K, used 2546K [0x918c0000, 0x93e40000, 0xa6e00000)
  eden space 16640K, 0% used [0x918c0000,0x918c0000,0x92900000)
  from space 2560K, 99% used [0x92b80000,0x92dfc890,0x92e00000)
  to   space 2560K, 0% used [0x92900000,0x92900000,0x92b80000)
 ParOldGen       total 43776K, used 4370K [0x66e00000, 0x698c0000, 0x918c0000)
  object space 43776K, 9% used [0x66e00000,0x67244ad0,0x698c0000)
 Metaspace       used 8087K, capacity 8158K, committed 8216K, reserved 8496K
}
Event: 4.026 GC heap before
{Heap before GC invocations=5 (full 0):
 PSYoungGen      total 19200K, used 19186K [0x918c0000, 0x93e40000, 0xa6e00000)
  eden space 16640K, 100% used [0x918c0000,0x92900000,0x92900000)
  from space 2560K, 99% used [0x92b80000,0x92dfc890,0x92e00000)
  to   space 2560K, 0% used [0x92900000,0x92900000,0x92b80000)
 ParOldGen       total 43776K, used 4370K [0x66e00000, 0x698c0000, 0x918c0000)
  object space 43776K, 9% used [0x66e00000,0x67244ad0,0x698c0000)
 Metaspace       used 8840K, capacity 8931K, committed 8984K, reserved 9520K
Event: 4.058 GC heap after
Heap after GC invocations=5 (full 0):
 PSYoungGen      total 19200K, used 2546K [0x918c0000, 0x942c0000, 0xa6e00000)
  eden space 16640K, 0% used [0x918c0000,0x918c0000,0x92900000)
  from space 2560K, 99% used [0x92900000,0x92b7c880,0x92b80000)
  to   space 4864K, 0% used [0x93e00000,0x93e00000,0x942c0000)
 ParOldGen       total 43776K, used 5423K [0x66e00000, 0x698c0000, 0x918c0000)
  object space 43776K, 12% used [0x66e00000,0x6734be90,0x698c0000)
 Metaspace       used 8840K, capacity 8931K, committed 8984K, reserved 9520K
}
Event: 5.199 GC heap before
{Heap before GC invocations=6 (full 0):
 PSYoungGen      total 19200K, used 19186K [0x918c0000, 0x942c0000, 0xa6e00000)
  eden space 16640K, 100% used [0x918c0000,0x92900000,0x92900000)
  from space 2560K, 99% used [0x92900000,0x92b7c880,0x92b80000)
  to   space 4864K, 0% used [0x93e00000,0x93e00000,0x942c0000)
 ParOldGen       total 43776K, used 5423K [0x66e00000, 0x698c0000, 0x918c0000)
  object space 43776K, 12% used [0x66e00000,0x6734be90,0x698c0000)
 Metaspace       used 9969K, capacity 10075K, committed 10136K, reserved 10544K
Event: 5.229 GC heap after
Heap after GC invocations=6 (full 0):
 PSYoungGen      total 38144K, used 3842K [0x918c0000, 0x942c0000, 0xa6e00000)
  eden space 33280K, 0% used [0x918c0000,0x918c0000,0x93940000)
  from space 4864K, 79% used [0x93e00000,0x941c0b38,0x942c0000)
  to   space 4864K, 0% used [0x93940000,0x93940000,0x93e00000)
 ParOldGen       total 43776K, used 5427K [0x66e00000, 0x698c0000, 0x918c0000)
  object space 43776K, 12% used [0x66e00000,0x6734ce90,0x698c0000)
 Metaspace       used 9969K, capacity 10075K, committed 10136K, reserved 10544K
}
Event: 7.048 GC heap before
{Heap before GC invocations=7 (full 0):
 PSYoungGen      total 38144K, used 37122K [0x918c0000, 0x942c0000, 0xa6e00000)
  eden space 33280K, 100% used [0x918c0000,0x93940000,0x93940000)
  from space 4864K, 79% used [0x93e00000,0x941c0b38,0x942c0000)
  to   space 4864K, 0% used [0x93940000,0x93940000,0x93e00000)
 ParOldGen       total 43776K, used 5427K [0x66e00000, 0x698c0000, 0x918c0000)
  object space 43776K, 12% used [0x66e00000,0x6734ce90,0x698c0000)
 Metaspace       used 10751K, capacity 10860K, committed 11032K, reserved 11568K
Event: 7.084 GC heap after
Heap after GC invocations=7 (full 0):
 PSYoungGen      total 38144K, used 4582K [0x918c0000, 0x963c0000, 0xa6e00000)
  eden space 33280K, 0% used [0x918c0000,0x918c0000,0x93940000)
  from space 4864K, 94% used [0x93940000,0x93db9a28,0x93e00000)
  to   space 5120K, 0% used [0x95ec0000,0x95ec0000,0x963c0000)
 ParOldGen       total 43776K, used 6621K [0x66e00000, 0x698c0000, 0x918c0000)
  object space 43776K, 15% used [0x66e00000,0x674776e0,0x698c0000)
 Metaspace       used 10751K, capacity 10860K, committed 11032K, reserved 11568K
}
Event: 7.524 GC heap before
{Heap before GC invocations=8 (full 0):
 PSYoungGen      total 38144K, used 37862K [0x918c0000, 0x963c0000, 0xa6e00000)
  eden space 33280K, 100% used [0x918c0000,0x93940000,0x93940000)
  from space 4864K, 94% used [0x93940000,0x93db9a28,0x93e00000)
  to   space 5120K, 0% used [0x95ec0000,0x95ec0000,0x963c0000)
 ParOldGen       total 43776K, used 6621K [0x66e00000, 0x698c0000, 0x918c0000)
  object space 43776K, 15% used [0x66e00000,0x674776e0,0x698c0000)
 Metaspace       used 10922K, capacity 11025K, committed 11160K, reserved 11568K
Event: 7.545 GC heap after
Heap after GC invocations=8 (full 0):
 PSYoungGen      total 71424K, used 4352K [0x918c0000, 0x96440000, 0xa6e00000)
  eden space 66304K, 0% used [0x918c0000,0x918c0000,0x95980000)
  from space 5120K, 85% used [0x95ec0000,0x96300010,0x963c0000)
  to   space 5376K, 0% used [0x95980000,0x95980000,0x95ec0000)
 ParOldGen       total 43776K, used 7527K [0x66e00000, 0x698c0000, 0x918c0000)
  object space 43776K, 17% used [0x66e00000,0x67559db0,0x698c0000)
 Metaspace       used 10922K, capacity 11025K, committed 11160K, reserved 11568K
}
Event: 8.475 GC heap before
{Heap before GC invocations=9 (full 0):
 PSYoungGen      total 71424K, used 70656K [0x918c0000, 0x96440000, 0xa6e00000)
  eden space 66304K, 100% used [0x918c0000,0x95980000,0x95980000)
  from space 5120K, 85% used [0x95ec0000,0x96300010,0x963c0000)
  to   space 5376K, 0% used [0x95980000,0x95980000,0x95ec0000)
 ParOldGen       total 43776K, used 7527K [0x66e00000, 0x698c0000, 0x918c0000)
  object space 43776K, 17% used [0x66e00000,0x67559db0,0x698c0000)
 Metaspace       used 11135K, capacity 11234K, committed 11288K, reserved 11568K

