# JRE version: OpenJDK Runtime Environment (8.0_151-b12) (build 1.8.0_151-8u151-b12-0ubuntu0.16.04.2-b12)
# Java VM: OpenJDK Server VM (25.151-b12 mixed mode linux-x86 )
Heap:
 PSYoungGen      total 137472K, used 102239K [0x918c0000, 0x9ac40000, 0xa6e00000)
  eden space 130048K, 72% used [0x918c0000,0x97559fa0,0x997c0000)
  from space 7424K, 99% used [0x9a100000,0x9a83e030,0x9a840000)
  to   space 9472K, 0% used [0x997c0000,0x997c0000,0x9a100000)
 ParOldGen       total 43776K, used 9744K [0x66e00000, 0x698c0000, 0x918c0000)
  object space 43776K, 22% used [0x66e00000,0x67784060,0x698c0000)
 Metaspace       used 14363K, capacity 14737K, committed 14744K, reserved 15664K
GC Heap History (10 events):
Event: 2.710 GC heap before
{Heap before GC invocations=4 (full 0):
 PSYoungGen      total 19200K, used 19187K [0x918c0000, 0x93e40000, 0xa6e00000)
  eden space 16640K, 100% used [0x918c0000,0x92900000,0x92900000)
  from space 2560K, 99% used [0x92900000,0x92b7ce70,0x92b80000)
  to   space 2560K, 0% used [0x93bc0000,0x93bc0000,0x93e40000)
 ParOldGen       total 43776K, used 2312K [0x66e00000, 0x698c0000, 0x918c0000)
  object space 43776K, 5% used [0x66e00000,0x670421f8,0x698c0000)
 Metaspace       used 8095K, capacity 8156K, committed 8216K, reserved 8496K
Event: 2.739 GC heap after
Heap after GC invocations=4 (full 0):
 PSYoungGen      total 35840K, used 2544K [0x918c0000, 0x93e40000, 0xa6e00000)
  eden space 33280K, 0% used [0x918c0000,0x918c0000,0x93940000)
  from space 2560K, 99% used [0x93bc0000,0x93e3c070,0x93e40000)
  to   space 2560K, 0% used [0x93940000,0x93940000,0x93bc0000)
 ParOldGen       total 43776K, used 4364K [0x66e00000, 0x698c0000, 0x918c0000)
  object space 43776K, 9% used [0x66e00000,0x672431a0,0x698c0000)
 Metaspace       used 8095K, capacity 8156K, committed 8216K, reserved 8496K
}
Event: 5.280 GC heap before
{Heap before GC invocations=5 (full 0):
 PSYoungGen      total 35840K, used 35824K [0x918c0000, 0x93e40000, 0xa6e00000)
  eden space 33280K, 100% used [0x918c0000,0x93940000,0x93940000)
  from space 2560K, 99% used [0x93bc0000,0x93e3c070,0x93e40000)
  to   space 2560K, 0% used [0x93940000,0x93940000,0x93bc0000)
 ParOldGen       total 43776K, used 4364K [0x66e00000, 0x698c0000, 0x918c0000)
  object space 43776K, 9% used [0x66e00000,0x672431a0,0x698c0000)
 Metaspace       used 9988K, capacity 10075K, committed 10136K, reserved 10544K
Event: 5.326 GC heap after
Heap after GC invocations=5 (full 0):
 PSYoungGen      total 35840K, used 2546K [0x918c0000, 0x964c0000, 0xa6e00000)
  eden space 33280K, 0% used [0x918c0000,0x918c0000,0x93940000)
  from space 2560K, 99% used [0x93940000,0x93bbc880,0x93bc0000)
  to   space 5632K, 0% used [0x95f40000,0x95f40000,0x964c0000)
 ParOldGen       total 43776K, used 6496K [0x66e00000, 0x698c0000, 0x918c0000)
  object space 43776K, 14% used [0x66e00000,0x67458130,0x698c0000)
 Metaspace       used 9988K, capacity 10075K, committed 10136K, reserved 10544K
}
Event: 8.354 GC heap before
{Heap before GC invocations=6 (full 0):
 PSYoungGen      total 35840K, used 35826K [0x918c0000, 0x964c0000, 0xa6e00000)
  eden space 33280K, 100% used [0x918c0000,0x93940000,0x93940000)
  from space 2560K, 99% used [0x93940000,0x93bbc880,0x93bc0000)
  to   space 5632K, 0% used [0x95f40000,0x95f40000,0x964c0000)
 ParOldGen       total 43776K, used 6496K [0x66e00000, 0x698c0000, 0x918c0000)
  object space 43776K, 14% used [0x66e00000,0x67458130,0x698c0000)
 Metaspace       used 10791K, capacity 10892K, committed 11032K, reserved 11568K
Event: 8.380 GC heap after
Heap after GC invocations=6 (full 0):
 PSYoungGen      total 71680K, used 5197K [0x918c0000, 0x965c0000, 0xa6e00000)
  eden space 66048K, 0% used [0x918c0000,0x918c0000,0x95940000)
  from space 5632K, 92% used [0x95f40000,0x964534d0,0x964c0000)
  to   space 6144K, 0% used [0x95940000,0x95940000,0x95f40000)
 ParOldGen       total 43776K, used 6500K [0x66e00000, 0x698c0000, 0x918c0000)
  object space 43776K, 14% used [0x66e00000,0x67459130,0x698c0000)
 Metaspace       used 10791K, capacity 10892K, committed 11032K, reserved 11568K
}
Event: 9.979 GC heap before
{Heap before GC invocations=7 (full 0):
 PSYoungGen      total 71680K, used 71245K [0x918c0000, 0x965c0000, 0xa6e00000)
  eden space 66048K, 100% used [0x918c0000,0x95940000,0x95940000)
  from space 5632K, 92% used [0x95f40000,0x964534d0,0x964c0000)
  to   space 6144K, 0% used [0x95940000,0x95940000,0x95f40000)
 ParOldGen       total 43776K, used 6500K [0x66e00000, 0x698c0000, 0x918c0000)
  object space 43776K, 14% used [0x66e00000,0x67459130,0x698c0000)
 Metaspace       used 11106K, capacity 11229K, committed 11288K, reserved 11568K
Event: 10.004 GC heap after
Heap after GC invocations=7 (full 0):
 PSYoungGen      total 72192K, used 6138K [0x918c0000, 0x9a840000, 0xa6e00000)
  eden space 66048K, 0% used [0x918c0000,0x918c0000,0x95940000)
  from space 6144K, 99% used [0x95940000,0x95f3e830,0x95f40000)
  to   space 7424K, 0% used [0x9a100000,0x9a100000,0x9a840000)
 ParOldGen       total 43776K, used 7713K [0x66e00000, 0x698c0000, 0x918c0000)
  object space 43776K, 17% used [0x66e00000,0x675887f8,0x698c0000)
 Metaspace       used 11106K, capacity 11229K, committed 11288K, reserved 11568K
}
Event: 11.443 GC heap before
{Heap before GC invocations=8 (full 0):
 PSYoungGen      total 72192K, used 72186K [0x918c0000, 0x9a840000, 0xa6e00000)
  eden space 66048K, 100% used [0x918c0000,0x95940000,0x95940000)
  from space 6144K, 99% used [0x95940000,0x95f3e830,0x95f40000)
  to   space 7424K, 0% used [0x9a100000,0x9a100000,0x9a840000)
 ParOldGen       total 43776K, used 7713K [0x66e00000, 0x698c0000, 0x918c0000)
  object space 43776K, 17% used [0x66e00000,0x675887f8,0x698c0000)
 Metaspace       used 11379K, capacity 11498K, committed 11544K, reserved 11568K
Event: 11.474 GC heap after
Heap after GC invocations=8 (full 0):
 PSYoungGen      total 137472K, used 7416K [0x918c0000, 0x9ac40000, 0xa6e00000)
  eden space 130048K, 0% used [0x918c0000,0x918c0000,0x997c0000)
  from space 7424K, 99% used [0x9a100000,0x9a83e030,0x9a840000)
  to   space 9472K, 0% used [0x997c0000,0x997c0000,0x9a100000)
 ParOldGen       total 43776K, used 9744K [0x66e00000, 0x698c0000, 0x918c0000)
  object space 43776K, 22% used [0x66e00000,0x67784060,0x698c0000)
 Metaspace       used 11379K, capacity 11498K, committed 11544K, reserved 11568K
}

