# JRE version: OpenJDK Runtime Environment (8.0_151-b12) (build 1.8.0_151-8u151-b12-0ubuntu0.16.04.2-b12)
# Java VM: OpenJDK Server VM (25.151-b12 mixed mode linux-x86 )
Heap:
 PSYoungGen      total 112896K, used 7166K [0x918c0000, 0x98e80000, 0xa6e00000)
  eden space 105728K, 0% used [0x918c0000,0x918c0000,0x98000000)
  from space 7168K, 99% used [0x98000000,0x986ffaa8,0x98700000)
  to   space 6656K, 0% used [0x98700000,0x98700000,0x98d80000)
 ParOldGen       total 43776K, used 18715K [0x66e00000, 0x698c0000, 0x918c0000)
  object space 43776K, 42% used [0x66e00000,0x68046f70,0x698c0000)
 Metaspace       used 16081K, capacity 16361K, committed 16384K, reserved 16688K
GC Heap History (10 events):
Event: 5.008 GC heap after
Heap after GC invocations=6 (full 0):
 PSYoungGen      total 38144K, used 3633K [0x918c0000, 0x942c0000, 0xa6e00000)
  eden space 33280K, 0% used [0x918c0000,0x918c0000,0x93940000)
  from space 4864K, 74% used [0x93e00000,0x9418c500,0x942c0000)
  to   space 4864K, 0% used [0x93940000,0x93940000,0x93e00000)
 ParOldGen       total 43776K, used 5370K [0x66e00000, 0x698c0000, 0x918c0000)
  object space 43776K, 12% used [0x66e00000,0x6733e880,0x698c0000)
 Metaspace       used 9981K, capacity 10075K, committed 10136K, reserved 10544K
}
Event: 7.842 GC heap before
{Heap before GC invocations=7 (full 0):
 PSYoungGen      total 38144K, used 36913K [0x918c0000, 0x942c0000, 0xa6e00000)
  eden space 33280K, 100% used [0x918c0000,0x93940000,0x93940000)
  from space 4864K, 74% used [0x93e00000,0x9418c500,0x942c0000)
  to   space 4864K, 0% used [0x93940000,0x93940000,0x93e00000)
 ParOldGen       total 43776K, used 5370K [0x66e00000, 0x698c0000, 0x918c0000)
  object space 43776K, 12% used [0x66e00000,0x6733e880,0x698c0000)
 Metaspace       used 10772K, capacity 10892K, committed 11032K, reserved 11568K
Event: 7.957 GC heap after
Heap after GC invocations=7 (full 0):
 PSYoungGen      total 38144K, used 4766K [0x918c0000, 0x963c0000, 0xa6e00000)
  eden space 33280K, 0% used [0x918c0000,0x918c0000,0x93940000)
  from space 4864K, 97% used [0x93940000,0x93de7a58,0x93e00000)
  to   space 5120K, 0% used [0x95ec0000,0x95ec0000,0x963c0000)
 ParOldGen       total 43776K, used 6202K [0x66e00000, 0x698c0000, 0x918c0000)
  object space 43776K, 14% used [0x66e00000,0x6740e840,0x698c0000)
 Metaspace       used 10772K, capacity 10892K, committed 11032K, reserved 11568K
}
Event: 9.579 GC heap before
{Heap before GC invocations=8 (full 0):
 PSYoungGen      total 38144K, used 38046K [0x918c0000, 0x963c0000, 0xa6e00000)
  eden space 33280K, 100% used [0x918c0000,0x93940000,0x93940000)
  from space 4864K, 97% used [0x93940000,0x93de7a58,0x93e00000)
  to   space 5120K, 0% used [0x95ec0000,0x95ec0000,0x963c0000)
 ParOldGen       total 43776K, used 6202K [0x66e00000, 0x698c0000, 0x918c0000)
  object space 43776K, 14% used [0x66e00000,0x6740e840,0x698c0000)
 Metaspace       used 10957K, capacity 11057K, committed 11160K, reserved 11568K
Event: 9.626 GC heap after
Heap after GC invocations=8 (full 0):
 PSYoungGen      total 71424K, used 4352K [0x918c0000, 0x96440000, 0xa6e00000)
  eden space 66304K, 0% used [0x918c0000,0x918c0000,0x95980000)
  from space 5120K, 85% used [0x95ec0000,0x96300000,0x963c0000)
  to   space 5376K, 0% used [0x95980000,0x95980000,0x95ec0000)
 ParOldGen       total 43776K, used 7310K [0x66e00000, 0x698c0000, 0x918c0000)
  object space 43776K, 16% used [0x66e00000,0x67523890,0x698c0000)
 Metaspace       used 10957K, capacity 11057K, committed 11160K, reserved 11568K
}
Event: 11.014 GC heap before
{Heap before GC invocations=9 (full 0):
 PSYoungGen      total 71424K, used 70656K [0x918c0000, 0x96440000, 0xa6e00000)
  eden space 66304K, 100% used [0x918c0000,0x95980000,0x95980000)
  from space 5120K, 85% used [0x95ec0000,0x96300000,0x963c0000)
  to   space 5376K, 0% used [0x95980000,0x95980000,0x95ec0000)
 ParOldGen       total 43776K, used 7310K [0x66e00000, 0x698c0000, 0x918c0000)
  object space 43776K, 16% used [0x66e00000,0x67523890,0x698c0000)
 Metaspace       used 11156K, capacity 11266K, committed 11416K, reserved 11568K
Event: 11.045 GC heap after
Heap after GC invocations=9 (full 0):
 PSYoungGen      total 71680K, used 5376K [0x918c0000, 0x98d80000, 0xa6e00000)
  eden space 66304K, 0% used [0x918c0000,0x918c0000,0x95980000)
  from space 5376K, 100% used [0x95980000,0x95ec0000,0x95ec0000)
  to   space 6656K, 0% used [0x98700000,0x98700000,0x98d80000)
 ParOldGen       total 43776K, used 9644K [0x66e00000, 0x698c0000, 0x918c0000)
  object space 43776K, 22% used [0x66e00000,0x6776b2f0,0x698c0000)
 Metaspace       used 11156K, capacity 11266K, committed 11416K, reserved 11568K
}
Event: 12.755 GC heap before
{Heap before GC invocations=10 (full 0):
 PSYoungGen      total 71680K, used 71680K [0x918c0000, 0x98d80000, 0xa6e00000)
  eden space 66304K, 100% used [0x918c0000,0x95980000,0x95980000)
  from space 5376K, 100% used [0x95980000,0x95ec0000,0x95ec0000)
  to   space 6656K, 0% used [0x98700000,0x98700000,0x98d80000)
 ParOldGen       total 43776K, used 9644K [0x66e00000, 0x698c0000, 0x918c0000)
  object space 43776K, 22% used [0x66e00000,0x6776b2f0,0x698c0000)
 Metaspace       used 12240K, capacity 12393K, committed 12440K, reserved 12592K
Event: 12.781 GC heap after
Heap after GC invocations=10 (full 0):
 PSYoungGen      total 112384K, used 6255K [0x918c0000, 0x98e80000, 0xa6e00000)
  eden space 105728K, 0% used [0x918c0000,0x918c0000,0x98000000)
  from space 6656K, 93% used [0x98700000,0x98d1bc20,0x98d80000)
  to   space 7168K, 0% used [0x98000000,0x98000000,0x98700000)
 ParOldGen       total 43776K, used 12261K [0x66e00000, 0x698c0000, 0x918c0000)
  object space 43776K, 28% used [0x66e00000,0x679f9440,0x698c0000)
 Metaspace       used 12240K, capacity 12393K, committed 12440K, reserved 12592K
}
Event: 17.622 GC heap before
{Heap before GC invocations=11 (full 0):
 PSYoungGen      total 112384K, used 108956K [0x918c0000, 0x98e80000, 0xa6e00000)
  eden space 105728K, 97% used [0x918c0000,0x97d0b6c8,0x98000000)
  from space 6656K, 93% used [0x98700000,0x98d1bc20,0x98d80000)
  to   space 7168K, 0% used [0x98000000,0x98000000,0x98700000)
 ParOldGen       total 43776K, used 12261K [0x66e00000, 0x698c0000, 0x918c0000)
  object space 43776K, 28% used [0x66e00000,0x679f9440,0x698c0000)
 Metaspace       used 16081K, capacity 16361K, committed 16384K, reserved 16688K

