# JRE version: OpenJDK Runtime Environment (8.0_151-b12) (build 1.8.0_151-8u151-b12-0ubuntu0.16.04.2-b12)
# Java VM: OpenJDK Server VM (25.151-b12 mixed mode linux-x86 )
Heap:
 PSYoungGen      total 71680K, used 5120K [0x918c0000, 0x963c0000, 0xa6e00000)
  eden space 66560K, 0% used [0x918c0000,0x918c0000,0x959c0000)
  from space 5120K, 100% used [0x959c0000,0x95ec0000,0x95ec0000)
  to   space 5120K, 0% used [0x95ec0000,0x95ec0000,0x963c0000)
 ParOldGen       total 43776K, used 10189K [0x66e00000, 0x698c0000, 0x918c0000)
  object space 43776K, 23% used [0x66e00000,0x677f37d8,0x698c0000)
 Metaspace       used 11154K, capacity 11266K, committed 11416K, reserved 11568K
GC Heap History (10 events):
Event: 4.502 GC heap after
Heap after GC invocations=4 (full 0):
 PSYoungGen      total 19200K, used 2544K [0x918c0000, 0x92e00000, 0xa6e00000)
  eden space 16640K, 0% used [0x918c0000,0x918c0000,0x92900000)
  from space 2560K, 99% used [0x92b80000,0x92dfc070,0x92e00000)
  to   space 2560K, 0% used [0x92900000,0x92900000,0x92b80000)
 ParOldGen       total 43776K, used 4330K [0x66e00000, 0x698c0000, 0x918c0000)
  object space 43776K, 9% used [0x66e00000,0x6723a9e8,0x698c0000)
 Metaspace       used 8097K, capacity 8158K, committed 8216K, reserved 8496K
}
Event: 5.368 GC heap before
{Heap before GC invocations=5 (full 0):
 PSYoungGen      total 19200K, used 19184K [0x918c0000, 0x92e00000, 0xa6e00000)
  eden space 16640K, 100% used [0x918c0000,0x92900000,0x92900000)
  from space 2560K, 99% used [0x92b80000,0x92dfc070,0x92e00000)
  to   space 2560K, 0% used [0x92900000,0x92900000,0x92b80000)
 ParOldGen       total 43776K, used 4330K [0x66e00000, 0x698c0000, 0x918c0000)
  object space 43776K, 9% used [0x66e00000,0x6723a9e8,0x698c0000)
 Metaspace       used 8860K, capacity 8931K, committed 8984K, reserved 9520K
Event: 5.401 GC heap after
Heap after GC invocations=5 (full 0):
 PSYoungGen      total 19200K, used 2544K [0x918c0000, 0x942c0000, 0xa6e00000)
  eden space 16640K, 0% used [0x918c0000,0x918c0000,0x92900000)
  from space 2560K, 99% used [0x92900000,0x92b7c060,0x92b80000)
  to   space 4864K, 0% used [0x93e00000,0x93e00000,0x942c0000)
 ParOldGen       total 43776K, used 5391K [0x66e00000, 0x698c0000, 0x918c0000)
  object space 43776K, 12% used [0x66e00000,0x67343e80,0x698c0000)
 Metaspace       used 8860K, capacity 8931K, committed 8984K, reserved 9520K
}
Event: 6.209 GC heap before
{Heap before GC invocations=6 (full 0):
 PSYoungGen      total 19200K, used 19184K [0x918c0000, 0x942c0000, 0xa6e00000)
  eden space 16640K, 100% used [0x918c0000,0x92900000,0x92900000)
  from space 2560K, 99% used [0x92900000,0x92b7c060,0x92b80000)
  to   space 4864K, 0% used [0x93e00000,0x93e00000,0x942c0000)
 ParOldGen       total 43776K, used 5391K [0x66e00000, 0x698c0000, 0x918c0000)
  object space 43776K, 12% used [0x66e00000,0x67343e80,0x698c0000)
 Metaspace       used 9981K, capacity 10075K, committed 10136K, reserved 10544K
Event: 6.225 GC heap after
Heap after GC invocations=6 (full 0):
 PSYoungGen      total 38144K, used 3665K [0x918c0000, 0x942c0000, 0xa6e00000)
  eden space 33280K, 0% used [0x918c0000,0x918c0000,0x93940000)
  from space 4864K, 75% used [0x93e00000,0x94194510,0x942c0000)
  to   space 4864K, 0% used [0x93940000,0x93940000,0x93e00000)
 ParOldGen       total 43776K, used 5395K [0x66e00000, 0x698c0000, 0x918c0000)
  object space 43776K, 12% used [0x66e00000,0x67344e80,0x698c0000)
 Metaspace       used 9981K, capacity 10075K, committed 10136K, reserved 10544K
}
Event: 8.577 GC heap before
{Heap before GC invocations=7 (full 0):
 PSYoungGen      total 38144K, used 36945K [0x918c0000, 0x942c0000, 0xa6e00000)
  eden space 33280K, 100% used [0x918c0000,0x93940000,0x93940000)
  from space 4864K, 75% used [0x93e00000,0x94194510,0x942c0000)
  to   space 4864K, 0% used [0x93940000,0x93940000,0x93e00000)
 ParOldGen       total 43776K, used 5395K [0x66e00000, 0x698c0000, 0x918c0000)
  object space 43776K, 12% used [0x66e00000,0x67344e80,0x698c0000)
 Metaspace       used 10762K, capacity 10860K, committed 11032K, reserved 11568K
Event: 8.625 GC heap after
Heap after GC invocations=7 (full 0):
 PSYoungGen      total 38144K, used 4797K [0x918c0000, 0x963c0000, 0xa6e00000)
  eden space 33280K, 0% used [0x918c0000,0x918c0000,0x93940000)
  from space 4864K, 98% used [0x93940000,0x93def648,0x93e00000)
  to   space 5120K, 0% used [0x95ec0000,0x95ec0000,0x963c0000)
 ParOldGen       total 43776K, used 6187K [0x66e00000, 0x698c0000, 0x918c0000)
  object space 43776K, 14% used [0x66e00000,0x6740ac28,0x698c0000)
 Metaspace       used 10762K, capacity 10860K, committed 11032K, reserved 11568K
}
Event: 10.307 GC heap before
{Heap before GC invocations=8 (full 0):
 PSYoungGen      total 38144K, used 38077K [0x918c0000, 0x963c0000, 0xa6e00000)
  eden space 33280K, 100% used [0x918c0000,0x93940000,0x93940000)
  from space 4864K, 98% used [0x93940000,0x93def648,0x93e00000)
  to   space 5120K, 0% used [0x95ec0000,0x95ec0000,0x963c0000)
 ParOldGen       total 43776K, used 6187K [0x66e00000, 0x698c0000, 0x918c0000)
  object space 43776K, 14% used [0x66e00000,0x6740ac28,0x698c0000)
 Metaspace       used 10944K, capacity 11025K, committed 11160K, reserved 11568K
Event: 10.356 GC heap after
Heap after GC invocations=8 (full 0):
 PSYoungGen      total 71680K, used 4208K [0x918c0000, 0x963c0000, 0xa6e00000)
  eden space 66560K, 0% used [0x918c0000,0x918c0000,0x959c0000)
  from space 5120K, 82% used [0x95ec0000,0x962dc000,0x963c0000)
  to   space 5120K, 0% used [0x959c0000,0x959c0000,0x95ec0000)
 ParOldGen       total 43776K, used 7371K [0x66e00000, 0x698c0000, 0x918c0000)
  object space 43776K, 16% used [0x66e00000,0x67532c68,0x698c0000)
 Metaspace       used 10944K, capacity 11025K, committed 11160K, reserved 11568K
}
Event: 12.309 GC heap before
{Heap before GC invocations=9 (full 0):
 PSYoungGen      total 71680K, used 70768K [0x918c0000, 0x963c0000, 0xa6e00000)
  eden space 66560K, 100% used [0x918c0000,0x959c0000,0x959c0000)
  from space 5120K, 82% used [0x95ec0000,0x962dc000,0x963c0000)
  to   space 5120K, 0% used [0x959c0000,0x959c0000,0x95ec0000)
 ParOldGen       total 43776K, used 7371K [0x66e00000, 0x698c0000, 0x918c0000)
  object space 43776K, 16% used [0x66e00000,0x67532c68,0x698c0000)
 Metaspace       used 11154K, capacity 11266K, committed 11416K, reserved 11568K

