# JRE version: OpenJDK Runtime Environment (8.0_151-b12) (build 1.8.0_151-8u151-b12-0ubuntu0.16.04.2-b12)
# Java VM: OpenJDK Server VM (25.151-b12 mixed mode linux-x86 )
Heap:
 PSYoungGen      total 112640K, used 96416K [0x918c0000, 0x98f00000, 0xa6e00000)
  eden space 105728K, 84% used [0x918c0000,0x9707e950,0x98000000)
  from space 6912K, 95% used [0x98740000,0x98da99e0,0x98e00000)
  to   space 7424K, 0% used [0x98000000,0x98000000,0x98740000)
 ParOldGen       total 43776K, used 12651K [0x66e00000, 0x698c0000, 0x918c0000)
  object space 43776K, 28% used [0x66e00000,0x67a5ad30,0x698c0000)
 Metaspace       used 15599K, capacity 15871K, committed 15896K, reserved 16688K
GC Heap History (10 events):
Event: 6.316 GC heap before
{Heap before GC invocations=6 (full 0):
 PSYoungGen      total 19200K, used 19184K [0x918c0000, 0x942c0000, 0xa6e00000)
  eden space 16640K, 100% used [0x918c0000,0x92900000,0x92900000)
  from space 2560K, 99% used [0x92900000,0x92b7c060,0x92b80000)
  to   space 4864K, 0% used [0x93e00000,0x93e00000,0x942c0000)
 ParOldGen       total 43776K, used 5500K [0x66e00000, 0x698c0000, 0x918c0000)
  object space 43776K, 12% used [0x66e00000,0x6735f220,0x698c0000)
 Metaspace       used 9984K, capacity 10075K, committed 10136K, reserved 10544K
Event: 6.328 GC heap after
Heap after GC invocations=6 (full 0):
 PSYoungGen      total 38144K, used 3837K [0x918c0000, 0x942c0000, 0xa6e00000)
  eden space 33280K, 0% used [0x918c0000,0x918c0000,0x93940000)
  from space 4864K, 78% used [0x93e00000,0x941bf478,0x942c0000)
  to   space 4864K, 0% used [0x93940000,0x93940000,0x93e00000)
 ParOldGen       total 43776K, used 5504K [0x66e00000, 0x698c0000, 0x918c0000)
  object space 43776K, 12% used [0x66e00000,0x67360220,0x698c0000)
 Metaspace       used 9984K, capacity 10075K, committed 10136K, reserved 10544K
}
Event: 8.388 GC heap before
{Heap before GC invocations=7 (full 0):
 PSYoungGen      total 38144K, used 37117K [0x918c0000, 0x942c0000, 0xa6e00000)
  eden space 33280K, 100% used [0x918c0000,0x93940000,0x93940000)
  from space 4864K, 78% used [0x93e00000,0x941bf478,0x942c0000)
  to   space 4864K, 0% used [0x93940000,0x93940000,0x93e00000)
 ParOldGen       total 43776K, used 5504K [0x66e00000, 0x698c0000, 0x918c0000)
  object space 43776K, 12% used [0x66e00000,0x67360220,0x698c0000)
 Metaspace       used 10778K, capacity 10892K, committed 11032K, reserved 11568K
Event: 8.438 GC heap after
Heap after GC invocations=7 (full 0):
 PSYoungGen      total 38144K, used 4615K [0x918c0000, 0x963c0000, 0xa6e00000)
  eden space 33280K, 0% used [0x918c0000,0x918c0000,0x93940000)
  from space 4864K, 94% used [0x93940000,0x93dc1f38,0x93e00000)
  to   space 5120K, 0% used [0x95ec0000,0x95ec0000,0x963c0000)
 ParOldGen       total 43776K, used 6660K [0x66e00000, 0x698c0000, 0x918c0000)
  object space 43776K, 15% used [0x66e00000,0x67481260,0x698c0000)
 Metaspace       used 10778K, capacity 10892K, committed 11032K, reserved 11568K
}
Event: 10.327 GC heap before
{Heap before GC invocations=8 (full 0):
 PSYoungGen      total 38144K, used 37895K [0x918c0000, 0x963c0000, 0xa6e00000)
  eden space 33280K, 100% used [0x918c0000,0x93940000,0x93940000)
  from space 4864K, 94% used [0x93940000,0x93dc1f38,0x93e00000)
  to   space 5120K, 0% used [0x95ec0000,0x95ec0000,0x963c0000)
 ParOldGen       total 43776K, used 6660K [0x66e00000, 0x698c0000, 0x918c0000)
  object space 43776K, 15% used [0x66e00000,0x67481260,0x698c0000)
 Metaspace       used 10945K, capacity 11057K, committed 11160K, reserved 11568K
Event: 10.363 GC heap after
Heap after GC invocations=8 (full 0):
 PSYoungGen      total 71424K, used 4320K [0x918c0000, 0x96440000, 0xa6e00000)
  eden space 66304K, 0% used [0x918c0000,0x918c0000,0x95980000)
  from space 5120K, 84% used [0x95ec0000,0x962f8010,0x963c0000)
  to   space 5376K, 0% used [0x95980000,0x95980000,0x95ec0000)
 ParOldGen       total 43776K, used 7538K [0x66e00000, 0x698c0000, 0x918c0000)
  object space 43776K, 17% used [0x66e00000,0x6755c930,0x698c0000)
 Metaspace       used 10945K, capacity 11057K, committed 11160K, reserved 11568K
}
Event: 12.304 GC heap before
{Heap before GC invocations=9 (full 0):
 PSYoungGen      total 71424K, used 70624K [0x918c0000, 0x96440000, 0xa6e00000)
  eden space 66304K, 100% used [0x918c0000,0x95980000,0x95980000)
  from space 5120K, 84% used [0x95ec0000,0x962f8010,0x963c0000)
  to   space 5376K, 0% used [0x95980000,0x95980000,0x95ec0000)
 ParOldGen       total 43776K, used 7538K [0x66e00000, 0x698c0000, 0x918c0000)
  object space 43776K, 17% used [0x66e00000,0x6755c930,0x698c0000)
 Metaspace       used 11153K, capacity 11266K, committed 11416K, reserved 11568K
Event: 12.327 GC heap after
Heap after GC invocations=9 (full 0):
 PSYoungGen      total 71680K, used 5360K [0x918c0000, 0x98e00000, 0xa6e00000)
  eden space 66304K, 0% used [0x918c0000,0x918c0000,0x95980000)
  from space 5376K, 99% used [0x95980000,0x95ebc020,0x95ec0000)
  to   space 6912K, 0% used [0x98740000,0x98740000,0x98e00000)
 ParOldGen       total 43776K, used 10154K [0x66e00000, 0x698c0000, 0x918c0000)
  object space 43776K, 23% used [0x66e00000,0x677eabe0,0x698c0000)
 Metaspace       used 11153K, capacity 11266K, committed 11416K, reserved 11568K
}
Event: 14.400 GC heap before
{Heap before GC invocations=10 (full 0):
 PSYoungGen      total 71680K, used 71664K [0x918c0000, 0x98e00000, 0xa6e00000)
  eden space 66304K, 100% used [0x918c0000,0x95980000,0x95980000)
  from space 5376K, 99% used [0x95980000,0x95ebc020,0x95ec0000)
  to   space 6912K, 0% used [0x98740000,0x98740000,0x98e00000)
 ParOldGen       total 43776K, used 10154K [0x66e00000, 0x698c0000, 0x918c0000)
  object space 43776K, 23% used [0x66e00000,0x677eabe0,0x698c0000)
 Metaspace       used 12285K, capacity 12461K, committed 12568K, reserved 12592K
Event: 14.481 GC heap after
Heap after GC invocations=10 (full 0):
 PSYoungGen      total 112640K, used 6566K [0x918c0000, 0x98f00000, 0xa6e00000)
  eden space 105728K, 0% used [0x918c0000,0x918c0000,0x98000000)
  from space 6912K, 95% used [0x98740000,0x98da99e0,0x98e00000)
  to   space 7424K, 0% used [0x98000000,0x98000000,0x98740000)
 ParOldGen       total 43776K, used 12651K [0x66e00000, 0x698c0000, 0x918c0000)
  object space 43776K, 28% used [0x66e00000,0x67a5ad30,0x698c0000)
 Metaspace       used 12285K, capacity 12461K, committed 12568K, reserved 12592K
}

