# JRE version: OpenJDK Runtime Environment (8.0_162-b12) (build 1.8.0_162-8u162-b12-0ubuntu0.16.04.2-b12)
# Java VM: OpenJDK Server VM (25.162-b12 mixed mode linux-x86 )
Heap:
 PSYoungGen      total 139520K, used 9203K [0x916c0000, 0x9a9c0000, 0xa6c00000)
  eden space 130304K, 0% used [0x916c0000,0x916c0000,0x99600000)
  from space 9216K, 99% used [0x99600000,0x99efcf98,0x99f00000)
  to   space 7424K, 0% used [0x99f00000,0x99f00000,0x9a640000)
 ParOldGen       total 43776K, used 16789K [0x66c00000, 0x696c0000, 0x916c0000)
  object space 43776K, 38% used [0x66c00000,0x67c65600,0x696c0000)
 Metaspace       used 15819K, capacity 16217K, committed 16280K, reserved 16688K
GC Heap History (10 events):
Event: 1.878 GC heap after
Heap after GC invocations=4 (full 0):
 PSYoungGen      total 35840K, used 2546K [0x916c0000, 0x93c40000, 0xa6c00000)
  eden space 33280K, 0% used [0x916c0000,0x916c0000,0x93740000)
  from space 2560K, 99% used [0x939c0000,0x93c3c870,0x93c40000)
  to   space 2560K, 0% used [0x93740000,0x93740000,0x939c0000)
 ParOldGen       total 43776K, used 4503K [0x66c00000, 0x696c0000, 0x916c0000)
  object space 43776K, 10% used [0x66c00000,0x67065f60,0x696c0000)
 Metaspace       used 8109K, capacity 8190K, committed 8344K, reserved 8496K
}
Event: 3.128 GC heap before
{Heap before GC invocations=5 (full 0):
 PSYoungGen      total 35840K, used 35826K [0x916c0000, 0x93c40000, 0xa6c00000)
  eden space 33280K, 100% used [0x916c0000,0x93740000,0x93740000)
  from space 2560K, 99% used [0x939c0000,0x93c3c870,0x93c40000)
  to   space 2560K, 0% used [0x93740000,0x93740000,0x939c0000)
 ParOldGen       total 43776K, used 4503K [0x66c00000, 0x696c0000, 0x916c0000)
  object space 43776K, 10% used [0x66c00000,0x67065f60,0x696c0000)
 Metaspace       used 9975K, capacity 10075K, committed 10136K, reserved 10544K
Event: 3.139 GC heap after
Heap after GC invocations=5 (full 0):
 PSYoungGen      total 35840K, used 2546K [0x916c0000, 0x962c0000, 0xa6c00000)
  eden space 33280K, 0% used [0x916c0000,0x916c0000,0x93740000)
  from space 2560K, 99% used [0x93740000,0x939bc860,0x939c0000)
  to   space 5632K, 0% used [0x95d40000,0x95d40000,0x962c0000)
 ParOldGen       total 43776K, used 6496K [0x66c00000, 0x696c0000, 0x916c0000)
  object space 43776K, 14% used [0x66c00000,0x67258040,0x696c0000)
 Metaspace       used 9975K, capacity 10075K, committed 10136K, reserved 10544K
}
Event: 4.302 GC heap before
{Heap before GC invocations=6 (full 0):
 PSYoungGen      total 35840K, used 35826K [0x916c0000, 0x962c0000, 0xa6c00000)
  eden space 33280K, 100% used [0x916c0000,0x93740000,0x93740000)
  from space 2560K, 99% used [0x93740000,0x939bc860,0x939c0000)
  to   space 5632K, 0% used [0x95d40000,0x95d40000,0x962c0000)
 ParOldGen       total 43776K, used 6496K [0x66c00000, 0x696c0000, 0x916c0000)
  object space 43776K, 14% used [0x66c00000,0x67258040,0x696c0000)
 Metaspace       used 10808K, capacity 10924K, committed 11032K, reserved 11568K
Event: 4.323 GC heap after
Heap after GC invocations=6 (full 0):
 PSYoungGen      total 71680K, used 5165K [0x916c0000, 0x963c0000, 0xa6c00000)
  eden space 66048K, 0% used [0x916c0000,0x916c0000,0x95740000)
  from space 5632K, 91% used [0x95d40000,0x9624b688,0x962c0000)
  to   space 6144K, 0% used [0x95740000,0x95740000,0x95d40000)
 ParOldGen       total 43776K, used 6496K [0x66c00000, 0x696c0000, 0x916c0000)
  object space 43776K, 14% used [0x66c00000,0x67258040,0x696c0000)
 Metaspace       used 10808K, capacity 10924K, committed 11032K, reserved 11568K
}
Event: 5.693 GC heap before
{Heap before GC invocations=7 (full 0):
 PSYoungGen      total 71680K, used 71213K [0x916c0000, 0x963c0000, 0xa6c00000)
  eden space 66048K, 100% used [0x916c0000,0x95740000,0x95740000)
  from space 5632K, 91% used [0x95d40000,0x9624b688,0x962c0000)
  to   space 6144K, 0% used [0x95740000,0x95740000,0x95d40000)
 ParOldGen       total 43776K, used 6496K [0x66c00000, 0x696c0000, 0x916c0000)
  object space 43776K, 14% used [0x66c00000,0x67258040,0x696c0000)
 Metaspace       used 11132K, capacity 11229K, committed 11288K, reserved 11568K
Event: 5.717 GC heap after
Heap after GC invocations=7 (full 0):
 PSYoungGen      total 72192K, used 6138K [0x916c0000, 0x9a640000, 0xa6c00000)
  eden space 66048K, 0% used [0x916c0000,0x916c0000,0x95740000)
  from space 6144K, 99% used [0x95740000,0x95d3e830,0x95d40000)
  to   space 7424K, 0% used [0x99f00000,0x99f00000,0x9a640000)
 ParOldGen       total 43776K, used 7716K [0x66c00000, 0x696c0000, 0x916c0000)
  object space 43776K, 17% used [0x66c00000,0x67389148,0x696c0000)
 Metaspace       used 11132K, capacity 11229K, committed 11288K, reserved 11568K
}
Event: 7.009 GC heap before
{Heap before GC invocations=8 (full 0):
 PSYoungGen      total 72192K, used 72186K [0x916c0000, 0x9a640000, 0xa6c00000)
  eden space 66048K, 100% used [0x916c0000,0x95740000,0x95740000)
  from space 6144K, 99% used [0x95740000,0x95d3e830,0x95d40000)
  to   space 7424K, 0% used [0x99f00000,0x99f00000,0x9a640000)
 ParOldGen       total 43776K, used 7716K [0x66c00000, 0x696c0000, 0x916c0000)
  object space 43776K, 17% used [0x66c00000,0x67389148,0x696c0000)
 Metaspace       used 11462K, capacity 11594K, committed 11672K, reserved 12592K
Event: 7.022 GC heap after
Heap after GC invocations=8 (full 0):
 PSYoungGen      total 137728K, used 7416K [0x916c0000, 0x9a9c0000, 0xa6c00000)
  eden space 130304K, 0% used [0x916c0000,0x916c0000,0x99600000)
  from space 7424K, 99% used [0x99f00000,0x9a63e010,0x9a640000)
  to   space 9216K, 0% used [0x99600000,0x99600000,0x99f00000)
 ParOldGen       total 43776K, used 9781K [0x66c00000, 0x696c0000, 0x916c0000)
  object space 43776K, 22% used [0x66c00000,0x6758d708,0x696c0000)
 Metaspace       used 11462K, capacity 11594K, committed 11672K, reserved 12592K
}
Event: 10.243 GC heap before
{Heap before GC invocations=9 (full 0):
 PSYoungGen      total 137728K, used 137720K [0x916c0000, 0x9a9c0000, 0xa6c00000)
  eden space 130304K, 100% used [0x916c0000,0x99600000,0x99600000)
  from space 7424K, 99% used [0x99f00000,0x9a63e010,0x9a640000)
  to   space 9216K, 0% used [0x99600000,0x99600000,0x99f00000)
 ParOldGen       total 43776K, used 9781K [0x66c00000, 0x696c0000, 0x916c0000)
  object space 43776K, 22% used [0x66c00000,0x6758d708,0x696c0000)
 Metaspace       used 15819K, capacity 16217K, committed 16280K, reserved 16688K

