# JRE version: OpenJDK Runtime Environment (8.0_151-b12) (build 1.8.0_151-8u151-b12-0ubuntu0.16.04.2-b12)
# Java VM: OpenJDK Server VM (25.151-b12 mixed mode linux-x86 )
Heap:
 PSYoungGen      total 138240K, used 84280K [0x916c0000, 0x9a9c0000, 0xa6c00000)
  eden space 130560K, 58% used [0x916c0000,0x9618e268,0x99640000)
  from space 7680K, 100% used [0x99f40000,0x9a6c0000,0x9a6c0000)
  to   space 9216K, 0% used [0x99640000,0x99640000,0x99f40000)
 ParOldGen       total 43776K, used 9342K [0x66c00000, 0x696c0000, 0x916c0000)
  object space 43776K, 21% used [0x66c00000,0x6751f938,0x696c0000)
 Metaspace       used 13593K, capacity 13872K, committed 13976K, reserved 14640K
GC Heap History (10 events):
Event: 3.907 GC heap before
{Heap before GC invocations=4 (full 0):
 PSYoungGen      total 19200K, used 19199K [0x916c0000, 0x93c40000, 0xa6c00000)
  eden space 16640K, 100% used [0x916c0000,0x92700000,0x92700000)
  from space 2560K, 99% used [0x92700000,0x9297fcb0,0x92980000)
  to   space 2560K, 0% used [0x939c0000,0x939c0000,0x93c40000)
 ParOldGen       total 43776K, used 2300K [0x66c00000, 0x696c0000, 0x916c0000)
  object space 43776K, 5% used [0x66c00000,0x66e3f160,0x696c0000)
 Metaspace       used 8087K, capacity 8156K, committed 8216K, reserved 8496K
Event: 3.928 GC heap after
Heap after GC invocations=4 (full 0):
 PSYoungGen      total 35840K, used 2554K [0x916c0000, 0x93c40000, 0xa6c00000)
  eden space 33280K, 0% used [0x916c0000,0x916c0000,0x93740000)
  from space 2560K, 99% used [0x939c0000,0x93c3e880,0x93c40000)
  to   space 2560K, 0% used [0x93740000,0x93740000,0x939c0000)
 ParOldGen       total 43776K, used 4360K [0x66c00000, 0x696c0000, 0x916c0000)
  object space 43776K, 9% used [0x66c00000,0x670423a0,0x696c0000)
 Metaspace       used 8087K, capacity 8156K, committed 8216K, reserved 8496K
}
Event: 7.903 GC heap before
{Heap before GC invocations=5 (full 0):
 PSYoungGen      total 35840K, used 35834K [0x916c0000, 0x93c40000, 0xa6c00000)
  eden space 33280K, 100% used [0x916c0000,0x93740000,0x93740000)
  from space 2560K, 99% used [0x939c0000,0x93c3e880,0x93c40000)
  to   space 2560K, 0% used [0x93740000,0x93740000,0x939c0000)
 ParOldGen       total 43776K, used 4360K [0x66c00000, 0x696c0000, 0x916c0000)
  object space 43776K, 9% used [0x66c00000,0x670423a0,0x696c0000)
 Metaspace       used 9979K, capacity 10075K, committed 10136K, reserved 10544K
Event: 7.924 GC heap after
Heap after GC invocations=5 (full 0):
 PSYoungGen      total 35840K, used 2546K [0x916c0000, 0x962c0000, 0xa6c00000)
  eden space 33280K, 0% used [0x916c0000,0x916c0000,0x93740000)
  from space 2560K, 99% used [0x93740000,0x939bc890,0x939c0000)
  to   space 5632K, 0% used [0x95d40000,0x95d40000,0x962c0000)
 ParOldGen       total 43776K, used 6474K [0x66c00000, 0x696c0000, 0x916c0000)
  object space 43776K, 14% used [0x66c00000,0x67252a28,0x696c0000)
 Metaspace       used 9979K, capacity 10075K, committed 10136K, reserved 10544K
}
Event: 9.526 GC heap before
{Heap before GC invocations=6 (full 0):
 PSYoungGen      total 35840K, used 35826K [0x916c0000, 0x962c0000, 0xa6c00000)
  eden space 33280K, 100% used [0x916c0000,0x93740000,0x93740000)
  from space 2560K, 99% used [0x93740000,0x939bc890,0x939c0000)
  to   space 5632K, 0% used [0x95d40000,0x95d40000,0x962c0000)
 ParOldGen       total 43776K, used 6474K [0x66c00000, 0x696c0000, 0x916c0000)
  object space 43776K, 14% used [0x66c00000,0x67252a28,0x696c0000)
 Metaspace       used 10780K, capacity 10892K, committed 11032K, reserved 11568K
Event: 9.550 GC heap after
Heap after GC invocations=6 (full 0):
 PSYoungGen      total 71680K, used 5209K [0x916c0000, 0x963c0000, 0xa6c00000)
  eden space 66048K, 0% used [0x916c0000,0x916c0000,0x95740000)
  from space 5632K, 92% used [0x95d40000,0x96256600,0x962c0000)
  to   space 6144K, 0% used [0x95740000,0x95740000,0x95d40000)
 ParOldGen       total 43776K, used 6478K [0x66c00000, 0x696c0000, 0x916c0000)
  object space 43776K, 14% used [0x66c00000,0x67253a28,0x696c0000)
 Metaspace       used 10780K, capacity 10892K, committed 11032K, reserved 11568K
}
Event: 11.241 GC heap before
{Heap before GC invocations=7 (full 0):
 PSYoungGen      total 71680K, used 71257K [0x916c0000, 0x963c0000, 0xa6c00000)
  eden space 66048K, 100% used [0x916c0000,0x95740000,0x95740000)
  from space 5632K, 92% used [0x95d40000,0x96256600,0x962c0000)
  to   space 6144K, 0% used [0x95740000,0x95740000,0x95d40000)
 ParOldGen       total 43776K, used 6478K [0x66c00000, 0x696c0000, 0x916c0000)
  object space 43776K, 14% used [0x66c00000,0x67253a28,0x696c0000)
 Metaspace       used 11089K, capacity 11197K, committed 11288K, reserved 11568K
Event: 11.276 GC heap after
Heap after GC invocations=7 (full 0):
 PSYoungGen      total 72192K, used 6128K [0x916c0000, 0x9a6c0000, 0xa6c00000)
  eden space 66048K, 0% used [0x916c0000,0x916c0000,0x95740000)
  from space 6144K, 99% used [0x95740000,0x95d3c030,0x95d40000)
  to   space 7680K, 0% used [0x99f40000,0x99f40000,0x9a6c0000)
 ParOldGen       total 43776K, used 7858K [0x66c00000, 0x696c0000, 0x916c0000)
  object space 43776K, 17% used [0x66c00000,0x673ac8d8,0x696c0000)
 Metaspace       used 11089K, capacity 11197K, committed 11288K, reserved 11568K
}
Event: 14.187 GC heap before
{Heap before GC invocations=8 (full 0):
 PSYoungGen      total 72192K, used 72176K [0x916c0000, 0x9a6c0000, 0xa6c00000)
  eden space 66048K, 100% used [0x916c0000,0x95740000,0x95740000)
  from space 6144K, 99% used [0x95740000,0x95d3c030,0x95d40000)
  to   space 7680K, 0% used [0x99f40000,0x99f40000,0x9a6c0000)
 ParOldGen       total 43776K, used 7858K [0x66c00000, 0x696c0000, 0x916c0000)
  object space 43776K, 17% used [0x66c00000,0x673ac8d8,0x696c0000)
 Metaspace       used 11359K, capacity 11466K, committed 11544K, reserved 11568K
Event: 14.304 GC heap after
Heap after GC invocations=8 (full 0):
 PSYoungGen      total 138240K, used 7680K [0x916c0000, 0x9a9c0000, 0xa6c00000)
  eden space 130560K, 0% used [0x916c0000,0x916c0000,0x99640000)
  from space 7680K, 100% used [0x99f40000,0x9a6c0000,0x9a6c0000)
  to   space 9216K, 0% used [0x99640000,0x99640000,0x99f40000)
 ParOldGen       total 43776K, used 9342K [0x66c00000, 0x696c0000, 0x916c0000)
  object space 43776K, 21% used [0x66c00000,0x6751f938,0x696c0000)
 Metaspace       used 11359K, capacity 11466K, committed 11544K, reserved 11568K
}

