# JRE version: OpenJDK Runtime Environment (8.0_151-b12) (build 1.8.0_151-8u151-b12-0ubuntu0.16.04.2-b12)
# Java VM: OpenJDK Server VM (25.151-b12 mixed mode linux-x86 )
Heap:
 PSYoungGen      total 112384K, used 49917K [0x918c0000, 0x98e80000, 0xa6e00000)
  eden space 105728K, 41% used [0x918c0000,0x943585e8,0x98000000)
  from space 6656K, 94% used [0x98700000,0x98d26ed8,0x98d80000)
  to   space 7168K, 0% used [0x98000000,0x98000000,0x98700000)
 ParOldGen       total 43776K, used 12352K [0x66e00000, 0x698c0000, 0x918c0000)
  object space 43776K, 28% used [0x66e00000,0x67a103b8,0x698c0000)
 Metaspace       used 13589K, capacity 13872K, committed 13976K, reserved 14640K
GC Heap History (10 events):
Event: 4.609 GC heap before
{Heap before GC invocations=6 (full 0):
 PSYoungGen      total 19200K, used 19184K [0x918c0000, 0x942c0000, 0xa6e00000)
  eden space 16640K, 100% used [0x918c0000,0x92900000,0x92900000)
  from space 2560K, 99% used [0x92900000,0x92b7c070,0x92b80000)
  to   space 4864K, 0% used [0x93e00000,0x93e00000,0x942c0000)
 ParOldGen       total 43776K, used 5440K [0x66e00000, 0x698c0000, 0x918c0000)
  object space 43776K, 12% used [0x66e00000,0x673502d8,0x698c0000)
 Metaspace       used 9996K, capacity 10075K, committed 10136K, reserved 10544K
Event: 4.633 GC heap after
Heap after GC invocations=6 (full 0):
 PSYoungGen      total 38144K, used 3651K [0x918c0000, 0x942c0000, 0xa6e00000)
  eden space 33280K, 0% used [0x918c0000,0x918c0000,0x93940000)
  from space 4864K, 75% used [0x93e00000,0x94190ef8,0x942c0000)
  to   space 4864K, 0% used [0x93940000,0x93940000,0x93e00000)
 ParOldGen       total 43776K, used 5444K [0x66e00000, 0x698c0000, 0x918c0000)
  object space 43776K, 12% used [0x66e00000,0x673512d8,0x698c0000)
 Metaspace       used 9996K, capacity 10075K, committed 10136K, reserved 10544K
}
Event: 6.032 GC heap before
{Heap before GC invocations=7 (full 0):
 PSYoungGen      total 38144K, used 36931K [0x918c0000, 0x942c0000, 0xa6e00000)
  eden space 33280K, 100% used [0x918c0000,0x93940000,0x93940000)
  from space 4864K, 75% used [0x93e00000,0x94190ef8,0x942c0000)
  to   space 4864K, 0% used [0x93940000,0x93940000,0x93e00000)
 ParOldGen       total 43776K, used 5444K [0x66e00000, 0x698c0000, 0x918c0000)
  object space 43776K, 12% used [0x66e00000,0x673512d8,0x698c0000)
 Metaspace       used 10778K, capacity 10892K, committed 11032K, reserved 11568K
Event: 6.053 GC heap after
Heap after GC invocations=7 (full 0):
 PSYoungGen      total 38144K, used 4701K [0x918c0000, 0x963c0000, 0xa6e00000)
  eden space 33280K, 0% used [0x918c0000,0x918c0000,0x93940000)
  from space 4864K, 96% used [0x93940000,0x93dd7658,0x93e00000)
  to   space 5120K, 0% used [0x95ec0000,0x95ec0000,0x963c0000)
 ParOldGen       total 43776K, used 6294K [0x66e00000, 0x698c0000, 0x918c0000)
  object space 43776K, 14% used [0x66e00000,0x67425808,0x698c0000)
 Metaspace       used 10778K, capacity 10892K, committed 11032K, reserved 11568K
}
Event: 7.123 GC heap before
{Heap before GC invocations=8 (full 0):
 PSYoungGen      total 38144K, used 37981K [0x918c0000, 0x963c0000, 0xa6e00000)
  eden space 33280K, 100% used [0x918c0000,0x93940000,0x93940000)
  from space 4864K, 96% used [0x93940000,0x93dd7658,0x93e00000)
  to   space 5120K, 0% used [0x95ec0000,0x95ec0000,0x963c0000)
 ParOldGen       total 43776K, used 6294K [0x66e00000, 0x698c0000, 0x918c0000)
  object space 43776K, 14% used [0x66e00000,0x67425808,0x698c0000)
 Metaspace       used 10973K, capacity 11057K, committed 11160K, reserved 11568K
Event: 7.152 GC heap after
Heap after GC invocations=8 (full 0):
 PSYoungGen      total 71424K, used 4336K [0x918c0000, 0x96440000, 0xa6e00000)
  eden space 66304K, 0% used [0x918c0000,0x918c0000,0x95980000)
  from space 5120K, 84% used [0x95ec0000,0x962fc000,0x963c0000)
  to   space 5376K, 0% used [0x95980000,0x95980000,0x95ec0000)
 ParOldGen       total 43776K, used 7437K [0x66e00000, 0x698c0000, 0x918c0000)
  object space 43776K, 16% used [0x66e00000,0x675436f8,0x698c0000)
 Metaspace       used 10973K, capacity 11057K, committed 11160K, reserved 11568K
}
Event: 10.342 GC heap before
{Heap before GC invocations=9 (full 0):
 PSYoungGen      total 71424K, used 70640K [0x918c0000, 0x96440000, 0xa6e00000)
  eden space 66304K, 100% used [0x918c0000,0x95980000,0x95980000)
  from space 5120K, 84% used [0x95ec0000,0x962fc000,0x963c0000)
  to   space 5376K, 0% used [0x95980000,0x95980000,0x95ec0000)
 ParOldGen       total 43776K, used 7437K [0x66e00000, 0x698c0000, 0x918c0000)
  object space 43776K, 16% used [0x66e00000,0x675436f8,0x698c0000)
 Metaspace       used 11147K, capacity 11266K, committed 11416K, reserved 11568K
Event: 10.504 GC heap after
Heap after GC invocations=9 (full 0):
 PSYoungGen      total 71680K, used 5360K [0x918c0000, 0x98d80000, 0xa6e00000)
  eden space 66304K, 0% used [0x918c0000,0x918c0000,0x95980000)
  from space 5376K, 99% used [0x95980000,0x95ebc020,0x95ec0000)
  to   space 6656K, 0% used [0x98700000,0x98700000,0x98d80000)
 ParOldGen       total 43776K, used 9776K [0x66e00000, 0x698c0000, 0x918c0000)
  object space 43776K, 22% used [0x66e00000,0x6778c268,0x698c0000)
 Metaspace       used 11147K, capacity 11266K, committed 11416K, reserved 11568K
}
Event: 14.175 GC heap before
{Heap before GC invocations=10 (full 0):
 PSYoungGen      total 71680K, used 71664K [0x918c0000, 0x98d80000, 0xa6e00000)
  eden space 66304K, 100% used [0x918c0000,0x95980000,0x95980000)
  from space 5376K, 99% used [0x95980000,0x95ebc020,0x95ec0000)
  to   space 6656K, 0% used [0x98700000,0x98700000,0x98d80000)
 ParOldGen       total 43776K, used 9776K [0x66e00000, 0x698c0000, 0x918c0000)
  object space 43776K, 22% used [0x66e00000,0x6778c268,0x698c0000)
 Metaspace       used 12244K, capacity 12425K, committed 12440K, reserved 12592K
Event: 14.232 GC heap after
Heap after GC invocations=10 (full 0):
 PSYoungGen      total 112384K, used 6299K [0x918c0000, 0x98e80000, 0xa6e00000)
  eden space 105728K, 0% used [0x918c0000,0x918c0000,0x98000000)
  from space 6656K, 94% used [0x98700000,0x98d26ed8,0x98d80000)
  to   space 7168K, 0% used [0x98000000,0x98000000,0x98700000)
 ParOldGen       total 43776K, used 12352K [0x66e00000, 0x698c0000, 0x918c0000)
  object space 43776K, 28% used [0x66e00000,0x67a103b8,0x698c0000)
 Metaspace       used 12244K, capacity 12425K, committed 12440K, reserved 12592K
}

