# JRE version: OpenJDK Runtime Environment (8.0_151-b12) (build 1.8.0_151-8u151-b12-0ubuntu0.16.04.2-b12)
# Java VM: OpenJDK Server VM (25.151-b12 mixed mode linux-x86 )
Heap:
 PSYoungGen      total 112640K, used 73216K [0x916c0000, 0x98cc0000, 0xa6c00000)
  eden space 105984K, 63% used [0x916c0000,0x9582b490,0x97e40000)
  from space 6656K, 93% used [0x98540000,0x98b54d18,0x98bc0000)
  to   space 7168K, 0% used [0x97e40000,0x97e40000,0x98540000)
 ParOldGen       total 43776K, used 12559K [0x66c00000, 0x696c0000, 0x916c0000)
  object space 43776K, 28% used [0x66c00000,0x67843dc0,0x696c0000)
 Metaspace       used 14571K, capacity 14869K, committed 14872K, reserved 15664K
GC Heap History (10 events):
Event: 6.446 GC heap before
{Heap before GC invocations=6 (full 0):
 PSYoungGen      total 19200K, used 19186K [0x916c0000, 0x940c0000, 0xa6c00000)
  eden space 16640K, 100% used [0x916c0000,0x92700000,0x92700000)
  from space 2560K, 99% used [0x92700000,0x9297c880,0x92980000)
  to   space 4864K, 0% used [0x93c00000,0x93c00000,0x940c0000)
 ParOldGen       total 43776K, used 5464K [0x66c00000, 0x696c0000, 0x916c0000)
  object space 43776K, 12% used [0x66c00000,0x67156008,0x696c0000)
 Metaspace       used 9987K, capacity 10075K, committed 10136K, reserved 10544K
Event: 6.469 GC heap after
Heap after GC invocations=6 (full 0):
 PSYoungGen      total 38144K, used 3674K [0x916c0000, 0x940c0000, 0xa6c00000)
  eden space 33280K, 0% used [0x916c0000,0x916c0000,0x93740000)
  from space 4864K, 75% used [0x93c00000,0x93f96918,0x940c0000)
  to   space 4864K, 0% used [0x93740000,0x93740000,0x93c00000)
 ParOldGen       total 43776K, used 5468K [0x66c00000, 0x696c0000, 0x916c0000)
  object space 43776K, 12% used [0x66c00000,0x67157008,0x696c0000)
 Metaspace       used 9987K, capacity 10075K, committed 10136K, reserved 10544K
}
Event: 8.748 GC heap before
{Heap before GC invocations=7 (full 0):
 PSYoungGen      total 38144K, used 36952K [0x916c0000, 0x940c0000, 0xa6c00000)
  eden space 33280K, 99% used [0x916c0000,0x9373f8a8,0x93740000)
  from space 4864K, 75% used [0x93c00000,0x93f96918,0x940c0000)
  to   space 4864K, 0% used [0x93740000,0x93740000,0x93c00000)
 ParOldGen       total 43776K, used 5468K [0x66c00000, 0x696c0000, 0x916c0000)
  object space 43776K, 12% used [0x66c00000,0x67157008,0x696c0000)
 Metaspace       used 10791K, capacity 10892K, committed 11032K, reserved 11568K
Event: 8.858 GC heap after
Heap after GC invocations=7 (full 0):
 PSYoungGen      total 38144K, used 4472K [0x916c0000, 0x961c0000, 0xa6c00000)
  eden space 33280K, 0% used [0x916c0000,0x916c0000,0x93740000)
  from space 4864K, 91% used [0x93740000,0x93b9e358,0x93c00000)
  to   space 5120K, 0% used [0x95cc0000,0x95cc0000,0x961c0000)
 ParOldGen       total 43776K, used 6574K [0x66c00000, 0x696c0000, 0x916c0000)
  object space 43776K, 15% used [0x66c00000,0x6726b8b8,0x696c0000)
 Metaspace       used 10791K, capacity 10892K, committed 11032K, reserved 11568K
}
Event: 11.295 GC heap before
{Heap before GC invocations=8 (full 0):
 PSYoungGen      total 38144K, used 37752K [0x916c0000, 0x961c0000, 0xa6c00000)
  eden space 33280K, 100% used [0x916c0000,0x93740000,0x93740000)
  from space 4864K, 91% used [0x93740000,0x93b9e358,0x93c00000)
  to   space 5120K, 0% used [0x95cc0000,0x95cc0000,0x961c0000)
 ParOldGen       total 43776K, used 6574K [0x66c00000, 0x696c0000, 0x916c0000)
  object space 43776K, 15% used [0x66c00000,0x6726b8b8,0x696c0000)
 Metaspace       used 10970K, capacity 11057K, committed 11160K, reserved 11568K
Event: 11.333 GC heap after
Heap after GC invocations=8 (full 0):
 PSYoungGen      total 71680K, used 4384K [0x916c0000, 0x961c0000, 0xa6c00000)
  eden space 66560K, 0% used [0x916c0000,0x916c0000,0x957c0000)
  from space 5120K, 85% used [0x95cc0000,0x96108000,0x961c0000)
  to   space 5120K, 0% used [0x957c0000,0x957c0000,0x95cc0000)
 ParOldGen       total 43776K, used 7432K [0x66c00000, 0x696c0000, 0x916c0000)
  object space 43776K, 16% used [0x66c00000,0x673420e8,0x696c0000)
 Metaspace       used 10970K, capacity 11057K, committed 11160K, reserved 11568K
}
Event: 12.728 GC heap before
{Heap before GC invocations=9 (full 0):
 PSYoungGen      total 71680K, used 70944K [0x916c0000, 0x961c0000, 0xa6c00000)
  eden space 66560K, 100% used [0x916c0000,0x957c0000,0x957c0000)
  from space 5120K, 85% used [0x95cc0000,0x96108000,0x961c0000)
  to   space 5120K, 0% used [0x957c0000,0x957c0000,0x95cc0000)
 ParOldGen       total 43776K, used 7432K [0x66c00000, 0x696c0000, 0x916c0000)
  object space 43776K, 16% used [0x66c00000,0x673420e8,0x696c0000)
 Metaspace       used 11165K, capacity 11266K, committed 11416K, reserved 11568K
Event: 12.788 GC heap after
Heap after GC invocations=9 (full 0):
 PSYoungGen      total 71680K, used 5120K [0x916c0000, 0x98bc0000, 0xa6c00000)
  eden space 66560K, 0% used [0x916c0000,0x916c0000,0x957c0000)
  from space 5120K, 100% used [0x957c0000,0x95cc0000,0x95cc0000)
  to   space 6656K, 0% used [0x98540000,0x98540000,0x98bc0000)
 ParOldGen       total 43776K, used 10105K [0x66c00000, 0x696c0000, 0x916c0000)
  object space 43776K, 23% used [0x66c00000,0x675de480,0x696c0000)
 Metaspace       used 11165K, capacity 11266K, committed 11416K, reserved 11568K
}
Event: 15.698 GC heap before
{Heap before GC invocations=10 (full 0):
 PSYoungGen      total 71680K, used 71680K [0x916c0000, 0x98bc0000, 0xa6c00000)
  eden space 66560K, 100% used [0x916c0000,0x957c0000,0x957c0000)
  from space 5120K, 100% used [0x957c0000,0x95cc0000,0x95cc0000)
  to   space 6656K, 0% used [0x98540000,0x98540000,0x98bc0000)
 ParOldGen       total 43776K, used 10105K [0x66c00000, 0x696c0000, 0x916c0000)
  object space 43776K, 23% used [0x66c00000,0x675de480,0x696c0000)
 Metaspace       used 12241K, capacity 12393K, committed 12440K, reserved 12592K
Event: 15.803 GC heap after
Heap after GC invocations=10 (full 0):
 PSYoungGen      total 112640K, used 6227K [0x916c0000, 0x98cc0000, 0xa6c00000)
  eden space 105984K, 0% used [0x916c0000,0x916c0000,0x97e40000)
  from space 6656K, 93% used [0x98540000,0x98b54d18,0x98bc0000)
  to   space 7168K, 0% used [0x97e40000,0x97e40000,0x98540000)
 ParOldGen       total 43776K, used 12559K [0x66c00000, 0x696c0000, 0x916c0000)
  object space 43776K, 28% used [0x66c00000,0x67843dc0,0x696c0000)
 Metaspace       used 12241K, capacity 12393K, committed 12440K, reserved 12592K
}

