# JRE version: OpenJDK Runtime Environment (8.0_151-b12) (build 1.8.0_151-8u151-b12-0ubuntu0.16.04.2-b12)
# Java VM: OpenJDK Server VM (25.151-b12 mixed mode linux-x86 )
Heap:
 PSYoungGen      total 139776K, used 9208K [0x918c0000, 0x9abc0000, 0xa6e00000)
  eden space 130560K, 0% used [0x918c0000,0x918c0000,0x99840000)
  from space 9216K, 99% used [0x99840000,0x9a13e038,0x9a140000)
  to   space 7680K, 0% used [0x9a140000,0x9a140000,0x9a8c0000)
 ParOldGen       total 43776K, used 17835K [0x66e00000, 0x698c0000, 0x918c0000)
  object space 43776K, 40% used [0x66e00000,0x67f6ac58,0x698c0000)
 Metaspace       used 15795K, capacity 16063K, committed 16152K, reserved 16688K
GC Heap History (10 events):
Event: 3.629 GC heap after
Heap after GC invocations=4 (full 0):
 PSYoungGen      total 35840K, used 2546K [0x918c0000, 0x93e40000, 0xa6e00000)
  eden space 33280K, 0% used [0x918c0000,0x918c0000,0x93940000)
  from space 2560K, 99% used [0x93bc0000,0x93e3c890,0x93e40000)
  to   space 2560K, 0% used [0x93940000,0x93940000,0x93bc0000)
 ParOldGen       total 43776K, used 4379K [0x66e00000, 0x698c0000, 0x918c0000)
  object space 43776K, 10% used [0x66e00000,0x67246d50,0x698c0000)
 Metaspace       used 8092K, capacity 8158K, committed 8216K, reserved 8496K
}
Event: 5.534 GC heap before
{Heap before GC invocations=5 (full 0):
 PSYoungGen      total 35840K, used 35826K [0x918c0000, 0x93e40000, 0xa6e00000)
  eden space 33280K, 100% used [0x918c0000,0x93940000,0x93940000)
  from space 2560K, 99% used [0x93bc0000,0x93e3c890,0x93e40000)
  to   space 2560K, 0% used [0x93940000,0x93940000,0x93bc0000)
 ParOldGen       total 43776K, used 4379K [0x66e00000, 0x698c0000, 0x918c0000)
  object space 43776K, 10% used [0x66e00000,0x67246d50,0x698c0000)
 Metaspace       used 9977K, capacity 10043K, committed 10136K, reserved 10544K
Event: 5.560 GC heap after
Heap after GC invocations=5 (full 0):
 PSYoungGen      total 35840K, used 2546K [0x918c0000, 0x964c0000, 0xa6e00000)
  eden space 33280K, 0% used [0x918c0000,0x918c0000,0x93940000)
  from space 2560K, 99% used [0x93940000,0x93bbc880,0x93bc0000)
  to   space 5632K, 0% used [0x95f40000,0x95f40000,0x964c0000)
 ParOldGen       total 43776K, used 6529K [0x66e00000, 0x698c0000, 0x918c0000)
  object space 43776K, 14% used [0x66e00000,0x674604f0,0x698c0000)
 Metaspace       used 9977K, capacity 10043K, committed 10136K, reserved 10544K
}
Event: 8.412 GC heap before
{Heap before GC invocations=6 (full 0):
 PSYoungGen      total 35840K, used 35826K [0x918c0000, 0x964c0000, 0xa6e00000)
  eden space 33280K, 100% used [0x918c0000,0x93940000,0x93940000)
  from space 2560K, 99% used [0x93940000,0x93bbc880,0x93bc0000)
  to   space 5632K, 0% used [0x95f40000,0x95f40000,0x964c0000)
 ParOldGen       total 43776K, used 6529K [0x66e00000, 0x698c0000, 0x918c0000)
  object space 43776K, 14% used [0x66e00000,0x674604f0,0x698c0000)
 Metaspace       used 10771K, capacity 10892K, committed 11032K, reserved 11568K
Event: 8.491 GC heap after
Heap after GC invocations=6 (full 0):
 PSYoungGen      total 71680K, used 5229K [0x918c0000, 0x965c0000, 0xa6e00000)
  eden space 66048K, 0% used [0x918c0000,0x918c0000,0x95940000)
  from space 5632K, 92% used [0x95f40000,0x9645b688,0x964c0000)
  to   space 6144K, 0% used [0x95940000,0x95940000,0x95f40000)
 ParOldGen       total 43776K, used 6537K [0x66e00000, 0x698c0000, 0x918c0000)
  object space 43776K, 14% used [0x66e00000,0x674624f0,0x698c0000)
 Metaspace       used 10771K, capacity 10892K, committed 11032K, reserved 11568K
}
Event: 10.567 GC heap before
{Heap before GC invocations=7 (full 0):
 PSYoungGen      total 71680K, used 71277K [0x918c0000, 0x965c0000, 0xa6e00000)
  eden space 66048K, 100% used [0x918c0000,0x95940000,0x95940000)
  from space 5632K, 92% used [0x95f40000,0x9645b688,0x964c0000)
  to   space 6144K, 0% used [0x95940000,0x95940000,0x95f40000)
 ParOldGen       total 43776K, used 6537K [0x66e00000, 0x698c0000, 0x918c0000)
  object space 43776K, 14% used [0x66e00000,0x674624f0,0x698c0000)
 Metaspace       used 11075K, capacity 11197K, committed 11288K, reserved 11568K
Event: 10.602 GC heap after
Heap after GC invocations=7 (full 0):
 PSYoungGen      total 72192K, used 6130K [0x918c0000, 0x9a8c0000, 0xa6e00000)
  eden space 66048K, 0% used [0x918c0000,0x918c0000,0x95940000)
  from space 6144K, 99% used [0x95940000,0x95f3c850,0x95f40000)
  to   space 7680K, 0% used [0x9a140000,0x9a140000,0x9a8c0000)
 ParOldGen       total 43776K, used 7779K [0x66e00000, 0x698c0000, 0x918c0000)
  object space 43776K, 17% used [0x66e00000,0x67598f98,0x698c0000)
 Metaspace       used 11075K, capacity 11197K, committed 11288K, reserved 11568K
}
Event: 11.910 GC heap before
{Heap before GC invocations=8 (full 0):
 PSYoungGen      total 72192K, used 72178K [0x918c0000, 0x9a8c0000, 0xa6e00000)
  eden space 66048K, 100% used [0x918c0000,0x95940000,0x95940000)
  from space 6144K, 99% used [0x95940000,0x95f3c850,0x95f40000)
  to   space 7680K, 0% used [0x9a140000,0x9a140000,0x9a8c0000)
 ParOldGen       total 43776K, used 7779K [0x66e00000, 0x698c0000, 0x918c0000)
  object space 43776K, 17% used [0x66e00000,0x67598f98,0x698c0000)
 Metaspace       used 11348K, capacity 11466K, committed 11544K, reserved 11568K
Event: 11.956 GC heap after
Heap after GC invocations=8 (full 0):
 PSYoungGen      total 138240K, used 7672K [0x918c0000, 0x9abc0000, 0xa6e00000)
  eden space 130560K, 0% used [0x918c0000,0x918c0000,0x99840000)
  from space 7680K, 99% used [0x9a140000,0x9a8be030,0x9a8c0000)
  to   space 9216K, 0% used [0x99840000,0x99840000,0x9a140000)
 ParOldGen       total 43776K, used 9503K [0x66e00000, 0x698c0000, 0x918c0000)
  object space 43776K, 21% used [0x66e00000,0x67747cb0,0x698c0000)
 Metaspace       used 11348K, capacity 11466K, committed 11544K, reserved 11568K
}
Event: 19.178 GC heap before
{Heap before GC invocations=9 (full 0):
 PSYoungGen      total 138240K, used 138232K [0x918c0000, 0x9abc0000, 0xa6e00000)
  eden space 130560K, 100% used [0x918c0000,0x99840000,0x99840000)
  from space 7680K, 99% used [0x9a140000,0x9a8be030,0x9a8c0000)
  to   space 9216K, 0% used [0x99840000,0x99840000,0x9a140000)
 ParOldGen       total 43776K, used 9503K [0x66e00000, 0x698c0000, 0x918c0000)
  object space 43776K, 21% used [0x66e00000,0x67747cb0,0x698c0000)
 Metaspace       used 15795K, capacity 16063K, committed 16152K, reserved 16688K

