# JRE version: OpenJDK Runtime Environment (8.0_151-b12) (build 1.8.0_151-8u151-b12-0ubuntu0.16.04.2-b12)
# Java VM: OpenJDK Server VM (25.151-b12 mixed mode linux-x86 )
Heap:
 PSYoungGen      total 113152K, used 93778K [0x916c0000, 0x98dc0000, 0xa6c00000)
  eden space 105984K, 82% used [0x916c0000,0x96bb6450,0x97e40000)
  from space 7168K, 94% used [0x985c0000,0x98c5e5e0,0x98cc0000)
  to   space 7680K, 0% used [0x97e40000,0x97e40000,0x985c0000)
 ParOldGen       total 43776K, used 12124K [0x66c00000, 0x696c0000, 0x916c0000)
  object space 43776K, 27% used [0x66c00000,0x677d73c0,0x696c0000)
 Metaspace       used 15474K, capacity 15862K, committed 15896K, reserved 16688K
GC Heap History (10 events):
Event: 6.513 GC heap before
{Heap before GC invocations=6 (full 0):
 PSYoungGen      total 19200K, used 19192K [0x916c0000, 0x940c0000, 0xa6c00000)
  eden space 16640K, 100% used [0x916c0000,0x92700000,0x92700000)
  from space 2560K, 99% used [0x92700000,0x9297e080,0x92980000)
  to   space 4864K, 0% used [0x93c00000,0x93c00000,0x940c0000)
 ParOldGen       total 43776K, used 5453K [0x66c00000, 0x696c0000, 0x916c0000)
  object space 43776K, 12% used [0x66c00000,0x67153478,0x696c0000)
 Metaspace       used 9999K, capacity 10075K, committed 10136K, reserved 10544K
Event: 6.532 GC heap after
Heap after GC invocations=6 (full 0):
 PSYoungGen      total 38144K, used 3853K [0x916c0000, 0x940c0000, 0xa6c00000)
  eden space 33280K, 0% used [0x916c0000,0x916c0000,0x93740000)
  from space 4864K, 79% used [0x93c00000,0x93fc37a0,0x940c0000)
  to   space 4864K, 0% used [0x93740000,0x93740000,0x93c00000)
 ParOldGen       total 43776K, used 5457K [0x66c00000, 0x696c0000, 0x916c0000)
  object space 43776K, 12% used [0x66c00000,0x67154478,0x696c0000)
 Metaspace       used 9999K, capacity 10075K, committed 10136K, reserved 10544K
}
Event: 8.195 GC heap before
{Heap before GC invocations=7 (full 0):
 PSYoungGen      total 38144K, used 37133K [0x916c0000, 0x940c0000, 0xa6c00000)
  eden space 33280K, 100% used [0x916c0000,0x93740000,0x93740000)
  from space 4864K, 79% used [0x93c00000,0x93fc37a0,0x940c0000)
  to   space 4864K, 0% used [0x93740000,0x93740000,0x93c00000)
 ParOldGen       total 43776K, used 5457K [0x66c00000, 0x696c0000, 0x916c0000)
  object space 43776K, 12% used [0x66c00000,0x67154478,0x696c0000)
 Metaspace       used 10792K, capacity 10892K, committed 11032K, reserved 11568K
Event: 8.260 GC heap after
Heap after GC invocations=7 (full 0):
 PSYoungGen      total 38144K, used 4852K [0x916c0000, 0x96340000, 0xa6c00000)
  eden space 33280K, 0% used [0x916c0000,0x916c0000,0x93740000)
  from space 4864K, 99% used [0x93740000,0x93bfd140,0x93c00000)
  to   space 5888K, 0% used [0x95d80000,0x95d80000,0x96340000)
 ParOldGen       total 43776K, used 6356K [0x66c00000, 0x696c0000, 0x916c0000)
  object space 43776K, 14% used [0x66c00000,0x67235100,0x696c0000)
 Metaspace       used 10792K, capacity 10892K, committed 11032K, reserved 11568K
}
Event: 10.186 GC heap before
{Heap before GC invocations=8 (full 0):
 PSYoungGen      total 38144K, used 38132K [0x916c0000, 0x96340000, 0xa6c00000)
  eden space 33280K, 100% used [0x916c0000,0x93740000,0x93740000)
  from space 4864K, 99% used [0x93740000,0x93bfd140,0x93c00000)
  to   space 5888K, 0% used [0x95d80000,0x95d80000,0x96340000)
 ParOldGen       total 43776K, used 6356K [0x66c00000, 0x696c0000, 0x916c0000)
  object space 43776K, 14% used [0x66c00000,0x67235100,0x696c0000)
 Metaspace       used 10968K, capacity 11057K, committed 11160K, reserved 11568K
Event: 10.223 GC heap after
Heap after GC invocations=8 (full 0):
 PSYoungGen      total 72448K, used 4432K [0x916c0000, 0x96340000, 0xa6c00000)
  eden space 66560K, 0% used [0x916c0000,0x916c0000,0x957c0000)
  from space 5888K, 75% used [0x95d80000,0x961d4010,0x96340000)
  to   space 5888K, 0% used [0x957c0000,0x957c0000,0x95d80000)
 ParOldGen       total 43776K, used 7585K [0x66c00000, 0x696c0000, 0x916c0000)
  object space 43776K, 17% used [0x66c00000,0x673687e0,0x696c0000)
 Metaspace       used 10968K, capacity 11057K, committed 11160K, reserved 11568K
}
Event: 12.504 GC heap before
{Heap before GC invocations=9 (full 0):
 PSYoungGen      total 72448K, used 70992K [0x916c0000, 0x96340000, 0xa6c00000)
  eden space 66560K, 100% used [0x916c0000,0x957c0000,0x957c0000)
  from space 5888K, 75% used [0x95d80000,0x961d4010,0x96340000)
  to   space 5888K, 0% used [0x957c0000,0x957c0000,0x95d80000)
 ParOldGen       total 43776K, used 7585K [0x66c00000, 0x696c0000, 0x916c0000)
  object space 43776K, 17% used [0x66c00000,0x673687e0,0x696c0000)
 Metaspace       used 11157K, capacity 11266K, committed 11416K, reserved 11568K
Event: 12.535 GC heap after
Heap after GC invocations=9 (full 0):
 PSYoungGen      total 72448K, used 5880K [0x916c0000, 0x98cc0000, 0xa6c00000)
  eden space 66560K, 0% used [0x916c0000,0x916c0000,0x957c0000)
  from space 5888K, 99% used [0x957c0000,0x95d7e030,0x95d80000)
  to   space 7168K, 0% used [0x985c0000,0x985c0000,0x98cc0000)
 ParOldGen       total 43776K, used 9526K [0x66c00000, 0x696c0000, 0x916c0000)
  object space 43776K, 21% used [0x66c00000,0x6754da60,0x696c0000)
 Metaspace       used 11157K, capacity 11266K, committed 11416K, reserved 11568K
}
Event: 14.145 GC heap before
{Heap before GC invocations=10 (full 0):
 PSYoungGen      total 72448K, used 72440K [0x916c0000, 0x98cc0000, 0xa6c00000)
  eden space 66560K, 100% used [0x916c0000,0x957c0000,0x957c0000)
  from space 5888K, 99% used [0x957c0000,0x95d7e030,0x95d80000)
  to   space 7168K, 0% used [0x985c0000,0x985c0000,0x98cc0000)
 ParOldGen       total 43776K, used 9526K [0x66c00000, 0x696c0000, 0x916c0000)
  object space 43776K, 21% used [0x66c00000,0x6754da60,0x696c0000)
 Metaspace       used 12292K, capacity 12493K, committed 12568K, reserved 12592K
Event: 14.198 GC heap after
Heap after GC invocations=10 (full 0):
 PSYoungGen      total 113152K, used 6777K [0x916c0000, 0x98dc0000, 0xa6c00000)
  eden space 105984K, 0% used [0x916c0000,0x916c0000,0x97e40000)
  from space 7168K, 94% used [0x985c0000,0x98c5e5e0,0x98cc0000)
  to   space 7680K, 0% used [0x97e40000,0x97e40000,0x985c0000)
 ParOldGen       total 43776K, used 12124K [0x66c00000, 0x696c0000, 0x916c0000)
  object space 43776K, 27% used [0x66c00000,0x677d73c0,0x696c0000)
 Metaspace       used 12292K, capacity 12493K, committed 12568K, reserved 12592K
}

