# JRE version: OpenJDK Runtime Environment (8.0_151-b12) (build 1.8.0_151-8u151-b12-0ubuntu0.16.04.2-b12)
# Java VM: OpenJDK Server VM (25.151-b12 mixed mode linux-x86 )
Heap:
 PSYoungGen      total 112896K, used 7163K [0x918c0000, 0x98e80000, 0xa6e00000)
  eden space 105728K, 0% used [0x918c0000,0x918c0000,0x98000000)
  from space 7168K, 99% used [0x98000000,0x986fedd0,0x98700000)
  to   space 6656K, 0% used [0x98700000,0x98700000,0x98d80000)
 ParOldGen       total 43776K, used 17371K [0x66e00000, 0x698c0000, 0x918c0000)
  object space 43776K, 39% used [0x66e00000,0x67ef6ef8,0x698c0000)
 Metaspace       used 15940K, capacity 16342K, committed 16384K, reserved 16688K
GC Heap History (10 events):
Event: 6.530 GC heap after
Heap after GC invocations=6 (full 0):
 PSYoungGen      total 38144K, used 3622K [0x918c0000, 0x942c0000, 0xa6e00000)
  eden space 33280K, 0% used [0x918c0000,0x918c0000,0x93940000)
  from space 4864K, 74% used [0x93e00000,0x94189838,0x942c0000)
  to   space 4864K, 0% used [0x93940000,0x93940000,0x93e00000)
 ParOldGen       total 43776K, used 5476K [0x66e00000, 0x698c0000, 0x918c0000)
  object space 43776K, 12% used [0x66e00000,0x673592a0,0x698c0000)
 Metaspace       used 9990K, capacity 10075K, committed 10136K, reserved 10544K
}
Event: 8.109 GC heap before
{Heap before GC invocations=7 (full 0):
 PSYoungGen      total 38144K, used 36902K [0x918c0000, 0x942c0000, 0xa6e00000)
  eden space 33280K, 100% used [0x918c0000,0x93940000,0x93940000)
  from space 4864K, 74% used [0x93e00000,0x94189838,0x942c0000)
  to   space 4864K, 0% used [0x93940000,0x93940000,0x93e00000)
 ParOldGen       total 43776K, used 5476K [0x66e00000, 0x698c0000, 0x918c0000)
  object space 43776K, 12% used [0x66e00000,0x673592a0,0x698c0000)
 Metaspace       used 10791K, capacity 10892K, committed 11032K, reserved 11568K
Event: 8.163 GC heap after
Heap after GC invocations=7 (full 0):
 PSYoungGen      total 38144K, used 4621K [0x918c0000, 0x963c0000, 0xa6e00000)
  eden space 33280K, 0% used [0x918c0000,0x918c0000,0x93940000)
  from space 4864K, 95% used [0x93940000,0x93dc3648,0x93e00000)
  to   space 5120K, 0% used [0x95ec0000,0x95ec0000,0x963c0000)
 ParOldGen       total 43776K, used 6469K [0x66e00000, 0x698c0000, 0x918c0000)
  object space 43776K, 14% used [0x66e00000,0x674514e8,0x698c0000)
 Metaspace       used 10791K, capacity 10892K, committed 11032K, reserved 11568K
}
Event: 10.526 GC heap before
{Heap before GC invocations=8 (full 0):
 PSYoungGen      total 38144K, used 37901K [0x918c0000, 0x963c0000, 0xa6e00000)
  eden space 33280K, 100% used [0x918c0000,0x93940000,0x93940000)
  from space 4864K, 95% used [0x93940000,0x93dc3648,0x93e00000)
  to   space 5120K, 0% used [0x95ec0000,0x95ec0000,0x963c0000)
 ParOldGen       total 43776K, used 6469K [0x66e00000, 0x698c0000, 0x918c0000)
  object space 43776K, 14% used [0x66e00000,0x674514e8,0x698c0000)
 Metaspace       used 10973K, capacity 11089K, committed 11160K, reserved 11568K
Event: 10.570 GC heap after
Heap after GC invocations=8 (full 0):
 PSYoungGen      total 71424K, used 4368K [0x918c0000, 0x96440000, 0xa6e00000)
  eden space 66304K, 0% used [0x918c0000,0x918c0000,0x95980000)
  from space 5120K, 85% used [0x95ec0000,0x96304000,0x963c0000)
  to   space 5376K, 0% used [0x95980000,0x95980000,0x95ec0000)
 ParOldGen       total 43776K, used 7442K [0x66e00000, 0x698c0000, 0x918c0000)
  object space 43776K, 17% used [0x66e00000,0x67544bb8,0x698c0000)
 Metaspace       used 10973K, capacity 11089K, committed 11160K, reserved 11568K
}
Event: 12.773 GC heap before
{Heap before GC invocations=9 (full 0):
 PSYoungGen      total 71424K, used 70672K [0x918c0000, 0x96440000, 0xa6e00000)
  eden space 66304K, 100% used [0x918c0000,0x95980000,0x95980000)
  from space 5120K, 85% used [0x95ec0000,0x96304000,0x963c0000)
  to   space 5376K, 0% used [0x95980000,0x95980000,0x95ec0000)
 ParOldGen       total 43776K, used 7442K [0x66e00000, 0x698c0000, 0x918c0000)
  object space 43776K, 17% used [0x66e00000,0x67544bb8,0x698c0000)
 Metaspace       used 11171K, capacity 11266K, committed 11416K, reserved 11568K
Event: 12.794 GC heap after
Heap after GC invocations=9 (full 0):
 PSYoungGen      total 71680K, used 5376K [0x918c0000, 0x98d80000, 0xa6e00000)
  eden space 66304K, 0% used [0x918c0000,0x918c0000,0x95980000)
  from space 5376K, 100% used [0x95980000,0x95ec0000,0x95ec0000)
  to   space 6656K, 0% used [0x98700000,0x98700000,0x98d80000)
 ParOldGen       total 43776K, used 9729K [0x66e00000, 0x698c0000, 0x918c0000)
  object space 43776K, 22% used [0x66e00000,0x67780638,0x698c0000)
 Metaspace       used 11171K, capacity 11266K, committed 11416K, reserved 11568K
}
Event: 14.152 GC heap before
{Heap before GC invocations=10 (full 0):
 PSYoungGen      total 71680K, used 71680K [0x918c0000, 0x98d80000, 0xa6e00000)
  eden space 66304K, 100% used [0x918c0000,0x95980000,0x95980000)
  from space 5376K, 100% used [0x95980000,0x95ec0000,0x95ec0000)
  to   space 6656K, 0% used [0x98700000,0x98700000,0x98d80000)
 ParOldGen       total 43776K, used 9729K [0x66e00000, 0x698c0000, 0x918c0000)
  object space 43776K, 22% used [0x66e00000,0x67780638,0x698c0000)
 Metaspace       used 12222K, capacity 12393K, committed 12440K, reserved 12592K
Event: 14.174 GC heap after
Heap after GC invocations=10 (full 0):
 PSYoungGen      total 112384K, used 6254K [0x918c0000, 0x98e80000, 0xa6e00000)
  eden space 105728K, 0% used [0x918c0000,0x918c0000,0x98000000)
  from space 6656K, 93% used [0x98700000,0x98d1b868,0x98d80000)
  to   space 7168K, 0% used [0x98000000,0x98000000,0x98700000)
 ParOldGen       total 43776K, used 12393K [0x66e00000, 0x698c0000, 0x918c0000)
  object space 43776K, 28% used [0x66e00000,0x67a1a7d8,0x698c0000)
 Metaspace       used 12222K, capacity 12393K, committed 12440K, reserved 12592K
}
Event: 17.078 GC heap before
{Heap before GC invocations=11 (full 0):
 PSYoungGen      total 112384K, used 109985K [0x918c0000, 0x98e80000, 0xa6e00000)
  eden space 105728K, 98% used [0x918c0000,0x97e0cde8,0x98000000)
  from space 6656K, 93% used [0x98700000,0x98d1b868,0x98d80000)
  to   space 7168K, 0% used [0x98000000,0x98000000,0x98700000)
 ParOldGen       total 43776K, used 12393K [0x66e00000, 0x698c0000, 0x918c0000)
  object space 43776K, 28% used [0x66e00000,0x67a1a7d8,0x698c0000)
 Metaspace       used 15940K, capacity 16342K, committed 16384K, reserved 16688K

