# JRE version: OpenJDK Runtime Environment (8.0_151-b12) (build 1.8.0_151-8u151-b12-0ubuntu0.16.04.2-b12)
# Java VM: OpenJDK Server VM (25.151-b12 mixed mode linux-x86 )
Heap:
 PSYoungGen      total 111616K, used 96853K [0x918c0000, 0x990c0000, 0xa6e00000)
  eden space 104960K, 85% used [0x918c0000,0x970d7538,0x97f40000)
  from space 6656K, 99% used [0x98740000,0x98dbe130,0x98dc0000)
  to   space 8192K, 0% used [0x97f40000,0x97f40000,0x98740000)
 ParOldGen       total 43776K, used 12257K [0x66e00000, 0x698c0000, 0x918c0000)
  object space 43776K, 28% used [0x66e00000,0x679f8598,0x698c0000)
 Metaspace       used 15605K, capacity 15903K, committed 16024K, reserved 16688K
GC Heap History (10 events):
Event: 6.291 GC heap before
{Heap before GC invocations=6 (full 0):
 PSYoungGen      total 19200K, used 19186K [0x918c0000, 0x942c0000, 0xa6e00000)
  eden space 16640K, 100% used [0x918c0000,0x92900000,0x92900000)
  from space 2560K, 99% used [0x92900000,0x92b7c880,0x92b80000)
  to   space 4864K, 0% used [0x93e00000,0x93e00000,0x942c0000)
 ParOldGen       total 43776K, used 5456K [0x66e00000, 0x698c0000, 0x918c0000)
  object space 43776K, 12% used [0x66e00000,0x67354178,0x698c0000)
 Metaspace       used 9986K, capacity 10075K, committed 10136K, reserved 10544K
Event: 6.310 GC heap after
Heap after GC invocations=6 (full 0):
 PSYoungGen      total 38144K, used 3650K [0x918c0000, 0x942c0000, 0xa6e00000)
  eden space 33280K, 0% used [0x918c0000,0x918c0000,0x93940000)
  from space 4864K, 75% used [0x93e00000,0x941909d0,0x942c0000)
  to   space 4864K, 0% used [0x93940000,0x93940000,0x93e00000)
 ParOldGen       total 43776K, used 5460K [0x66e00000, 0x698c0000, 0x918c0000)
  object space 43776K, 12% used [0x66e00000,0x67355178,0x698c0000)
 Metaspace       used 9986K, capacity 10075K, committed 10136K, reserved 10544K
}
Event: 7.839 GC heap before
{Heap before GC invocations=7 (full 0):
 PSYoungGen      total 38144K, used 36930K [0x918c0000, 0x942c0000, 0xa6e00000)
  eden space 33280K, 100% used [0x918c0000,0x93940000,0x93940000)
  from space 4864K, 75% used [0x93e00000,0x941909d0,0x942c0000)
  to   space 4864K, 0% used [0x93940000,0x93940000,0x93e00000)
 ParOldGen       total 43776K, used 5460K [0x66e00000, 0x698c0000, 0x918c0000)
  object space 43776K, 12% used [0x66e00000,0x67355178,0x698c0000)
 Metaspace       used 10773K, capacity 10892K, committed 11032K, reserved 11568K
Event: 7.871 GC heap after
Heap after GC invocations=7 (full 0):
 PSYoungGen      total 38144K, used 4854K [0x918c0000, 0x96440000, 0xa6e00000)
  eden space 33280K, 0% used [0x918c0000,0x918c0000,0x93940000)
  from space 4864K, 99% used [0x93940000,0x93dfda38,0x93e00000)
  to   space 5376K, 0% used [0x95f00000,0x95f00000,0x96440000)
 ParOldGen       total 43776K, used 6233K [0x66e00000, 0x698c0000, 0x918c0000)
  object space 43776K, 14% used [0x66e00000,0x67416560,0x698c0000)
 Metaspace       used 10773K, capacity 10892K, committed 11032K, reserved 11568K
}
Event: 9.197 GC heap before
{Heap before GC invocations=8 (full 0):
 PSYoungGen      total 38144K, used 38134K [0x918c0000, 0x96440000, 0xa6e00000)
  eden space 33280K, 100% used [0x918c0000,0x93940000,0x93940000)
  from space 4864K, 99% used [0x93940000,0x93dfda38,0x93e00000)
  to   space 5376K, 0% used [0x95f00000,0x95f00000,0x96440000)
 ParOldGen       total 43776K, used 6233K [0x66e00000, 0x698c0000, 0x918c0000)
  object space 43776K, 14% used [0x66e00000,0x67416560,0x698c0000)
 Metaspace       used 10948K, capacity 11057K, committed 11160K, reserved 11568K
Event: 9.229 GC heap after
Heap after GC invocations=8 (full 0):
 PSYoungGen      total 71936K, used 4368K [0x918c0000, 0x96440000, 0xa6e00000)
  eden space 66560K, 0% used [0x918c0000,0x918c0000,0x959c0000)
  from space 5376K, 81% used [0x95f00000,0x96344000,0x96440000)
  to   space 5376K, 0% used [0x959c0000,0x959c0000,0x95f00000)
 ParOldGen       total 43776K, used 7433K [0x66e00000, 0x698c0000, 0x918c0000)
  object space 43776K, 16% used [0x66e00000,0x67542440,0x698c0000)
 Metaspace       used 10948K, capacity 11057K, committed 11160K, reserved 11568K
}
Event: 11.384 GC heap before
{Heap before GC invocations=9 (full 0):
 PSYoungGen      total 71936K, used 70928K [0x918c0000, 0x96440000, 0xa6e00000)
  eden space 66560K, 100% used [0x918c0000,0x959c0000,0x959c0000)
  from space 5376K, 81% used [0x95f00000,0x96344000,0x96440000)
  to   space 5376K, 0% used [0x959c0000,0x959c0000,0x95f00000)
 ParOldGen       total 43776K, used 7433K [0x66e00000, 0x698c0000, 0x918c0000)
  object space 43776K, 16% used [0x66e00000,0x67542440,0x698c0000)
 Metaspace       used 11127K, capacity 11234K, committed 11288K, reserved 11568K
Event: 11.415 GC heap after
Heap after GC invocations=9 (full 0):
 PSYoungGen      total 71936K, used 5376K [0x918c0000, 0x98dc0000, 0xa6e00000)
  eden space 66560K, 0% used [0x918c0000,0x918c0000,0x959c0000)
  from space 5376K, 100% used [0x959c0000,0x95f00000,0x95f00000)
  to   space 6656K, 0% used [0x98740000,0x98740000,0x98dc0000)
 ParOldGen       total 43776K, used 9836K [0x66e00000, 0x698c0000, 0x918c0000)
  object space 43776K, 22% used [0x66e00000,0x6779b218,0x698c0000)
 Metaspace       used 11127K, capacity 11234K, committed 11288K, reserved 11568K
}
Event: 13.011 GC heap before
{Heap before GC invocations=10 (full 0):
 PSYoungGen      total 71936K, used 71936K [0x918c0000, 0x98dc0000, 0xa6e00000)
  eden space 66560K, 100% used [0x918c0000,0x959c0000,0x959c0000)
  from space 5376K, 100% used [0x959c0000,0x95f00000,0x95f00000)
  to   space 6656K, 0% used [0x98740000,0x98740000,0x98dc0000)
 ParOldGen       total 43776K, used 9836K [0x66e00000, 0x698c0000, 0x918c0000)
  object space 43776K, 22% used [0x66e00000,0x6779b218,0x698c0000)
 Metaspace       used 12303K, capacity 12525K, committed 12568K, reserved 12592K
Event: 13.028 GC heap after
Heap after GC invocations=10 (full 0):
 PSYoungGen      total 111616K, used 6648K [0x918c0000, 0x990c0000, 0xa6e00000)
  eden space 104960K, 0% used [0x918c0000,0x918c0000,0x97f40000)
  from space 6656K, 99% used [0x98740000,0x98dbe130,0x98dc0000)
  to   space 8192K, 0% used [0x97f40000,0x97f40000,0x98740000)
 ParOldGen       total 43776K, used 12257K [0x66e00000, 0x698c0000, 0x918c0000)
  object space 43776K, 28% used [0x66e00000,0x679f8598,0x698c0000)
 Metaspace       used 12303K, capacity 12525K, committed 12568K, reserved 12592K
}

