# JRE version: OpenJDK Runtime Environment (8.0_151-b12) (build 1.8.0_151-8u151-b12-0ubuntu0.16.04.2-b12)
# Java VM: OpenJDK Server VM (25.151-b12 mixed mode linux-x86 )
Heap:
 PSYoungGen      total 88320K, used 4599K [0x918c0000, 0x97380000, 0xa6e00000)
  eden space 83712K, 0% used [0x918c0000,0x918c0000,0x96a80000)
  from space 4608K, 99% used [0x96a80000,0x96efdc38,0x96f00000)
  to   space 4608K, 0% used [0x96f00000,0x96f00000,0x97380000)
 ParOldGen       total 43776K, used 19983K [0x66e00000, 0x698c0000, 0x918c0000)
  object space 43776K, 45% used [0x66e00000,0x68183e18,0x698c0000)
 Metaspace       used 15423K, capacity 15679K, committed 15768K, reserved 16688K
GC Heap History (10 events):
Event: 17.017 GC heap after
Heap after GC invocations=8 (full 0):
 PSYoungGen      total 37120K, used 2832K [0x918c0000, 0x94240000, 0xa6e00000)
  eden space 32512K, 0% used [0x918c0000,0x918c0000,0x93880000)
  from space 4608K, 61% used [0x93d40000,0x94004000,0x941c0000)
  to   space 4864K, 0% used [0x93880000,0x93880000,0x93d40000)
 ParOldGen       total 43776K, used 7575K [0x66e00000, 0x698c0000, 0x918c0000)
  object space 43776K, 17% used [0x66e00000,0x67565e70,0x698c0000)
 Metaspace       used 10771K, capacity 10892K, committed 11032K, reserved 11568K
}
Event: 18.374 GC heap before
{Heap before GC invocations=9 (full 0):
 PSYoungGen      total 37120K, used 35344K [0x918c0000, 0x94240000, 0xa6e00000)
  eden space 32512K, 100% used [0x918c0000,0x93880000,0x93880000)
  from space 4608K, 61% used [0x93d40000,0x94004000,0x941c0000)
  to   space 4864K, 0% used [0x93880000,0x93880000,0x93d40000)
 ParOldGen       total 43776K, used 7575K [0x66e00000, 0x698c0000, 0x918c0000)
  object space 43776K, 17% used [0x66e00000,0x67565e70,0x698c0000)
 Metaspace       used 10968K, capacity 11057K, committed 11160K, reserved 11568K
Event: 18.398 GC heap after
Heap after GC invocations=9 (full 0):
 PSYoungGen      total 37376K, used 3288K [0x918c0000, 0x954c0000, 0xa6e00000)
  eden space 32512K, 0% used [0x918c0000,0x918c0000,0x93880000)
  from space 4864K, 67% used [0x93880000,0x93bb6030,0x93d40000)
  to   space 4608K, 0% used [0x95040000,0x95040000,0x954c0000)
 ParOldGen       total 43776K, used 8408K [0x66e00000, 0x698c0000, 0x918c0000)
  object space 43776K, 19% used [0x66e00000,0x67636208,0x698c0000)
 Metaspace       used 10968K, capacity 11057K, committed 11160K, reserved 11568K
}
Event: 19.019 GC heap before
{Heap before GC invocations=10 (full 0):
 PSYoungGen      total 37376K, used 35800K [0x918c0000, 0x954c0000, 0xa6e00000)
  eden space 32512K, 100% used [0x918c0000,0x93880000,0x93880000)
  from space 4864K, 67% used [0x93880000,0x93bb6030,0x93d40000)
  to   space 4608K, 0% used [0x95040000,0x95040000,0x954c0000)
 ParOldGen       total 43776K, used 8408K [0x66e00000, 0x698c0000, 0x918c0000)
  object space 43776K, 19% used [0x66e00000,0x67636208,0x698c0000)
 Metaspace       used 11077K, capacity 11197K, committed 11288K, reserved 11568K
Event: 19.034 GC heap after
Heap after GC invocations=10 (full 0):
 PSYoungGen      total 56832K, used 2912K [0x918c0000, 0x954c0000, 0xa6e00000)
  eden space 52224K, 0% used [0x918c0000,0x918c0000,0x94bc0000)
  from space 4608K, 63% used [0x95040000,0x95318020,0x954c0000)
  to   space 4608K, 0% used [0x94bc0000,0x94bc0000,0x95040000)
 ParOldGen       total 43776K, used 10352K [0x66e00000, 0x698c0000, 0x918c0000)
  object space 43776K, 23% used [0x66e00000,0x6781c358,0x698c0000)
 Metaspace       used 11077K, capacity 11197K, committed 11288K, reserved 11568K
}
Event: 19.906 GC heap before
{Heap before GC invocations=11 (full 0):
 PSYoungGen      total 56832K, used 55136K [0x918c0000, 0x954c0000, 0xa6e00000)
  eden space 52224K, 100% used [0x918c0000,0x94bc0000,0x94bc0000)
  from space 4608K, 63% used [0x95040000,0x95318020,0x954c0000)
  to   space 4608K, 0% used [0x94bc0000,0x94bc0000,0x95040000)
 ParOldGen       total 43776K, used 10352K [0x66e00000, 0x698c0000, 0x918c0000)
  object space 43776K, 23% used [0x66e00000,0x6781c358,0x698c0000)
 Metaspace       used 11267K, capacity 11362K, committed 11416K, reserved 11568K
Event: 19.925 GC heap after
Heap after GC invocations=11 (full 0):
 PSYoungGen      total 56832K, used 2852K [0x918c0000, 0x97380000, 0xa6e00000)
  eden space 52224K, 0% used [0x918c0000,0x918c0000,0x94bc0000)
  from space 4608K, 61% used [0x94bc0000,0x94e89038,0x95040000)
  to   space 4608K, 0% used [0x96f00000,0x96f00000,0x97380000)
 ParOldGen       total 43776K, used 13037K [0x66e00000, 0x698c0000, 0x918c0000)
  object space 43776K, 29% used [0x66e00000,0x67abb778,0x698c0000)
 Metaspace       used 11267K, capacity 11362K, committed 11416K, reserved 11568K
}
Event: 22.238 GC heap before
{Heap before GC invocations=12 (full 0):
 PSYoungGen      total 56832K, used 55076K [0x918c0000, 0x97380000, 0xa6e00000)
  eden space 52224K, 100% used [0x918c0000,0x94bc0000,0x94bc0000)
  from space 4608K, 61% used [0x94bc0000,0x94e89038,0x95040000)
  to   space 4608K, 0% used [0x96f00000,0x96f00000,0x97380000)
 ParOldGen       total 43776K, used 13037K [0x66e00000, 0x698c0000, 0x918c0000)
  object space 43776K, 29% used [0x66e00000,0x67abb778,0x698c0000)
 Metaspace       used 12309K, capacity 12461K, committed 12568K, reserved 12592K
Event: 22.272 GC heap after
Heap after GC invocations=12 (full 0):
 PSYoungGen      total 88320K, used 3394K [0x918c0000, 0x97380000, 0xa6e00000)
  eden space 83712K, 0% used [0x918c0000,0x918c0000,0x96a80000)
  from space 4608K, 73% used [0x96f00000,0x97250950,0x97380000)
  to   space 4608K, 0% used [0x96a80000,0x96a80000,0x96f00000)
 ParOldGen       total 43776K, used 15651K [0x66e00000, 0x698c0000, 0x918c0000)
  object space 43776K, 35% used [0x66e00000,0x67d48f88,0x698c0000)
 Metaspace       used 12309K, capacity 12461K, committed 12568K, reserved 12592K
}
Event: 25.640 GC heap before
{Heap before GC invocations=13 (full 0):
 PSYoungGen      total 88320K, used 87106K [0x918c0000, 0x97380000, 0xa6e00000)
  eden space 83712K, 100% used [0x918c0000,0x96a80000,0x96a80000)
  from space 4608K, 73% used [0x96f00000,0x97250950,0x97380000)
  to   space 4608K, 0% used [0x96a80000,0x96a80000,0x96f00000)
 ParOldGen       total 43776K, used 15651K [0x66e00000, 0x698c0000, 0x918c0000)
  object space 43776K, 35% used [0x66e00000,0x67d48f88,0x698c0000)
 Metaspace       used 15423K, capacity 15679K, committed 15768K, reserved 16688K

