# JRE version: OpenJDK Runtime Environment (8.0_151-b12) (build 1.8.0_151-8u151-b12-0ubuntu0.16.04.2-b12)
# Java VM: OpenJDK Server VM (25.151-b12 mixed mode linux-x86 )
Heap:
 PSYoungGen      total 67584K, used 6074K [0x918c0000, 0x96140000, 0xa6e00000)
  eden space 61440K, 0% used [0x918c0000,0x918c0000,0x954c0000)
  from space 6144K, 98% used [0x954c0000,0x95aae830,0x95ac0000)
  to   space 5632K, 0% used [0x95ac0000,0x95ac0000,0x96040000)
 ParOldGen       total 43776K, used 7138K [0x66e00000, 0x698c0000, 0x918c0000)
  object space 43776K, 16% used [0x66e00000,0x674f8930,0x698c0000)
 Metaspace       used 11032K, capacity 11133K, committed 11288K, reserved 11568K
GC Heap History (10 events):
Event: 3.221 GC heap after
Heap after GC invocations=2 (full 0):
 PSYoungGen      total 19200K, used 2559K [0x918c0000, 0x93e40000, 0xa6e00000)
  eden space 16640K, 0% used [0x918c0000,0x918c0000,0x92900000)
  from space 2560K, 99% used [0x93bc0000,0x93e3ffd8,0x93e40000)
  to   space 2560K, 0% used [0x92900000,0x92900000,0x92b80000)
 ParOldGen       total 43776K, used 877K [0x66e00000, 0x698c0000, 0x918c0000)
  object space 43776K, 2% used [0x66e00000,0x66edb420,0x698c0000)
 Metaspace       used 5296K, capacity 5322K, committed 5400K, reserved 5424K
}
Event: 3.651 GC heap before
{Heap before GC invocations=3 (full 0):
 PSYoungGen      total 19200K, used 19199K [0x918c0000, 0x93e40000, 0xa6e00000)
  eden space 16640K, 100% used [0x918c0000,0x92900000,0x92900000)
  from space 2560K, 99% used [0x93bc0000,0x93e3ffd8,0x93e40000)
  to   space 2560K, 0% used [0x92900000,0x92900000,0x92b80000)
 ParOldGen       total 43776K, used 877K [0x66e00000, 0x698c0000, 0x918c0000)
  object space 43776K, 2% used [0x66e00000,0x66edb420,0x698c0000)
 Metaspace       used 6654K, capacity 6711K, committed 6808K, reserved 7472K
Event: 3.657 GC heap after
Heap after GC invocations=3 (full 0):
 PSYoungGen      total 19200K, used 2548K [0x918c0000, 0x93c00000, 0xa6e00000)
  eden space 16640K, 0% used [0x918c0000,0x918c0000,0x92900000)
  from space 2560K, 99% used [0x92900000,0x92b7d0a8,0x92b80000)
  to   space 2560K, 0% used [0x93980000,0x93980000,0x93c00000)
 ParOldGen       total 43776K, used 2295K [0x66e00000, 0x698c0000, 0x918c0000)
  object space 43776K, 5% used [0x66e00000,0x6703dd00,0x698c0000)
 Metaspace       used 6654K, capacity 6711K, committed 6808K, reserved 7472K
}
Event: 4.237 GC heap before
{Heap before GC invocations=4 (full 0):
 PSYoungGen      total 19200K, used 19188K [0x918c0000, 0x93c00000, 0xa6e00000)
  eden space 16640K, 100% used [0x918c0000,0x92900000,0x92900000)
  from space 2560K, 99% used [0x92900000,0x92b7d0a8,0x92b80000)
  to   space 2560K, 0% used [0x93980000,0x93980000,0x93c00000)
 ParOldGen       total 43776K, used 2295K [0x66e00000, 0x698c0000, 0x918c0000)
  object space 43776K, 5% used [0x66e00000,0x6703dd00,0x698c0000)
 Metaspace       used 8085K, capacity 8158K, committed 8216K, reserved 8496K
Event: 4.256 GC heap after
Heap after GC invocations=4 (full 0):
 PSYoungGen      total 33536K, used 2554K [0x918c0000, 0x93e40000, 0xa6e00000)
  eden space 30976K, 0% used [0x918c0000,0x918c0000,0x93700000)
  from space 2560K, 99% used [0x93980000,0x93bfe880,0x93c00000)
  to   space 2560K, 0% used [0x93700000,0x93700000,0x93980000)
 ParOldGen       total 43776K, used 4362K [0x66e00000, 0x698c0000, 0x918c0000)
  object space 43776K, 9% used [0x66e00000,0x672429e0,0x698c0000)
 Metaspace       used 8085K, capacity 8158K, committed 8216K, reserved 8496K
}
Event: 5.841 GC heap before
{Heap before GC invocations=5 (full 0):
 PSYoungGen      total 33536K, used 33530K [0x918c0000, 0x93e40000, 0xa6e00000)
  eden space 30976K, 100% used [0x918c0000,0x93700000,0x93700000)
  from space 2560K, 99% used [0x93980000,0x93bfe880,0x93c00000)
  to   space 2560K, 0% used [0x93700000,0x93700000,0x93980000)
 ParOldGen       total 43776K, used 4362K [0x66e00000, 0x698c0000, 0x918c0000)
  object space 43776K, 9% used [0x66e00000,0x672429e0,0x698c0000)
 Metaspace       used 9751K, capacity 9819K, committed 9880K, reserved 10544K
Event: 5.860 GC heap after
Heap after GC invocations=5 (full 0):
 PSYoungGen      total 33536K, used 2545K [0x918c0000, 0x96040000, 0xa6e00000)
  eden space 30976K, 0% used [0x918c0000,0x918c0000,0x93700000)
  from space 2560K, 99% used [0x93700000,0x9397c490,0x93980000)
  to   space 5632K, 0% used [0x95ac0000,0x95ac0000,0x96040000)
 ParOldGen       total 43776K, used 6249K [0x66e00000, 0x698c0000, 0x918c0000)
  object space 43776K, 14% used [0x66e00000,0x6741a6a0,0x698c0000)
 Metaspace       used 9751K, capacity 9819K, committed 9880K, reserved 10544K
}
Event: 7.512 GC heap before
{Heap before GC invocations=6 (full 0):
 PSYoungGen      total 33536K, used 33521K [0x918c0000, 0x96040000, 0xa6e00000)
  eden space 30976K, 100% used [0x918c0000,0x93700000,0x93700000)
  from space 2560K, 99% used [0x93700000,0x9397c490,0x93980000)
  to   space 5632K, 0% used [0x95ac0000,0x95ac0000,0x96040000)
 ParOldGen       total 43776K, used 6249K [0x66e00000, 0x698c0000, 0x918c0000)
  object space 43776K, 14% used [0x66e00000,0x6741a6a0,0x698c0000)
 Metaspace       used 10737K, capacity 10828K, committed 10904K, reserved 11568K
Event: 7.582 GC heap after
Heap after GC invocations=6 (full 0):
 PSYoungGen      total 67072K, used 5382K [0x918c0000, 0x96140000, 0xa6e00000)
  eden space 61440K, 0% used [0x918c0000,0x918c0000,0x954c0000)
  from space 5632K, 95% used [0x95ac0000,0x96001908,0x96040000)
  to   space 6144K, 0% used [0x954c0000,0x954c0000,0x95ac0000)
 ParOldGen       total 43776K, used 6249K [0x66e00000, 0x698c0000, 0x918c0000)
  object space 43776K, 14% used [0x66e00000,0x6741a6a0,0x698c0000)
 Metaspace       used 10737K, capacity 10828K, committed 10904K, reserved 11568K
}
Event: 10.928 GC heap before
{Heap before GC invocations=7 (full 0):
 PSYoungGen      total 67072K, used 66822K [0x918c0000, 0x96140000, 0xa6e00000)
  eden space 61440K, 100% used [0x918c0000,0x954c0000,0x954c0000)
  from space 5632K, 95% used [0x95ac0000,0x96001908,0x96040000)
  to   space 6144K, 0% used [0x954c0000,0x954c0000,0x95ac0000)
 ParOldGen       total 43776K, used 6249K [0x66e00000, 0x698c0000, 0x918c0000)
  object space 43776K, 14% used [0x66e00000,0x6741a6a0,0x698c0000)
 Metaspace       used 11032K, capacity 11133K, committed 11288K, reserved 11568K

