# JRE version: OpenJDK Runtime Environment (8.0_162-b12) (build 1.8.0_162-8u162-b12-0ubuntu0.16.04.2-b12)
# Java VM: OpenJDK Server VM (25.162-b12 mixed mode linux-x86 )
Heap:
 PSYoungGen      total 71680K, used 69755K [0x916c0000, 0x963c0000, 0xa6c00000)
  eden space 66048K, 97% used [0x916c0000,0x955e9aa8,0x95740000)
  from space 5632K, 90% used [0x95d40000,0x962354c0,0x962c0000)
  to   space 6144K, 0% used [0x95740000,0x95740000,0x95d40000)
 ParOldGen       total 43776K, used 6636K [0x66c00000, 0x696c0000, 0x916c0000)
  object space 43776K, 15% used [0x66c00000,0x6727b1e8,0x696c0000)
 Metaspace       used 11134K, capacity 11229K, committed 11288K, reserved 11568K
GC Heap History (10 events):
Event: 3.245 GC heap before
{Heap before GC invocations=2 (full 0):
 PSYoungGen      total 19200K, used 19187K [0x916c0000, 0x93c40000, 0xa6c00000)
  eden space 16640K, 100% used [0x916c0000,0x92700000,0x92700000)
  from space 2560K, 99% used [0x92700000,0x9297ccb0,0x92980000)
  to   space 2560K, 0% used [0x939c0000,0x939c0000,0x93c40000)
 ParOldGen       total 43776K, used 815K [0x66c00000, 0x696c0000, 0x916c0000)
  object space 43776K, 1% used [0x66c00000,0x66ccbd80,0x696c0000)
 Metaspace       used 5382K, capacity 5452K, committed 5528K, reserved 6448K
Event: 3.250 GC heap after
Heap after GC invocations=2 (full 0):
 PSYoungGen      total 19200K, used 2556K [0x916c0000, 0x93c40000, 0xa6c00000)
  eden space 16640K, 0% used [0x916c0000,0x916c0000,0x92700000)
  from space 2560K, 99% used [0x939c0000,0x93c3f020,0x93c40000)
  to   space 2560K, 0% used [0x92700000,0x92700000,0x92980000)
 ParOldGen       total 43776K, used 978K [0x66c00000, 0x696c0000, 0x916c0000)
  object space 43776K, 2% used [0x66c00000,0x66cf4908,0x696c0000)
 Metaspace       used 5382K, capacity 5452K, committed 5528K, reserved 6448K
}
Event: 3.659 GC heap before
{Heap before GC invocations=3 (full 0):
 PSYoungGen      total 19200K, used 19196K [0x916c0000, 0x93c40000, 0xa6c00000)
  eden space 16640K, 100% used [0x916c0000,0x92700000,0x92700000)
  from space 2560K, 99% used [0x939c0000,0x93c3f020,0x93c40000)
  to   space 2560K, 0% used [0x92700000,0x92700000,0x92980000)
 ParOldGen       total 43776K, used 978K [0x66c00000, 0x696c0000, 0x916c0000)
  object space 43776K, 2% used [0x66c00000,0x66cf4908,0x696c0000)
 Metaspace       used 6690K, capacity 6743K, committed 6808K, reserved 7472K
Event: 3.668 GC heap after
Heap after GC invocations=3 (full 0):
 PSYoungGen      total 19200K, used 2555K [0x916c0000, 0x93c40000, 0xa6c00000)
  eden space 16640K, 0% used [0x916c0000,0x916c0000,0x92700000)
  from space 2560K, 99% used [0x92700000,0x9297efe8,0x92980000)
  to   space 2560K, 0% used [0x939c0000,0x939c0000,0x93c40000)
 ParOldGen       total 43776K, used 2359K [0x66c00000, 0x696c0000, 0x916c0000)
  object space 43776K, 5% used [0x66c00000,0x66e4dca8,0x696c0000)
 Metaspace       used 6690K, capacity 6743K, committed 6808K, reserved 7472K
}
Event: 4.296 GC heap before
{Heap before GC invocations=4 (full 0):
 PSYoungGen      total 19200K, used 19195K [0x916c0000, 0x93c40000, 0xa6c00000)
  eden space 16640K, 100% used [0x916c0000,0x92700000,0x92700000)
  from space 2560K, 99% used [0x92700000,0x9297efe8,0x92980000)
  to   space 2560K, 0% used [0x939c0000,0x939c0000,0x93c40000)
 ParOldGen       total 43776K, used 2359K [0x66c00000, 0x696c0000, 0x916c0000)
  object space 43776K, 5% used [0x66c00000,0x66e4dca8,0x696c0000)
 Metaspace       used 8133K, capacity 8222K, committed 8344K, reserved 8496K
Event: 4.320 GC heap after
Heap after GC invocations=4 (full 0):
 PSYoungGen      total 35840K, used 2546K [0x916c0000, 0x93c40000, 0xa6c00000)
  eden space 33280K, 0% used [0x916c0000,0x916c0000,0x93740000)
  from space 2560K, 99% used [0x939c0000,0x93c3c890,0x93c40000)
  to   space 2560K, 0% used [0x93740000,0x93740000,0x939c0000)
 ParOldGen       total 43776K, used 4537K [0x66c00000, 0x696c0000, 0x916c0000)
  object space 43776K, 10% used [0x66c00000,0x6706e4a8,0x696c0000)
 Metaspace       used 8133K, capacity 8222K, committed 8344K, reserved 8496K
}
Event: 5.985 GC heap before
{Heap before GC invocations=5 (full 0):
 PSYoungGen      total 35840K, used 35826K [0x916c0000, 0x93c40000, 0xa6c00000)
  eden space 33280K, 100% used [0x916c0000,0x93740000,0x93740000)
  from space 2560K, 99% used [0x939c0000,0x93c3c890,0x93c40000)
  to   space 2560K, 0% used [0x93740000,0x93740000,0x939c0000)
 ParOldGen       total 43776K, used 4537K [0x66c00000, 0x696c0000, 0x916c0000)
  object space 43776K, 10% used [0x66c00000,0x6706e4a8,0x696c0000)
 Metaspace       used 10048K, capacity 10107K, committed 10264K, reserved 10544K
Event: 6.000 GC heap after
Heap after GC invocations=5 (full 0):
 PSYoungGen      total 35840K, used 2546K [0x916c0000, 0x962c0000, 0xa6c00000)
  eden space 33280K, 0% used [0x916c0000,0x916c0000,0x93740000)
  from space 2560K, 99% used [0x93740000,0x939bc880,0x939c0000)
  to   space 5632K, 0% used [0x95d40000,0x95d40000,0x962c0000)
 ParOldGen       total 43776K, used 6636K [0x66c00000, 0x696c0000, 0x916c0000)
  object space 43776K, 15% used [0x66c00000,0x6727b1e8,0x696c0000)
 Metaspace       used 10048K, capacity 10107K, committed 10264K, reserved 10544K
}
Event: 8.379 GC heap before
{Heap before GC invocations=6 (full 0):
 PSYoungGen      total 35840K, used 35826K [0x916c0000, 0x962c0000, 0xa6c00000)
  eden space 33280K, 100% used [0x916c0000,0x93740000,0x93740000)
  from space 2560K, 99% used [0x93740000,0x939bc880,0x939c0000)
  to   space 5632K, 0% used [0x95d40000,0x95d40000,0x962c0000)
 ParOldGen       total 43776K, used 6636K [0x66c00000, 0x696c0000, 0x916c0000)
  object space 43776K, 15% used [0x66c00000,0x6727b1e8,0x696c0000)
 Metaspace       used 10836K, capacity 10924K, committed 11032K, reserved 11568K
Event: 8.447 GC heap after
Heap after GC invocations=6 (full 0):
 PSYoungGen      total 71680K, used 5077K [0x916c0000, 0x963c0000, 0xa6c00000)
  eden space 66048K, 0% used [0x916c0000,0x916c0000,0x95740000)
  from space 5632K, 90% used [0x95d40000,0x962354c0,0x962c0000)
  to   space 6144K, 0% used [0x95740000,0x95740000,0x95d40000)
 ParOldGen       total 43776K, used 6636K [0x66c00000, 0x696c0000, 0x916c0000)
  object space 43776K, 15% used [0x66c00000,0x6727b1e8,0x696c0000)
 Metaspace       used 10836K, capacity 10924K, committed 11032K, reserved 11568K
}

