# JRE version: OpenJDK Runtime Environment (8.0_162-b12) (build 1.8.0_162-8u162-b12-0ubuntu0.16.04.2-b12)
# Java VM: OpenJDK Server VM (25.162-b12 mixed mode linux-x86 )
Heap:
 PSYoungGen      total 111360K, used 73735K [0x918c0000, 0x99140000, 0xa6e00000)
  eden space 104704K, 64% used [0x918c0000,0x95a43858,0x97f00000)
  from space 6656K, 99% used [0x98740000,0x98dbe718,0x98dc0000)
  to   space 8448K, 0% used [0x97f00000,0x97f00000,0x98740000)
 ParOldGen       total 43776K, used 12354K [0x66e00000, 0x698c0000, 0x918c0000)
  object space 43776K, 28% used [0x66e00000,0x67a10ad0,0x698c0000)
 Metaspace       used 14972K, capacity 15380K, committed 15384K, reserved 15664K
GC Heap History (10 events):
Event: 4.553 GC heap before
{Heap before GC invocations=6 (full 0):
 PSYoungGen      total 19200K, used 19192K [0x918c0000, 0x94340000, 0xa6e00000)
  eden space 16640K, 100% used [0x918c0000,0x92900000,0x92900000)
  from space 2560K, 99% used [0x92900000,0x92b7e050,0x92b80000)
  to   space 5120K, 0% used [0x93e40000,0x93e40000,0x94340000)
 ParOldGen       total 43776K, used 5251K [0x66e00000, 0x698c0000, 0x918c0000)
  object space 43776K, 11% used [0x66e00000,0x67320c98,0x698c0000)
 Metaspace       used 10045K, capacity 10107K, committed 10264K, reserved 10544K
Event: 4.563 GC heap after
Heap after GC invocations=6 (full 0):
 PSYoungGen      total 38400K, used 3920K [0x918c0000, 0x94340000, 0xa6e00000)
  eden space 33280K, 0% used [0x918c0000,0x918c0000,0x93940000)
  from space 5120K, 76% used [0x93e40000,0x942142e0,0x94340000)
  to   space 5120K, 0% used [0x93940000,0x93940000,0x93e40000)
 ParOldGen       total 43776K, used 5255K [0x66e00000, 0x698c0000, 0x918c0000)
  object space 43776K, 12% used [0x66e00000,0x67321c98,0x698c0000)
 Metaspace       used 10045K, capacity 10107K, committed 10264K, reserved 10544K
}
Event: 6.025 GC heap before
{Heap before GC invocations=7 (full 0):
 PSYoungGen      total 38400K, used 37200K [0x918c0000, 0x94340000, 0xa6e00000)
  eden space 33280K, 100% used [0x918c0000,0x93940000,0x93940000)
  from space 5120K, 76% used [0x93e40000,0x942142e0,0x94340000)
  to   space 5120K, 0% used [0x93940000,0x93940000,0x93e40000)
 ParOldGen       total 43776K, used 5255K [0x66e00000, 0x698c0000, 0x918c0000)
  object space 43776K, 12% used [0x66e00000,0x67321c98,0x698c0000)
 Metaspace       used 10822K, capacity 10924K, committed 11032K, reserved 11568K
Event: 6.039 GC heap after
Heap after GC invocations=7 (full 0):
 PSYoungGen      total 38400K, used 4627K [0x918c0000, 0x96440000, 0xa6e00000)
  eden space 33280K, 0% used [0x918c0000,0x918c0000,0x93940000)
  from space 5120K, 90% used [0x93940000,0x93dc4e38,0x93e40000)
  to   space 5376K, 0% used [0x95f00000,0x95f00000,0x96440000)
 ParOldGen       total 43776K, used 6326K [0x66e00000, 0x698c0000, 0x918c0000)
  object space 43776K, 14% used [0x66e00000,0x6742d8f0,0x698c0000)
 Metaspace       used 10822K, capacity 10924K, committed 11032K, reserved 11568K
}
Event: 6.863 GC heap before
{Heap before GC invocations=8 (full 0):
 PSYoungGen      total 38400K, used 37907K [0x918c0000, 0x96440000, 0xa6e00000)
  eden space 33280K, 100% used [0x918c0000,0x93940000,0x93940000)
  from space 5120K, 90% used [0x93940000,0x93dc4e38,0x93e40000)
  to   space 5376K, 0% used [0x95f00000,0x95f00000,0x96440000)
 ParOldGen       total 43776K, used 6326K [0x66e00000, 0x698c0000, 0x918c0000)
  object space 43776K, 14% used [0x66e00000,0x6742d8f0,0x698c0000)
 Metaspace       used 10993K, capacity 11089K, committed 11160K, reserved 11568K
Event: 6.890 GC heap after
Heap after GC invocations=8 (full 0):
 PSYoungGen      total 71936K, used 4176K [0x918c0000, 0x96440000, 0xa6e00000)
  eden space 66560K, 0% used [0x918c0000,0x918c0000,0x959c0000)
  from space 5376K, 77% used [0x95f00000,0x96314000,0x96440000)
  to   space 5376K, 0% used [0x959c0000,0x959c0000,0x95f00000)
 ParOldGen       total 43776K, used 7503K [0x66e00000, 0x698c0000, 0x918c0000)
  object space 43776K, 17% used [0x66e00000,0x67553ff0,0x698c0000)
 Metaspace       used 10993K, capacity 11089K, committed 11160K, reserved 11568K
}
Event: 8.902 GC heap before
{Heap before GC invocations=9 (full 0):
 PSYoungGen      total 71936K, used 70736K [0x918c0000, 0x96440000, 0xa6e00000)
  eden space 66560K, 100% used [0x918c0000,0x959c0000,0x959c0000)
  from space 5376K, 77% used [0x95f00000,0x96314000,0x96440000)
  to   space 5376K, 0% used [0x959c0000,0x959c0000,0x95f00000)
 ParOldGen       total 43776K, used 7503K [0x66e00000, 0x698c0000, 0x918c0000)
  object space 43776K, 17% used [0x66e00000,0x67553ff0,0x698c0000)
 Metaspace       used 11182K, capacity 11266K, committed 11416K, reserved 11568K
Event: 8.994 GC heap after
Heap after GC invocations=9 (full 0):
 PSYoungGen      total 71936K, used 5376K [0x918c0000, 0x98dc0000, 0xa6e00000)
  eden space 66560K, 0% used [0x918c0000,0x918c0000,0x959c0000)
  from space 5376K, 100% used [0x959c0000,0x95f00000,0x95f00000)
  to   space 6656K, 0% used [0x98740000,0x98740000,0x98dc0000)
 ParOldGen       total 43776K, used 9794K [0x66e00000, 0x698c0000, 0x918c0000)
  object space 43776K, 22% used [0x66e00000,0x67790a40,0x698c0000)
 Metaspace       used 11182K, capacity 11266K, committed 11416K, reserved 11568K
}
Event: 13.488 GC heap before
{Heap before GC invocations=10 (full 0):
 PSYoungGen      total 71936K, used 71936K [0x918c0000, 0x98dc0000, 0xa6e00000)
  eden space 66560K, 100% used [0x918c0000,0x959c0000,0x959c0000)
  from space 5376K, 100% used [0x959c0000,0x95f00000,0x95f00000)
  to   space 6656K, 0% used [0x98740000,0x98740000,0x98dc0000)
 ParOldGen       total 43776K, used 9794K [0x66e00000, 0x698c0000, 0x918c0000)
  object space 43776K, 22% used [0x66e00000,0x67790a40,0x698c0000)
 Metaspace       used 12415K, capacity 12621K, committed 12696K, reserved 13616K
Event: 13.643 GC heap after
Heap after GC invocations=10 (full 0):
 PSYoungGen      total 111360K, used 6649K [0x918c0000, 0x99140000, 0xa6e00000)
  eden space 104704K, 0% used [0x918c0000,0x918c0000,0x97f00000)
  from space 6656K, 99% used [0x98740000,0x98dbe718,0x98dc0000)
  to   space 8448K, 0% used [0x97f00000,0x97f00000,0x98740000)
 ParOldGen       total 43776K, used 12354K [0x66e00000, 0x698c0000, 0x918c0000)
  object space 43776K, 28% used [0x66e00000,0x67a10ad0,0x698c0000)
 Metaspace       used 12415K, capacity 12621K, committed 12696K, reserved 13616K
}

