# JRE version: OpenJDK Runtime Environment (8.0_151-b12) (build 1.8.0_151-8u151-b12-0ubuntu0.16.04.2-b12)
# Java VM: OpenJDK Server VM (25.151-b12 mixed mode linux-x86 )
Heap:
 PSYoungGen      total 139520K, used 9203K [0x918c0000, 0x9abc0000, 0xa6e00000)
  eden space 130304K, 0% used [0x918c0000,0x918c0000,0x99800000)
  from space 9216K, 99% used [0x99800000,0x9a0fcf98,0x9a100000)
  to   space 7424K, 0% used [0x9a100000,0x9a100000,0x9a840000)
 ParOldGen       total 43776K, used 16786K [0x66e00000, 0x698c0000, 0x918c0000)
  object space 43776K, 38% used [0x66e00000,0x67e64be0,0x698c0000)
 Metaspace       used 15765K, capacity 16214K, committed 16280K, reserved 16688K
GC Heap History (10 events):
Event: 2.939 GC heap after
Heap after GC invocations=4 (full 0):
 PSYoungGen      total 35840K, used 2546K [0x918c0000, 0x93e40000, 0xa6e00000)
  eden space 33280K, 0% used [0x918c0000,0x918c0000,0x93940000)
  from space 2560K, 99% used [0x93bc0000,0x93e3c870,0x93e40000)
  to   space 2560K, 0% used [0x93940000,0x93940000,0x93bc0000)
 ParOldGen       total 43776K, used 4387K [0x66e00000, 0x698c0000, 0x918c0000)
  object space 43776K, 10% used [0x66e00000,0x67248d68,0x698c0000)
 Metaspace       used 8080K, capacity 8158K, committed 8216K, reserved 8496K
}
Event: 5.010 GC heap before
{Heap before GC invocations=5 (full 0):
 PSYoungGen      total 35840K, used 35826K [0x918c0000, 0x93e40000, 0xa6e00000)
  eden space 33280K, 100% used [0x918c0000,0x93940000,0x93940000)
  from space 2560K, 99% used [0x93bc0000,0x93e3c870,0x93e40000)
  to   space 2560K, 0% used [0x93940000,0x93940000,0x93bc0000)
 ParOldGen       total 43776K, used 4387K [0x66e00000, 0x698c0000, 0x918c0000)
  object space 43776K, 10% used [0x66e00000,0x67248d68,0x698c0000)
 Metaspace       used 9988K, capacity 10075K, committed 10136K, reserved 10544K
Event: 5.061 GC heap after
Heap after GC invocations=5 (full 0):
 PSYoungGen      total 35840K, used 2546K [0x918c0000, 0x964c0000, 0xa6e00000)
  eden space 33280K, 0% used [0x918c0000,0x918c0000,0x93940000)
  from space 2560K, 99% used [0x93940000,0x93bbc890,0x93bc0000)
  to   space 5632K, 0% used [0x95f40000,0x95f40000,0x964c0000)
 ParOldGen       total 43776K, used 6535K [0x66e00000, 0x698c0000, 0x918c0000)
  object space 43776K, 14% used [0x66e00000,0x67461c10,0x698c0000)
 Metaspace       used 9988K, capacity 10075K, committed 10136K, reserved 10544K
}
Event: 8.155 GC heap before
{Heap before GC invocations=6 (full 0):
 PSYoungGen      total 35840K, used 35826K [0x918c0000, 0x964c0000, 0xa6e00000)
  eden space 33280K, 100% used [0x918c0000,0x93940000,0x93940000)
  from space 2560K, 99% used [0x93940000,0x93bbc890,0x93bc0000)
  to   space 5632K, 0% used [0x95f40000,0x95f40000,0x964c0000)
 ParOldGen       total 43776K, used 6535K [0x66e00000, 0x698c0000, 0x918c0000)
  object space 43776K, 14% used [0x66e00000,0x67461c10,0x698c0000)
 Metaspace       used 10775K, capacity 10892K, committed 11032K, reserved 11568K
Event: 8.227 GC heap after
Heap after GC invocations=6 (full 0):
 PSYoungGen      total 71680K, used 5159K [0x918c0000, 0x965c0000, 0xa6e00000)
  eden space 66048K, 0% used [0x918c0000,0x918c0000,0x95940000)
  from space 5632K, 91% used [0x95f40000,0x96449cf0,0x964c0000)
  to   space 6144K, 0% used [0x95940000,0x95940000,0x95f40000)
 ParOldGen       total 43776K, used 6539K [0x66e00000, 0x698c0000, 0x918c0000)
  object space 43776K, 14% used [0x66e00000,0x67462c10,0x698c0000)
 Metaspace       used 10775K, capacity 10892K, committed 11032K, reserved 11568K
}
Event: 9.907 GC heap before
{Heap before GC invocations=7 (full 0):
 PSYoungGen      total 71680K, used 71207K [0x918c0000, 0x965c0000, 0xa6e00000)
  eden space 66048K, 100% used [0x918c0000,0x95940000,0x95940000)
  from space 5632K, 91% used [0x95f40000,0x96449cf0,0x964c0000)
  to   space 6144K, 0% used [0x95940000,0x95940000,0x95f40000)
 ParOldGen       total 43776K, used 6539K [0x66e00000, 0x698c0000, 0x918c0000)
  object space 43776K, 14% used [0x66e00000,0x67462c10,0x698c0000)
 Metaspace       used 11084K, capacity 11197K, committed 11288K, reserved 11568K
Event: 9.923 GC heap after
Heap after GC invocations=7 (full 0):
 PSYoungGen      total 72192K, used 6136K [0x918c0000, 0x9a840000, 0xa6e00000)
  eden space 66048K, 0% used [0x918c0000,0x918c0000,0x95940000)
  from space 6144K, 99% used [0x95940000,0x95f3e060,0x95f40000)
  to   space 7424K, 0% used [0x9a100000,0x9a100000,0x9a840000)
 ParOldGen       total 43776K, used 7820K [0x66e00000, 0x698c0000, 0x918c0000)
  object space 43776K, 17% used [0x66e00000,0x675a31b8,0x698c0000)
 Metaspace       used 11084K, capacity 11197K, committed 11288K, reserved 11568K
}
Event: 11.115 GC heap before
{Heap before GC invocations=8 (full 0):
 PSYoungGen      total 72192K, used 72184K [0x918c0000, 0x9a840000, 0xa6e00000)
  eden space 66048K, 100% used [0x918c0000,0x95940000,0x95940000)
  from space 6144K, 99% used [0x95940000,0x95f3e060,0x95f40000)
  to   space 7424K, 0% used [0x9a100000,0x9a100000,0x9a840000)
 ParOldGen       total 43776K, used 7820K [0x66e00000, 0x698c0000, 0x918c0000)
  object space 43776K, 17% used [0x66e00000,0x675a31b8,0x698c0000)
 Metaspace       used 11383K, capacity 11498K, committed 11544K, reserved 11568K
Event: 11.141 GC heap after
Heap after GC invocations=8 (full 0):
 PSYoungGen      total 137728K, used 7408K [0x918c0000, 0x9abc0000, 0xa6e00000)
  eden space 130304K, 0% used [0x918c0000,0x918c0000,0x99800000)
  from space 7424K, 99% used [0x9a100000,0x9a83c040,0x9a840000)
  to   space 9216K, 0% used [0x99800000,0x99800000,0x9a100000)
 ParOldGen       total 43776K, used 9779K [0x66e00000, 0x698c0000, 0x918c0000)
  object space 43776K, 22% used [0x66e00000,0x6778ced8,0x698c0000)
 Metaspace       used 11383K, capacity 11498K, committed 11544K, reserved 11568K
}
Event: 15.585 GC heap before
{Heap before GC invocations=9 (full 0):
 PSYoungGen      total 137728K, used 137712K [0x918c0000, 0x9abc0000, 0xa6e00000)
  eden space 130304K, 100% used [0x918c0000,0x99800000,0x99800000)
  from space 7424K, 99% used [0x9a100000,0x9a83c040,0x9a840000)
  to   space 9216K, 0% used [0x99800000,0x99800000,0x9a100000)
 ParOldGen       total 43776K, used 9779K [0x66e00000, 0x698c0000, 0x918c0000)
  object space 43776K, 22% used [0x66e00000,0x6778ced8,0x698c0000)
 Metaspace       used 15765K, capacity 16214K, committed 16280K, reserved 16688K

