# JRE version: OpenJDK Runtime Environment (8.0_151-b12) (build 1.8.0_151-8u151-b12-0ubuntu0.16.04.2-b12)
# Java VM: OpenJDK Server VM (25.151-b12 mixed mode linux-x86 )
Heap:
 PSYoungGen      total 140288K, used 128518K [0x918c0000, 0x9aac0000, 0xa6e00000)
  eden space 132608K, 92% used [0x918c0000,0x9902b150,0x99a40000)
  from space 7680K, 81% used [0x9a240000,0x9a856890,0x9a9c0000)
  to   space 8192K, 0% used [0x99a40000,0x99a40000,0x9a240000)
 ParOldGen       total 43776K, used 11039K [0x66e00000, 0x698c0000, 0x918c0000)
  object space 43776K, 25% used [0x66e00000,0x678c7f68,0x698c0000)
 Metaspace       used 14147K, capacity 14577K, committed 14616K, reserved 14640K
GC Heap History (10 events):
Event: 1.743 GC heap before
{Heap before GC invocations=2 (full 0):
 PSYoungGen      total 19200K, used 19195K [0x918c0000, 0x93e40000, 0xa6e00000)
  eden space 16640K, 100% used [0x918c0000,0x92900000,0x92900000)
  from space 2560K, 99% used [0x92900000,0x92b7ecd8,0x92b80000)
  to   space 2560K, 0% used [0x93bc0000,0x93bc0000,0x93e40000)
 ParOldGen       total 43776K, used 812K [0x66e00000, 0x698c0000, 0x918c0000)
  object space 43776K, 1% used [0x66e00000,0x66ecb0c0,0x698c0000)
 Metaspace       used 5393K, capacity 5452K, committed 5528K, reserved 6448K
Event: 1.751 GC heap after
Heap after GC invocations=2 (full 0):
 PSYoungGen      total 35840K, used 2552K [0x918c0000, 0x93e40000, 0xa6e00000)
  eden space 33280K, 0% used [0x918c0000,0x918c0000,0x93940000)
  from space 2560K, 99% used [0x93bc0000,0x93e3e110,0x93e40000)
  to   space 2560K, 0% used [0x93940000,0x93940000,0x93bc0000)
 ParOldGen       total 43776K, used 956K [0x66e00000, 0x698c0000, 0x918c0000)
  object space 43776K, 2% used [0x66e00000,0x66eef238,0x698c0000)
 Metaspace       used 5393K, capacity 5452K, committed 5528K, reserved 6448K
}
Event: 2.802 GC heap before
{Heap before GC invocations=3 (full 0):
 PSYoungGen      total 35840K, used 35832K [0x918c0000, 0x93e40000, 0xa6e00000)
  eden space 33280K, 100% used [0x918c0000,0x93940000,0x93940000)
  from space 2560K, 99% used [0x93bc0000,0x93e3e110,0x93e40000)
  to   space 2560K, 0% used [0x93940000,0x93940000,0x93bc0000)
 ParOldGen       total 43776K, used 956K [0x66e00000, 0x698c0000, 0x918c0000)
  object space 43776K, 2% used [0x66e00000,0x66eef238,0x698c0000)
 Metaspace       used 8152K, capacity 8222K, committed 8344K, reserved 8496K
Event: 2.840 GC heap after
Heap after GC invocations=3 (full 0):
 PSYoungGen      total 35840K, used 2546K [0x918c0000, 0x95ec0000, 0xa6e00000)
  eden space 33280K, 0% used [0x918c0000,0x918c0000,0x93940000)
  from space 2560K, 99% used [0x93940000,0x93bbc890,0x93bc0000)
  to   space 2560K, 0% used [0x95c40000,0x95c40000,0x95ec0000)
 ParOldGen       total 43776K, used 5087K [0x66e00000, 0x698c0000, 0x918c0000)
  object space 43776K, 11% used [0x66e00000,0x672f7d80,0x698c0000)
 Metaspace       used 8152K, capacity 8222K, committed 8344K, reserved 8496K
}
Event: 5.705 GC heap before
{Heap before GC invocations=4 (full 0):
 PSYoungGen      total 35840K, used 35826K [0x918c0000, 0x95ec0000, 0xa6e00000)
  eden space 33280K, 100% used [0x918c0000,0x93940000,0x93940000)
  from space 2560K, 99% used [0x93940000,0x93bbc890,0x93bc0000)
  to   space 2560K, 0% used [0x95c40000,0x95c40000,0x95ec0000)
 ParOldGen       total 43776K, used 5087K [0x66e00000, 0x698c0000, 0x918c0000)
  object space 43776K, 11% used [0x66e00000,0x672f7d80,0x698c0000)
 Metaspace       used 10058K, capacity 10139K, committed 10264K, reserved 10544K
Event: 5.744 GC heap after
Heap after GC invocations=4 (full 0):
 PSYoungGen      total 69120K, used 2544K [0x918c0000, 0x95ec0000, 0xa6e00000)
  eden space 66560K, 0% used [0x918c0000,0x918c0000,0x959c0000)
  from space 2560K, 99% used [0x95c40000,0x95ebc060,0x95ec0000)
  to   space 2560K, 0% used [0x959c0000,0x959c0000,0x95c40000)
 ParOldGen       total 43776K, used 7136K [0x66e00000, 0x698c0000, 0x918c0000)
  object space 43776K, 16% used [0x66e00000,0x674f8190,0x698c0000)
 Metaspace       used 10058K, capacity 10139K, committed 10264K, reserved 10544K
}
Event: 9.100 GC heap before
{Heap before GC invocations=5 (full 0):
 PSYoungGen      total 69120K, used 69104K [0x918c0000, 0x95ec0000, 0xa6e00000)
  eden space 66560K, 100% used [0x918c0000,0x959c0000,0x959c0000)
  from space 2560K, 99% used [0x95c40000,0x95ebc060,0x95ec0000)
  to   space 2560K, 0% used [0x959c0000,0x959c0000,0x95c40000)
 ParOldGen       total 43776K, used 7136K [0x66e00000, 0x698c0000, 0x918c0000)
  object space 43776K, 16% used [0x66e00000,0x674f8190,0x698c0000)
 Metaspace       used 10968K, capacity 11057K, committed 11160K, reserved 11568K
Event: 9.125 GC heap after
Heap after GC invocations=5 (full 0):
 PSYoungGen      total 69120K, used 2552K [0x918c0000, 0x9a9c0000, 0xa6e00000)
  eden space 66560K, 0% used [0x918c0000,0x918c0000,0x959c0000)
  from space 2560K, 99% used [0x959c0000,0x95c3e070,0x95c40000)
  to   space 7680K, 0% used [0x9a240000,0x9a240000,0x9a9c0000)
 ParOldGen       total 43776K, used 11035K [0x66e00000, 0x698c0000, 0x918c0000)
  object space 43776K, 25% used [0x66e00000,0x678c6f68,0x698c0000)
 Metaspace       used 10968K, capacity 11057K, committed 11160K, reserved 11568K
}
Event: 10.337 GC heap before
{Heap before GC invocations=6 (full 0):
 PSYoungGen      total 69120K, used 69112K [0x918c0000, 0x9a9c0000, 0xa6e00000)
  eden space 66560K, 100% used [0x918c0000,0x959c0000,0x959c0000)
  from space 2560K, 99% used [0x959c0000,0x95c3e070,0x95c40000)
  to   space 7680K, 0% used [0x9a240000,0x9a240000,0x9a9c0000)
 ParOldGen       total 43776K, used 11035K [0x66e00000, 0x698c0000, 0x918c0000)
  object space 43776K, 25% used [0x66e00000,0x678c6f68,0x698c0000)
 Metaspace       used 11161K, capacity 11266K, committed 11416K, reserved 11568K
Event: 10.647 GC heap after
Heap after GC invocations=6 (full 0):
 PSYoungGen      total 140288K, used 6234K [0x918c0000, 0x9aac0000, 0xa6e00000)
  eden space 132608K, 0% used [0x918c0000,0x918c0000,0x99a40000)
  from space 7680K, 81% used [0x9a240000,0x9a856890,0x9a9c0000)
  to   space 8192K, 0% used [0x99a40000,0x99a40000,0x9a240000)
 ParOldGen       total 43776K, used 11039K [0x66e00000, 0x698c0000, 0x918c0000)
  object space 43776K, 25% used [0x66e00000,0x678c7f68,0x698c0000)
 Metaspace       used 11161K, capacity 11266K, committed 11416K, reserved 11568K
}

