# JRE version: OpenJDK Runtime Environment (8.0_151-b12) (build 1.8.0_151-8u151-b12-0ubuntu0.16.04.2-b12)
# Java VM: OpenJDK Server VM (25.151-b12 mixed mode linux-x86 )
Heap:
 PSYoungGen      total 71936K, used 5376K [0x916c0000, 0x96240000, 0xa6c00000)
  eden space 66560K, 0% used [0x916c0000,0x916c0000,0x957c0000)
  from space 5376K, 100% used [0x957c0000,0x95d00000,0x95d00000)
  to   space 5376K, 0% used [0x95d00000,0x95d00000,0x96240000)
 ParOldGen       total 43776K, used 9843K [0x66c00000, 0x696c0000, 0x916c0000)
  object space 43776K, 22% used [0x66c00000,0x6759cce8,0x696c0000)
 Metaspace       used 11139K, capacity 11266K, committed 11416K, reserved 11568K
GC Heap History (10 events):
Event: 4.985 GC heap after
Heap after GC invocations=4 (full 0):
 PSYoungGen      total 19200K, used 2554K [0x916c0000, 0x93c40000, 0xa6c00000)
  eden space 16640K, 0% used [0x916c0000,0x916c0000,0x92700000)
  from space 2560K, 99% used [0x92980000,0x92bfe880,0x92c00000)
  to   space 2560K, 0% used [0x92700000,0x92700000,0x92980000)
 ParOldGen       total 43776K, used 4306K [0x66c00000, 0x696c0000, 0x916c0000)
  object space 43776K, 9% used [0x66c00000,0x67034890,0x696c0000)
 Metaspace       used 8110K, capacity 8190K, committed 8344K, reserved 8496K
}
Event: 5.744 GC heap before
{Heap before GC invocations=5 (full 0):
 PSYoungGen      total 19200K, used 19194K [0x916c0000, 0x93c40000, 0xa6c00000)
  eden space 16640K, 100% used [0x916c0000,0x92700000,0x92700000)
  from space 2560K, 99% used [0x92980000,0x92bfe880,0x92c00000)
  to   space 2560K, 0% used [0x92700000,0x92700000,0x92980000)
 ParOldGen       total 43776K, used 4306K [0x66c00000, 0x696c0000, 0x916c0000)
  object space 43776K, 9% used [0x66c00000,0x67034890,0x696c0000)
 Metaspace       used 8868K, capacity 8931K, committed 8984K, reserved 9520K
Event: 5.758 GC heap after
Heap after GC invocations=5 (full 0):
 PSYoungGen      total 19200K, used 2554K [0x916c0000, 0x94140000, 0xa6c00000)
  eden space 16640K, 0% used [0x916c0000,0x916c0000,0x92700000)
  from space 2560K, 99% used [0x92700000,0x9297e880,0x92980000)
  to   space 5120K, 0% used [0x93c40000,0x93c40000,0x94140000)
 ParOldGen       total 43776K, used 5237K [0x66c00000, 0x696c0000, 0x916c0000)
  object space 43776K, 11% used [0x66c00000,0x6711d478,0x696c0000)
 Metaspace       used 8868K, capacity 8931K, committed 8984K, reserved 9520K
}
Event: 6.600 GC heap before
{Heap before GC invocations=6 (full 0):
 PSYoungGen      total 19200K, used 19194K [0x916c0000, 0x94140000, 0xa6c00000)
  eden space 16640K, 100% used [0x916c0000,0x92700000,0x92700000)
  from space 2560K, 99% used [0x92700000,0x9297e880,0x92980000)
  to   space 5120K, 0% used [0x93c40000,0x93c40000,0x94140000)
 ParOldGen       total 43776K, used 5237K [0x66c00000, 0x696c0000, 0x916c0000)
  object space 43776K, 11% used [0x66c00000,0x6711d478,0x696c0000)
 Metaspace       used 10012K, capacity 10107K, committed 10264K, reserved 10544K
Event: 6.622 GC heap after
Heap after GC invocations=6 (full 0):
 PSYoungGen      total 37888K, used 3779K [0x916c0000, 0x940c0000, 0xa6c00000)
  eden space 33280K, 0% used [0x916c0000,0x916c0000,0x93740000)
  from space 4608K, 82% used [0x93c40000,0x93ff0ff8,0x940c0000)
  to   space 4864K, 0% used [0x93740000,0x93740000,0x93c00000)
 ParOldGen       total 43776K, used 5249K [0x66c00000, 0x696c0000, 0x916c0000)
  object space 43776K, 11% used [0x66c00000,0x67120478,0x696c0000)
 Metaspace       used 10012K, capacity 10107K, committed 10264K, reserved 10544K
}
Event: 7.751 GC heap before
{Heap before GC invocations=7 (full 0):
 PSYoungGen      total 37888K, used 37059K [0x916c0000, 0x940c0000, 0xa6c00000)
  eden space 33280K, 100% used [0x916c0000,0x93740000,0x93740000)
  from space 4608K, 82% used [0x93c40000,0x93ff0ff8,0x940c0000)
  to   space 4864K, 0% used [0x93740000,0x93740000,0x93c00000)
 ParOldGen       total 43776K, used 5249K [0x66c00000, 0x696c0000, 0x916c0000)
  object space 43776K, 11% used [0x66c00000,0x67120478,0x696c0000)
 Metaspace       used 10781K, capacity 10892K, committed 11032K, reserved 11568K
Event: 7.783 GC heap after
Heap after GC invocations=7 (full 0):
 PSYoungGen      total 38144K, used 4718K [0x916c0000, 0x96240000, 0xa6c00000)
  eden space 33280K, 0% used [0x916c0000,0x916c0000,0x93740000)
  from space 4864K, 97% used [0x93740000,0x93bdba38,0x93c00000)
  to   space 5376K, 0% used [0x95d00000,0x95d00000,0x96240000)
 ParOldGen       total 43776K, used 6186K [0x66c00000, 0x696c0000, 0x916c0000)
  object space 43776K, 14% used [0x66c00000,0x6720aa48,0x696c0000)
 Metaspace       used 10781K, capacity 10892K, committed 11032K, reserved 11568K
}
Event: 8.917 GC heap before
{Heap before GC invocations=8 (full 0):
 PSYoungGen      total 38144K, used 37998K [0x916c0000, 0x96240000, 0xa6c00000)
  eden space 33280K, 100% used [0x916c0000,0x93740000,0x93740000)
  from space 4864K, 97% used [0x93740000,0x93bdba38,0x93c00000)
  to   space 5376K, 0% used [0x95d00000,0x95d00000,0x96240000)
 ParOldGen       total 43776K, used 6186K [0x66c00000, 0x696c0000, 0x916c0000)
  object space 43776K, 14% used [0x66c00000,0x6720aa48,0x696c0000)
 Metaspace       used 10955K, capacity 11057K, committed 11160K, reserved 11568K
Event: 8.954 GC heap after
Heap after GC invocations=8 (full 0):
 PSYoungGen      total 71936K, used 4336K [0x916c0000, 0x96240000, 0xa6c00000)
  eden space 66560K, 0% used [0x916c0000,0x916c0000,0x957c0000)
  from space 5376K, 80% used [0x95d00000,0x9613c000,0x96240000)
  to   space 5376K, 0% used [0x957c0000,0x957c0000,0x95d00000)
 ParOldGen       total 43776K, used 7390K [0x66c00000, 0x696c0000, 0x916c0000)
  object space 43776K, 16% used [0x66c00000,0x67337a98,0x696c0000)
 Metaspace       used 10955K, capacity 11057K, committed 11160K, reserved 11568K
}
Event: 10.980 GC heap before
{Heap before GC invocations=9 (full 0):
 PSYoungGen      total 71936K, used 70896K [0x916c0000, 0x96240000, 0xa6c00000)
  eden space 66560K, 100% used [0x916c0000,0x957c0000,0x957c0000)
  from space 5376K, 80% used [0x95d00000,0x9613c000,0x96240000)
  to   space 5376K, 0% used [0x957c0000,0x957c0000,0x95d00000)
 ParOldGen       total 43776K, used 7390K [0x66c00000, 0x696c0000, 0x916c0000)
  object space 43776K, 16% used [0x66c00000,0x67337a98,0x696c0000)
 Metaspace       used 11139K, capacity 11266K, committed 11416K, reserved 11568K

