# JRE version: OpenJDK Runtime Environment (8.0_151-b12) (build 1.8.0_151-8u151-b12-0ubuntu0.16.04.2-b12)
# Java VM: OpenJDK Server VM (25.151-b12 mixed mode linux-x86 )
Heap:
 PSYoungGen      total 71680K, used 5120K [0x918c0000, 0x963c0000, 0xa6e00000)
  eden space 66560K, 0% used [0x918c0000,0x918c0000,0x959c0000)
  from space 5120K, 100% used [0x959c0000,0x95ec0000,0x95ec0000)
  to   space 5120K, 0% used [0x95ec0000,0x95ec0000,0x963c0000)
 ParOldGen       total 43776K, used 10072K [0x66e00000, 0x698c0000, 0x918c0000)
  object space 43776K, 23% used [0x66e00000,0x677d61f8,0x698c0000)
 Metaspace       used 11145K, capacity 11266K, committed 11416K, reserved 11568K
GC Heap History (10 events):
Event: 2.814 GC heap after
Heap after GC invocations=4 (full 0):
 PSYoungGen      total 19200K, used 2554K [0x918c0000, 0x93e40000, 0xa6e00000)
  eden space 16640K, 0% used [0x918c0000,0x918c0000,0x92900000)
  from space 2560K, 99% used [0x92b80000,0x92dfe880,0x92e00000)
  to   space 2560K, 0% used [0x92900000,0x92900000,0x92b80000)
 ParOldGen       total 43776K, used 4352K [0x66e00000, 0x698c0000, 0x918c0000)
  object space 43776K, 9% used [0x66e00000,0x67240310,0x698c0000)
 Metaspace       used 8093K, capacity 8158K, committed 8216K, reserved 8496K
}
Event: 4.856 GC heap before
{Heap before GC invocations=5 (full 0):
 PSYoungGen      total 19200K, used 19194K [0x918c0000, 0x93e40000, 0xa6e00000)
  eden space 16640K, 100% used [0x918c0000,0x92900000,0x92900000)
  from space 2560K, 99% used [0x92b80000,0x92dfe880,0x92e00000)
  to   space 2560K, 0% used [0x92900000,0x92900000,0x92b80000)
 ParOldGen       total 43776K, used 4352K [0x66e00000, 0x698c0000, 0x918c0000)
  object space 43776K, 9% used [0x66e00000,0x67240310,0x698c0000)
 Metaspace       used 8866K, capacity 8931K, committed 8984K, reserved 9520K
Event: 4.919 GC heap after
Heap after GC invocations=5 (full 0):
 PSYoungGen      total 19200K, used 2554K [0x918c0000, 0x942c0000, 0xa6e00000)
  eden space 16640K, 0% used [0x918c0000,0x918c0000,0x92900000)
  from space 2560K, 99% used [0x92900000,0x92b7e870,0x92b80000)
  to   space 4864K, 0% used [0x93e00000,0x93e00000,0x942c0000)
 ParOldGen       total 43776K, used 5433K [0x66e00000, 0x698c0000, 0x918c0000)
  object space 43776K, 12% used [0x66e00000,0x6734e768,0x698c0000)
 Metaspace       used 8866K, capacity 8931K, committed 8984K, reserved 9520K
}
Event: 6.886 GC heap before
{Heap before GC invocations=6 (full 0):
 PSYoungGen      total 19200K, used 19194K [0x918c0000, 0x942c0000, 0xa6e00000)
  eden space 16640K, 100% used [0x918c0000,0x92900000,0x92900000)
  from space 2560K, 99% used [0x92900000,0x92b7e870,0x92b80000)
  to   space 4864K, 0% used [0x93e00000,0x93e00000,0x942c0000)
 ParOldGen       total 43776K, used 5433K [0x66e00000, 0x698c0000, 0x918c0000)
  object space 43776K, 12% used [0x66e00000,0x6734e768,0x698c0000)
 Metaspace       used 9999K, capacity 10075K, committed 10136K, reserved 10544K
Event: 6.920 GC heap after
Heap after GC invocations=6 (full 0):
 PSYoungGen      total 38144K, used 3650K [0x918c0000, 0x942c0000, 0xa6e00000)
  eden space 33280K, 0% used [0x918c0000,0x918c0000,0x93940000)
  from space 4864K, 75% used [0x93e00000,0x941909d0,0x942c0000)
  to   space 4864K, 0% used [0x93940000,0x93940000,0x93e00000)
 ParOldGen       total 43776K, used 5437K [0x66e00000, 0x698c0000, 0x918c0000)
  object space 43776K, 12% used [0x66e00000,0x6734f768,0x698c0000)
 Metaspace       used 9999K, capacity 10075K, committed 10136K, reserved 10544K
}
Event: 8.267 GC heap before
{Heap before GC invocations=7 (full 0):
 PSYoungGen      total 38144K, used 36930K [0x918c0000, 0x942c0000, 0xa6e00000)
  eden space 33280K, 100% used [0x918c0000,0x93940000,0x93940000)
  from space 4864K, 75% used [0x93e00000,0x941909d0,0x942c0000)
  to   space 4864K, 0% used [0x93940000,0x93940000,0x93e00000)
 ParOldGen       total 43776K, used 5437K [0x66e00000, 0x698c0000, 0x918c0000)
  object space 43776K, 12% used [0x66e00000,0x6734f768,0x698c0000)
 Metaspace       used 10779K, capacity 10892K, committed 11032K, reserved 11568K
Event: 8.288 GC heap after
Heap after GC invocations=7 (full 0):
 PSYoungGen      total 38144K, used 4446K [0x918c0000, 0x963c0000, 0xa6e00000)
  eden space 33280K, 0% used [0x918c0000,0x918c0000,0x93940000)
  from space 4864K, 91% used [0x93940000,0x93d97a48,0x93e00000)
  to   space 5120K, 0% used [0x95ec0000,0x95ec0000,0x963c0000)
 ParOldGen       total 43776K, used 6627K [0x66e00000, 0x698c0000, 0x918c0000)
  object space 43776K, 15% used [0x66e00000,0x67478fb8,0x698c0000)
 Metaspace       used 10779K, capacity 10892K, committed 11032K, reserved 11568K
}
Event: 8.930 GC heap before
{Heap before GC invocations=8 (full 0):
 PSYoungGen      total 38144K, used 37726K [0x918c0000, 0x963c0000, 0xa6e00000)
  eden space 33280K, 100% used [0x918c0000,0x93940000,0x93940000)
  from space 4864K, 91% used [0x93940000,0x93d97a48,0x93e00000)
  to   space 5120K, 0% used [0x95ec0000,0x95ec0000,0x963c0000)
 ParOldGen       total 43776K, used 6627K [0x66e00000, 0x698c0000, 0x918c0000)
  object space 43776K, 15% used [0x66e00000,0x67478fb8,0x698c0000)
 Metaspace       used 10940K, capacity 11057K, committed 11160K, reserved 11568K
Event: 8.941 GC heap after
Heap after GC invocations=8 (full 0):
 PSYoungGen      total 71680K, used 4144K [0x918c0000, 0x963c0000, 0xa6e00000)
  eden space 66560K, 0% used [0x918c0000,0x918c0000,0x959c0000)
  from space 5120K, 80% used [0x95ec0000,0x962cc000,0x963c0000)
  to   space 5120K, 0% used [0x959c0000,0x959c0000,0x95ec0000)
 ParOldGen       total 43776K, used 7503K [0x66e00000, 0x698c0000, 0x918c0000)
  object space 43776K, 17% used [0x66e00000,0x67553e98,0x698c0000)
 Metaspace       used 10940K, capacity 11057K, committed 11160K, reserved 11568K
}
Event: 9.998 GC heap before
{Heap before GC invocations=9 (full 0):
 PSYoungGen      total 71680K, used 70704K [0x918c0000, 0x963c0000, 0xa6e00000)
  eden space 66560K, 100% used [0x918c0000,0x959c0000,0x959c0000)
  from space 5120K, 80% used [0x95ec0000,0x962cc000,0x963c0000)
  to   space 5120K, 0% used [0x959c0000,0x959c0000,0x95ec0000)
 ParOldGen       total 43776K, used 7503K [0x66e00000, 0x698c0000, 0x918c0000)
  object space 43776K, 17% used [0x66e00000,0x67553e98,0x698c0000)
 Metaspace       used 11145K, capacity 11266K, committed 11416K, reserved 11568K

