# JRE version: OpenJDK Runtime Environment (8.0_162-b12) (build 1.8.0_162-8u162-b12-0ubuntu0.16.04.2-b12)
# Java VM: OpenJDK Server VM (25.162-b12 mixed mode linux-x86 )
Heap:
 PSYoungGen      total 141056K, used 8189K [0x918c0000, 0x9aac0000, 0xa6e00000)
  eden space 132864K, 0% used [0x918c0000,0x918c0000,0x99a80000)
  from space 8192K, 99% used [0x99a80000,0x9a27f4d8,0x9a280000)
  to   space 7936K, 0% used [0x9a280000,0x9a280000,0x9aa40000)
 ParOldGen       total 43776K, used 17972K [0x66e00000, 0x698c0000, 0x918c0000)
  object space 43776K, 41% used [0x66e00000,0x67f8d128,0x698c0000)
 Metaspace       used 14668K, capacity 14965K, committed 15000K, reserved 15664K
GC Heap History (10 events):
Event: 1.473 GC heap after
Heap after GC invocations=2 (full 0):
 PSYoungGen      total 35840K, used 2558K [0x918c0000, 0x93e40000, 0xa6e00000)
  eden space 33280K, 0% used [0x918c0000,0x918c0000,0x93940000)
  from space 2560K, 99% used [0x93bc0000,0x93e3f9a0,0x93e40000)
  to   space 2560K, 0% used [0x93940000,0x93940000,0x93bc0000)
 ParOldGen       total 43776K, used 870K [0x66e00000, 0x698c0000, 0x918c0000)
  object space 43776K, 1% used [0x66e00000,0x66ed99d8,0x698c0000)
 Metaspace       used 5293K, capacity 5354K, committed 5400K, reserved 5424K
}
Event: 2.501 GC heap before
{Heap before GC invocations=3 (full 0):
 PSYoungGen      total 35840K, used 35838K [0x918c0000, 0x93e40000, 0xa6e00000)
  eden space 33280K, 100% used [0x918c0000,0x93940000,0x93940000)
  from space 2560K, 99% used [0x93bc0000,0x93e3f9a0,0x93e40000)
  to   space 2560K, 0% used [0x93940000,0x93940000,0x93bc0000)
 ParOldGen       total 43776K, used 870K [0x66e00000, 0x698c0000, 0x918c0000)
  object space 43776K, 1% used [0x66e00000,0x66ed99d8,0x698c0000)
 Metaspace       used 8090K, capacity 8156K, committed 8216K, reserved 8496K
Event: 2.511 GC heap after
Heap after GC invocations=3 (full 0):
 PSYoungGen      total 35840K, used 2546K [0x918c0000, 0x95ec0000, 0xa6e00000)
  eden space 33280K, 0% used [0x918c0000,0x918c0000,0x93940000)
  from space 2560K, 99% used [0x93940000,0x93bbc870,0x93bc0000)
  to   space 2560K, 0% used [0x95c40000,0x95c40000,0x95ec0000)
 ParOldGen       total 43776K, used 4960K [0x66e00000, 0x698c0000, 0x918c0000)
  object space 43776K, 11% used [0x66e00000,0x672d8090,0x698c0000)
 Metaspace       used 8090K, capacity 8156K, committed 8216K, reserved 8496K
}
Event: 4.135 GC heap before
{Heap before GC invocations=4 (full 0):
 PSYoungGen      total 35840K, used 35826K [0x918c0000, 0x95ec0000, 0xa6e00000)
  eden space 33280K, 100% used [0x918c0000,0x93940000,0x93940000)
  from space 2560K, 99% used [0x93940000,0x93bbc870,0x93bc0000)
  to   space 2560K, 0% used [0x95c40000,0x95c40000,0x95ec0000)
 ParOldGen       total 43776K, used 4960K [0x66e00000, 0x698c0000, 0x918c0000)
  object space 43776K, 11% used [0x66e00000,0x672d8090,0x698c0000)
 Metaspace       used 9972K, capacity 10043K, committed 10136K, reserved 10544K
Event: 4.148 GC heap after
Heap after GC invocations=4 (full 0):
 PSYoungGen      total 69120K, used 2552K [0x918c0000, 0x95ec0000, 0xa6e00000)
  eden space 66560K, 0% used [0x918c0000,0x918c0000,0x959c0000)
  from space 2560K, 99% used [0x95c40000,0x95ebe070,0x95ec0000)
  to   space 2560K, 0% used [0x959c0000,0x959c0000,0x95c40000)
 ParOldGen       total 43776K, used 7050K [0x66e00000, 0x698c0000, 0x918c0000)
  object space 43776K, 16% used [0x66e00000,0x674e2960,0x698c0000)
 Metaspace       used 9972K, capacity 10043K, committed 10136K, reserved 10544K
}
Event: 9.546 GC heap before
{Heap before GC invocations=5 (full 0):
 PSYoungGen      total 69120K, used 69112K [0x918c0000, 0x95ec0000, 0xa6e00000)
  eden space 66560K, 100% used [0x918c0000,0x959c0000,0x959c0000)
  from space 2560K, 99% used [0x95c40000,0x95ebe070,0x95ec0000)
  to   space 2560K, 0% used [0x959c0000,0x959c0000,0x95c40000)
 ParOldGen       total 43776K, used 7050K [0x66e00000, 0x698c0000, 0x918c0000)
  object space 43776K, 16% used [0x66e00000,0x674e2960,0x698c0000)
 Metaspace       used 11017K, capacity 11121K, committed 11288K, reserved 11568K
Event: 9.621 GC heap after
Heap after GC invocations=5 (full 0):
 PSYoungGen      total 69120K, used 2554K [0x918c0000, 0x9aa40000, 0xa6e00000)
  eden space 66560K, 0% used [0x918c0000,0x918c0000,0x959c0000)
  from space 2560K, 99% used [0x959c0000,0x95c3e870,0x95c40000)
  to   space 7936K, 0% used [0x9a280000,0x9a280000,0x9aa40000)
 ParOldGen       total 43776K, used 11145K [0x66e00000, 0x698c0000, 0x918c0000)
  object space 43776K, 25% used [0x66e00000,0x678e24e8,0x698c0000)
 Metaspace       used 11017K, capacity 11121K, committed 11288K, reserved 11568K
}
Event: 12.311 GC heap before
{Heap before GC invocations=6 (full 0):
 PSYoungGen      total 69120K, used 69114K [0x918c0000, 0x9aa40000, 0xa6e00000)
  eden space 66560K, 100% used [0x918c0000,0x959c0000,0x959c0000)
  from space 2560K, 99% used [0x959c0000,0x95c3e870,0x95c40000)
  to   space 7936K, 0% used [0x9a280000,0x9a280000,0x9aa40000)
 ParOldGen       total 43776K, used 11145K [0x66e00000, 0x698c0000, 0x918c0000)
  object space 43776K, 25% used [0x66e00000,0x678e24e8,0x698c0000)
 Metaspace       used 11204K, capacity 11330K, committed 11416K, reserved 11568K
Event: 12.364 GC heap after
Heap after GC invocations=6 (full 0):
 PSYoungGen      total 140800K, used 6288K [0x918c0000, 0x9aac0000, 0xa6e00000)
  eden space 132864K, 0% used [0x918c0000,0x918c0000,0x99a80000)
  from space 7936K, 79% used [0x9a280000,0x9a8a4060,0x9aa40000)
  to   space 8192K, 0% used [0x99a80000,0x99a80000,0x9a280000)
 ParOldGen       total 43776K, used 11149K [0x66e00000, 0x698c0000, 0x918c0000)
  object space 43776K, 25% used [0x66e00000,0x678e34e8,0x698c0000)
 Metaspace       used 11204K, capacity 11330K, committed 11416K, reserved 11568K
}
Event: 15.866 GC heap before
{Heap before GC invocations=7 (full 0):
 PSYoungGen      total 140800K, used 139152K [0x918c0000, 0x9aac0000, 0xa6e00000)
  eden space 132864K, 100% used [0x918c0000,0x99a80000,0x99a80000)
  from space 7936K, 79% used [0x9a280000,0x9a8a4060,0x9aa40000)
  to   space 8192K, 0% used [0x99a80000,0x99a80000,0x9a280000)
 ParOldGen       total 43776K, used 11149K [0x66e00000, 0x698c0000, 0x918c0000)
  object space 43776K, 25% used [0x66e00000,0x678e34e8,0x698c0000)
 Metaspace       used 14668K, capacity 14965K, committed 15000K, reserved 15664K

