# JRE version: OpenJDK Runtime Environment (8.0_162-b12) (build 1.8.0_162-8u162-b12-0ubuntu0.16.04.2-b12)
# Java VM: OpenJDK Server VM (25.162-b12 mixed mode linux-x86 )
Heap:
 PSYoungGen      total 113408K, used 7415K [0x918c0000, 0x98f40000, 0xa6e00000)
  eden space 105984K, 0% used [0x918c0000,0x918c0000,0x98040000)
  from space 7424K, 99% used [0x98040000,0x9877dcd8,0x98780000)
  to   space 6912K, 0% used [0x98780000,0x98780000,0x98e40000)
 ParOldGen       total 43776K, used 18230K [0x66e00000, 0x698c0000, 0x918c0000)
  object space 43776K, 41% used [0x66e00000,0x67fcda90,0x698c0000)
 Metaspace       used 16089K, capacity 16356K, committed 16384K, reserved 16688K
GC Heap History (10 events):
Event: 4.521 GC heap after
Heap after GC invocations=6 (full 0):
 PSYoungGen      total 37888K, used 3857K [0x918c0000, 0x942c0000, 0xa6e00000)
  eden space 33280K, 0% used [0x918c0000,0x918c0000,0x93940000)
  from space 4608K, 83% used [0x93e40000,0x94204698,0x942c0000)
  to   space 4864K, 0% used [0x93940000,0x93940000,0x93e00000)
 ParOldGen       total 43776K, used 5273K [0x66e00000, 0x698c0000, 0x918c0000)
  object space 43776K, 12% used [0x66e00000,0x673266f0,0x698c0000)
 Metaspace       used 10028K, capacity 10107K, committed 10264K, reserved 10544K
}
Event: 6.004 GC heap before
{Heap before GC invocations=7 (full 0):
 PSYoungGen      total 37888K, used 37137K [0x918c0000, 0x942c0000, 0xa6e00000)
  eden space 33280K, 100% used [0x918c0000,0x93940000,0x93940000)
  from space 4608K, 83% used [0x93e40000,0x94204698,0x942c0000)
  to   space 4864K, 0% used [0x93940000,0x93940000,0x93e00000)
 ParOldGen       total 43776K, used 5273K [0x66e00000, 0x698c0000, 0x918c0000)
  object space 43776K, 12% used [0x66e00000,0x673266f0,0x698c0000)
 Metaspace       used 10825K, capacity 10956K, committed 11032K, reserved 11568K
Event: 6.023 GC heap after
Heap after GC invocations=7 (full 0):
 PSYoungGen      total 38144K, used 4823K [0x918c0000, 0x96440000, 0xa6e00000)
  eden space 33280K, 0% used [0x918c0000,0x918c0000,0x93940000)
  from space 4864K, 99% used [0x93940000,0x93df5cb0,0x93e00000)
  to   space 5376K, 0% used [0x95f00000,0x95f00000,0x96440000)
 ParOldGen       total 43776K, used 6112K [0x66e00000, 0x698c0000, 0x918c0000)
  object space 43776K, 13% used [0x66e00000,0x673f8298,0x698c0000)
 Metaspace       used 10825K, capacity 10956K, committed 11032K, reserved 11568K
}
Event: 7.176 GC heap before
{Heap before GC invocations=8 (full 0):
 PSYoungGen      total 38144K, used 38103K [0x918c0000, 0x96440000, 0xa6e00000)
  eden space 33280K, 100% used [0x918c0000,0x93940000,0x93940000)
  from space 4864K, 99% used [0x93940000,0x93df5cb0,0x93e00000)
  to   space 5376K, 0% used [0x95f00000,0x95f00000,0x96440000)
 ParOldGen       total 43776K, used 6112K [0x66e00000, 0x698c0000, 0x918c0000)
  object space 43776K, 13% used [0x66e00000,0x673f8298,0x698c0000)
 Metaspace       used 11008K, capacity 11121K, committed 11288K, reserved 11568K
Event: 7.283 GC heap after
Heap after GC invocations=8 (full 0):
 PSYoungGen      total 71936K, used 4200K [0x918c0000, 0x96440000, 0xa6e00000)
  eden space 66560K, 0% used [0x918c0000,0x918c0000,0x959c0000)
  from space 5376K, 78% used [0x95f00000,0x9631a030,0x96440000)
  to   space 5376K, 0% used [0x959c0000,0x959c0000,0x95f00000)
 ParOldGen       total 43776K, used 7436K [0x66e00000, 0x698c0000, 0x918c0000)
  object space 43776K, 16% used [0x66e00000,0x67543188,0x698c0000)
 Metaspace       used 11008K, capacity 11121K, committed 11288K, reserved 11568K
}
Event: 9.786 GC heap before
{Heap before GC invocations=9 (full 0):
 PSYoungGen      total 71936K, used 70760K [0x918c0000, 0x96440000, 0xa6e00000)
  eden space 66560K, 100% used [0x918c0000,0x959c0000,0x959c0000)
  from space 5376K, 78% used [0x95f00000,0x9631a030,0x96440000)
  to   space 5376K, 0% used [0x959c0000,0x959c0000,0x95f00000)
 ParOldGen       total 43776K, used 7436K [0x66e00000, 0x698c0000, 0x918c0000)
  object space 43776K, 16% used [0x66e00000,0x67543188,0x698c0000)
 Metaspace       used 11197K, capacity 11330K, committed 11416K, reserved 11568K
Event: 9.834 GC heap after
Heap after GC invocations=9 (full 0):
 PSYoungGen      total 71936K, used 5376K [0x918c0000, 0x98e40000, 0xa6e00000)
  eden space 66560K, 0% used [0x918c0000,0x918c0000,0x959c0000)
  from space 5376K, 100% used [0x959c0000,0x95f00000,0x95f00000)
  to   space 6912K, 0% used [0x98780000,0x98780000,0x98e40000)
 ParOldGen       total 43776K, used 9862K [0x66e00000, 0x698c0000, 0x918c0000)
  object space 43776K, 22% used [0x66e00000,0x677a1bd8,0x698c0000)
 Metaspace       used 11197K, capacity 11330K, committed 11416K, reserved 11568K
}
Event: 11.775 GC heap before
{Heap before GC invocations=10 (full 0):
 PSYoungGen      total 71936K, used 71936K [0x918c0000, 0x98e40000, 0xa6e00000)
  eden space 66560K, 100% used [0x918c0000,0x959c0000,0x959c0000)
  from space 5376K, 100% used [0x959c0000,0x95f00000,0x95f00000)
  to   space 6912K, 0% used [0x98780000,0x98780000,0x98e40000)
 ParOldGen       total 43776K, used 9862K [0x66e00000, 0x698c0000, 0x918c0000)
  object space 43776K, 22% used [0x66e00000,0x677a1bd8,0x698c0000)
 Metaspace       used 12329K, capacity 12525K, committed 12568K, reserved 12592K
Event: 11.801 GC heap after
Heap after GC invocations=10 (full 0):
 PSYoungGen      total 112896K, used 6681K [0x918c0000, 0x98f40000, 0xa6e00000)
  eden space 105984K, 0% used [0x918c0000,0x918c0000,0x98040000)
  from space 6912K, 96% used [0x98780000,0x98e06638,0x98e40000)
  to   space 7424K, 0% used [0x98040000,0x98040000,0x98780000)
 ParOldGen       total 43776K, used 12149K [0x66e00000, 0x698c0000, 0x918c0000)
  object space 43776K, 27% used [0x66e00000,0x679dd538,0x698c0000)
 Metaspace       used 12329K, capacity 12525K, committed 12568K, reserved 12592K
}
Event: 14.097 GC heap before
{Heap before GC invocations=11 (full 0):
 PSYoungGen      total 112896K, used 106074K [0x918c0000, 0x98f40000, 0xa6e00000)
  eden space 105984K, 93% used [0x918c0000,0x979d03e8,0x98040000)
  from space 6912K, 96% used [0x98780000,0x98e06638,0x98e40000)
  to   space 7424K, 0% used [0x98040000,0x98040000,0x98780000)
 ParOldGen       total 43776K, used 12149K [0x66e00000, 0x698c0000, 0x918c0000)
  object space 43776K, 27% used [0x66e00000,0x679dd538,0x698c0000)
 Metaspace       used 16089K, capacity 16356K, committed 16384K, reserved 16688K

