# JRE version: OpenJDK Runtime Environment (8.0_151-b12) (build 1.8.0_151-8u151-b12-0ubuntu0.16.04.2-b12)
# Java VM: OpenJDK Server VM (25.151-b12 mixed mode linux-x86 )
Heap:
 PSYoungGen      total 113152K, used 6921K [0x918c0000, 0x990c0000, 0xa6e00000)
  eden space 104960K, 0% used [0x918c0000,0x918c0000,0x97f40000)
  from space 8192K, 84% used [0x97f40000,0x986025a0,0x98740000)
  to   space 6656K, 0% used [0x98740000,0x98740000,0x98dc0000)
 ParOldGen       total 43776K, used 17508K [0x66e00000, 0x698c0000, 0x918c0000)
  object space 43776K, 39% used [0x66e00000,0x67f19010,0x698c0000)
 Metaspace       used 15962K, capacity 16342K, committed 16384K, reserved 16688K
GC Heap History (10 events):
Event: 7.635 GC heap after
Heap after GC invocations=6 (full 0):
 PSYoungGen      total 38400K, used 3986K [0x918c0000, 0x94340000, 0xa6e00000)
  eden space 33280K, 0% used [0x918c0000,0x918c0000,0x93940000)
  from space 5120K, 77% used [0x93e40000,0x942249e8,0x94340000)
  to   space 5120K, 0% used [0x93940000,0x93940000,0x93e40000)
 ParOldGen       total 43776K, used 5368K [0x66e00000, 0x698c0000, 0x918c0000)
  object space 43776K, 12% used [0x66e00000,0x6733e198,0x698c0000)
 Metaspace       used 10056K, capacity 10139K, committed 10264K, reserved 10544K
}
Event: 9.570 GC heap before
{Heap before GC invocations=7 (full 0):
 PSYoungGen      total 38400K, used 37266K [0x918c0000, 0x94340000, 0xa6e00000)
  eden space 33280K, 100% used [0x918c0000,0x93940000,0x93940000)
  from space 5120K, 77% used [0x93e40000,0x942249e8,0x94340000)
  to   space 5120K, 0% used [0x93940000,0x93940000,0x93e40000)
 ParOldGen       total 43776K, used 5368K [0x66e00000, 0x698c0000, 0x918c0000)
  object space 43776K, 12% used [0x66e00000,0x6733e198,0x698c0000)
 Metaspace       used 10774K, capacity 10892K, committed 11032K, reserved 11568K
Event: 9.608 GC heap after
Heap after GC invocations=7 (full 0):
 PSYoungGen      total 38400K, used 4509K [0x918c0000, 0x96440000, 0xa6e00000)
  eden space 33280K, 0% used [0x918c0000,0x918c0000,0x93940000)
  from space 5120K, 88% used [0x93940000,0x93da7658,0x93e40000)
  to   space 5376K, 0% used [0x95f00000,0x95f00000,0x96440000)
 ParOldGen       total 43776K, used 6516K [0x66e00000, 0x698c0000, 0x918c0000)
  object space 43776K, 14% used [0x66e00000,0x6745d0a8,0x698c0000)
 Metaspace       used 10774K, capacity 10892K, committed 11032K, reserved 11568K
}
Event: 10.400 GC heap before
{Heap before GC invocations=8 (full 0):
 PSYoungGen      total 38400K, used 37789K [0x918c0000, 0x96440000, 0xa6e00000)
  eden space 33280K, 100% used [0x918c0000,0x93940000,0x93940000)
  from space 5120K, 88% used [0x93940000,0x93da7658,0x93e40000)
  to   space 5376K, 0% used [0x95f00000,0x95f00000,0x96440000)
 ParOldGen       total 43776K, used 6516K [0x66e00000, 0x698c0000, 0x918c0000)
  object space 43776K, 14% used [0x66e00000,0x6745d0a8,0x698c0000)
 Metaspace       used 10947K, capacity 11057K, committed 11160K, reserved 11568K
Event: 10.416 GC heap after
Heap after GC invocations=8 (full 0):
 PSYoungGen      total 71936K, used 4080K [0x918c0000, 0x96440000, 0xa6e00000)
  eden space 66560K, 0% used [0x918c0000,0x918c0000,0x959c0000)
  from space 5376K, 75% used [0x95f00000,0x962fc000,0x96440000)
  to   space 5376K, 0% used [0x959c0000,0x959c0000,0x95f00000)
 ParOldGen       total 43776K, used 7679K [0x66e00000, 0x698c0000, 0x918c0000)
  object space 43776K, 17% used [0x66e00000,0x6757ff98,0x698c0000)
 Metaspace       used 10947K, capacity 11057K, committed 11160K, reserved 11568K
}
Event: 11.948 GC heap before
{Heap before GC invocations=9 (full 0):
 PSYoungGen      total 71936K, used 70640K [0x918c0000, 0x96440000, 0xa6e00000)
  eden space 66560K, 100% used [0x918c0000,0x959c0000,0x959c0000)
  from space 5376K, 75% used [0x95f00000,0x962fc000,0x96440000)
  to   space 5376K, 0% used [0x959c0000,0x959c0000,0x95f00000)
 ParOldGen       total 43776K, used 7679K [0x66e00000, 0x698c0000, 0x918c0000)
  object space 43776K, 17% used [0x66e00000,0x6757ff98,0x698c0000)
 Metaspace       used 11154K, capacity 11266K, committed 11416K, reserved 11568K
Event: 11.989 GC heap after
Heap after GC invocations=9 (full 0):
 PSYoungGen      total 71936K, used 5376K [0x918c0000, 0x98dc0000, 0xa6e00000)
  eden space 66560K, 0% used [0x918c0000,0x918c0000,0x959c0000)
  from space 5376K, 100% used [0x959c0000,0x95f00000,0x95f00000)
  to   space 6656K, 0% used [0x98740000,0x98740000,0x98dc0000)
 ParOldGen       total 43776K, used 9915K [0x66e00000, 0x698c0000, 0x918c0000)
  object space 43776K, 22% used [0x66e00000,0x677aec40,0x698c0000)
 Metaspace       used 11154K, capacity 11266K, committed 11416K, reserved 11568K
}
Event: 15.050 GC heap before
{Heap before GC invocations=10 (full 0):
 PSYoungGen      total 71936K, used 71936K [0x918c0000, 0x98dc0000, 0xa6e00000)
  eden space 66560K, 100% used [0x918c0000,0x959c0000,0x959c0000)
  from space 5376K, 100% used [0x959c0000,0x95f00000,0x95f00000)
  to   space 6656K, 0% used [0x98740000,0x98740000,0x98dc0000)
 ParOldGen       total 43776K, used 9915K [0x66e00000, 0x698c0000, 0x918c0000)
  object space 43776K, 22% used [0x66e00000,0x677aec40,0x698c0000)
 Metaspace       used 12398K, capacity 12591K, committed 12696K, reserved 13616K
Event: 15.129 GC heap after
Heap after GC invocations=10 (full 0):
 PSYoungGen      total 111616K, used 6649K [0x918c0000, 0x990c0000, 0xa6e00000)
  eden space 104960K, 0% used [0x918c0000,0x918c0000,0x97f40000)
  from space 6656K, 99% used [0x98740000,0x98dbe570,0x98dc0000)
  to   space 8192K, 0% used [0x97f40000,0x97f40000,0x98740000)
 ParOldGen       total 43776K, used 12470K [0x66e00000, 0x698c0000, 0x918c0000)
  object space 43776K, 28% used [0x66e00000,0x67a2dbf0,0x698c0000)
 Metaspace       used 12398K, capacity 12591K, committed 12696K, reserved 13616K
}
Event: 18.024 GC heap before
{Heap before GC invocations=11 (full 0):
 PSYoungGen      total 111616K, used 105352K [0x918c0000, 0x990c0000, 0xa6e00000)
  eden space 104960K, 94% used [0x918c0000,0x97923b68,0x97f40000)
  from space 6656K, 99% used [0x98740000,0x98dbe570,0x98dc0000)
  to   space 8192K, 0% used [0x97f40000,0x97f40000,0x98740000)
 ParOldGen       total 43776K, used 12470K [0x66e00000, 0x698c0000, 0x918c0000)
  object space 43776K, 28% used [0x66e00000,0x67a2dbf0,0x698c0000)
 Metaspace       used 15962K, capacity 16342K, committed 16384K, reserved 16688K

