# JRE version: OpenJDK Runtime Environment (8.0_151-b12) (build 1.8.0_151-8u151-b12-0ubuntu0.16.04.2-b12)
# Java VM: OpenJDK Server VM (25.151-b12 mixed mode linux-x86 )
Heap:
 PSYoungGen      total 139776K, used 9211K [0x916c0000, 0x9a9c0000, 0xa6c00000)
  eden space 130560K, 0% used [0x916c0000,0x916c0000,0x99640000)
  from space 9216K, 99% used [0x99640000,0x99f3ecd8,0x99f40000)
  to   space 7680K, 0% used [0x99f40000,0x99f40000,0x9a6c0000)
 ParOldGen       total 43776K, used 17674K [0x66c00000, 0x696c0000, 0x916c0000)
  object space 43776K, 40% used [0x66c00000,0x67d428f0,0x696c0000)
 Metaspace       used 15762K, capacity 16063K, committed 16152K, reserved 16688K
GC Heap History (10 events):
Event: 4.326 GC heap after
Heap after GC invocations=4 (full 0):
 PSYoungGen      total 35840K, used 2554K [0x916c0000, 0x93c40000, 0xa6c00000)
  eden space 33280K, 0% used [0x916c0000,0x916c0000,0x93740000)
  from space 2560K, 99% used [0x939c0000,0x93c3e880,0x93c40000)
  to   space 2560K, 0% used [0x93740000,0x93740000,0x939c0000)
 ParOldGen       total 43776K, used 4423K [0x66c00000, 0x696c0000, 0x916c0000)
  object space 43776K, 10% used [0x66c00000,0x67051ee0,0x696c0000)
 Metaspace       used 8108K, capacity 8190K, committed 8344K, reserved 8496K
}
Event: 6.096 GC heap before
{Heap before GC invocations=5 (full 0):
 PSYoungGen      total 35840K, used 35834K [0x916c0000, 0x93c40000, 0xa6c00000)
  eden space 33280K, 100% used [0x916c0000,0x93740000,0x93740000)
  from space 2560K, 99% used [0x939c0000,0x93c3e880,0x93c40000)
  to   space 2560K, 0% used [0x93740000,0x93740000,0x939c0000)
 ParOldGen       total 43776K, used 4423K [0x66c00000, 0x696c0000, 0x916c0000)
  object space 43776K, 10% used [0x66c00000,0x67051ee0,0x696c0000)
 Metaspace       used 9985K, capacity 10075K, committed 10136K, reserved 10544K
Event: 6.111 GC heap after
Heap after GC invocations=5 (full 0):
 PSYoungGen      total 35840K, used 2546K [0x916c0000, 0x962c0000, 0xa6c00000)
  eden space 33280K, 0% used [0x916c0000,0x916c0000,0x93740000)
  from space 2560K, 99% used [0x93740000,0x939bc870,0x939c0000)
  to   space 5632K, 0% used [0x95d40000,0x95d40000,0x962c0000)
 ParOldGen       total 43776K, used 6519K [0x66c00000, 0x696c0000, 0x916c0000)
  object space 43776K, 14% used [0x66c00000,0x6725df18,0x696c0000)
 Metaspace       used 9985K, capacity 10075K, committed 10136K, reserved 10544K
}
Event: 8.543 GC heap before
{Heap before GC invocations=6 (full 0):
 PSYoungGen      total 35840K, used 35826K [0x916c0000, 0x962c0000, 0xa6c00000)
  eden space 33280K, 100% used [0x916c0000,0x93740000,0x93740000)
  from space 2560K, 99% used [0x93740000,0x939bc870,0x939c0000)
  to   space 5632K, 0% used [0x95d40000,0x95d40000,0x962c0000)
 ParOldGen       total 43776K, used 6519K [0x66c00000, 0x696c0000, 0x916c0000)
  object space 43776K, 14% used [0x66c00000,0x6725df18,0x696c0000)
 Metaspace       used 10783K, capacity 10892K, committed 11032K, reserved 11568K
Event: 8.593 GC heap after
Heap after GC invocations=6 (full 0):
 PSYoungGen      total 71680K, used 5151K [0x916c0000, 0x963c0000, 0xa6c00000)
  eden space 66048K, 0% used [0x916c0000,0x916c0000,0x95740000)
  from space 5632K, 91% used [0x95d40000,0x96247ce0,0x962c0000)
  to   space 6144K, 0% used [0x95740000,0x95740000,0x95d40000)
 ParOldGen       total 43776K, used 6519K [0x66c00000, 0x696c0000, 0x916c0000)
  object space 43776K, 14% used [0x66c00000,0x6725df18,0x696c0000)
 Metaspace       used 10783K, capacity 10892K, committed 11032K, reserved 11568K
}
Event: 11.702 GC heap before
{Heap before GC invocations=7 (full 0):
 PSYoungGen      total 71680K, used 71199K [0x916c0000, 0x963c0000, 0xa6c00000)
  eden space 66048K, 100% used [0x916c0000,0x95740000,0x95740000)
  from space 5632K, 91% used [0x95d40000,0x96247ce0,0x962c0000)
  to   space 6144K, 0% used [0x95740000,0x95740000,0x95d40000)
 ParOldGen       total 43776K, used 6519K [0x66c00000, 0x696c0000, 0x916c0000)
  object space 43776K, 14% used [0x66c00000,0x6725df18,0x696c0000)
 Metaspace       used 11102K, capacity 11229K, committed 11288K, reserved 11568K
Event: 11.742 GC heap after
Heap after GC invocations=7 (full 0):
 PSYoungGen      total 72192K, used 6138K [0x916c0000, 0x9a6c0000, 0xa6c00000)
  eden space 66048K, 0% used [0x916c0000,0x916c0000,0x95740000)
  from space 6144K, 99% used [0x95740000,0x95d3e840,0x95d40000)
  to   space 7680K, 0% used [0x99f40000,0x99f40000,0x9a6c0000)
 ParOldGen       total 43776K, used 7939K [0x66c00000, 0x696c0000, 0x916c0000)
  object space 43776K, 18% used [0x66c00000,0x673c0c58,0x696c0000)
 Metaspace       used 11102K, capacity 11229K, committed 11288K, reserved 11568K
}
Event: 13.164 GC heap before
{Heap before GC invocations=8 (full 0):
 PSYoungGen      total 72192K, used 72186K [0x916c0000, 0x9a6c0000, 0xa6c00000)
  eden space 66048K, 100% used [0x916c0000,0x95740000,0x95740000)
  from space 6144K, 99% used [0x95740000,0x95d3e840,0x95d40000)
  to   space 7680K, 0% used [0x99f40000,0x99f40000,0x9a6c0000)
 ParOldGen       total 43776K, used 7939K [0x66c00000, 0x696c0000, 0x916c0000)
  object space 43776K, 18% used [0x66c00000,0x673c0c58,0x696c0000)
 Metaspace       used 11397K, capacity 11498K, committed 11544K, reserved 11568K
Event: 13.221 GC heap after
Heap after GC invocations=8 (full 0):
 PSYoungGen      total 138240K, used 7672K [0x916c0000, 0x9a9c0000, 0xa6c00000)
  eden space 130560K, 0% used [0x916c0000,0x916c0000,0x99640000)
  from space 7680K, 99% used [0x99f40000,0x9a6be010,0x9a6c0000)
  to   space 9216K, 0% used [0x99640000,0x99640000,0x99f40000)
 ParOldGen       total 43776K, used 9455K [0x66c00000, 0x696c0000, 0x916c0000)
  object space 43776K, 21% used [0x66c00000,0x6753bfb8,0x696c0000)
 Metaspace       used 11397K, capacity 11498K, committed 11544K, reserved 11568K
}
Event: 19.190 GC heap before
{Heap before GC invocations=9 (full 0):
 PSYoungGen      total 138240K, used 138232K [0x916c0000, 0x9a9c0000, 0xa6c00000)
  eden space 130560K, 100% used [0x916c0000,0x99640000,0x99640000)
  from space 7680K, 99% used [0x99f40000,0x9a6be010,0x9a6c0000)
  to   space 9216K, 0% used [0x99640000,0x99640000,0x99f40000)
 ParOldGen       total 43776K, used 9455K [0x66c00000, 0x696c0000, 0x916c0000)
  object space 43776K, 21% used [0x66c00000,0x6753bfb8,0x696c0000)
 Metaspace       used 15762K, capacity 16063K, committed 16152K, reserved 16688K

