# JRE version: OpenJDK Runtime Environment (8.0_162-b12) (build 1.8.0_162-8u162-b12-0ubuntu0.16.04.2-b12)
# Java VM: OpenJDK Server VM (25.162-b12 mixed mode linux-x86 )
Heap:
 PSYoungGen      total 137728K, used 117313K [0x918c0000, 0x9abc0000, 0xa6e00000)
  eden space 130304K, 84% used [0x918c0000,0x984104f0,0x99800000)
  from space 7424K, 100% used [0x9a100000,0x9a840000,0x9a840000)
  to   space 9216K, 0% used [0x99800000,0x99800000,0x9a100000)
 ParOldGen       total 43776K, used 10099K [0x66e00000, 0x698c0000, 0x918c0000)
  object space 43776K, 23% used [0x66e00000,0x677dce40,0x698c0000)
 Metaspace       used 15201K, capacity 15609K, committed 15640K, reserved 16688K
GC Heap History (10 events):
Event: 2.727 GC heap before
{Heap before GC invocations=4 (full 0):
 PSYoungGen      total 19200K, used 19189K [0x918c0000, 0x93e40000, 0xa6e00000)
  eden space 16640K, 100% used [0x918c0000,0x92900000,0x92900000)
  from space 2560K, 99% used [0x92900000,0x92b7d548,0x92b80000)
  to   space 2560K, 0% used [0x93bc0000,0x93bc0000,0x93e40000)
 ParOldGen       total 43776K, used 2393K [0x66e00000, 0x698c0000, 0x918c0000)
  object space 43776K, 5% used [0x66e00000,0x67056560,0x698c0000)
 Metaspace       used 8158K, capacity 8222K, committed 8344K, reserved 8496K
Event: 2.747 GC heap after
Heap after GC invocations=4 (full 0):
 PSYoungGen      total 35840K, used 2552K [0x918c0000, 0x93e40000, 0xa6e00000)
  eden space 33280K, 0% used [0x918c0000,0x918c0000,0x93940000)
  from space 2560K, 99% used [0x93bc0000,0x93e3e050,0x93e40000)
  to   space 2560K, 0% used [0x93940000,0x93940000,0x93bc0000)
 ParOldGen       total 43776K, used 4585K [0x66e00000, 0x698c0000, 0x918c0000)
  object space 43776K, 10% used [0x66e00000,0x6727a5c8,0x698c0000)
 Metaspace       used 8158K, capacity 8222K, committed 8344K, reserved 8496K
}
Event: 5.646 GC heap before
{Heap before GC invocations=5 (full 0):
 PSYoungGen      total 35840K, used 35832K [0x918c0000, 0x93e40000, 0xa6e00000)
  eden space 33280K, 100% used [0x918c0000,0x93940000,0x93940000)
  from space 2560K, 99% used [0x93bc0000,0x93e3e050,0x93e40000)
  to   space 2560K, 0% used [0x93940000,0x93940000,0x93bc0000)
 ParOldGen       total 43776K, used 4585K [0x66e00000, 0x698c0000, 0x918c0000)
  object space 43776K, 10% used [0x66e00000,0x6727a5c8,0x698c0000)
 Metaspace       used 10063K, capacity 10171K, committed 10264K, reserved 10544K
Event: 5.693 GC heap after
Heap after GC invocations=5 (full 0):
 PSYoungGen      total 35840K, used 2552K [0x918c0000, 0x964c0000, 0xa6e00000)
  eden space 33280K, 0% used [0x918c0000,0x918c0000,0x93940000)
  from space 2560K, 99% used [0x93940000,0x93bbe050,0x93bc0000)
  to   space 5632K, 0% used [0x95f40000,0x95f40000,0x964c0000)
 ParOldGen       total 43776K, used 6714K [0x66e00000, 0x698c0000, 0x918c0000)
  object space 43776K, 15% used [0x66e00000,0x6748eac8,0x698c0000)
 Metaspace       used 10063K, capacity 10171K, committed 10264K, reserved 10544K
}
Event: 8.075 GC heap before
{Heap before GC invocations=6 (full 0):
 PSYoungGen      total 35840K, used 35832K [0x918c0000, 0x964c0000, 0xa6e00000)
  eden space 33280K, 100% used [0x918c0000,0x93940000,0x93940000)
  from space 2560K, 99% used [0x93940000,0x93bbe050,0x93bc0000)
  to   space 5632K, 0% used [0x95f40000,0x95f40000,0x964c0000)
 ParOldGen       total 43776K, used 6714K [0x66e00000, 0x698c0000, 0x918c0000)
  object space 43776K, 15% used [0x66e00000,0x6748eac8,0x698c0000)
 Metaspace       used 10825K, capacity 10956K, committed 11032K, reserved 11568K
Event: 8.100 GC heap after
Heap after GC invocations=6 (full 0):
 PSYoungGen      total 71680K, used 5013K [0x918c0000, 0x965c0000, 0xa6e00000)
  eden space 66048K, 0% used [0x918c0000,0x918c0000,0x95940000)
  from space 5632K, 89% used [0x95f40000,0x964254a0,0x964c0000)
  to   space 6144K, 0% used [0x95940000,0x95940000,0x95f40000)
 ParOldGen       total 43776K, used 6714K [0x66e00000, 0x698c0000, 0x918c0000)
  object space 43776K, 15% used [0x66e00000,0x6748eac8,0x698c0000)
 Metaspace       used 10825K, capacity 10956K, committed 11032K, reserved 11568K
}
Event: 9.680 GC heap before
{Heap before GC invocations=7 (full 0):
 PSYoungGen      total 71680K, used 71061K [0x918c0000, 0x965c0000, 0xa6e00000)
  eden space 66048K, 100% used [0x918c0000,0x95940000,0x95940000)
  from space 5632K, 89% used [0x95f40000,0x964254a0,0x964c0000)
  to   space 6144K, 0% used [0x95940000,0x95940000,0x95f40000)
 ParOldGen       total 43776K, used 6714K [0x66e00000, 0x698c0000, 0x918c0000)
  object space 43776K, 15% used [0x66e00000,0x6748eac8,0x698c0000)
 Metaspace       used 11137K, capacity 11229K, committed 11288K, reserved 11568K
Event: 9.753 GC heap after
Heap after GC invocations=7 (full 0):
 PSYoungGen      total 72192K, used 6138K [0x918c0000, 0x9a840000, 0xa6e00000)
  eden space 66048K, 0% used [0x918c0000,0x918c0000,0x95940000)
  from space 6144K, 99% used [0x95940000,0x95f3e830,0x95f40000)
  to   space 7424K, 0% used [0x9a100000,0x9a100000,0x9a840000)
 ParOldGen       total 43776K, used 7997K [0x66e00000, 0x698c0000, 0x918c0000)
  object space 43776K, 18% used [0x66e00000,0x675cf570,0x698c0000)
 Metaspace       used 11137K, capacity 11229K, committed 11288K, reserved 11568K
}
Event: 11.160 GC heap before
{Heap before GC invocations=8 (full 0):
 PSYoungGen      total 72192K, used 72186K [0x918c0000, 0x9a840000, 0xa6e00000)
  eden space 66048K, 100% used [0x918c0000,0x95940000,0x95940000)
  from space 6144K, 99% used [0x95940000,0x95f3e830,0x95f40000)
  to   space 7424K, 0% used [0x9a100000,0x9a100000,0x9a840000)
 ParOldGen       total 43776K, used 7997K [0x66e00000, 0x698c0000, 0x918c0000)
  object space 43776K, 18% used [0x66e00000,0x675cf570,0x698c0000)
 Metaspace       used 11615K, capacity 11762K, committed 11800K, reserved 12592K
Event: 11.198 GC heap after
Heap after GC invocations=8 (full 0):
 PSYoungGen      total 137728K, used 7424K [0x918c0000, 0x9abc0000, 0xa6e00000)
  eden space 130304K, 0% used [0x918c0000,0x918c0000,0x99800000)
  from space 7424K, 100% used [0x9a100000,0x9a840000,0x9a840000)
  to   space 9216K, 0% used [0x99800000,0x99800000,0x9a100000)
 ParOldGen       total 43776K, used 10099K [0x66e00000, 0x698c0000, 0x918c0000)
  object space 43776K, 23% used [0x66e00000,0x677dce40,0x698c0000)
 Metaspace       used 11615K, capacity 11762K, committed 11800K, reserved 12592K
}

