# JRE version: OpenJDK Runtime Environment (8.0_162-b12) (build 1.8.0_162-8u162-b12-0ubuntu0.16.04.2-b12)
# Java VM: OpenJDK Server VM (25.162-b12 mixed mode linux-x86 )
Heap:
 PSYoungGen      total 71680K, used 43910K [0x918c0000, 0x963c0000, 0xa6e00000)
  eden space 66560K, 59% used [0x918c0000,0x93f79a08,0x959c0000)
  from space 5120K, 83% used [0x95ec0000,0x962e8000,0x963c0000)
  to   space 5120K, 0% used [0x959c0000,0x959c0000,0x95ec0000)
 ParOldGen       total 43776K, used 7457K [0x66e00000, 0x698c0000, 0x918c0000)
  object space 43776K, 17% used [0x66e00000,0x675487b0,0x698c0000)
 Metaspace       used 11135K, capacity 11229K, committed 11288K, reserved 11568K
GC Heap History (10 events):
Event: 4.264 GC heap before
{Heap before GC invocations=4 (full 0):
 PSYoungGen      total 19200K, used 19184K [0x918c0000, 0x92e00000, 0xa6e00000)
  eden space 16640K, 100% used [0x918c0000,0x92900000,0x92900000)
  from space 2560K, 99% used [0x92900000,0x92b7c200,0x92b80000)
  to   space 2560K, 0% used [0x92b80000,0x92b80000,0x92e00000)
 ParOldGen       total 43776K, used 2344K [0x66e00000, 0x698c0000, 0x918c0000)
  object space 43776K, 5% used [0x66e00000,0x6704a200,0x698c0000)
 Metaspace       used 8092K, capacity 8156K, committed 8216K, reserved 8496K
Event: 4.274 GC heap after
Heap after GC invocations=4 (full 0):
 PSYoungGen      total 19200K, used 2554K [0x918c0000, 0x93e40000, 0xa6e00000)
  eden space 16640K, 0% used [0x918c0000,0x918c0000,0x92900000)
  from space 2560K, 99% used [0x92b80000,0x92dfe880,0x92e00000)
  to   space 2560K, 0% used [0x92900000,0x92900000,0x92b80000)
 ParOldGen       total 43776K, used 4393K [0x66e00000, 0x698c0000, 0x918c0000)
  object space 43776K, 10% used [0x66e00000,0x6724a4c0,0x698c0000)
 Metaspace       used 8092K, capacity 8156K, committed 8216K, reserved 8496K
}
Event: 5.193 GC heap before
{Heap before GC invocations=5 (full 0):
 PSYoungGen      total 19200K, used 19194K [0x918c0000, 0x93e40000, 0xa6e00000)
  eden space 16640K, 100% used [0x918c0000,0x92900000,0x92900000)
  from space 2560K, 99% used [0x92b80000,0x92dfe880,0x92e00000)
  to   space 2560K, 0% used [0x92900000,0x92900000,0x92b80000)
 ParOldGen       total 43776K, used 4393K [0x66e00000, 0x698c0000, 0x918c0000)
  object space 43776K, 10% used [0x66e00000,0x6724a4c0,0x698c0000)
 Metaspace       used 8855K, capacity 8931K, committed 8984K, reserved 9520K
Event: 5.204 GC heap after
Heap after GC invocations=5 (full 0):
 PSYoungGen      total 19200K, used 2554K [0x918c0000, 0x94340000, 0xa6e00000)
  eden space 16640K, 0% used [0x918c0000,0x918c0000,0x92900000)
  from space 2560K, 99% used [0x92900000,0x92b7e870,0x92b80000)
  to   space 5120K, 0% used [0x93e40000,0x93e40000,0x94340000)
 ParOldGen       total 43776K, used 5435K [0x66e00000, 0x698c0000, 0x918c0000)
  object space 43776K, 12% used [0x66e00000,0x6734eea0,0x698c0000)
 Metaspace       used 8855K, capacity 8931K, committed 8984K, reserved 9520K
}
Event: 6.034 GC heap before
{Heap before GC invocations=6 (full 0):
 PSYoungGen      total 19200K, used 19194K [0x918c0000, 0x94340000, 0xa6e00000)
  eden space 16640K, 100% used [0x918c0000,0x92900000,0x92900000)
  from space 2560K, 99% used [0x92900000,0x92b7e870,0x92b80000)
  to   space 5120K, 0% used [0x93e40000,0x93e40000,0x94340000)
 ParOldGen       total 43776K, used 5435K [0x66e00000, 0x698c0000, 0x918c0000)
  object space 43776K, 12% used [0x66e00000,0x6734eea0,0x698c0000)
 Metaspace       used 9992K, capacity 10075K, committed 10136K, reserved 10544K
Event: 6.045 GC heap after
Heap after GC invocations=6 (full 0):
 PSYoungGen      total 37888K, used 3673K [0x918c0000, 0x942c0000, 0xa6e00000)
  eden space 33280K, 0% used [0x918c0000,0x918c0000,0x93940000)
  from space 4608K, 79% used [0x93e40000,0x941d66d8,0x942c0000)
  to   space 4864K, 0% used [0x93940000,0x93940000,0x93e00000)
 ParOldGen       total 43776K, used 5439K [0x66e00000, 0x698c0000, 0x918c0000)
  object space 43776K, 12% used [0x66e00000,0x6734fea0,0x698c0000)
 Metaspace       used 9992K, capacity 10075K, committed 10136K, reserved 10544K
}
Event: 8.159 GC heap before
{Heap before GC invocations=7 (full 0):
 PSYoungGen      total 37888K, used 36953K [0x918c0000, 0x942c0000, 0xa6e00000)
  eden space 33280K, 100% used [0x918c0000,0x93940000,0x93940000)
  from space 4608K, 79% used [0x93e40000,0x941d66d8,0x942c0000)
  to   space 4864K, 0% used [0x93940000,0x93940000,0x93e00000)
 ParOldGen       total 43776K, used 5439K [0x66e00000, 0x698c0000, 0x918c0000)
  object space 43776K, 12% used [0x66e00000,0x6734fea0,0x698c0000)
 Metaspace       used 10827K, capacity 10924K, committed 11032K, reserved 11568K
Event: 8.236 GC heap after
Heap after GC invocations=7 (full 0):
 PSYoungGen      total 38144K, used 4479K [0x918c0000, 0x963c0000, 0xa6e00000)
  eden space 33280K, 0% used [0x918c0000,0x918c0000,0x93940000)
  from space 4864K, 92% used [0x93940000,0x93d9fcb0,0x93e00000)
  to   space 5120K, 0% used [0x95ec0000,0x95ec0000,0x963c0000)
 ParOldGen       total 43776K, used 6634K [0x66e00000, 0x698c0000, 0x918c0000)
  object space 43776K, 15% used [0x66e00000,0x6747a8d0,0x698c0000)
 Metaspace       used 10827K, capacity 10924K, committed 11032K, reserved 11568K
}
Event: 10.099 GC heap before
{Heap before GC invocations=8 (full 0):
 PSYoungGen      total 38144K, used 37759K [0x918c0000, 0x963c0000, 0xa6e00000)
  eden space 33280K, 100% used [0x918c0000,0x93940000,0x93940000)
  from space 4864K, 92% used [0x93940000,0x93d9fcb0,0x93e00000)
  to   space 5120K, 0% used [0x95ec0000,0x95ec0000,0x963c0000)
 ParOldGen       total 43776K, used 6634K [0x66e00000, 0x698c0000, 0x918c0000)
  object space 43776K, 15% used [0x66e00000,0x6747a8d0,0x698c0000)
 Metaspace       used 10997K, capacity 11121K, committed 11288K, reserved 11568K
Event: 10.157 GC heap after
Heap after GC invocations=8 (full 0):
 PSYoungGen      total 71680K, used 4256K [0x918c0000, 0x963c0000, 0xa6e00000)
  eden space 66560K, 0% used [0x918c0000,0x918c0000,0x959c0000)
  from space 5120K, 83% used [0x95ec0000,0x962e8000,0x963c0000)
  to   space 5120K, 0% used [0x959c0000,0x959c0000,0x95ec0000)
 ParOldGen       total 43776K, used 7457K [0x66e00000, 0x698c0000, 0x918c0000)
  object space 43776K, 17% used [0x66e00000,0x675487b0,0x698c0000)
 Metaspace       used 10997K, capacity 11121K, committed 11288K, reserved 11568K
}

