# JRE version: OpenJDK Runtime Environment (8.0_162-b12) (build 1.8.0_162-8u162-b12-0ubuntu0.16.04.2-b12)
# Java VM: OpenJDK Server VM (25.162-b12 mixed mode linux-x86 )
Heap:
 PSYoungGen      total 69120K, used 2552K [0x916c0000, 0x95cc0000, 0xa6c00000)
  eden space 66560K, 0% used [0x916c0000,0x916c0000,0x957c0000)
  from space 2560K, 99% used [0x957c0000,0x95a3e070,0x95a40000)
  to   space 2560K, 0% used [0x95a40000,0x95a40000,0x95cc0000)
 ParOldGen       total 43776K, used 11072K [0x66c00000, 0x696c0000, 0x916c0000)
  object space 43776K, 25% used [0x66c00000,0x676d00a0,0x696c0000)
 Metaspace       used 10971K, capacity 11057K, committed 11160K, reserved 11568K
GC Heap History (9 events):
Event: 0.766 GC heap before
{Heap before GC invocations=1 (full 0):
 PSYoungGen      total 19200K, used 16640K [0x916c0000, 0x92c00000, 0xa6c00000)
  eden space 16640K, 100% used [0x916c0000,0x92700000,0x92700000)
  from space 2560K, 0% used [0x92980000,0x92980000,0x92c00000)
  to   space 2560K, 0% used [0x92700000,0x92700000,0x92980000)
 ParOldGen       total 43776K, used 0K [0x66c00000, 0x696c0000, 0x916c0000)
  object space 43776K, 0% used [0x66c00000,0x66c00000,0x696c0000)
 Metaspace       used 4673K, capacity 4714K, committed 4760K, reserved 5424K
Event: 0.775 GC heap after
Heap after GC invocations=1 (full 0):
 PSYoungGen      total 19200K, used 2558K [0x916c0000, 0x93c40000, 0xa6c00000)
  eden space 16640K, 0% used [0x916c0000,0x916c0000,0x92700000)
  from space 2560K, 99% used [0x92700000,0x9297f918,0x92980000)
  to   space 2560K, 0% used [0x939c0000,0x939c0000,0x93c40000)
 ParOldGen       total 43776K, used 788K [0x66c00000, 0x696c0000, 0x916c0000)
  object space 43776K, 1% used [0x66c00000,0x66cc53c8,0x696c0000)
 Metaspace       used 4673K, capacity 4714K, committed 4760K, reserved 5424K
}
Event: 1.137 GC heap before
{Heap before GC invocations=2 (full 0):
 PSYoungGen      total 19200K, used 19198K [0x916c0000, 0x93c40000, 0xa6c00000)
  eden space 16640K, 100% used [0x916c0000,0x92700000,0x92700000)
  from space 2560K, 99% used [0x92700000,0x9297f918,0x92980000)
  to   space 2560K, 0% used [0x939c0000,0x939c0000,0x93c40000)
 ParOldGen       total 43776K, used 788K [0x66c00000, 0x696c0000, 0x916c0000)
  object space 43776K, 1% used [0x66c00000,0x66cc53c8,0x696c0000)
 Metaspace       used 5296K, capacity 5354K, committed 5400K, reserved 5424K
Event: 1.142 GC heap after
Heap after GC invocations=2 (full 0):
 PSYoungGen      total 35840K, used 2551K [0x916c0000, 0x93c40000, 0xa6c00000)
  eden space 33280K, 0% used [0x916c0000,0x916c0000,0x93740000)
  from space 2560K, 99% used [0x939c0000,0x93c3dfc8,0x93c40000)
  to   space 2560K, 0% used [0x93740000,0x93740000,0x939c0000)
 ParOldGen       total 43776K, used 875K [0x66c00000, 0x696c0000, 0x916c0000)
  object space 43776K, 2% used [0x66c00000,0x66cdae50,0x696c0000)
 Metaspace       used 5296K, capacity 5354K, committed 5400K, reserved 5424K
}
Event: 1.798 GC heap before
{Heap before GC invocations=3 (full 0):
 PSYoungGen      total 35840K, used 35831K [0x916c0000, 0x93c40000, 0xa6c00000)
  eden space 33280K, 100% used [0x916c0000,0x93740000,0x93740000)
  from space 2560K, 99% used [0x939c0000,0x93c3dfc8,0x93c40000)
  to   space 2560K, 0% used [0x93740000,0x93740000,0x939c0000)
 ParOldGen       total 43776K, used 875K [0x66c00000, 0x696c0000, 0x916c0000)
  object space 43776K, 2% used [0x66c00000,0x66cdae50,0x696c0000)
 Metaspace       used 8077K, capacity 8158K, committed 8216K, reserved 8496K
Event: 1.807 GC heap after
Heap after GC invocations=3 (full 0):
 PSYoungGen      total 35840K, used 2552K [0x916c0000, 0x95cc0000, 0xa6c00000)
  eden space 33280K, 0% used [0x916c0000,0x916c0000,0x93740000)
  from space 2560K, 99% used [0x93740000,0x939be080,0x939c0000)
  to   space 2560K, 0% used [0x95a40000,0x95a40000,0x95cc0000)
 ParOldGen       total 43776K, used 4949K [0x66c00000, 0x696c0000, 0x916c0000)
  object space 43776K, 11% used [0x66c00000,0x670d5540,0x696c0000)
 Metaspace       used 8077K, capacity 8158K, committed 8216K, reserved 8496K
}
Event: 3.197 GC heap before
{Heap before GC invocations=4 (full 0):
 PSYoungGen      total 35840K, used 35832K [0x916c0000, 0x95cc0000, 0xa6c00000)
  eden space 33280K, 100% used [0x916c0000,0x93740000,0x93740000)
  from space 2560K, 99% used [0x93740000,0x939be080,0x939c0000)
  to   space 2560K, 0% used [0x95a40000,0x95a40000,0x95cc0000)
 ParOldGen       total 43776K, used 4949K [0x66c00000, 0x696c0000, 0x916c0000)
  object space 43776K, 11% used [0x66c00000,0x670d5540,0x696c0000)
 Metaspace       used 9985K, capacity 10075K, committed 10136K, reserved 10544K
Event: 3.221 GC heap after
Heap after GC invocations=4 (full 0):
 PSYoungGen      total 69120K, used 2544K [0x916c0000, 0x95cc0000, 0xa6c00000)
  eden space 66560K, 0% used [0x916c0000,0x916c0000,0x957c0000)
  from space 2560K, 99% used [0x95a40000,0x95cbc070,0x95cc0000)
  to   space 2560K, 0% used [0x957c0000,0x957c0000,0x95a40000)
 ParOldGen       total 43776K, used 7065K [0x66c00000, 0x696c0000, 0x916c0000)
  object space 43776K, 16% used [0x66c00000,0x672e67e0,0x696c0000)
 Metaspace       used 9985K, capacity 10075K, committed 10136K, reserved 10544K
}
Event: 4.319 GC heap before
{Heap before GC invocations=5 (full 0):
 PSYoungGen      total 69120K, used 69104K [0x916c0000, 0x95cc0000, 0xa6c00000)
  eden space 66560K, 100% used [0x916c0000,0x957c0000,0x957c0000)
  from space 2560K, 99% used [0x95a40000,0x95cbc070,0x95cc0000)
  to   space 2560K, 0% used [0x957c0000,0x957c0000,0x95a40000)
 ParOldGen       total 43776K, used 7065K [0x66c00000, 0x696c0000, 0x916c0000)
  object space 43776K, 16% used [0x66c00000,0x672e67e0,0x696c0000)
 Metaspace       used 10971K, capacity 11057K, committed 11160K, reserved 11568K

