# JRE version: OpenJDK Runtime Environment (8.0_151-b12) (build 1.8.0_151-8u151-b12-0ubuntu0.16.04.2-b12)
# Java VM: OpenJDK Server VM (25.151-b12 mixed mode linux-x86 )
Heap:
 PSYoungGen      total 112640K, used 93178K [0x916c0000, 0x98d00000, 0xa6c00000)
  eden space 105728K, 82% used [0x916c0000,0x96b74510,0x97e00000)
  from space 6912K, 93% used [0x98540000,0x98b8a478,0x98c00000)
  to   space 7424K, 0% used [0x97e00000,0x97e00000,0x98540000)
 ParOldGen       total 43776K, used 12694K [0x66c00000, 0x696c0000, 0x916c0000)
  object space 43776K, 28% used [0x66c00000,0x67865be8,0x696c0000)
 Metaspace       used 15456K, capacity 15862K, committed 15896K, reserved 16688K
GC Heap History (10 events):
Event: 5.177 GC heap before
{Heap before GC invocations=6 (full 0):
 PSYoungGen      total 19200K, used 19192K [0x916c0000, 0x94140000, 0xa6c00000)
  eden space 16640K, 100% used [0x916c0000,0x92700000,0x92700000)
  from space 2560K, 99% used [0x92700000,0x9297e070,0x92980000)
  to   space 5120K, 0% used [0x93c40000,0x93c40000,0x94140000)
 ParOldGen       total 43776K, used 5466K [0x66c00000, 0x696c0000, 0x916c0000)
  object space 43776K, 12% used [0x66c00000,0x67156b38,0x696c0000)
 Metaspace       used 9999K, capacity 10075K, committed 10136K, reserved 10544K
Event: 5.205 GC heap after
Heap after GC invocations=6 (full 0):
 PSYoungGen      total 37888K, used 3844K [0x916c0000, 0x940c0000, 0xa6c00000)
  eden space 33280K, 0% used [0x916c0000,0x916c0000,0x93740000)
  from space 4608K, 83% used [0x93c40000,0x940013d8,0x940c0000)
  to   space 4864K, 0% used [0x93740000,0x93740000,0x93c00000)
 ParOldGen       total 43776K, used 5470K [0x66c00000, 0x696c0000, 0x916c0000)
  object space 43776K, 12% used [0x66c00000,0x67157b38,0x696c0000)
 Metaspace       used 9999K, capacity 10075K, committed 10136K, reserved 10544K
}
Event: 8.455 GC heap before
{Heap before GC invocations=7 (full 0):
 PSYoungGen      total 37888K, used 37124K [0x916c0000, 0x940c0000, 0xa6c00000)
  eden space 33280K, 100% used [0x916c0000,0x93740000,0x93740000)
  from space 4608K, 83% used [0x93c40000,0x940013d8,0x940c0000)
  to   space 4864K, 0% used [0x93740000,0x93740000,0x93c00000)
 ParOldGen       total 43776K, used 5470K [0x66c00000, 0x696c0000, 0x916c0000)
  object space 43776K, 12% used [0x66c00000,0x67157b38,0x696c0000)
 Metaspace       used 10786K, capacity 10892K, committed 11032K, reserved 11568K
Event: 8.520 GC heap after
Heap after GC invocations=7 (full 0):
 PSYoungGen      total 38144K, used 4591K [0x916c0000, 0x961c0000, 0xa6c00000)
  eden space 33280K, 0% used [0x916c0000,0x916c0000,0x93740000)
  from space 4864K, 94% used [0x93740000,0x93bbbf08,0x93c00000)
  to   space 5120K, 0% used [0x95cc0000,0x95cc0000,0x961c0000)
 ParOldGen       total 43776K, used 6638K [0x66c00000, 0x696c0000, 0x916c0000)
  object space 43776K, 15% used [0x66c00000,0x6727b8e8,0x696c0000)
 Metaspace       used 10786K, capacity 10892K, committed 11032K, reserved 11568K
}
Event: 10.004 GC heap before
{Heap before GC invocations=8 (full 0):
 PSYoungGen      total 38144K, used 37871K [0x916c0000, 0x961c0000, 0xa6c00000)
  eden space 33280K, 100% used [0x916c0000,0x93740000,0x93740000)
  from space 4864K, 94% used [0x93740000,0x93bbbf08,0x93c00000)
  to   space 5120K, 0% used [0x95cc0000,0x95cc0000,0x961c0000)
 ParOldGen       total 43776K, used 6638K [0x66c00000, 0x696c0000, 0x916c0000)
  object space 43776K, 15% used [0x66c00000,0x6727b8e8,0x696c0000)
 Metaspace       used 10973K, capacity 11089K, committed 11160K, reserved 11568K
Event: 10.019 GC heap after
Heap after GC invocations=8 (full 0):
 PSYoungGen      total 71424K, used 4544K [0x916c0000, 0x96240000, 0xa6c00000)
  eden space 66304K, 0% used [0x916c0000,0x916c0000,0x95780000)
  from space 5120K, 88% used [0x95cc0000,0x96130010,0x961c0000)
  to   space 5376K, 0% used [0x95780000,0x95780000,0x95cc0000)
 ParOldGen       total 43776K, used 7467K [0x66c00000, 0x696c0000, 0x916c0000)
  object space 43776K, 17% used [0x66c00000,0x6734afb8,0x696c0000)
 Metaspace       used 10973K, capacity 11089K, committed 11160K, reserved 11568K
}
Event: 11.055 GC heap before
{Heap before GC invocations=9 (full 0):
 PSYoungGen      total 71424K, used 70848K [0x916c0000, 0x96240000, 0xa6c00000)
  eden space 66304K, 100% used [0x916c0000,0x95780000,0x95780000)
  from space 5120K, 88% used [0x95cc0000,0x96130010,0x961c0000)
  to   space 5376K, 0% used [0x95780000,0x95780000,0x95cc0000)
 ParOldGen       total 43776K, used 7467K [0x66c00000, 0x696c0000, 0x916c0000)
  object space 43776K, 17% used [0x66c00000,0x6734afb8,0x696c0000)
 Metaspace       used 11155K, capacity 11266K, committed 11416K, reserved 11568K
Event: 11.096 GC heap after
Heap after GC invocations=9 (full 0):
 PSYoungGen      total 71680K, used 5376K [0x916c0000, 0x98c00000, 0xa6c00000)
  eden space 66304K, 0% used [0x916c0000,0x916c0000,0x95780000)
  from space 5376K, 100% used [0x95780000,0x95cc0000,0x95cc0000)
  to   space 6912K, 0% used [0x98540000,0x98540000,0x98c00000)
 ParOldGen       total 43776K, used 10096K [0x66c00000, 0x696c0000, 0x916c0000)
  object space 43776K, 23% used [0x66c00000,0x675dc288,0x696c0000)
 Metaspace       used 11155K, capacity 11266K, committed 11416K, reserved 11568K
}
Event: 12.766 GC heap before
{Heap before GC invocations=10 (full 0):
 PSYoungGen      total 71680K, used 71680K [0x916c0000, 0x98c00000, 0xa6c00000)
  eden space 66304K, 100% used [0x916c0000,0x95780000,0x95780000)
  from space 5376K, 100% used [0x95780000,0x95cc0000,0x95cc0000)
  to   space 6912K, 0% used [0x98540000,0x98540000,0x98c00000)
 ParOldGen       total 43776K, used 10096K [0x66c00000, 0x696c0000, 0x916c0000)
  object space 43776K, 23% used [0x66c00000,0x675dc288,0x696c0000)
 Metaspace       used 12241K, capacity 12393K, committed 12440K, reserved 12592K
Event: 12.800 GC heap after
Heap after GC invocations=10 (full 0):
 PSYoungGen      total 112640K, used 6441K [0x916c0000, 0x98d00000, 0xa6c00000)
  eden space 105728K, 0% used [0x916c0000,0x916c0000,0x97e00000)
  from space 6912K, 93% used [0x98540000,0x98b8a478,0x98c00000)
  to   space 7424K, 0% used [0x97e00000,0x97e00000,0x98540000)
 ParOldGen       total 43776K, used 12694K [0x66c00000, 0x696c0000, 0x916c0000)
  object space 43776K, 28% used [0x66c00000,0x67865be8,0x696c0000)
 Metaspace       used 12241K, capacity 12393K, committed 12440K, reserved 12592K
}

