# JRE version: OpenJDK Runtime Environment (8.0_151-b12) (build 1.8.0_151-8u151-b12-0ubuntu0.16.04.2-b12)
# Java VM: OpenJDK Server VM (25.151-b12 mixed mode linux-x86 )
Heap:
 PSYoungGen      total 112128K, used 87666K [0x916c0000, 0x98d00000, 0xa6c00000)
  eden space 105472K, 76% used [0x916c0000,0x9660d510,0x97dc0000)
  from space 6656K, 97% used [0x98500000,0x98b4f3c0,0x98b80000)
  to   space 7424K, 0% used [0x97dc0000,0x97dc0000,0x98500000)
 ParOldGen       total 43776K, used 12164K [0x66c00000, 0x696c0000, 0x916c0000)
  object space 43776K, 27% used [0x66c00000,0x677e11a0,0x696c0000)
 Metaspace       used 15099K, capacity 15381K, committed 15384K, reserved 15664K
GC Heap History (10 events):
Event: 6.559 GC heap before
{Heap before GC invocations=6 (full 0):
 PSYoungGen      total 19200K, used 19186K [0x916c0000, 0x940c0000, 0xa6c00000)
  eden space 16640K, 100% used [0x916c0000,0x92700000,0x92700000)
  from space 2560K, 99% used [0x92700000,0x9297c890,0x92980000)
  to   space 4864K, 0% used [0x93c00000,0x93c00000,0x940c0000)
 ParOldGen       total 43776K, used 5472K [0x66c00000, 0x696c0000, 0x916c0000)
  object space 43776K, 12% used [0x66c00000,0x67158128,0x696c0000)
 Metaspace       used 9973K, capacity 10043K, committed 10136K, reserved 10544K
Event: 6.581 GC heap after
Heap after GC invocations=6 (full 0):
 PSYoungGen      total 38144K, used 3636K [0x916c0000, 0x940c0000, 0xa6c00000)
  eden space 33280K, 0% used [0x916c0000,0x916c0000,0x93740000)
  from space 4864K, 74% used [0x93c00000,0x93f8d028,0x940c0000)
  to   space 4864K, 0% used [0x93740000,0x93740000,0x93c00000)
 ParOldGen       total 43776K, used 5476K [0x66c00000, 0x696c0000, 0x916c0000)
  object space 43776K, 12% used [0x66c00000,0x67159128,0x696c0000)
 Metaspace       used 9973K, capacity 10043K, committed 10136K, reserved 10544K
}
Event: 8.902 GC heap before
{Heap before GC invocations=7 (full 0):
 PSYoungGen      total 38144K, used 36916K [0x916c0000, 0x940c0000, 0xa6c00000)
  eden space 33280K, 100% used [0x916c0000,0x93740000,0x93740000)
  from space 4864K, 74% used [0x93c00000,0x93f8d028,0x940c0000)
  to   space 4864K, 0% used [0x93740000,0x93740000,0x93c00000)
 ParOldGen       total 43776K, used 5476K [0x66c00000, 0x696c0000, 0x916c0000)
  object space 43776K, 12% used [0x66c00000,0x67159128,0x696c0000)
 Metaspace       used 10779K, capacity 10892K, committed 11032K, reserved 11568K
Event: 8.987 GC heap after
Heap after GC invocations=7 (full 0):
 PSYoungGen      total 38144K, used 4729K [0x916c0000, 0x961c0000, 0xa6c00000)
  eden space 33280K, 0% used [0x916c0000,0x916c0000,0x93740000)
  from space 4864K, 97% used [0x93740000,0x93bde718,0x93c00000)
  to   space 5120K, 0% used [0x95cc0000,0x95cc0000,0x961c0000)
 ParOldGen       total 43776K, used 6287K [0x66c00000, 0x696c0000, 0x916c0000)
  object space 43776K, 14% used [0x66c00000,0x67223ed0,0x696c0000)
 Metaspace       used 10779K, capacity 10892K, committed 11032K, reserved 11568K
}
Event: 11.144 GC heap before
{Heap before GC invocations=8 (full 0):
 PSYoungGen      total 38144K, used 38009K [0x916c0000, 0x961c0000, 0xa6c00000)
  eden space 33280K, 100% used [0x916c0000,0x93740000,0x93740000)
  from space 4864K, 97% used [0x93740000,0x93bde718,0x93c00000)
  to   space 5120K, 0% used [0x95cc0000,0x95cc0000,0x961c0000)
 ParOldGen       total 43776K, used 6287K [0x66c00000, 0x696c0000, 0x916c0000)
  object space 43776K, 14% used [0x66c00000,0x67223ed0,0x696c0000)
 Metaspace       used 10955K, capacity 11057K, committed 11160K, reserved 11568K
Event: 11.206 GC heap after
Heap after GC invocations=8 (full 0):
 PSYoungGen      total 71424K, used 4368K [0x916c0000, 0x96240000, 0xa6c00000)
  eden space 66304K, 0% used [0x916c0000,0x916c0000,0x95780000)
  from space 5120K, 85% used [0x95cc0000,0x96104000,0x961c0000)
  to   space 5376K, 0% used [0x95780000,0x95780000,0x95cc0000)
 ParOldGen       total 43776K, used 7433K [0x66c00000, 0x696c0000, 0x916c0000)
  object space 43776K, 16% used [0x66c00000,0x673425d0,0x696c0000)
 Metaspace       used 10955K, capacity 11057K, committed 11160K, reserved 11568K
}
Event: 12.772 GC heap before
{Heap before GC invocations=9 (full 0):
 PSYoungGen      total 71424K, used 70672K [0x916c0000, 0x96240000, 0xa6c00000)
  eden space 66304K, 100% used [0x916c0000,0x95780000,0x95780000)
  from space 5120K, 85% used [0x95cc0000,0x96104000,0x961c0000)
  to   space 5376K, 0% used [0x95780000,0x95780000,0x95cc0000)
 ParOldGen       total 43776K, used 7433K [0x66c00000, 0x696c0000, 0x916c0000)
  object space 43776K, 16% used [0x66c00000,0x673425d0,0x696c0000)
 Metaspace       used 11140K, capacity 11234K, committed 11288K, reserved 11568K
Event: 12.802 GC heap after
Heap after GC invocations=9 (full 0):
 PSYoungGen      total 71680K, used 5376K [0x916c0000, 0x98b80000, 0xa6c00000)
  eden space 66304K, 0% used [0x916c0000,0x916c0000,0x95780000)
  from space 5376K, 100% used [0x95780000,0x95cc0000,0x95cc0000)
  to   space 6656K, 0% used [0x98500000,0x98500000,0x98b80000)
 ParOldGen       total 43776K, used 9892K [0x66c00000, 0x696c0000, 0x916c0000)
  object space 43776K, 22% used [0x66c00000,0x675a9050,0x696c0000)
 Metaspace       used 11140K, capacity 11234K, committed 11288K, reserved 11568K
}
Event: 14.611 GC heap before
{Heap before GC invocations=10 (full 0):
 PSYoungGen      total 71680K, used 71680K [0x916c0000, 0x98b80000, 0xa6c00000)
  eden space 66304K, 100% used [0x916c0000,0x95780000,0x95780000)
  from space 5376K, 100% used [0x95780000,0x95cc0000,0x95cc0000)
  to   space 6656K, 0% used [0x98500000,0x98500000,0x98b80000)
 ParOldGen       total 43776K, used 9892K [0x66c00000, 0x696c0000, 0x916c0000)
  object space 43776K, 22% used [0x66c00000,0x675a9050,0x696c0000)
 Metaspace       used 12250K, capacity 12425K, committed 12440K, reserved 12592K
Event: 14.629 GC heap after
Heap after GC invocations=10 (full 0):
 PSYoungGen      total 112128K, used 6460K [0x916c0000, 0x98d00000, 0xa6c00000)
  eden space 105472K, 0% used [0x916c0000,0x916c0000,0x97dc0000)
  from space 6656K, 97% used [0x98500000,0x98b4f3c0,0x98b80000)
  to   space 7424K, 0% used [0x97dc0000,0x97dc0000,0x98500000)
 ParOldGen       total 43776K, used 12164K [0x66c00000, 0x696c0000, 0x916c0000)
  object space 43776K, 27% used [0x66c00000,0x677e11a0,0x696c0000)
 Metaspace       used 12250K, capacity 12425K, committed 12440K, reserved 12592K
}

