# JRE version: OpenJDK Runtime Environment (8.0_162-b12) (build 1.8.0_162-8u162-b12-0ubuntu0.16.04.2-b12)
# Java VM: OpenJDK Server VM (25.162-b12 mixed mode linux-x86 )
Heap:
 PSYoungGen      total 113152K, used 7160K [0x916c0000, 0x98cc0000, 0xa6c00000)
  eden space 105984K, 0% used [0x916c0000,0x916c0000,0x97e40000)
  from space 7168K, 99% used [0x97e40000,0x9853e010,0x98540000)
  to   space 6656K, 0% used [0x98540000,0x98540000,0x98bc0000)
 ParOldGen       total 43776K, used 18589K [0x66c00000, 0x696c0000, 0x916c0000)
  object space 43776K, 42% used [0x66c00000,0x67e27768,0x696c0000)
 Metaspace       used 16097K, capacity 16356K, committed 16384K, reserved 16688K
GC Heap History (10 events):
Event: 4.410 GC heap after
Heap after GC invocations=6 (full 0):
 PSYoungGen      total 38144K, used 3642K [0x916c0000, 0x940c0000, 0xa6c00000)
  eden space 33280K, 0% used [0x916c0000,0x916c0000,0x93740000)
  from space 4864K, 74% used [0x93c00000,0x93f8ebc8,0x940c0000)
  to   space 4864K, 0% used [0x93740000,0x93740000,0x93c00000)
 ParOldGen       total 43776K, used 5426K [0x66c00000, 0x696c0000, 0x916c0000)
  object space 43776K, 12% used [0x66c00000,0x6714caf8,0x696c0000)
 Metaspace       used 9984K, capacity 10075K, committed 10136K, reserved 10544K
}
Event: 5.911 GC heap before
{Heap before GC invocations=7 (full 0):
 PSYoungGen      total 38144K, used 36922K [0x916c0000, 0x940c0000, 0xa6c00000)
  eden space 33280K, 100% used [0x916c0000,0x93740000,0x93740000)
  from space 4864K, 74% used [0x93c00000,0x93f8ebc8,0x940c0000)
  to   space 4864K, 0% used [0x93740000,0x93740000,0x93c00000)
 ParOldGen       total 43776K, used 5426K [0x66c00000, 0x696c0000, 0x916c0000)
  object space 43776K, 12% used [0x66c00000,0x6714caf8,0x696c0000)
 Metaspace       used 10835K, capacity 10924K, committed 11032K, reserved 11568K
Event: 5.941 GC heap after
Heap after GC invocations=7 (full 0):
 PSYoungGen      total 38144K, used 4605K [0x916c0000, 0x961c0000, 0xa6c00000)
  eden space 33280K, 0% used [0x916c0000,0x916c0000,0x93740000)
  from space 4864K, 94% used [0x93740000,0x93bbf658,0x93c00000)
  to   space 5120K, 0% used [0x95cc0000,0x95cc0000,0x961c0000)
 ParOldGen       total 43776K, used 6387K [0x66c00000, 0x696c0000, 0x916c0000)
  object space 43776K, 14% used [0x66c00000,0x6723ce50,0x696c0000)
 Metaspace       used 10835K, capacity 10924K, committed 11032K, reserved 11568K
}
Event: 6.853 GC heap before
{Heap before GC invocations=8 (full 0):
 PSYoungGen      total 38144K, used 37885K [0x916c0000, 0x961c0000, 0xa6c00000)
  eden space 33280K, 100% used [0x916c0000,0x93740000,0x93740000)
  from space 4864K, 94% used [0x93740000,0x93bbf658,0x93c00000)
  to   space 5120K, 0% used [0x95cc0000,0x95cc0000,0x961c0000)
 ParOldGen       total 43776K, used 6387K [0x66c00000, 0x696c0000, 0x916c0000)
  object space 43776K, 14% used [0x66c00000,0x6723ce50,0x696c0000)
 Metaspace       used 11025K, capacity 11153K, committed 11288K, reserved 11568K
Event: 6.871 GC heap after
Heap after GC invocations=8 (full 0):
 PSYoungGen      total 71680K, used 4384K [0x916c0000, 0x961c0000, 0xa6c00000)
  eden space 66560K, 0% used [0x916c0000,0x916c0000,0x957c0000)
  from space 5120K, 85% used [0x95cc0000,0x96108000,0x961c0000)
  to   space 5120K, 0% used [0x957c0000,0x957c0000,0x95cc0000)
 ParOldGen       total 43776K, used 7369K [0x66c00000, 0x696c0000, 0x916c0000)
  object space 43776K, 16% used [0x66c00000,0x67332550,0x696c0000)
 Metaspace       used 11025K, capacity 11153K, committed 11288K, reserved 11568K
}
Event: 9.309 GC heap before
{Heap before GC invocations=9 (full 0):
 PSYoungGen      total 71680K, used 70944K [0x916c0000, 0x961c0000, 0xa6c00000)
  eden space 66560K, 100% used [0x916c0000,0x957c0000,0x957c0000)
  from space 5120K, 85% used [0x95cc0000,0x96108000,0x961c0000)
  to   space 5120K, 0% used [0x957c0000,0x957c0000,0x95cc0000)
 ParOldGen       total 43776K, used 7369K [0x66c00000, 0x696c0000, 0x916c0000)
  object space 43776K, 16% used [0x66c00000,0x67332550,0x696c0000)
 Metaspace       used 11205K, capacity 11330K, committed 11416K, reserved 11568K
Event: 9.373 GC heap after
Heap after GC invocations=9 (full 0):
 PSYoungGen      total 71680K, used 5112K [0x916c0000, 0x98bc0000, 0xa6c00000)
  eden space 66560K, 0% used [0x916c0000,0x916c0000,0x957c0000)
  from space 5120K, 99% used [0x957c0000,0x95cbe010,0x95cc0000)
  to   space 6656K, 0% used [0x98540000,0x98540000,0x98bc0000)
 ParOldGen       total 43776K, used 10011K [0x66c00000, 0x696c0000, 0x916c0000)
  object space 43776K, 22% used [0x66c00000,0x675c6d80,0x696c0000)
 Metaspace       used 11205K, capacity 11330K, committed 11416K, reserved 11568K
}
Event: 13.406 GC heap before
{Heap before GC invocations=10 (full 0):
 PSYoungGen      total 71680K, used 71672K [0x916c0000, 0x98bc0000, 0xa6c00000)
  eden space 66560K, 100% used [0x916c0000,0x957c0000,0x957c0000)
  from space 5120K, 99% used [0x957c0000,0x95cbe010,0x95cc0000)
  to   space 6656K, 0% used [0x98540000,0x98540000,0x98bc0000)
 ParOldGen       total 43776K, used 10011K [0x66c00000, 0x696c0000, 0x916c0000)
  object space 43776K, 22% used [0x66c00000,0x675c6d80,0x696c0000)
 Metaspace       used 12335K, capacity 12525K, committed 12568K, reserved 12592K
Event: 13.470 GC heap after
Heap after GC invocations=10 (full 0):
 PSYoungGen      total 112640K, used 6259K [0x916c0000, 0x98cc0000, 0xa6c00000)
  eden space 105984K, 0% used [0x916c0000,0x916c0000,0x97e40000)
  from space 6656K, 94% used [0x98540000,0x98b5cd68,0x98bc0000)
  to   space 7168K, 0% used [0x97e40000,0x97e40000,0x98540000)
 ParOldGen       total 43776K, used 12423K [0x66c00000, 0x696c0000, 0x916c0000)
  object space 43776K, 28% used [0x66c00000,0x67821ed0,0x696c0000)
 Metaspace       used 12335K, capacity 12525K, committed 12568K, reserved 12592K
}
Event: 17.728 GC heap before
{Heap before GC invocations=11 (full 0):
 PSYoungGen      total 112640K, used 107819K [0x916c0000, 0x98cc0000, 0xa6c00000)
  eden space 105984K, 95% used [0x916c0000,0x979ee240,0x97e40000)
  from space 6656K, 94% used [0x98540000,0x98b5cd68,0x98bc0000)
  to   space 7168K, 0% used [0x97e40000,0x97e40000,0x98540000)
 ParOldGen       total 43776K, used 12423K [0x66c00000, 0x696c0000, 0x916c0000)
  object space 43776K, 28% used [0x66c00000,0x67821ed0,0x696c0000)
 Metaspace       used 16097K, capacity 16356K, committed 16384K, reserved 16688K

