# JRE version: OpenJDK Runtime Environment (8.0_151-b12) (build 1.8.0_151-8u151-b12-0ubuntu0.16.04.2-b12)
# Java VM: OpenJDK Server VM (25.151-b12 mixed mode linux-x86 )
Heap:
 PSYoungGen      total 67584K, used 6128K [0x918c0000, 0x96140000, 0xa6e00000)
  eden space 61440K, 0% used [0x918c0000,0x918c0000,0x954c0000)
  from space 6144K, 99% used [0x954c0000,0x95abc020,0x95ac0000)
  to   space 5632K, 0% used [0x95ac0000,0x95ac0000,0x96040000)
 ParOldGen       total 43776K, used 7159K [0x66e00000, 0x698c0000, 0x918c0000)
  object space 43776K, 16% used [0x66e00000,0x674fdeb8,0x698c0000)
 Metaspace       used 11005K, capacity 11133K, committed 11288K, reserved 11568K
GC Heap History (10 events):
Event: 3.008 GC heap after
Heap after GC invocations=2 (full 0):
 PSYoungGen      total 19200K, used 2551K [0x918c0000, 0x93e40000, 0xa6e00000)
  eden space 16640K, 0% used [0x918c0000,0x918c0000,0x92900000)
  from space 2560K, 99% used [0x93bc0000,0x93e3dfa8,0x93e40000)
  to   space 2560K, 0% used [0x92900000,0x92900000,0x92b80000)
 ParOldGen       total 43776K, used 910K [0x66e00000, 0x698c0000, 0x918c0000)
  object space 43776K, 2% used [0x66e00000,0x66ee3b78,0x698c0000)
 Metaspace       used 5304K, capacity 5354K, committed 5400K, reserved 5424K
}
Event: 3.563 GC heap before
{Heap before GC invocations=3 (full 0):
 PSYoungGen      total 19200K, used 19191K [0x918c0000, 0x93e40000, 0xa6e00000)
  eden space 16640K, 100% used [0x918c0000,0x92900000,0x92900000)
  from space 2560K, 99% used [0x93bc0000,0x93e3dfa8,0x93e40000)
  to   space 2560K, 0% used [0x92900000,0x92900000,0x92b80000)
 ParOldGen       total 43776K, used 910K [0x66e00000, 0x698c0000, 0x918c0000)
  object space 43776K, 2% used [0x66e00000,0x66ee3b78,0x698c0000)
 Metaspace       used 6659K, capacity 6711K, committed 6808K, reserved 7472K
Event: 3.568 GC heap after
Heap after GC invocations=3 (full 0):
 PSYoungGen      total 19200K, used 2548K [0x918c0000, 0x93c00000, 0xa6e00000)
  eden space 16640K, 0% used [0x918c0000,0x918c0000,0x92900000)
  from space 2560K, 99% used [0x92900000,0x92b7d0a8,0x92b80000)
  to   space 2560K, 0% used [0x93980000,0x93980000,0x93c00000)
 ParOldGen       total 43776K, used 2343K [0x66e00000, 0x698c0000, 0x918c0000)
  object space 43776K, 5% used [0x66e00000,0x67049ce8,0x698c0000)
 Metaspace       used 6659K, capacity 6711K, committed 6808K, reserved 7472K
}
Event: 4.206 GC heap before
{Heap before GC invocations=4 (full 0):
 PSYoungGen      total 19200K, used 19188K [0x918c0000, 0x93c00000, 0xa6e00000)
  eden space 16640K, 100% used [0x918c0000,0x92900000,0x92900000)
  from space 2560K, 99% used [0x92900000,0x92b7d0a8,0x92b80000)
  to   space 2560K, 0% used [0x93980000,0x93980000,0x93c00000)
 ParOldGen       total 43776K, used 2343K [0x66e00000, 0x698c0000, 0x918c0000)
  object space 43776K, 5% used [0x66e00000,0x67049ce8,0x698c0000)
 Metaspace       used 8094K, capacity 8158K, committed 8216K, reserved 8496K
Event: 4.248 GC heap after
Heap after GC invocations=4 (full 0):
 PSYoungGen      total 33536K, used 2552K [0x918c0000, 0x93e40000, 0xa6e00000)
  eden space 30976K, 0% used [0x918c0000,0x918c0000,0x93700000)
  from space 2560K, 99% used [0x93980000,0x93bfe080,0x93c00000)
  to   space 2560K, 0% used [0x93700000,0x93700000,0x93980000)
 ParOldGen       total 43776K, used 4383K [0x66e00000, 0x698c0000, 0x918c0000)
  object space 43776K, 10% used [0x66e00000,0x67247c38,0x698c0000)
 Metaspace       used 8094K, capacity 8158K, committed 8216K, reserved 8496K
}
Event: 5.467 GC heap before
{Heap before GC invocations=5 (full 0):
 PSYoungGen      total 33536K, used 33528K [0x918c0000, 0x93e40000, 0xa6e00000)
  eden space 30976K, 100% used [0x918c0000,0x93700000,0x93700000)
  from space 2560K, 99% used [0x93980000,0x93bfe080,0x93c00000)
  to   space 2560K, 0% used [0x93700000,0x93700000,0x93980000)
 ParOldGen       total 43776K, used 4383K [0x66e00000, 0x698c0000, 0x918c0000)
  object space 43776K, 10% used [0x66e00000,0x67247c38,0x698c0000)
 Metaspace       used 9760K, capacity 9851K, committed 10008K, reserved 10544K
Event: 5.485 GC heap after
Heap after GC invocations=5 (full 0):
 PSYoungGen      total 33536K, used 2551K [0x918c0000, 0x96040000, 0xa6e00000)
  eden space 30976K, 0% used [0x918c0000,0x918c0000,0x93700000)
  from space 2560K, 99% used [0x93700000,0x9397dc80,0x93980000)
  to   space 5632K, 0% used [0x95ac0000,0x95ac0000,0x96040000)
 ParOldGen       total 43776K, used 6312K [0x66e00000, 0x698c0000, 0x918c0000)
  object space 43776K, 14% used [0x66e00000,0x6742a110,0x698c0000)
 Metaspace       used 9760K, capacity 9851K, committed 10008K, reserved 10544K
}
Event: 6.464 GC heap before
{Heap before GC invocations=6 (full 0):
 PSYoungGen      total 33536K, used 33527K [0x918c0000, 0x96040000, 0xa6e00000)
  eden space 30976K, 100% used [0x918c0000,0x93700000,0x93700000)
  from space 2560K, 99% used [0x93700000,0x9397dc80,0x93980000)
  to   space 5632K, 0% used [0x95ac0000,0x95ac0000,0x96040000)
 ParOldGen       total 43776K, used 6312K [0x66e00000, 0x698c0000, 0x918c0000)
  object space 43776K, 14% used [0x66e00000,0x6742a110,0x698c0000)
 Metaspace       used 10741K, capacity 10828K, committed 10904K, reserved 11568K
Event: 6.485 GC heap after
Heap after GC invocations=6 (full 0):
 PSYoungGen      total 67072K, used 5381K [0x918c0000, 0x96140000, 0xa6e00000)
  eden space 61440K, 0% used [0x918c0000,0x918c0000,0x954c0000)
  from space 5632K, 95% used [0x95ac0000,0x960017d0,0x96040000)
  to   space 6144K, 0% used [0x954c0000,0x954c0000,0x95ac0000)
 ParOldGen       total 43776K, used 6316K [0x66e00000, 0x698c0000, 0x918c0000)
  object space 43776K, 14% used [0x66e00000,0x6742b110,0x698c0000)
 Metaspace       used 10741K, capacity 10828K, committed 10904K, reserved 11568K
}
Event: 8.281 GC heap before
{Heap before GC invocations=7 (full 0):
 PSYoungGen      total 67072K, used 66821K [0x918c0000, 0x96140000, 0xa6e00000)
  eden space 61440K, 100% used [0x918c0000,0x954c0000,0x954c0000)
  from space 5632K, 95% used [0x95ac0000,0x960017d0,0x96040000)
  to   space 6144K, 0% used [0x954c0000,0x954c0000,0x95ac0000)
 ParOldGen       total 43776K, used 6316K [0x66e00000, 0x698c0000, 0x918c0000)
  object space 43776K, 14% used [0x66e00000,0x6742b110,0x698c0000)
 Metaspace       used 11005K, capacity 11133K, committed 11288K, reserved 11568K

