# JRE version: OpenJDK Runtime Environment (8.0_151-b12) (build 1.8.0_151-8u151-b12-0ubuntu0.16.04.2-b12)
# Java VM: OpenJDK Server VM (25.151-b12 mixed mode linux-x86 )
Heap:
 PSYoungGen      total 38144K, used 33024K [0x916c0000, 0x940c0000, 0xa6c00000)
  eden space 33280K, 88% used [0x916c0000,0x93363de8,0x93740000)
  from space 4864K, 76% used [0x93c00000,0x93f9c3b8,0x940c0000)
  to   space 4864K, 0% used [0x93740000,0x93740000,0x93c00000)
 ParOldGen       total 43776K, used 5376K [0x66c00000, 0x696c0000, 0x916c0000)
  object space 43776K, 12% used [0x66c00000,0x671403a8,0x696c0000)
 Metaspace       used 10752K, capacity 10828K, committed 10904K, reserved 11568K
GC Heap History (10 events):
Event: 2.692 GC heap before
{Heap before GC invocations=2 (full 0):
 PSYoungGen      total 19200K, used 19195K [0x916c0000, 0x92c00000, 0xa6c00000)
  eden space 16640K, 100% used [0x916c0000,0x92700000,0x92700000)
  from space 2560K, 99% used [0x92700000,0x9297eca0,0x92980000)
  to   space 2560K, 0% used [0x92980000,0x92980000,0x92c00000)
 ParOldGen       total 43776K, used 800K [0x66c00000, 0x696c0000, 0x916c0000)
  object space 43776K, 1% used [0x66c00000,0x66cc8338,0x696c0000)
 Metaspace       used 5301K, capacity 5354K, committed 5400K, reserved 5424K
Event: 2.698 GC heap after
Heap after GC invocations=2 (full 0):
 PSYoungGen      total 19200K, used 2552K [0x916c0000, 0x92c00000, 0xa6c00000)
  eden space 16640K, 0% used [0x916c0000,0x916c0000,0x92700000)
  from space 2560K, 99% used [0x92980000,0x92bfe230,0x92c00000)
  to   space 2560K, 0% used [0x92700000,0x92700000,0x92980000)
 ParOldGen       total 43776K, used 887K [0x66c00000, 0x696c0000, 0x916c0000)
  object space 43776K, 2% used [0x66c00000,0x66cdddc0,0x696c0000)
 Metaspace       used 5301K, capacity 5354K, committed 5400K, reserved 5424K
}
Event: 3.196 GC heap before
{Heap before GC invocations=3 (full 0):
 PSYoungGen      total 19200K, used 19192K [0x916c0000, 0x92c00000, 0xa6c00000)
  eden space 16640K, 100% used [0x916c0000,0x92700000,0x92700000)
  from space 2560K, 99% used [0x92980000,0x92bfe230,0x92c00000)
  to   space 2560K, 0% used [0x92700000,0x92700000,0x92980000)
 ParOldGen       total 43776K, used 887K [0x66c00000, 0x696c0000, 0x916c0000)
  object space 43776K, 2% used [0x66c00000,0x66cdddc0,0x696c0000)
 Metaspace       used 6657K, capacity 6711K, committed 6808K, reserved 7472K
Event: 3.205 GC heap after
Heap after GC invocations=3 (full 0):
 PSYoungGen      total 19200K, used 2553K [0x916c0000, 0x92c00000, 0xa6c00000)
  eden space 16640K, 0% used [0x916c0000,0x916c0000,0x92700000)
  from space 2560K, 99% used [0x92700000,0x9297e7e8,0x92980000)
  to   space 2560K, 0% used [0x92980000,0x92980000,0x92c00000)
 ParOldGen       total 43776K, used 2281K [0x66c00000, 0x696c0000, 0x916c0000)
  object space 43776K, 5% used [0x66c00000,0x66e3a560,0x696c0000)
 Metaspace       used 6657K, capacity 6711K, committed 6808K, reserved 7472K
}
Event: 3.831 GC heap before
{Heap before GC invocations=4 (full 0):
 PSYoungGen      total 19200K, used 19193K [0x916c0000, 0x92c00000, 0xa6c00000)
  eden space 16640K, 100% used [0x916c0000,0x92700000,0x92700000)
  from space 2560K, 99% used [0x92700000,0x9297e7e8,0x92980000)
  to   space 2560K, 0% used [0x92980000,0x92980000,0x92c00000)
 ParOldGen       total 43776K, used 2281K [0x66c00000, 0x696c0000, 0x916c0000)
  object space 43776K, 5% used [0x66c00000,0x66e3a560,0x696c0000)
 Metaspace       used 8097K, capacity 8158K, committed 8216K, reserved 8496K
Event: 3.859 GC heap after
Heap after GC invocations=4 (full 0):
 PSYoungGen      total 19200K, used 2546K [0x916c0000, 0x93c40000, 0xa6c00000)
  eden space 16640K, 0% used [0x916c0000,0x916c0000,0x92700000)
  from space 2560K, 99% used [0x92980000,0x92bfc890,0x92c00000)
  to   space 2560K, 0% used [0x92700000,0x92700000,0x92980000)
 ParOldGen       total 43776K, used 4333K [0x66c00000, 0x696c0000, 0x916c0000)
  object space 43776K, 9% used [0x66c00000,0x6703b7e0,0x696c0000)
 Metaspace       used 8097K, capacity 8158K, committed 8216K, reserved 8496K
}
Event: 4.912 GC heap before
{Heap before GC invocations=5 (full 0):
 PSYoungGen      total 19200K, used 19186K [0x916c0000, 0x93c40000, 0xa6c00000)
  eden space 16640K, 100% used [0x916c0000,0x92700000,0x92700000)
  from space 2560K, 99% used [0x92980000,0x92bfc890,0x92c00000)
  to   space 2560K, 0% used [0x92700000,0x92700000,0x92980000)
 ParOldGen       total 43776K, used 4333K [0x66c00000, 0x696c0000, 0x916c0000)
  object space 43776K, 9% used [0x66c00000,0x6703b7e0,0x696c0000)
 Metaspace       used 8855K, capacity 8931K, committed 8984K, reserved 9520K
Event: 4.923 GC heap after
Heap after GC invocations=5 (full 0):
 PSYoungGen      total 19200K, used 2554K [0x916c0000, 0x940c0000, 0xa6c00000)
  eden space 16640K, 0% used [0x916c0000,0x916c0000,0x92700000)
  from space 2560K, 99% used [0x92700000,0x9297e880,0x92980000)
  to   space 4864K, 0% used [0x93c00000,0x93c00000,0x940c0000)
 ParOldGen       total 43776K, used 5376K [0x66c00000, 0x696c0000, 0x916c0000)
  object space 43776K, 12% used [0x66c00000,0x671403a8,0x696c0000)
 Metaspace       used 8855K, capacity 8931K, committed 8984K, reserved 9520K
}
Event: 5.705 GC heap before
{Heap before GC invocations=6 (full 0):
 PSYoungGen      total 19200K, used 19194K [0x916c0000, 0x940c0000, 0xa6c00000)
  eden space 16640K, 100% used [0x916c0000,0x92700000,0x92700000)
  from space 2560K, 99% used [0x92700000,0x9297e880,0x92980000)
  to   space 4864K, 0% used [0x93c00000,0x93c00000,0x940c0000)
 ParOldGen       total 43776K, used 5376K [0x66c00000, 0x696c0000, 0x916c0000)
  object space 43776K, 12% used [0x66c00000,0x671403a8,0x696c0000)
 Metaspace       used 9987K, capacity 10075K, committed 10136K, reserved 10544K
Event: 5.724 GC heap after
Heap after GC invocations=6 (full 0):
 PSYoungGen      total 38144K, used 3696K [0x916c0000, 0x940c0000, 0xa6c00000)
  eden space 33280K, 0% used [0x916c0000,0x916c0000,0x93740000)
  from space 4864K, 76% used [0x93c00000,0x93f9c3b8,0x940c0000)
  to   space 4864K, 0% used [0x93740000,0x93740000,0x93c00000)
 ParOldGen       total 43776K, used 5376K [0x66c00000, 0x696c0000, 0x916c0000)
  object space 43776K, 12% used [0x66c00000,0x671403a8,0x696c0000)
 Metaspace       used 9987K, capacity 10075K, committed 10136K, reserved 10544K
}

