# JRE version: OpenJDK Runtime Environment (8.0_151-b12) (build 1.8.0_151-8u151-b12-0ubuntu0.16.04.2-b12)
# Java VM: OpenJDK Server VM (25.151-b12 mixed mode linux-x86 )
Heap:
 PSYoungGen      total 57344K, used 2820K [0x916c0000, 0x95380000, 0xa6c00000)
  eden space 52480K, 0% used [0x916c0000,0x916c0000,0x94a00000)
  from space 4864K, 57% used [0x94a00000,0x94cc1038,0x94ec0000)
  to   space 4864K, 0% used [0x94ec0000,0x94ec0000,0x95380000)
 ParOldGen       total 43776K, used 13236K [0x66c00000, 0x696c0000, 0x916c0000)
  object space 43776K, 30% used [0x66c00000,0x678ed340,0x696c0000)
 Metaspace       used 11248K, capacity 11362K, committed 11416K, reserved 11568K
GC Heap History (10 events):
Event: 5.404 GC heap after
Heap after GC invocations=6 (full 0):
 PSYoungGen      total 21248K, used 3790K [0x916c0000, 0x94040000, 0xa6c00000)
  eden space 16384K, 0% used [0x916c0000,0x916c0000,0x926c0000)
  from space 4864K, 77% used [0x92b80000,0x92f33a20,0x93040000)
  to   space 4864K, 0% used [0x926c0000,0x926c0000,0x92b80000)
 ParOldGen       total 43776K, used 5446K [0x66c00000, 0x696c0000, 0x916c0000)
  object space 43776K, 12% used [0x66c00000,0x67151a00,0x696c0000)
 Metaspace       used 9949K, capacity 10043K, committed 10136K, reserved 10544K
}
Event: 6.056 GC heap before
{Heap before GC invocations=7 (full 0):
 PSYoungGen      total 21248K, used 20174K [0x916c0000, 0x94040000, 0xa6c00000)
  eden space 16384K, 100% used [0x916c0000,0x926c0000,0x926c0000)
  from space 4864K, 77% used [0x92b80000,0x92f33a20,0x93040000)
  to   space 4864K, 0% used [0x926c0000,0x926c0000,0x92b80000)
 ParOldGen       total 43776K, used 5446K [0x66c00000, 0x696c0000, 0x916c0000)
  object space 43776K, 12% used [0x66c00000,0x67151a00,0x696c0000)
 Metaspace       used 10635K, capacity 10756K, committed 10904K, reserved 11568K
Event: 6.066 GC heap after
Heap after GC invocations=7 (full 0):
 PSYoungGen      total 21248K, used 4172K [0x916c0000, 0x94040000, 0xa6c00000)
  eden space 16384K, 0% used [0x916c0000,0x916c0000,0x926c0000)
  from space 4864K, 85% used [0x926c0000,0x92ad3228,0x92b80000)
  to   space 4864K, 0% used [0x93b80000,0x93b80000,0x94040000)
 ParOldGen       total 43776K, used 6371K [0x66c00000, 0x696c0000, 0x916c0000)
  object space 43776K, 14% used [0x66c00000,0x67238c80,0x696c0000)
 Metaspace       used 10635K, capacity 10756K, committed 10904K, reserved 11568K
}
Event: 6.563 GC heap before
{Heap before GC invocations=8 (full 0):
 PSYoungGen      total 21248K, used 20556K [0x916c0000, 0x94040000, 0xa6c00000)
  eden space 16384K, 100% used [0x916c0000,0x926c0000,0x926c0000)
  from space 4864K, 85% used [0x926c0000,0x92ad3228,0x92b80000)
  to   space 4864K, 0% used [0x93b80000,0x93b80000,0x94040000)
 ParOldGen       total 43776K, used 6371K [0x66c00000, 0x696c0000, 0x916c0000)
  object space 43776K, 14% used [0x66c00000,0x67238c80,0x696c0000)
 Metaspace       used 10750K, capacity 10860K, committed 11032K, reserved 11568K
Event: 6.579 GC heap after
Heap after GC invocations=8 (full 0):
 PSYoungGen      total 37632K, used 2992K [0x916c0000, 0x94040000, 0xa6c00000)
  eden space 32768K, 0% used [0x916c0000,0x916c0000,0x936c0000)
  from space 4864K, 61% used [0x93b80000,0x93e6c010,0x94040000)
  to   space 4864K, 0% used [0x936c0000,0x936c0000,0x93b80000)
 ParOldGen       total 43776K, used 7544K [0x66c00000, 0x696c0000, 0x916c0000)
  object space 43776K, 17% used [0x66c00000,0x6735e360,0x696c0000)
 Metaspace       used 10750K, capacity 10860K, committed 11032K, reserved 11568K
}
Event: 7.544 GC heap before
{Heap before GC invocations=9 (full 0):
 PSYoungGen      total 37632K, used 35760K [0x916c0000, 0x94040000, 0xa6c00000)
  eden space 32768K, 100% used [0x916c0000,0x936c0000,0x936c0000)
  from space 4864K, 61% used [0x93b80000,0x93e6c010,0x94040000)
  to   space 4864K, 0% used [0x936c0000,0x936c0000,0x93b80000)
 ParOldGen       total 43776K, used 7544K [0x66c00000, 0x696c0000, 0x916c0000)
  object space 43776K, 17% used [0x66c00000,0x6735e360,0x696c0000)
 Metaspace       used 10932K, capacity 11025K, committed 11160K, reserved 11568K
Event: 7.570 GC heap after
Heap after GC invocations=9 (full 0):
 PSYoungGen      total 37632K, used 3360K [0x916c0000, 0x95380000, 0xa6c00000)
  eden space 32768K, 0% used [0x916c0000,0x916c0000,0x936c0000)
  from space 4864K, 69% used [0x936c0000,0x93a08000,0x93b80000)
  to   space 4864K, 0% used [0x94ec0000,0x94ec0000,0x95380000)
 ParOldGen       total 43776K, used 8549K [0x66c00000, 0x696c0000, 0x916c0000)
  object space 43776K, 19% used [0x66c00000,0x674595e0,0x696c0000)
 Metaspace       used 10932K, capacity 11025K, committed 11160K, reserved 11568K
}
Event: 8.543 GC heap before
{Heap before GC invocations=10 (full 0):
 PSYoungGen      total 37632K, used 36128K [0x916c0000, 0x95380000, 0xa6c00000)
  eden space 32768K, 100% used [0x916c0000,0x936c0000,0x936c0000)
  from space 4864K, 69% used [0x936c0000,0x93a08000,0x93b80000)
  to   space 4864K, 0% used [0x94ec0000,0x94ec0000,0x95380000)
 ParOldGen       total 43776K, used 8549K [0x66c00000, 0x696c0000, 0x916c0000)
  object space 43776K, 19% used [0x66c00000,0x674595e0,0x696c0000)
 Metaspace       used 11061K, capacity 11197K, committed 11288K, reserved 11568K
Event: 8.566 GC heap after
Heap after GC invocations=10 (full 0):
 PSYoungGen      total 57344K, used 2960K [0x916c0000, 0x95380000, 0xa6c00000)
  eden space 52480K, 0% used [0x916c0000,0x916c0000,0x94a00000)
  from space 4864K, 60% used [0x94ec0000,0x951a4000,0x95380000)
  to   space 4864K, 0% used [0x94a00000,0x94a00000,0x94ec0000)
 ParOldGen       total 43776K, used 10489K [0x66c00000, 0x696c0000, 0x916c0000)
  object space 43776K, 23% used [0x66c00000,0x6763e730,0x696c0000)
 Metaspace       used 11061K, capacity 11197K, committed 11288K, reserved 11568K
}
Event: 10.220 GC heap before
{Heap before GC invocations=11 (full 0):
 PSYoungGen      total 57344K, used 55440K [0x916c0000, 0x95380000, 0xa6c00000)
  eden space 52480K, 100% used [0x916c0000,0x94a00000,0x94a00000)
  from space 4864K, 60% used [0x94ec0000,0x951a4000,0x95380000)
  to   space 4864K, 0% used [0x94a00000,0x94a00000,0x94ec0000)
 ParOldGen       total 43776K, used 10489K [0x66c00000, 0x696c0000, 0x916c0000)
  object space 43776K, 23% used [0x66c00000,0x6763e730,0x696c0000)
 Metaspace       used 11248K, capacity 11362K, committed 11416K, reserved 11568K

