# JRE version: OpenJDK Runtime Environment (8.0_162-b12) (build 1.8.0_162-8u162-b12-0ubuntu0.16.04.2-b12)
# Java VM: OpenJDK Server VM (25.162-b12 mixed mode linux-x86 )
Heap:
 PSYoungGen      total 138496K, used 136402K [0x918c0000, 0x9acc0000, 0xa6e00000)
  eden space 130816K, 98% used [0x918c0000,0x99674bb8,0x99880000)
  from space 7680K, 100% used [0x9a1c0000,0x9a940000,0x9a940000)
  to   space 9472K, 0% used [0x99880000,0x99880000,0x9a1c0000)
 ParOldGen       total 43776K, used 9869K [0x66e00000, 0x698c0000, 0x918c0000)
  object space 43776K, 22% used [0x66e00000,0x677a3720,0x698c0000)
 Metaspace       used 15847K, capacity 16249K, committed 16280K, reserved 16688K
GC Heap History (10 events):
Event: 1.761 GC heap before
{Heap before GC invocations=4 (full 0):
 PSYoungGen      total 19200K, used 19195K [0x918c0000, 0x93e40000, 0xa6e00000)
  eden space 16640K, 100% used [0x918c0000,0x92900000,0x92900000)
  from space 2560K, 99% used [0x92900000,0x92b7ee08,0x92b80000)
  to   space 2560K, 0% used [0x93bc0000,0x93bc0000,0x93e40000)
 ParOldGen       total 43776K, used 2309K [0x66e00000, 0x698c0000, 0x918c0000)
  object space 43776K, 5% used [0x66e00000,0x67041400,0x698c0000)
 Metaspace       used 8067K, capacity 8158K, committed 8216K, reserved 8496K
Event: 1.768 GC heap after
Heap after GC invocations=4 (full 0):
 PSYoungGen      total 35840K, used 2554K [0x918c0000, 0x93e40000, 0xa6e00000)
  eden space 33280K, 0% used [0x918c0000,0x918c0000,0x93940000)
  from space 2560K, 99% used [0x93bc0000,0x93e3e880,0x93e40000)
  to   space 2560K, 0% used [0x93940000,0x93940000,0x93bc0000)
 ParOldGen       total 43776K, used 4358K [0x66e00000, 0x698c0000, 0x918c0000)
  object space 43776K, 9% used [0x66e00000,0x67241b20,0x698c0000)
 Metaspace       used 8067K, capacity 8158K, committed 8216K, reserved 8496K
}
Event: 3.076 GC heap before
{Heap before GC invocations=5 (full 0):
 PSYoungGen      total 35840K, used 35834K [0x918c0000, 0x93e40000, 0xa6e00000)
  eden space 33280K, 100% used [0x918c0000,0x93940000,0x93940000)
  from space 2560K, 99% used [0x93bc0000,0x93e3e880,0x93e40000)
  to   space 2560K, 0% used [0x93940000,0x93940000,0x93bc0000)
 ParOldGen       total 43776K, used 4358K [0x66e00000, 0x698c0000, 0x918c0000)
  object space 43776K, 9% used [0x66e00000,0x67241b20,0x698c0000)
 Metaspace       used 9976K, capacity 10075K, committed 10136K, reserved 10544K
Event: 3.086 GC heap after
Heap after GC invocations=5 (full 0):
 PSYoungGen      total 35840K, used 2554K [0x918c0000, 0x96540000, 0xa6e00000)
  eden space 33280K, 0% used [0x918c0000,0x918c0000,0x93940000)
  from space 2560K, 99% used [0x93940000,0x93bbe880,0x93bc0000)
  to   space 5888K, 0% used [0x95f80000,0x95f80000,0x96540000)
 ParOldGen       total 43776K, used 6611K [0x66e00000, 0x698c0000, 0x918c0000)
  object space 43776K, 15% used [0x66e00000,0x67474fd8,0x698c0000)
 Metaspace       used 9976K, capacity 10075K, committed 10136K, reserved 10544K
}
Event: 4.316 GC heap before
{Heap before GC invocations=6 (full 0):
 PSYoungGen      total 35840K, used 35834K [0x918c0000, 0x96540000, 0xa6e00000)
  eden space 33280K, 100% used [0x918c0000,0x93940000,0x93940000)
  from space 2560K, 99% used [0x93940000,0x93bbe880,0x93bc0000)
  to   space 5888K, 0% used [0x95f80000,0x95f80000,0x96540000)
 ParOldGen       total 43776K, used 6611K [0x66e00000, 0x698c0000, 0x918c0000)
  object space 43776K, 15% used [0x66e00000,0x67474fd8,0x698c0000)
 Metaspace       used 10818K, capacity 10924K, committed 11032K, reserved 11568K
Event: 4.338 GC heap after
Heap after GC invocations=6 (full 0):
 PSYoungGen      total 72192K, used 5247K [0x918c0000, 0x965c0000, 0xa6e00000)
  eden space 66304K, 0% used [0x918c0000,0x918c0000,0x95980000)
  from space 5888K, 89% used [0x95f80000,0x9649fcf0,0x96540000)
  to   space 6144K, 0% used [0x95980000,0x95980000,0x95f80000)
 ParOldGen       total 43776K, used 6611K [0x66e00000, 0x698c0000, 0x918c0000)
  object space 43776K, 15% used [0x66e00000,0x67474fd8,0x698c0000)
 Metaspace       used 10818K, capacity 10924K, committed 11032K, reserved 11568K
}
Event: 5.647 GC heap before
{Heap before GC invocations=7 (full 0):
 PSYoungGen      total 72192K, used 71551K [0x918c0000, 0x965c0000, 0xa6e00000)
  eden space 66304K, 100% used [0x918c0000,0x95980000,0x95980000)
  from space 5888K, 89% used [0x95f80000,0x9649fcf0,0x96540000)
  to   space 6144K, 0% used [0x95980000,0x95980000,0x95f80000)
 ParOldGen       total 43776K, used 6611K [0x66e00000, 0x698c0000, 0x918c0000)
  object space 43776K, 15% used [0x66e00000,0x67474fd8,0x698c0000)
 Metaspace       used 11121K, capacity 11229K, committed 11288K, reserved 11568K
Event: 5.682 GC heap after
Heap after GC invocations=7 (full 0):
 PSYoungGen      total 72448K, used 6138K [0x918c0000, 0x9a940000, 0xa6e00000)
  eden space 66304K, 0% used [0x918c0000,0x918c0000,0x95980000)
  from space 6144K, 99% used [0x95980000,0x95f7e840,0x95f80000)
  to   space 7680K, 0% used [0x9a1c0000,0x9a1c0000,0x9a940000)
 ParOldGen       total 43776K, used 7945K [0x66e00000, 0x698c0000, 0x918c0000)
  object space 43776K, 18% used [0x66e00000,0x675c26a0,0x698c0000)
 Metaspace       used 11121K, capacity 11229K, committed 11288K, reserved 11568K
}
Event: 6.963 GC heap before
{Heap before GC invocations=8 (full 0):
 PSYoungGen      total 72448K, used 72442K [0x918c0000, 0x9a940000, 0xa6e00000)
  eden space 66304K, 100% used [0x918c0000,0x95980000,0x95980000)
  from space 6144K, 99% used [0x95980000,0x95f7e840,0x95f80000)
  to   space 7680K, 0% used [0x9a1c0000,0x9a1c0000,0x9a940000)
 ParOldGen       total 43776K, used 7945K [0x66e00000, 0x698c0000, 0x918c0000)
  object space 43776K, 18% used [0x66e00000,0x675c26a0,0x698c0000)
 Metaspace       used 11586K, capacity 11762K, committed 11800K, reserved 12592K
Event: 6.998 GC heap after
Heap after GC invocations=8 (full 0):
 PSYoungGen      total 138496K, used 7680K [0x918c0000, 0x9acc0000, 0xa6e00000)
  eden space 130816K, 0% used [0x918c0000,0x918c0000,0x99880000)
  from space 7680K, 100% used [0x9a1c0000,0x9a940000,0x9a940000)
  to   space 9472K, 0% used [0x99880000,0x99880000,0x9a1c0000)
 ParOldGen       total 43776K, used 9869K [0x66e00000, 0x698c0000, 0x918c0000)
  object space 43776K, 22% used [0x66e00000,0x677a3720,0x698c0000)
 Metaspace       used 11586K, capacity 11762K, committed 11800K, reserved 12592K
}

