# JRE version: OpenJDK Runtime Environment (8.0_162-b12) (build 1.8.0_162-8u162-b12-0ubuntu0.16.04.2-b12)
# Java VM: OpenJDK Server VM (25.162-b12 mixed mode linux-x86 )
Heap:
 PSYoungGen      total 140032K, used 9214K [0x918c0000, 0x9ac40000, 0xa6e00000)
  eden space 130816K, 0% used [0x918c0000,0x918c0000,0x99880000)
  from space 9216K, 99% used [0x99880000,0x9a17fb30,0x9a180000)
  to   space 7424K, 0% used [0x9a180000,0x9a180000,0x9a8c0000)
 ParOldGen       total 43776K, used 17051K [0x66e00000, 0x698c0000, 0x918c0000)
  object space 43776K, 38% used [0x66e00000,0x67ea6ff0,0x698c0000)
 Metaspace       used 15914K, capacity 16345K, committed 16384K, reserved 16688K
GC Heap History (10 events):
Event: 4.299 GC heap after
Heap after GC invocations=4 (full 0):
 PSYoungGen      total 35840K, used 2546K [0x918c0000, 0x93e40000, 0xa6e00000)
  eden space 33280K, 0% used [0x918c0000,0x918c0000,0x93940000)
  from space 2560K, 99% used [0x93bc0000,0x93e3c880,0x93e40000)
  to   space 2560K, 0% used [0x93940000,0x93940000,0x93bc0000)
 ParOldGen       total 43776K, used 4595K [0x66e00000, 0x698c0000, 0x918c0000)
  object space 43776K, 10% used [0x66e00000,0x6727cef8,0x698c0000)
 Metaspace       used 8152K, capacity 8222K, committed 8344K, reserved 8496K
}
Event: 5.956 GC heap before
{Heap before GC invocations=5 (full 0):
 PSYoungGen      total 35840K, used 35826K [0x918c0000, 0x93e40000, 0xa6e00000)
  eden space 33280K, 100% used [0x918c0000,0x93940000,0x93940000)
  from space 2560K, 99% used [0x93bc0000,0x93e3c880,0x93e40000)
  to   space 2560K, 0% used [0x93940000,0x93940000,0x93bc0000)
 ParOldGen       total 43776K, used 4595K [0x66e00000, 0x698c0000, 0x918c0000)
  object space 43776K, 10% used [0x66e00000,0x6727cef8,0x698c0000)
 Metaspace       used 10065K, capacity 10173K, committed 10264K, reserved 10544K
Event: 5.971 GC heap after
Heap after GC invocations=5 (full 0):
 PSYoungGen      total 35840K, used 2554K [0x918c0000, 0x964c0000, 0xa6e00000)
  eden space 33280K, 0% used [0x918c0000,0x918c0000,0x93940000)
  from space 2560K, 99% used [0x93940000,0x93bbe890,0x93bc0000)
  to   space 5632K, 0% used [0x95f40000,0x95f40000,0x964c0000)
 ParOldGen       total 43776K, used 6711K [0x66e00000, 0x698c0000, 0x918c0000)
  object space 43776K, 15% used [0x66e00000,0x6748ded0,0x698c0000)
 Metaspace       used 10065K, capacity 10173K, committed 10264K, reserved 10544K
}
Event: 7.376 GC heap before
{Heap before GC invocations=6 (full 0):
 PSYoungGen      total 35840K, used 35834K [0x918c0000, 0x964c0000, 0xa6e00000)
  eden space 33280K, 100% used [0x918c0000,0x93940000,0x93940000)
  from space 2560K, 99% used [0x93940000,0x93bbe890,0x93bc0000)
  to   space 5632K, 0% used [0x95f40000,0x95f40000,0x964c0000)
 ParOldGen       total 43776K, used 6711K [0x66e00000, 0x698c0000, 0x918c0000)
  object space 43776K, 15% used [0x66e00000,0x6748ded0,0x698c0000)
 Metaspace       used 10828K, capacity 10924K, committed 11032K, reserved 11568K
Event: 7.397 GC heap after
Heap after GC invocations=6 (full 0):
 PSYoungGen      total 71936K, used 4989K [0x918c0000, 0x96540000, 0xa6e00000)
  eden space 66304K, 0% used [0x918c0000,0x918c0000,0x95980000)
  from space 5632K, 88% used [0x95f40000,0x9641f4d0,0x964c0000)
  to   space 5888K, 0% used [0x95980000,0x95980000,0x95f40000)
 ParOldGen       total 43776K, used 6715K [0x66e00000, 0x698c0000, 0x918c0000)
  object space 43776K, 15% used [0x66e00000,0x6748eed0,0x698c0000)
 Metaspace       used 10828K, capacity 10924K, committed 11032K, reserved 11568K
}
Event: 8.762 GC heap before
{Heap before GC invocations=7 (full 0):
 PSYoungGen      total 71936K, used 71293K [0x918c0000, 0x96540000, 0xa6e00000)
  eden space 66304K, 100% used [0x918c0000,0x95980000,0x95980000)
  from space 5632K, 88% used [0x95f40000,0x9641f4d0,0x964c0000)
  to   space 5888K, 0% used [0x95980000,0x95980000,0x95f40000)
 ParOldGen       total 43776K, used 6715K [0x66e00000, 0x698c0000, 0x918c0000)
  object space 43776K, 15% used [0x66e00000,0x6748eed0,0x698c0000)
 Metaspace       used 11118K, capacity 11229K, committed 11288K, reserved 11568K
Event: 8.785 GC heap after
Heap after GC invocations=7 (full 0):
 PSYoungGen      total 72192K, used 5882K [0x918c0000, 0x9a8c0000, 0xa6e00000)
  eden space 66304K, 0% used [0x918c0000,0x918c0000,0x95980000)
  from space 5888K, 99% used [0x95980000,0x95f3e830,0x95f40000)
  to   space 7424K, 0% used [0x9a180000,0x9a180000,0x9a8c0000)
 ParOldGen       total 43776K, used 8247K [0x66e00000, 0x698c0000, 0x918c0000)
  object space 43776K, 18% used [0x66e00000,0x6760dca0,0x698c0000)
 Metaspace       used 11118K, capacity 11229K, committed 11288K, reserved 11568K
}
Event: 9.823 GC heap before
{Heap before GC invocations=8 (full 0):
 PSYoungGen      total 72192K, used 72186K [0x918c0000, 0x9a8c0000, 0xa6e00000)
  eden space 66304K, 100% used [0x918c0000,0x95980000,0x95980000)
  from space 5888K, 99% used [0x95980000,0x95f3e830,0x95f40000)
  to   space 7424K, 0% used [0x9a180000,0x9a180000,0x9a8c0000)
 ParOldGen       total 43776K, used 8247K [0x66e00000, 0x698c0000, 0x918c0000)
  object space 43776K, 18% used [0x66e00000,0x6760dca0,0x698c0000)
 Metaspace       used 11622K, capacity 11794K, committed 11928K, reserved 12592K
Event: 9.847 GC heap after
Heap after GC invocations=8 (full 0):
 PSYoungGen      total 138240K, used 7424K [0x918c0000, 0x9ac40000, 0xa6e00000)
  eden space 130816K, 0% used [0x918c0000,0x918c0000,0x99880000)
  from space 7424K, 100% used [0x9a180000,0x9a8c0000,0x9a8c0000)
  to   space 9216K, 0% used [0x99880000,0x99880000,0x9a180000)
 ParOldGen       total 43776K, used 10021K [0x66e00000, 0x698c0000, 0x918c0000)
  object space 43776K, 22% used [0x66e00000,0x677c97b8,0x698c0000)
 Metaspace       used 11622K, capacity 11794K, committed 11928K, reserved 12592K
}
Event: 15.936 GC heap before
{Heap before GC invocations=9 (full 0):
 PSYoungGen      total 138240K, used 138240K [0x918c0000, 0x9ac40000, 0xa6e00000)
  eden space 130816K, 100% used [0x918c0000,0x99880000,0x99880000)
  from space 7424K, 100% used [0x9a180000,0x9a8c0000,0x9a8c0000)
  to   space 9216K, 0% used [0x99880000,0x99880000,0x9a180000)
 ParOldGen       total 43776K, used 10021K [0x66e00000, 0x698c0000, 0x918c0000)
  object space 43776K, 22% used [0x66e00000,0x677c97b8,0x698c0000)
 Metaspace       used 15914K, capacity 16345K, committed 16384K, reserved 16688K

