# JRE version: OpenJDK Runtime Environment (8.0_162-b12) (build 1.8.0_162-8u162-b12-0ubuntu0.16.04.2-b12)
# Java VM: OpenJDK Server VM (25.162-b12 mixed mode linux-x86 )
Heap:
 PSYoungGen      total 72448K, used 6130K [0x918c0000, 0x965c0000, 0xa6e00000)
  eden space 66304K, 0% used [0x918c0000,0x918c0000,0x95980000)
  from space 6144K, 99% used [0x95980000,0x95f7c850,0x95f80000)
  to   space 5888K, 0% used [0x95f80000,0x95f80000,0x96540000)
 ParOldGen       total 43776K, used 8052K [0x66e00000, 0x698c0000, 0x918c0000)
  object space 43776K, 18% used [0x66e00000,0x675dd1a0,0x698c0000)
 Metaspace       used 11130K, capacity 11229K, committed 11288K, reserved 11568K
GC Heap History (10 events):
Event: 1.160 GC heap after
Heap after GC invocations=2 (full 0):
 PSYoungGen      total 19200K, used 2548K [0x918c0000, 0x92e00000, 0xa6e00000)
  eden space 16640K, 0% used [0x918c0000,0x918c0000,0x92900000)
  from space 2560K, 99% used [0x92b80000,0x92dfd270,0x92e00000)
  to   space 2560K, 0% used [0x92900000,0x92900000,0x92b80000)
 ParOldGen       total 43776K, used 838K [0x66e00000, 0x698c0000, 0x918c0000)
  object space 43776K, 1% used [0x66e00000,0x66ed1a00,0x698c0000)
 Metaspace       used 5307K, capacity 5354K, committed 5400K, reserved 5424K
}
Event: 1.423 GC heap before
{Heap before GC invocations=3 (full 0):
 PSYoungGen      total 19200K, used 19188K [0x918c0000, 0x92e00000, 0xa6e00000)
  eden space 16640K, 100% used [0x918c0000,0x92900000,0x92900000)
  from space 2560K, 99% used [0x92b80000,0x92dfd270,0x92e00000)
  to   space 2560K, 0% used [0x92900000,0x92900000,0x92b80000)
 ParOldGen       total 43776K, used 838K [0x66e00000, 0x698c0000, 0x918c0000)
  object space 43776K, 1% used [0x66e00000,0x66ed1a00,0x698c0000)
 Metaspace       used 6637K, capacity 6679K, committed 6808K, reserved 7472K
Event: 1.429 GC heap after
Heap after GC invocations=3 (full 0):
 PSYoungGen      total 19200K, used 2547K [0x918c0000, 0x93e40000, 0xa6e00000)
  eden space 16640K, 0% used [0x918c0000,0x918c0000,0x92900000)
  from space 2560K, 99% used [0x92900000,0x92b7ce70,0x92b80000)
  to   space 2560K, 0% used [0x93bc0000,0x93bc0000,0x93e40000)
 ParOldGen       total 43776K, used 2313K [0x66e00000, 0x698c0000, 0x918c0000)
  object space 43776K, 5% used [0x66e00000,0x670426b0,0x698c0000)
 Metaspace       used 6637K, capacity 6679K, committed 6808K, reserved 7472K
}
Event: 1.840 GC heap before
{Heap before GC invocations=4 (full 0):
 PSYoungGen      total 19200K, used 19187K [0x918c0000, 0x93e40000, 0xa6e00000)
  eden space 16640K, 100% used [0x918c0000,0x92900000,0x92900000)
  from space 2560K, 99% used [0x92900000,0x92b7ce70,0x92b80000)
  to   space 2560K, 0% used [0x93bc0000,0x93bc0000,0x93e40000)
 ParOldGen       total 43776K, used 2313K [0x66e00000, 0x698c0000, 0x918c0000)
  object space 43776K, 5% used [0x66e00000,0x670426b0,0x698c0000)
 Metaspace       used 8076K, capacity 8156K, committed 8216K, reserved 8496K
Event: 1.849 GC heap after
Heap after GC invocations=4 (full 0):
 PSYoungGen      total 35840K, used 2546K [0x918c0000, 0x93e40000, 0xa6e00000)
  eden space 33280K, 0% used [0x918c0000,0x918c0000,0x93940000)
  from space 2560K, 99% used [0x93bc0000,0x93e3c890,0x93e40000)
  to   space 2560K, 0% used [0x93940000,0x93940000,0x93bc0000)
 ParOldGen       total 43776K, used 4361K [0x66e00000, 0x698c0000, 0x918c0000)
  object space 43776K, 9% used [0x66e00000,0x67242460,0x698c0000)
 Metaspace       used 8076K, capacity 8156K, committed 8216K, reserved 8496K
}
Event: 3.111 GC heap before
{Heap before GC invocations=5 (full 0):
 PSYoungGen      total 35840K, used 35826K [0x918c0000, 0x93e40000, 0xa6e00000)
  eden space 33280K, 100% used [0x918c0000,0x93940000,0x93940000)
  from space 2560K, 99% used [0x93bc0000,0x93e3c890,0x93e40000)
  to   space 2560K, 0% used [0x93940000,0x93940000,0x93bc0000)
 ParOldGen       total 43776K, used 4361K [0x66e00000, 0x698c0000, 0x918c0000)
  object space 43776K, 9% used [0x66e00000,0x67242460,0x698c0000)
 Metaspace       used 9958K, capacity 10043K, committed 10136K, reserved 10544K
Event: 3.120 GC heap after
Heap after GC invocations=5 (full 0):
 PSYoungGen      total 35840K, used 2544K [0x918c0000, 0x96540000, 0xa6e00000)
  eden space 33280K, 0% used [0x918c0000,0x918c0000,0x93940000)
  from space 2560K, 99% used [0x93940000,0x93bbc070,0x93bc0000)
  to   space 5888K, 0% used [0x95f80000,0x95f80000,0x96540000)
 ParOldGen       total 43776K, used 6632K [0x66e00000, 0x698c0000, 0x918c0000)
  object space 43776K, 15% used [0x66e00000,0x6747a320,0x698c0000)
 Metaspace       used 9958K, capacity 10043K, committed 10136K, reserved 10544K
}
Event: 4.041 GC heap before
{Heap before GC invocations=6 (full 0):
 PSYoungGen      total 35840K, used 35824K [0x918c0000, 0x96540000, 0xa6e00000)
  eden space 33280K, 100% used [0x918c0000,0x93940000,0x93940000)
  from space 2560K, 99% used [0x93940000,0x93bbc070,0x93bc0000)
  to   space 5888K, 0% used [0x95f80000,0x95f80000,0x96540000)
 ParOldGen       total 43776K, used 6632K [0x66e00000, 0x698c0000, 0x918c0000)
  object space 43776K, 15% used [0x66e00000,0x6747a320,0x698c0000)
 Metaspace       used 10809K, capacity 10892K, committed 11032K, reserved 11568K
Event: 4.070 GC heap after
Heap after GC invocations=6 (full 0):
 PSYoungGen      total 72192K, used 5204K [0x918c0000, 0x965c0000, 0xa6e00000)
  eden space 66304K, 0% used [0x918c0000,0x918c0000,0x95980000)
  from space 5888K, 88% used [0x95f80000,0x96495110,0x96540000)
  to   space 6144K, 0% used [0x95980000,0x95980000,0x95f80000)
 ParOldGen       total 43776K, used 6636K [0x66e00000, 0x698c0000, 0x918c0000)
  object space 43776K, 15% used [0x66e00000,0x6747b320,0x698c0000)
 Metaspace       used 10809K, capacity 10892K, committed 11032K, reserved 11568K
}
Event: 5.142 GC heap before
{Heap before GC invocations=7 (full 0):
 PSYoungGen      total 72192K, used 71508K [0x918c0000, 0x965c0000, 0xa6e00000)
  eden space 66304K, 100% used [0x918c0000,0x95980000,0x95980000)
  from space 5888K, 88% used [0x95f80000,0x96495110,0x96540000)
  to   space 6144K, 0% used [0x95980000,0x95980000,0x95f80000)
 ParOldGen       total 43776K, used 6636K [0x66e00000, 0x698c0000, 0x918c0000)
  object space 43776K, 15% used [0x66e00000,0x6747b320,0x698c0000)
 Metaspace       used 11130K, capacity 11229K, committed 11288K, reserved 11568K

