# JRE version: OpenJDK Runtime Environment (8.0_151-b12) (build 1.8.0_151-8u151-b12-0ubuntu0.16.04.2-b12)
# Java VM: OpenJDK Server VM (25.151-b12 mixed mode linux-x86 )
Heap:
 PSYoungGen      total 141056K, used 8189K [0x916c0000, 0x9a8c0000, 0xa6c00000)
  eden space 132864K, 0% used [0x916c0000,0x916c0000,0x99880000)
  from space 8192K, 99% used [0x99880000,0x9a07f4d8,0x9a080000)
  to   space 7936K, 0% used [0x9a080000,0x9a080000,0x9a840000)
 ParOldGen       total 43776K, used 17967K [0x66c00000, 0x696c0000, 0x916c0000)
  object space 43776K, 41% used [0x66c00000,0x67d8bdb0,0x696c0000)
 Metaspace       used 14614K, capacity 14901K, committed 15000K, reserved 15664K
GC Heap History (10 events):
Event: 1.162 GC heap after
Heap after GC invocations=2 (full 0):
 PSYoungGen      total 35840K, used 2545K [0x916c0000, 0x93c40000, 0xa6c00000)
  eden space 33280K, 0% used [0x916c0000,0x916c0000,0x93740000)
  from space 2560K, 99% used [0x939c0000,0x93c3c418,0x93c40000)
  to   space 2560K, 0% used [0x93740000,0x93740000,0x939c0000)
 ParOldGen       total 43776K, used 896K [0x66c00000, 0x696c0000, 0x916c0000)
  object space 43776K, 2% used [0x66c00000,0x66ce0268,0x696c0000)
 Metaspace       used 5323K, capacity 5386K, committed 5400K, reserved 5424K
}
Event: 1.985 GC heap before
{Heap before GC invocations=3 (full 0):
 PSYoungGen      total 35840K, used 35825K [0x916c0000, 0x93c40000, 0xa6c00000)
  eden space 33280K, 100% used [0x916c0000,0x93740000,0x93740000)
  from space 2560K, 99% used [0x939c0000,0x93c3c418,0x93c40000)
  to   space 2560K, 0% used [0x93740000,0x93740000,0x939c0000)
 ParOldGen       total 43776K, used 896K [0x66c00000, 0x696c0000, 0x916c0000)
  object space 43776K, 2% used [0x66c00000,0x66ce0268,0x696c0000)
 Metaspace       used 8079K, capacity 8156K, committed 8216K, reserved 8496K
Event: 2.022 GC heap after
Heap after GC invocations=3 (full 0):
 PSYoungGen      total 35840K, used 2546K [0x916c0000, 0x95cc0000, 0xa6c00000)
  eden space 33280K, 0% used [0x916c0000,0x916c0000,0x93740000)
  from space 2560K, 99% used [0x93740000,0x939bc890,0x939c0000)
  to   space 2560K, 0% used [0x95a40000,0x95a40000,0x95cc0000)
 ParOldGen       total 43776K, used 4940K [0x66c00000, 0x696c0000, 0x916c0000)
  object space 43776K, 11% used [0x66c00000,0x670d3160,0x696c0000)
 Metaspace       used 8079K, capacity 8156K, committed 8216K, reserved 8496K
}
Event: 3.585 GC heap before
{Heap before GC invocations=4 (full 0):
 PSYoungGen      total 35840K, used 35826K [0x916c0000, 0x95cc0000, 0xa6c00000)
  eden space 33280K, 100% used [0x916c0000,0x93740000,0x93740000)
  from space 2560K, 99% used [0x93740000,0x939bc890,0x939c0000)
  to   space 2560K, 0% used [0x95a40000,0x95a40000,0x95cc0000)
 ParOldGen       total 43776K, used 4940K [0x66c00000, 0x696c0000, 0x916c0000)
  object space 43776K, 11% used [0x66c00000,0x670d3160,0x696c0000)
 Metaspace       used 9975K, capacity 10075K, committed 10136K, reserved 10544K
Event: 3.598 GC heap after
Heap after GC invocations=4 (full 0):
 PSYoungGen      total 69120K, used 2554K [0x916c0000, 0x95cc0000, 0xa6c00000)
  eden space 66560K, 0% used [0x916c0000,0x916c0000,0x957c0000)
  from space 2560K, 99% used [0x95a40000,0x95cbe870,0x95cc0000)
  to   space 2560K, 0% used [0x957c0000,0x957c0000,0x95a40000)
 ParOldGen       total 43776K, used 7031K [0x66c00000, 0x696c0000, 0x916c0000)
  object space 43776K, 16% used [0x66c00000,0x672dddf8,0x696c0000)
 Metaspace       used 9975K, capacity 10075K, committed 10136K, reserved 10544K
}
Event: 5.760 GC heap before
{Heap before GC invocations=5 (full 0):
 PSYoungGen      total 69120K, used 69114K [0x916c0000, 0x95cc0000, 0xa6c00000)
  eden space 66560K, 100% used [0x916c0000,0x957c0000,0x957c0000)
  from space 2560K, 99% used [0x95a40000,0x95cbe870,0x95cc0000)
  to   space 2560K, 0% used [0x957c0000,0x957c0000,0x95a40000)
 ParOldGen       total 43776K, used 7031K [0x66c00000, 0x696c0000, 0x916c0000)
  object space 43776K, 16% used [0x66c00000,0x672dddf8,0x696c0000)
 Metaspace       used 10948K, capacity 11057K, committed 11160K, reserved 11568K
Event: 5.794 GC heap after
Heap after GC invocations=5 (full 0):
 PSYoungGen      total 69120K, used 2546K [0x916c0000, 0x9a840000, 0xa6c00000)
  eden space 66560K, 0% used [0x916c0000,0x916c0000,0x957c0000)
  from space 2560K, 99% used [0x957c0000,0x95a3c880,0x95a40000)
  to   space 7936K, 0% used [0x9a080000,0x9a080000,0x9a840000)
 ParOldGen       total 43776K, used 10997K [0x66c00000, 0x696c0000, 0x916c0000)
  object space 43776K, 25% used [0x66c00000,0x676bd5c8,0x696c0000)
 Metaspace       used 10948K, capacity 11057K, committed 11160K, reserved 11568K
}
Event: 7.033 GC heap before
{Heap before GC invocations=6 (full 0):
 PSYoungGen      total 69120K, used 69106K [0x916c0000, 0x9a840000, 0xa6c00000)
  eden space 66560K, 100% used [0x916c0000,0x957c0000,0x957c0000)
  from space 2560K, 99% used [0x957c0000,0x95a3c880,0x95a40000)
  to   space 7936K, 0% used [0x9a080000,0x9a080000,0x9a840000)
 ParOldGen       total 43776K, used 10997K [0x66c00000, 0x696c0000, 0x916c0000)
  object space 43776K, 25% used [0x66c00000,0x676bd5c8,0x696c0000)
 Metaspace       used 11128K, capacity 11234K, committed 11288K, reserved 11568K
Event: 7.074 GC heap after
Heap after GC invocations=6 (full 0):
 PSYoungGen      total 140800K, used 6394K [0x916c0000, 0x9a8c0000, 0xa6c00000)
  eden space 132864K, 0% used [0x916c0000,0x916c0000,0x99880000)
  from space 7936K, 80% used [0x9a080000,0x9a6be870,0x9a840000)
  to   space 8192K, 0% used [0x99880000,0x99880000,0x9a080000)
 ParOldGen       total 43776K, used 11001K [0x66c00000, 0x696c0000, 0x916c0000)
  object space 43776K, 25% used [0x66c00000,0x676be5c8,0x696c0000)
 Metaspace       used 11128K, capacity 11234K, committed 11288K, reserved 11568K
}
Event: 11.196 GC heap before
{Heap before GC invocations=7 (full 0):
 PSYoungGen      total 140800K, used 139258K [0x916c0000, 0x9a8c0000, 0xa6c00000)
  eden space 132864K, 100% used [0x916c0000,0x99880000,0x99880000)
  from space 7936K, 80% used [0x9a080000,0x9a6be870,0x9a840000)
  to   space 8192K, 0% used [0x99880000,0x99880000,0x9a080000)
 ParOldGen       total 43776K, used 11001K [0x66c00000, 0x696c0000, 0x916c0000)
  object space 43776K, 25% used [0x66c00000,0x676be5c8,0x696c0000)
 Metaspace       used 14614K, capacity 14901K, committed 15000K, reserved 15664K

