# JRE version: OpenJDK Runtime Environment (8.0_162-b12) (build 1.8.0_162-8u162-b12-0ubuntu0.16.04.2-b12)
# Java VM: OpenJDK Server VM (25.162-b12 mixed mode linux-x86 )
Heap:
 PSYoungGen      total 139520K, used 9463K [0x918c0000, 0x9ac40000, 0xa6e00000)
  eden space 130048K, 0% used [0x918c0000,0x918c0000,0x997c0000)
  from space 9472K, 99% used [0x997c0000,0x9a0fdc28,0x9a100000)
  to   space 7424K, 0% used [0x9a100000,0x9a100000,0x9a840000)
 ParOldGen       total 43776K, used 16803K [0x66e00000, 0x698c0000, 0x918c0000)
  object space 43776K, 38% used [0x66e00000,0x67e68fc8,0x698c0000)
 Metaspace       used 15821K, capacity 16249K, committed 16280K, reserved 16688K
GC Heap History (10 events):
Event: 2.774 GC heap after
Heap after GC invocations=4 (full 0):
 PSYoungGen      total 35840K, used 2546K [0x918c0000, 0x93e40000, 0xa6e00000)
  eden space 33280K, 0% used [0x918c0000,0x918c0000,0x93940000)
  from space 2560K, 99% used [0x93bc0000,0x93e3c890,0x93e40000)
  to   space 2560K, 0% used [0x93940000,0x93940000,0x93bc0000)
 ParOldGen       total 43776K, used 4346K [0x66e00000, 0x698c0000, 0x918c0000)
  object space 43776K, 9% used [0x66e00000,0x6723e9c8,0x698c0000)
 Metaspace       used 8100K, capacity 8158K, committed 8216K, reserved 8496K
}
Event: 4.703 GC heap before
{Heap before GC invocations=5 (full 0):
 PSYoungGen      total 35840K, used 35826K [0x918c0000, 0x93e40000, 0xa6e00000)
  eden space 33280K, 100% used [0x918c0000,0x93940000,0x93940000)
  from space 2560K, 99% used [0x93bc0000,0x93e3c890,0x93e40000)
  to   space 2560K, 0% used [0x93940000,0x93940000,0x93bc0000)
 ParOldGen       total 43776K, used 4346K [0x66e00000, 0x698c0000, 0x918c0000)
  object space 43776K, 9% used [0x66e00000,0x6723e9c8,0x698c0000)
 Metaspace       used 9986K, capacity 10075K, committed 10136K, reserved 10544K
Event: 4.747 GC heap after
Heap after GC invocations=5 (full 0):
 PSYoungGen      total 35840K, used 2546K [0x918c0000, 0x964c0000, 0xa6e00000)
  eden space 33280K, 0% used [0x918c0000,0x918c0000,0x93940000)
  from space 2560K, 99% used [0x93940000,0x93bbc880,0x93bc0000)
  to   space 5632K, 0% used [0x95f40000,0x95f40000,0x964c0000)
 ParOldGen       total 43776K, used 6473K [0x66e00000, 0x698c0000, 0x918c0000)
  object space 43776K, 14% used [0x66e00000,0x674527e8,0x698c0000)
 Metaspace       used 9986K, capacity 10075K, committed 10136K, reserved 10544K
}
Event: 8.069 GC heap before
{Heap before GC invocations=6 (full 0):
 PSYoungGen      total 35840K, used 35826K [0x918c0000, 0x964c0000, 0xa6e00000)
  eden space 33280K, 100% used [0x918c0000,0x93940000,0x93940000)
  from space 2560K, 99% used [0x93940000,0x93bbc880,0x93bc0000)
  to   space 5632K, 0% used [0x95f40000,0x95f40000,0x964c0000)
 ParOldGen       total 43776K, used 6473K [0x66e00000, 0x698c0000, 0x918c0000)
  object space 43776K, 14% used [0x66e00000,0x674527e8,0x698c0000)
 Metaspace       used 10825K, capacity 10924K, committed 11032K, reserved 11568K
Event: 8.182 GC heap after
Heap after GC invocations=6 (full 0):
 PSYoungGen      total 71680K, used 5207K [0x918c0000, 0x965c0000, 0xa6e00000)
  eden space 66048K, 0% used [0x918c0000,0x918c0000,0x95940000)
  from space 5632K, 92% used [0x95f40000,0x96455ce0,0x964c0000)
  to   space 6144K, 0% used [0x95940000,0x95940000,0x95f40000)
 ParOldGen       total 43776K, used 6481K [0x66e00000, 0x698c0000, 0x918c0000)
  object space 43776K, 14% used [0x66e00000,0x674547e8,0x698c0000)
 Metaspace       used 10825K, capacity 10924K, committed 11032K, reserved 11568K
}
Event: 9.988 GC heap before
{Heap before GC invocations=7 (full 0):
 PSYoungGen      total 71680K, used 71255K [0x918c0000, 0x965c0000, 0xa6e00000)
  eden space 66048K, 100% used [0x918c0000,0x95940000,0x95940000)
  from space 5632K, 92% used [0x95f40000,0x96455ce0,0x964c0000)
  to   space 6144K, 0% used [0x95940000,0x95940000,0x95f40000)
 ParOldGen       total 43776K, used 6481K [0x66e00000, 0x698c0000, 0x918c0000)
  object space 43776K, 14% used [0x66e00000,0x674547e8,0x698c0000)
 Metaspace       used 11149K, capacity 11261K, committed 11416K, reserved 11568K
Event: 10.016 GC heap after
Heap after GC invocations=7 (full 0):
 PSYoungGen      total 72192K, used 6128K [0x918c0000, 0x9a840000, 0xa6e00000)
  eden space 66048K, 0% used [0x918c0000,0x918c0000,0x95940000)
  from space 6144K, 99% used [0x95940000,0x95f3c020,0x95f40000)
  to   space 7424K, 0% used [0x9a100000,0x9a100000,0x9a840000)
 ParOldGen       total 43776K, used 7716K [0x66e00000, 0x698c0000, 0x918c0000)
  object space 43776K, 17% used [0x66e00000,0x67589308,0x698c0000)
 Metaspace       used 11149K, capacity 11261K, committed 11416K, reserved 11568K
}
Event: 11.253 GC heap before
{Heap before GC invocations=8 (full 0):
 PSYoungGen      total 72192K, used 72176K [0x918c0000, 0x9a840000, 0xa6e00000)
  eden space 66048K, 100% used [0x918c0000,0x95940000,0x95940000)
  from space 6144K, 99% used [0x95940000,0x95f3c020,0x95f40000)
  to   space 7424K, 0% used [0x9a100000,0x9a100000,0x9a840000)
 ParOldGen       total 43776K, used 7716K [0x66e00000, 0x698c0000, 0x918c0000)
  object space 43776K, 17% used [0x66e00000,0x67589308,0x698c0000)
 Metaspace       used 11567K, capacity 11722K, committed 11800K, reserved 12592K
Event: 11.279 GC heap after
Heap after GC invocations=8 (full 0):
 PSYoungGen      total 137472K, used 7424K [0x918c0000, 0x9ac40000, 0xa6e00000)
  eden space 130048K, 0% used [0x918c0000,0x918c0000,0x997c0000)
  from space 7424K, 100% used [0x9a100000,0x9a840000,0x9a840000)
  to   space 9472K, 0% used [0x997c0000,0x997c0000,0x9a100000)
 ParOldGen       total 43776K, used 10169K [0x66e00000, 0x698c0000, 0x918c0000)
  object space 43776K, 23% used [0x66e00000,0x677ee660,0x698c0000)
 Metaspace       used 11567K, capacity 11722K, committed 11800K, reserved 12592K
}
Event: 16.273 GC heap before
{Heap before GC invocations=9 (full 0):
 PSYoungGen      total 137472K, used 137472K [0x918c0000, 0x9ac40000, 0xa6e00000)
  eden space 130048K, 100% used [0x918c0000,0x997c0000,0x997c0000)
  from space 7424K, 100% used [0x9a100000,0x9a840000,0x9a840000)
  to   space 9472K, 0% used [0x997c0000,0x997c0000,0x9a100000)
 ParOldGen       total 43776K, used 10169K [0x66e00000, 0x698c0000, 0x918c0000)
  object space 43776K, 23% used [0x66e00000,0x677ee660,0x698c0000)
 Metaspace       used 15821K, capacity 16249K, committed 16280K, reserved 16688K

