# JRE version: OpenJDK Runtime Environment (8.0_162-b12) (build 1.8.0_162-8u162-b12-0ubuntu0.16.04.2-b12)
# Java VM: OpenJDK Server VM (25.162-b12 mixed mode linux-x86 )
Heap:
 PSYoungGen      total 139520K, used 9206K [0x918c0000, 0x9abc0000, 0xa6e00000)
  eden space 130304K, 0% used [0x918c0000,0x918c0000,0x99800000)
  from space 9216K, 99% used [0x99800000,0x9a0fdaf8,0x9a100000)
  to   space 7424K, 0% used [0x9a100000,0x9a100000,0x9a840000)
 ParOldGen       total 43776K, used 17905K [0x66e00000, 0x698c0000, 0x918c0000)
  object space 43776K, 40% used [0x66e00000,0x67f7c7b0,0x698c0000)
 Metaspace       used 15841K, capacity 16127K, committed 16152K, reserved 16688K
GC Heap History (10 events):
Event: 2.821 GC heap after
Heap after GC invocations=4 (full 0):
 PSYoungGen      total 35840K, used 2554K [0x918c0000, 0x93e40000, 0xa6e00000)
  eden space 33280K, 0% used [0x918c0000,0x918c0000,0x93940000)
  from space 2560K, 99% used [0x93bc0000,0x93e3e880,0x93e40000)
  to   space 2560K, 0% used [0x93940000,0x93940000,0x93bc0000)
 ParOldGen       total 43776K, used 4504K [0x66e00000, 0x698c0000, 0x918c0000)
  object space 43776K, 10% used [0x66e00000,0x672663e8,0x698c0000)
 Metaspace       used 8154K, capacity 8222K, committed 8344K, reserved 8496K
}
Event: 4.587 GC heap before
{Heap before GC invocations=5 (full 0):
 PSYoungGen      total 35840K, used 35834K [0x918c0000, 0x93e40000, 0xa6e00000)
  eden space 33280K, 100% used [0x918c0000,0x93940000,0x93940000)
  from space 2560K, 99% used [0x93bc0000,0x93e3e880,0x93e40000)
  to   space 2560K, 0% used [0x93940000,0x93940000,0x93bc0000)
 ParOldGen       total 43776K, used 4504K [0x66e00000, 0x698c0000, 0x918c0000)
  object space 43776K, 10% used [0x66e00000,0x672663e8,0x698c0000)
 Metaspace       used 10065K, capacity 10139K, committed 10264K, reserved 10544K
Event: 4.605 GC heap after
Heap after GC invocations=5 (full 0):
 PSYoungGen      total 35840K, used 2546K [0x918c0000, 0x964c0000, 0xa6e00000)
  eden space 33280K, 0% used [0x918c0000,0x918c0000,0x93940000)
  from space 2560K, 99% used [0x93940000,0x93bbc880,0x93bc0000)
  to   space 5632K, 0% used [0x95f40000,0x95f40000,0x964c0000)
 ParOldGen       total 43776K, used 6589K [0x66e00000, 0x698c0000, 0x918c0000)
  object space 43776K, 15% used [0x66e00000,0x6746f730,0x698c0000)
 Metaspace       used 10065K, capacity 10139K, committed 10264K, reserved 10544K
}
Event: 5.995 GC heap before
{Heap before GC invocations=6 (full 0):
 PSYoungGen      total 35840K, used 35826K [0x918c0000, 0x964c0000, 0xa6e00000)
  eden space 33280K, 100% used [0x918c0000,0x93940000,0x93940000)
  from space 2560K, 99% used [0x93940000,0x93bbc880,0x93bc0000)
  to   space 5632K, 0% used [0x95f40000,0x95f40000,0x964c0000)
 ParOldGen       total 43776K, used 6589K [0x66e00000, 0x698c0000, 0x918c0000)
  object space 43776K, 15% used [0x66e00000,0x6746f730,0x698c0000)
 Metaspace       used 10836K, capacity 10956K, committed 11032K, reserved 11568K
Event: 6.023 GC heap after
Heap after GC invocations=6 (full 0):
 PSYoungGen      total 71680K, used 5142K [0x918c0000, 0x965c0000, 0xa6e00000)
  eden space 66048K, 0% used [0x918c0000,0x918c0000,0x95940000)
  from space 5632K, 91% used [0x95f40000,0x96445a98,0x964c0000)
  to   space 6144K, 0% used [0x95940000,0x95940000,0x95f40000)
 ParOldGen       total 43776K, used 6593K [0x66e00000, 0x698c0000, 0x918c0000)
  object space 43776K, 15% used [0x66e00000,0x67470730,0x698c0000)
 Metaspace       used 10836K, capacity 10956K, committed 11032K, reserved 11568K
}
Event: 8.709 GC heap before
{Heap before GC invocations=7 (full 0):
 PSYoungGen      total 71680K, used 71190K [0x918c0000, 0x965c0000, 0xa6e00000)
  eden space 66048K, 100% used [0x918c0000,0x95940000,0x95940000)
  from space 5632K, 91% used [0x95f40000,0x96445a98,0x964c0000)
  to   space 6144K, 0% used [0x95940000,0x95940000,0x95f40000)
 ParOldGen       total 43776K, used 6593K [0x66e00000, 0x698c0000, 0x918c0000)
  object space 43776K, 15% used [0x66e00000,0x67470730,0x698c0000)
 Metaspace       used 11137K, capacity 11229K, committed 11288K, reserved 11568K
Event: 8.763 GC heap after
Heap after GC invocations=7 (full 0):
 PSYoungGen      total 72192K, used 6128K [0x918c0000, 0x9a840000, 0xa6e00000)
  eden space 66048K, 0% used [0x918c0000,0x918c0000,0x95940000)
  from space 6144K, 99% used [0x95940000,0x95f3c020,0x95f40000)
  to   space 7424K, 0% used [0x9a100000,0x9a100000,0x9a840000)
 ParOldGen       total 43776K, used 7964K [0x66e00000, 0x698c0000, 0x918c0000)
  object space 43776K, 18% used [0x66e00000,0x675c71d8,0x698c0000)
 Metaspace       used 11137K, capacity 11229K, committed 11288K, reserved 11568K
}
Event: 11.604 GC heap before
{Heap before GC invocations=8 (full 0):
 PSYoungGen      total 72192K, used 72176K [0x918c0000, 0x9a840000, 0xa6e00000)
  eden space 66048K, 100% used [0x918c0000,0x95940000,0x95940000)
  from space 6144K, 99% used [0x95940000,0x95f3c020,0x95f40000)
  to   space 7424K, 0% used [0x9a100000,0x9a100000,0x9a840000)
 ParOldGen       total 43776K, used 7964K [0x66e00000, 0x698c0000, 0x918c0000)
  object space 43776K, 18% used [0x66e00000,0x675c71d8,0x698c0000)
 Metaspace       used 11579K, capacity 11722K, committed 11800K, reserved 12592K
Event: 11.646 GC heap after
Heap after GC invocations=8 (full 0):
 PSYoungGen      total 137728K, used 7424K [0x918c0000, 0x9abc0000, 0xa6e00000)
  eden space 130304K, 0% used [0x918c0000,0x918c0000,0x99800000)
  from space 7424K, 100% used [0x9a100000,0x9a840000,0x9a840000)
  to   space 9216K, 0% used [0x99800000,0x99800000,0x9a100000)
 ParOldGen       total 43776K, used 9950K [0x66e00000, 0x698c0000, 0x918c0000)
  object space 43776K, 22% used [0x66e00000,0x677b7900,0x698c0000)
 Metaspace       used 11579K, capacity 11722K, committed 11800K, reserved 12592K
}
Event: 16.398 GC heap before
{Heap before GC invocations=9 (full 0):
 PSYoungGen      total 137728K, used 137728K [0x918c0000, 0x9abc0000, 0xa6e00000)
  eden space 130304K, 100% used [0x918c0000,0x99800000,0x99800000)
  from space 7424K, 100% used [0x9a100000,0x9a840000,0x9a840000)
  to   space 9216K, 0% used [0x99800000,0x99800000,0x9a100000)
 ParOldGen       total 43776K, used 9950K [0x66e00000, 0x698c0000, 0x918c0000)
  object space 43776K, 22% used [0x66e00000,0x677b7900,0x698c0000)
 Metaspace       used 15841K, capacity 16127K, committed 16152K, reserved 16688K

