# JRE version: OpenJDK Runtime Environment (8.0_151-b12) (build 1.8.0_151-8u151-b12-0ubuntu0.16.04.2-b12)
# Java VM: OpenJDK Server VM (25.151-b12 mixed mode linux-x86 )
Heap:
 PSYoungGen      total 71680K, used 5120K [0x918c0000, 0x963c0000, 0xa6e00000)
  eden space 66560K, 0% used [0x918c0000,0x918c0000,0x959c0000)
  from space 5120K, 100% used [0x959c0000,0x95ec0000,0x95ec0000)
  to   space 5120K, 0% used [0x95ec0000,0x95ec0000,0x963c0000)
 ParOldGen       total 43776K, used 10036K [0x66e00000, 0x698c0000, 0x918c0000)
  object space 43776K, 22% used [0x66e00000,0x677cd1a0,0x698c0000)
 Metaspace       used 11134K, capacity 11234K, committed 11288K, reserved 11568K
GC Heap History (10 events):
Event: 4.639 GC heap after
Heap after GC invocations=4 (full 0):
 PSYoungGen      total 19200K, used 2544K [0x918c0000, 0x93e40000, 0xa6e00000)
  eden space 16640K, 0% used [0x918c0000,0x918c0000,0x92900000)
  from space 2560K, 99% used [0x92b80000,0x92dfc070,0x92e00000)
  to   space 2560K, 0% used [0x92900000,0x92900000,0x92b80000)
 ParOldGen       total 43776K, used 4350K [0x66e00000, 0x698c0000, 0x918c0000)
  object space 43776K, 9% used [0x66e00000,0x6723f9d0,0x698c0000)
 Metaspace       used 8092K, capacity 8156K, committed 8216K, reserved 8496K
}
Event: 5.566 GC heap before
{Heap before GC invocations=5 (full 0):
 PSYoungGen      total 19200K, used 19184K [0x918c0000, 0x93e40000, 0xa6e00000)
  eden space 16640K, 100% used [0x918c0000,0x92900000,0x92900000)
  from space 2560K, 99% used [0x92b80000,0x92dfc070,0x92e00000)
  to   space 2560K, 0% used [0x92900000,0x92900000,0x92b80000)
 ParOldGen       total 43776K, used 4350K [0x66e00000, 0x698c0000, 0x918c0000)
  object space 43776K, 9% used [0x66e00000,0x6723f9d0,0x698c0000)
 Metaspace       used 8861K, capacity 8931K, committed 8984K, reserved 9520K
Event: 5.584 GC heap after
Heap after GC invocations=5 (full 0):
 PSYoungGen      total 19200K, used 2546K [0x918c0000, 0x942c0000, 0xa6e00000)
  eden space 16640K, 0% used [0x918c0000,0x918c0000,0x92900000)
  from space 2560K, 99% used [0x92900000,0x92b7c890,0x92b80000)
  to   space 4864K, 0% used [0x93e00000,0x93e00000,0x942c0000)
 ParOldGen       total 43776K, used 5402K [0x66e00000, 0x698c0000, 0x918c0000)
  object space 43776K, 12% used [0x66e00000,0x673468b8,0x698c0000)
 Metaspace       used 8861K, capacity 8931K, committed 8984K, reserved 9520K
}
Event: 6.348 GC heap before
{Heap before GC invocations=6 (full 0):
 PSYoungGen      total 19200K, used 19186K [0x918c0000, 0x942c0000, 0xa6e00000)
  eden space 16640K, 100% used [0x918c0000,0x92900000,0x92900000)
  from space 2560K, 99% used [0x92900000,0x92b7c890,0x92b80000)
  to   space 4864K, 0% used [0x93e00000,0x93e00000,0x942c0000)
 ParOldGen       total 43776K, used 5402K [0x66e00000, 0x698c0000, 0x918c0000)
  object space 43776K, 12% used [0x66e00000,0x673468b8,0x698c0000)
 Metaspace       used 9983K, capacity 10075K, committed 10136K, reserved 10544K
Event: 6.357 GC heap after
Heap after GC invocations=6 (full 0):
 PSYoungGen      total 38144K, used 3660K [0x918c0000, 0x942c0000, 0xa6e00000)
  eden space 33280K, 0% used [0x918c0000,0x918c0000,0x93940000)
  from space 4864K, 75% used [0x93e00000,0x94193008,0x942c0000)
  to   space 4864K, 0% used [0x93940000,0x93940000,0x93e00000)
 ParOldGen       total 43776K, used 5402K [0x66e00000, 0x698c0000, 0x918c0000)
  object space 43776K, 12% used [0x66e00000,0x673468b8,0x698c0000)
 Metaspace       used 9983K, capacity 10075K, committed 10136K, reserved 10544K
}
Event: 7.395 GC heap before
{Heap before GC invocations=7 (full 0):
 PSYoungGen      total 38144K, used 36940K [0x918c0000, 0x942c0000, 0xa6e00000)
  eden space 33280K, 100% used [0x918c0000,0x93940000,0x93940000)
  from space 4864K, 75% used [0x93e00000,0x94193008,0x942c0000)
  to   space 4864K, 0% used [0x93940000,0x93940000,0x93e00000)
 ParOldGen       total 43776K, used 5402K [0x66e00000, 0x698c0000, 0x918c0000)
  object space 43776K, 12% used [0x66e00000,0x673468b8,0x698c0000)
 Metaspace       used 10764K, capacity 10860K, committed 11032K, reserved 11568K
Event: 7.409 GC heap after
Heap after GC invocations=7 (full 0):
 PSYoungGen      total 38144K, used 4643K [0x918c0000, 0x963c0000, 0xa6e00000)
  eden space 33280K, 0% used [0x918c0000,0x918c0000,0x93940000)
  from space 4864K, 95% used [0x93940000,0x93dc8e48,0x93e00000)
  to   space 5120K, 0% used [0x95ec0000,0x95ec0000,0x963c0000)
 ParOldGen       total 43776K, used 6354K [0x66e00000, 0x698c0000, 0x918c0000)
  object space 43776K, 14% used [0x66e00000,0x67434830,0x698c0000)
 Metaspace       used 10764K, capacity 10860K, committed 11032K, reserved 11568K
}
Event: 8.556 GC heap before
{Heap before GC invocations=8 (full 0):
 PSYoungGen      total 38144K, used 37923K [0x918c0000, 0x963c0000, 0xa6e00000)
  eden space 33280K, 100% used [0x918c0000,0x93940000,0x93940000)
  from space 4864K, 95% used [0x93940000,0x93dc8e48,0x93e00000)
  to   space 5120K, 0% used [0x95ec0000,0x95ec0000,0x963c0000)
 ParOldGen       total 43776K, used 6354K [0x66e00000, 0x698c0000, 0x918c0000)
  object space 43776K, 14% used [0x66e00000,0x67434830,0x698c0000)
 Metaspace       used 10937K, capacity 11025K, committed 11160K, reserved 11568K
Event: 8.587 GC heap after
Heap after GC invocations=8 (full 0):
 PSYoungGen      total 71680K, used 4240K [0x918c0000, 0x963c0000, 0xa6e00000)
  eden space 66560K, 0% used [0x918c0000,0x918c0000,0x959c0000)
  from space 5120K, 82% used [0x95ec0000,0x962e4020,0x963c0000)
  to   space 5120K, 0% used [0x959c0000,0x959c0000,0x95ec0000)
 ParOldGen       total 43776K, used 7455K [0x66e00000, 0x698c0000, 0x918c0000)
  object space 43776K, 17% used [0x66e00000,0x67547f30,0x698c0000)
 Metaspace       used 10937K, capacity 11025K, committed 11160K, reserved 11568K
}
Event: 10.662 GC heap before
{Heap before GC invocations=9 (full 0):
 PSYoungGen      total 71680K, used 70800K [0x918c0000, 0x963c0000, 0xa6e00000)
  eden space 66560K, 100% used [0x918c0000,0x959c0000,0x959c0000)
  from space 5120K, 82% used [0x95ec0000,0x962e4020,0x963c0000)
  to   space 5120K, 0% used [0x959c0000,0x959c0000,0x95ec0000)
 ParOldGen       total 43776K, used 7455K [0x66e00000, 0x698c0000, 0x918c0000)
  object space 43776K, 17% used [0x66e00000,0x67547f30,0x698c0000)
 Metaspace       used 11134K, capacity 11234K, committed 11288K, reserved 11568K

