# JRE version: OpenJDK Runtime Environment (8.0_162-b12) (build 1.8.0_162-8u162-b12-0ubuntu0.16.04.2-b12)
# Java VM: OpenJDK Server VM (25.162-b12 mixed mode linux-x86 )
Heap:
 PSYoungGen      total 137728K, used 119703K [0x918c0000, 0x9abc0000, 0xa6e00000)
  eden space 130304K, 86% used [0x918c0000,0x98667c10,0x99800000)
  from space 7424K, 99% used [0x9a100000,0x9a83e010,0x9a840000)
  to   space 9216K, 0% used [0x99800000,0x99800000,0x9a100000)
 ParOldGen       total 43776K, used 9725K [0x66e00000, 0x698c0000, 0x918c0000)
  object space 43776K, 22% used [0x66e00000,0x6777f7a0,0x698c0000)
 Metaspace       used 15068K, capacity 15349K, committed 15384K, reserved 15664K
GC Heap History (10 events):
Event: 2.809 GC heap before
{Heap before GC invocations=4 (full 0):
 PSYoungGen      total 19200K, used 19189K [0x918c0000, 0x93e40000, 0xa6e00000)
  eden space 16640K, 100% used [0x918c0000,0x92900000,0x92900000)
  from space 2560K, 99% used [0x92900000,0x92b7d5a8,0x92b80000)
  to   space 2560K, 0% used [0x93bc0000,0x93bc0000,0x93e40000)
 ParOldGen       total 43776K, used 2322K [0x66e00000, 0x698c0000, 0x918c0000)
  object space 43776K, 5% used [0x66e00000,0x67044b78,0x698c0000)
 Metaspace       used 8095K, capacity 8158K, committed 8216K, reserved 8496K
Event: 2.819 GC heap after
Heap after GC invocations=4 (full 0):
 PSYoungGen      total 35840K, used 2554K [0x918c0000, 0x93e40000, 0xa6e00000)
  eden space 33280K, 0% used [0x918c0000,0x918c0000,0x93940000)
  from space 2560K, 99% used [0x93bc0000,0x93e3e880,0x93e40000)
  to   space 2560K, 0% used [0x93940000,0x93940000,0x93bc0000)
 ParOldGen       total 43776K, used 4366K [0x66e00000, 0x698c0000, 0x918c0000)
  object space 43776K, 9% used [0x66e00000,0x67243818,0x698c0000)
 Metaspace       used 8095K, capacity 8158K, committed 8216K, reserved 8496K
}
Event: 4.780 GC heap before
{Heap before GC invocations=5 (full 0):
 PSYoungGen      total 35840K, used 35834K [0x918c0000, 0x93e40000, 0xa6e00000)
  eden space 33280K, 100% used [0x918c0000,0x93940000,0x93940000)
  from space 2560K, 99% used [0x93bc0000,0x93e3e880,0x93e40000)
  to   space 2560K, 0% used [0x93940000,0x93940000,0x93bc0000)
 ParOldGen       total 43776K, used 4366K [0x66e00000, 0x698c0000, 0x918c0000)
  object space 43776K, 9% used [0x66e00000,0x67243818,0x698c0000)
 Metaspace       used 9995K, capacity 10075K, committed 10136K, reserved 10544K
Event: 4.814 GC heap after
Heap after GC invocations=5 (full 0):
 PSYoungGen      total 35840K, used 2554K [0x918c0000, 0x964c0000, 0xa6e00000)
  eden space 33280K, 0% used [0x918c0000,0x918c0000,0x93940000)
  from space 2560K, 99% used [0x93940000,0x93bbe880,0x93bc0000)
  to   space 5632K, 0% used [0x95f40000,0x95f40000,0x964c0000)
 ParOldGen       total 43776K, used 6500K [0x66e00000, 0x698c0000, 0x918c0000)
  object space 43776K, 14% used [0x66e00000,0x674593e8,0x698c0000)
 Metaspace       used 9995K, capacity 10075K, committed 10136K, reserved 10544K
}
Event: 7.615 GC heap before
{Heap before GC invocations=6 (full 0):
 PSYoungGen      total 35840K, used 35834K [0x918c0000, 0x964c0000, 0xa6e00000)
  eden space 33280K, 100% used [0x918c0000,0x93940000,0x93940000)
  from space 2560K, 99% used [0x93940000,0x93bbe880,0x93bc0000)
  to   space 5632K, 0% used [0x95f40000,0x95f40000,0x964c0000)
 ParOldGen       total 43776K, used 6500K [0x66e00000, 0x698c0000, 0x918c0000)
  object space 43776K, 14% used [0x66e00000,0x674593e8,0x698c0000)
 Metaspace       used 10829K, capacity 10924K, committed 11032K, reserved 11568K
Event: 7.674 GC heap after
Heap after GC invocations=6 (full 0):
 PSYoungGen      total 71680K, used 5198K [0x918c0000, 0x965c0000, 0xa6e00000)
  eden space 66048K, 0% used [0x918c0000,0x918c0000,0x95940000)
  from space 5632K, 92% used [0x95f40000,0x96453a78,0x964c0000)
  to   space 6144K, 0% used [0x95940000,0x95940000,0x95f40000)
 ParOldGen       total 43776K, used 6500K [0x66e00000, 0x698c0000, 0x918c0000)
  object space 43776K, 14% used [0x66e00000,0x674593e8,0x698c0000)
 Metaspace       used 10829K, capacity 10924K, committed 11032K, reserved 11568K
}
Event: 9.707 GC heap before
{Heap before GC invocations=7 (full 0):
 PSYoungGen      total 71680K, used 71246K [0x918c0000, 0x965c0000, 0xa6e00000)
  eden space 66048K, 100% used [0x918c0000,0x95940000,0x95940000)
  from space 5632K, 92% used [0x95f40000,0x96453a78,0x964c0000)
  to   space 6144K, 0% used [0x95940000,0x95940000,0x95f40000)
 ParOldGen       total 43776K, used 6500K [0x66e00000, 0x698c0000, 0x918c0000)
  object space 43776K, 14% used [0x66e00000,0x674593e8,0x698c0000)
 Metaspace       used 11168K, capacity 11261K, committed 11416K, reserved 11568K
Event: 9.743 GC heap after
Heap after GC invocations=7 (full 0):
 PSYoungGen      total 72192K, used 6138K [0x918c0000, 0x9a840000, 0xa6e00000)
  eden space 66048K, 0% used [0x918c0000,0x918c0000,0x95940000)
  from space 6144K, 99% used [0x95940000,0x95f3e840,0x95f40000)
  to   space 7424K, 0% used [0x9a100000,0x9a100000,0x9a840000)
 ParOldGen       total 43776K, used 7703K [0x66e00000, 0x698c0000, 0x918c0000)
  object space 43776K, 17% used [0x66e00000,0x67585cf8,0x698c0000)
 Metaspace       used 11168K, capacity 11261K, committed 11416K, reserved 11568K
}
Event: 11.039 GC heap before
{Heap before GC invocations=8 (full 0):
 PSYoungGen      total 72192K, used 72186K [0x918c0000, 0x9a840000, 0xa6e00000)
  eden space 66048K, 100% used [0x918c0000,0x95940000,0x95940000)
  from space 6144K, 99% used [0x95940000,0x95f3e840,0x95f40000)
  to   space 7424K, 0% used [0x9a100000,0x9a100000,0x9a840000)
 ParOldGen       total 43776K, used 7703K [0x66e00000, 0x698c0000, 0x918c0000)
  object space 43776K, 17% used [0x66e00000,0x67585cf8,0x698c0000)
 Metaspace       used 11443K, capacity 11562K, committed 11672K, reserved 12592K
Event: 11.106 GC heap after
Heap after GC invocations=8 (full 0):
 PSYoungGen      total 137728K, used 7416K [0x918c0000, 0x9abc0000, 0xa6e00000)
  eden space 130304K, 0% used [0x918c0000,0x918c0000,0x99800000)
  from space 7424K, 99% used [0x9a100000,0x9a83e010,0x9a840000)
  to   space 9216K, 0% used [0x99800000,0x99800000,0x9a100000)
 ParOldGen       total 43776K, used 9725K [0x66e00000, 0x698c0000, 0x918c0000)
  object space 43776K, 22% used [0x66e00000,0x6777f7a0,0x698c0000)
 Metaspace       used 11443K, capacity 11562K, committed 11672K, reserved 12592K
}

