# JRE version: OpenJDK Runtime Environment (8.0_162-b12) (build 1.8.0_162-8u162-b12-0ubuntu0.16.04.2-b12)
# Java VM: OpenJDK Server VM (25.162-b12 mixed mode linux-x86 )
Heap:
 PSYoungGen      total 72448K, used 5880K [0x918c0000, 0x96540000, 0xa6e00000)
  eden space 66560K, 0% used [0x918c0000,0x918c0000,0x959c0000)
  from space 5888K, 99% used [0x959c0000,0x95f7e010,0x95f80000)
  to   space 5888K, 0% used [0x95f80000,0x95f80000,0x96540000)
 ParOldGen       total 43776K, used 9516K [0x66e00000, 0x698c0000, 0x918c0000)
  object space 43776K, 21% used [0x66e00000,0x6774b3d8,0x698c0000)
 Metaspace       used 11193K, capacity 11330K, committed 11416K, reserved 11568K
GC Heap History (10 events):
Event: 1.888 GC heap after
Heap after GC invocations=4 (full 0):
 PSYoungGen      total 19200K, used 2554K [0x918c0000, 0x93e40000, 0xa6e00000)
  eden space 16640K, 0% used [0x918c0000,0x918c0000,0x92900000)
  from space 2560K, 99% used [0x92b80000,0x92dfe880,0x92e00000)
  to   space 2560K, 0% used [0x92900000,0x92900000,0x92b80000)
 ParOldGen       total 43776K, used 4381K [0x66e00000, 0x698c0000, 0x918c0000)
  object space 43776K, 10% used [0x66e00000,0x67247508,0x698c0000)
 Metaspace       used 8077K, capacity 8156K, committed 8216K, reserved 8496K
}
Event: 2.551 GC heap before
{Heap before GC invocations=5 (full 0):
 PSYoungGen      total 19200K, used 19194K [0x918c0000, 0x93e40000, 0xa6e00000)
  eden space 16640K, 100% used [0x918c0000,0x92900000,0x92900000)
  from space 2560K, 99% used [0x92b80000,0x92dfe880,0x92e00000)
  to   space 2560K, 0% used [0x92900000,0x92900000,0x92b80000)
 ParOldGen       total 43776K, used 4381K [0x66e00000, 0x698c0000, 0x918c0000)
  object space 43776K, 10% used [0x66e00000,0x67247508,0x698c0000)
 Metaspace       used 8839K, capacity 8931K, committed 8984K, reserved 9520K
Event: 2.560 GC heap after
Heap after GC invocations=5 (full 0):
 PSYoungGen      total 19200K, used 2554K [0x918c0000, 0x942c0000, 0xa6e00000)
  eden space 16640K, 0% used [0x918c0000,0x918c0000,0x92900000)
  from space 2560K, 99% used [0x92900000,0x92b7e870,0x92b80000)
  to   space 4864K, 0% used [0x93e00000,0x93e00000,0x942c0000)
 ParOldGen       total 43776K, used 5430K [0x66e00000, 0x698c0000, 0x918c0000)
  object space 43776K, 12% used [0x66e00000,0x6734da58,0x698c0000)
 Metaspace       used 8839K, capacity 8931K, committed 8984K, reserved 9520K
}
Event: 3.044 GC heap before
{Heap before GC invocations=6 (full 0):
 PSYoungGen      total 19200K, used 19194K [0x918c0000, 0x942c0000, 0xa6e00000)
  eden space 16640K, 100% used [0x918c0000,0x92900000,0x92900000)
  from space 2560K, 99% used [0x92900000,0x92b7e870,0x92b80000)
  to   space 4864K, 0% used [0x93e00000,0x93e00000,0x942c0000)
 ParOldGen       total 43776K, used 5430K [0x66e00000, 0x698c0000, 0x918c0000)
  object space 43776K, 12% used [0x66e00000,0x6734da58,0x698c0000)
 Metaspace       used 9967K, capacity 10043K, committed 10136K, reserved 10544K
Event: 3.061 GC heap after
Heap after GC invocations=6 (full 0):
 PSYoungGen      total 38144K, used 3866K [0x918c0000, 0x942c0000, 0xa6e00000)
  eden space 33280K, 0% used [0x918c0000,0x918c0000,0x93940000)
  from space 4864K, 79% used [0x93e00000,0x941c6b38,0x942c0000)
  to   space 4864K, 0% used [0x93940000,0x93940000,0x93e00000)
 ParOldGen       total 43776K, used 5434K [0x66e00000, 0x698c0000, 0x918c0000)
  object space 43776K, 12% used [0x66e00000,0x6734ea58,0x698c0000)
 Metaspace       used 9967K, capacity 10043K, committed 10136K, reserved 10544K
}
Event: 4.016 GC heap before
{Heap before GC invocations=7 (full 0):
 PSYoungGen      total 38144K, used 37146K [0x918c0000, 0x942c0000, 0xa6e00000)
  eden space 33280K, 100% used [0x918c0000,0x93940000,0x93940000)
  from space 4864K, 79% used [0x93e00000,0x941c6b38,0x942c0000)
  to   space 4864K, 0% used [0x93940000,0x93940000,0x93e00000)
 ParOldGen       total 43776K, used 5434K [0x66e00000, 0x698c0000, 0x918c0000)
  object space 43776K, 12% used [0x66e00000,0x6734ea58,0x698c0000)
 Metaspace       used 10814K, capacity 10892K, committed 11032K, reserved 11568K
Event: 4.042 GC heap after
Heap after GC invocations=7 (full 0):
 PSYoungGen      total 38144K, used 4855K [0x918c0000, 0x96540000, 0xa6e00000)
  eden space 33280K, 0% used [0x918c0000,0x918c0000,0x93940000)
  from space 4864K, 99% used [0x93940000,0x93dfdcb0,0x93e00000)
  to   space 5888K, 0% used [0x95f80000,0x95f80000,0x96540000)
 ParOldGen       total 43776K, used 6363K [0x66e00000, 0x698c0000, 0x918c0000)
  object space 43776K, 14% used [0x66e00000,0x67436f20,0x698c0000)
 Metaspace       used 10814K, capacity 10892K, committed 11032K, reserved 11568K
}
Event: 4.584 GC heap before
{Heap before GC invocations=8 (full 0):
 PSYoungGen      total 38144K, used 38135K [0x918c0000, 0x96540000, 0xa6e00000)
  eden space 33280K, 100% used [0x918c0000,0x93940000,0x93940000)
  from space 4864K, 99% used [0x93940000,0x93dfdcb0,0x93e00000)
  to   space 5888K, 0% used [0x95f80000,0x95f80000,0x96540000)
 ParOldGen       total 43776K, used 6363K [0x66e00000, 0x698c0000, 0x918c0000)
  object space 43776K, 14% used [0x66e00000,0x67436f20,0x698c0000)
 Metaspace       used 11001K, capacity 11121K, committed 11288K, reserved 11568K
Event: 4.599 GC heap after
Heap after GC invocations=8 (full 0):
 PSYoungGen      total 72448K, used 4448K [0x918c0000, 0x96540000, 0xa6e00000)
  eden space 66560K, 0% used [0x918c0000,0x918c0000,0x959c0000)
  from space 5888K, 75% used [0x95f80000,0x963d8010,0x96540000)
  to   space 5888K, 0% used [0x959c0000,0x959c0000,0x95f80000)
 ParOldGen       total 43776K, used 7549K [0x66e00000, 0x698c0000, 0x918c0000)
  object space 43776K, 17% used [0x66e00000,0x6755f5f0,0x698c0000)
 Metaspace       used 11001K, capacity 11121K, committed 11288K, reserved 11568K
}
Event: 5.478 GC heap before
{Heap before GC invocations=9 (full 0):
 PSYoungGen      total 72448K, used 71008K [0x918c0000, 0x96540000, 0xa6e00000)
  eden space 66560K, 100% used [0x918c0000,0x959c0000,0x959c0000)
  from space 5888K, 75% used [0x95f80000,0x963d8010,0x96540000)
  to   space 5888K, 0% used [0x959c0000,0x959c0000,0x95f80000)
 ParOldGen       total 43776K, used 7549K [0x66e00000, 0x698c0000, 0x918c0000)
  object space 43776K, 17% used [0x66e00000,0x6755f5f0,0x698c0000)
 Metaspace       used 11193K, capacity 11330K, committed 11416K, reserved 11568K

