# JRE version: OpenJDK Runtime Environment (8.0_151-b12) (build 1.8.0_151-8u151-b12-0ubuntu0.16.04.2-b12)
# Java VM: OpenJDK Server VM (25.151-b12 mixed mode linux-x86 )
Heap:
 PSYoungGen      total 66560K, used 59749K [0x916c0000, 0x95f40000, 0xa6c00000)
  eden space 61184K, 89% used [0x916c0000,0x94bef7c0,0x95280000)
  from space 5376K, 98% used [0x95880000,0x95da9d00,0x95dc0000)
  to   space 6144K, 0% used [0x95280000,0x95280000,0x95880000)
 ParOldGen       total 43776K, used 6362K [0x66c00000, 0x696c0000, 0x916c0000)
  object space 43776K, 14% used [0x66c00000,0x67236800,0x696c0000)
 Metaspace       used 11015K, capacity 11123K, committed 11288K, reserved 11568K
GC Heap History (10 events):
Event: 4.799 GC heap before
{Heap before GC invocations=2 (full 0):
 PSYoungGen      total 19200K, used 19198K [0x916c0000, 0x93c40000, 0xa6c00000)
  eden space 16640K, 100% used [0x916c0000,0x92700000,0x92700000)
  from space 2560K, 99% used [0x92700000,0x9297f8e0,0x92980000)
  to   space 2560K, 0% used [0x939c0000,0x939c0000,0x93c40000)
 ParOldGen       total 43776K, used 824K [0x66c00000, 0x696c0000, 0x916c0000)
  object space 43776K, 1% used [0x66c00000,0x66cce180,0x696c0000)
 Metaspace       used 5380K, capacity 5452K, committed 5528K, reserved 6448K
Event: 4.812 GC heap after
Heap after GC invocations=2 (full 0):
 PSYoungGen      total 19200K, used 2555K [0x916c0000, 0x93c40000, 0xa6c00000)
  eden space 16640K, 0% used [0x916c0000,0x916c0000,0x92700000)
  from space 2560K, 99% used [0x939c0000,0x93c3ec50,0x93c40000)
  to   space 2560K, 0% used [0x92700000,0x92700000,0x92980000)
 ParOldGen       total 43776K, used 993K [0x66c00000, 0x696c0000, 0x916c0000)
  object space 43776K, 2% used [0x66c00000,0x66cf8568,0x696c0000)
 Metaspace       used 5380K, capacity 5452K, committed 5528K, reserved 6448K
}
Event: 6.281 GC heap before
{Heap before GC invocations=3 (full 0):
 PSYoungGen      total 19200K, used 19195K [0x916c0000, 0x93c40000, 0xa6c00000)
  eden space 16640K, 100% used [0x916c0000,0x92700000,0x92700000)
  from space 2560K, 99% used [0x939c0000,0x93c3ec50,0x93c40000)
  to   space 2560K, 0% used [0x92700000,0x92700000,0x92980000)
 ParOldGen       total 43776K, used 993K [0x66c00000, 0x696c0000, 0x916c0000)
  object space 43776K, 2% used [0x66c00000,0x66cf8568,0x696c0000)
 Metaspace       used 6704K, capacity 6775K, committed 6808K, reserved 7472K
Event: 6.297 GC heap after
Heap after GC invocations=3 (full 0):
 PSYoungGen      total 19200K, used 2556K [0x916c0000, 0x93a00000, 0xa6c00000)
  eden space 16640K, 0% used [0x916c0000,0x916c0000,0x92700000)
  from space 2560K, 99% used [0x92700000,0x9297f250,0x92980000)
  to   space 2560K, 0% used [0x93780000,0x93780000,0x93a00000)
 ParOldGen       total 43776K, used 2371K [0x66c00000, 0x696c0000, 0x916c0000)
  object space 43776K, 5% used [0x66c00000,0x66e50f58,0x696c0000)
 Metaspace       used 6704K, capacity 6775K, committed 6808K, reserved 7472K
}
Event: 7.522 GC heap before
{Heap before GC invocations=4 (full 0):
 PSYoungGen      total 19200K, used 19196K [0x916c0000, 0x93a00000, 0xa6c00000)
  eden space 16640K, 100% used [0x916c0000,0x92700000,0x92700000)
  from space 2560K, 99% used [0x92700000,0x9297f250,0x92980000)
  to   space 2560K, 0% used [0x93780000,0x93780000,0x93a00000)
 ParOldGen       total 43776K, used 2371K [0x66c00000, 0x696c0000, 0x916c0000)
  object space 43776K, 5% used [0x66c00000,0x66e50f58,0x696c0000)
 Metaspace       used 8150K, capacity 8222K, committed 8344K, reserved 8496K
Event: 7.542 GC heap after
Heap after GC invocations=4 (full 0):
 PSYoungGen      total 33536K, used 2546K [0x916c0000, 0x93c40000, 0xa6c00000)
  eden space 30976K, 0% used [0x916c0000,0x916c0000,0x93500000)
  from space 2560K, 99% used [0x93780000,0x939fc890,0x93a00000)
  to   space 2560K, 0% used [0x93500000,0x93500000,0x93780000)
 ParOldGen       total 43776K, used 4533K [0x66c00000, 0x696c0000, 0x916c0000)
  object space 43776K, 10% used [0x66c00000,0x6706d480,0x696c0000)
 Metaspace       used 8150K, capacity 8222K, committed 8344K, reserved 8496K
}
Event: 8.823 GC heap before
{Heap before GC invocations=5 (full 0):
 PSYoungGen      total 33536K, used 33522K [0x916c0000, 0x93c40000, 0xa6c00000)
  eden space 30976K, 100% used [0x916c0000,0x93500000,0x93500000)
  from space 2560K, 99% used [0x93780000,0x939fc890,0x93a00000)
  to   space 2560K, 0% used [0x93500000,0x93500000,0x93780000)
 ParOldGen       total 43776K, used 4533K [0x66c00000, 0x696c0000, 0x916c0000)
  object space 43776K, 10% used [0x66c00000,0x6706d480,0x696c0000)
 Metaspace       used 9914K, capacity 9979K, committed 10136K, reserved 10544K
Event: 8.833 GC heap after
Heap after GC invocations=5 (full 0):
 PSYoungGen      total 33536K, used 2552K [0x916c0000, 0x95dc0000, 0xa6c00000)
  eden space 30976K, 0% used [0x916c0000,0x916c0000,0x93500000)
  from space 2560K, 99% used [0x93500000,0x9377e080,0x93780000)
  to   space 5376K, 0% used [0x95880000,0x95880000,0x95dc0000)
 ParOldGen       total 43776K, used 6362K [0x66c00000, 0x696c0000, 0x916c0000)
  object space 43776K, 14% used [0x66c00000,0x67236800,0x696c0000)
 Metaspace       used 9914K, capacity 9979K, committed 10136K, reserved 10544K
}
Event: 9.963 GC heap before
{Heap before GC invocations=6 (full 0):
 PSYoungGen      total 33536K, used 33528K [0x916c0000, 0x95dc0000, 0xa6c00000)
  eden space 30976K, 100% used [0x916c0000,0x93500000,0x93500000)
  from space 2560K, 99% used [0x93500000,0x9377e080,0x93780000)
  to   space 5376K, 0% used [0x95880000,0x95880000,0x95dc0000)
 ParOldGen       total 43776K, used 6362K [0x66c00000, 0x696c0000, 0x916c0000)
  object space 43776K, 14% used [0x66c00000,0x67236800,0x696c0000)
 Metaspace       used 10750K, capacity 10860K, committed 11032K, reserved 11568K
Event: 9.985 GC heap after
Heap after GC invocations=6 (full 0):
 PSYoungGen      total 66560K, used 5287K [0x916c0000, 0x95f40000, 0xa6c00000)
  eden space 61184K, 0% used [0x916c0000,0x916c0000,0x95280000)
  from space 5376K, 98% used [0x95880000,0x95da9d00,0x95dc0000)
  to   space 6144K, 0% used [0x95280000,0x95280000,0x95880000)
 ParOldGen       total 43776K, used 6362K [0x66c00000, 0x696c0000, 0x916c0000)
  object space 43776K, 14% used [0x66c00000,0x67236800,0x696c0000)
 Metaspace       used 10750K, capacity 10860K, committed 11032K, reserved 11568K
}

